#    1 | steps:    10 | steps_t:     0 | t: 0.062960 | r:  -509.000000 | e:   1.000000 | Q:        nan | won: False 
#    2 | steps:    17 | steps_t:     0 | t: 0.066382 | r:  -506.000000 | e:   1.000000 | Q:        nan | won: False 
#    3 | steps:    25 | steps_t:     0 | t: 0.071374 | r:  -507.000000 | e:   1.000000 | Q:        nan | won: False 
#    4 | steps:    35 | steps_t:     0 | t: 0.076336 | r:  -509.000000 | e:   1.000000 | Q:        nan | won: False 
#    5 | steps:    49 | steps_t:     0 | t: 0.083347 | r:  -502.000000 | e:   1.000000 | Q:        nan | won: False 
#    6 | steps:    65 | steps_t:     0 | t: 0.092323 | r:  -504.000000 | e:   1.000000 | Q:        nan | won: False 
#    7 | steps:    75 | steps_t:     0 | t: 0.097344 | r:  -509.000000 | e:   1.000000 | Q:        nan | won: False 
#    8 | steps:    88 | steps_t:     0 | t: 0.104292 | r:  -512.000000 | e:   1.000000 | Q:        nan | won: False 
#    9 | steps:    95 | steps_t:     0 | t: 0.108279 | r:  -506.000000 | e:   1.000000 | Q:        nan | won: False 
#   10 | steps:   102 | steps_t:     0 | t: 0.112439 | r:  -506.000000 | e:   1.000000 | Q:        nan | won: False 
#   11 | steps:   111 | steps_t:     0 | t: 0.122351 | r:  -508.000000 | e:   1.000000 | Q:        nan | won: False 
#   12 | steps:   129 | steps_t:     0 | t: 0.135351 | r:  -506.000000 | e:   1.000000 | Q:        nan | won: False 
#   13 | steps:   135 | steps_t:     0 | t: 0.138309 | r:  -505.000000 | e:   1.000000 | Q:        nan | won: False 
#   14 | steps:   145 | steps_t:     0 | t: 0.144325 | r:  -509.000000 | e:   1.000000 | Q:        nan | won: False 
#   15 | steps:   158 | steps_t:     0 | t: 0.150309 | r:  -512.000000 | e:   1.000000 | Q:        nan | won: False 
#   16 | steps:   167 | steps_t:     0 | t: 0.155295 | r:  -508.000000 | e:   1.000000 | Q:        nan | won: False 
#   17 | steps:   177 | steps_t:     0 | t: 0.161367 | r:  -509.000000 | e:   1.000000 | Q:        nan | won: False 
#   18 | steps:   187 | steps_t:     0 | t: 0.167280 | r:  -509.000000 | e:   1.000000 | Q:        nan | won: False 
#   19 | steps:   200 | steps_t:     0 | t: 0.174325 | r:  -512.000000 | e:   1.000000 | Q:        nan | won: False 
#   20 | steps:   208 | steps_t:     0 | t: 0.178262 | r:  -507.000000 | e:   1.000000 | Q:        nan | won: False 
#   21 | steps:   218 | steps_t:     0 | t: 0.184693 | r:  -509.000000 | e:   1.000000 | Q:        nan | won: False 
#   22 | steps:   225 | steps_t:     0 | t: 0.189207 | r:  -506.000000 | e:   1.000000 | Q:        nan | won: False 
#   23 | steps:   234 | steps_t:     0 | t: 0.194365 | r:  -508.000000 | e:   1.000000 | Q:        nan | won: False 
#   24 | steps:   253 | steps_t:     0 | t: 0.205174 | r:  -518.000000 | e:   1.000000 | Q:        nan | won: False 
#   25 | steps:   268 | steps_t:     0 | t: 0.215105 | r:  -514.000000 | e:   1.000000 | Q:        nan | won: False 
#   26 | steps:   276 | steps_t:     0 | t: 0.221090 | r:  -507.000000 | e:   1.000000 | Q:        nan | won: False 
#   27 | steps:   289 | steps_t:     0 | t: 0.229066 | r:  -512.000000 | e:   1.000000 | Q:        nan | won: False 
#   28 | steps:   297 | steps_t:     0 | t: 0.234086 | r:  -507.000000 | e:   1.000000 | Q:        nan | won: False 
#   29 | steps:   306 | steps_t:     0 | t: 0.239454 | r:  -508.000000 | e:   1.000000 | Q:        nan | won: False 
#   30 | steps:   312 | steps_t:     0 | t: 0.243458 | r:  -505.000000 | e:   1.000000 | Q:        nan | won: False 
#   31 | steps:   320 | steps_t:     0 | t: 0.248430 | r:  -507.000000 | e:   1.000000 | Q:        nan | won: False 
#   32 | steps:   328 | steps_t:     0 | t: 0.252449 | r:  -507.000000 | e:   1.000000 | Q:        nan | won: False 
#   33 | steps:   336 | steps_t:     0 | t: 0.258406 | r:  -507.000000 | e:   1.000000 | Q:        nan | won: False 
#   34 | steps:   350 | steps_t:     0 | t: 0.268378 | r:  -513.000000 | e:   1.000000 | Q:        nan | won: False 
#   35 | steps:   360 | steps_t:     0 | t: 0.275391 | r:  -509.000000 | e:   1.000000 | Q:        nan | won: False 
#   36 | steps:   367 | steps_t:     0 | t: 0.282341 | r:  -506.000000 | e:   1.000000 | Q:        nan | won: False 
#   37 | steps:   375 | steps_t:     0 | t: 0.287328 | r:  -507.000000 | e:   1.000000 | Q:        nan | won: False 
#   38 | steps:   392 | steps_t:     0 | t: 0.297346 | r:  -516.000000 | e:   1.000000 | Q:        nan | won: False 
#   39 | steps:   406 | steps_t:     0 | t: 0.304326 | r:  -513.000000 | e:   1.000000 | Q:        nan | won: False 
#   40 | steps:   419 | steps_t:     0 | t: 0.311310 | r:  -512.000000 | e:   1.000000 | Q:        nan | won: False 
#   41 | steps:   427 | steps_t:     0 | t: 0.316281 | r:  -507.000000 | e:   1.000000 | Q:        nan | won: False 
#   42 | steps:   436 | steps_t:     0 | t: 0.322577 | r:  -508.000000 | e:   1.000000 | Q:        nan | won: False 
#   43 | steps:   445 | steps_t:     0 | t: 0.328274 | r:  -508.000000 | e:   1.000000 | Q:        nan | won: False 
#   44 | steps:   458 | steps_t:     0 | t: 0.335202 | r:  -512.000000 | e:   1.000000 | Q:        nan | won: False 
#   45 | steps:   466 | steps_t:     0 | t: 0.340219 | r:  -507.000000 | e:   1.000000 | Q:        nan | won: False 
#   46 | steps:   474 | steps_t:     0 | t: 0.344209 | r:  -507.000000 | e:   1.000000 | Q:        nan | won: False 
#   47 | steps:   481 | steps_t:     0 | t: 0.348299 | r:  -506.000000 | e:   1.000000 | Q:        nan | won: False 
#   48 | steps:   494 | steps_t:     0 | t: 0.355194 | r:  -512.000000 | e:   1.000000 | Q:        nan | won: False 
#   49 | steps:   507 | steps_t:     0 | t: 0.362128 | r:  -512.000000 | e:   1.000000 | Q:        nan | won: False 
#   50 | steps:   516 | steps_t:     0 | t: 0.366117 | r:  -508.000000 | e:   1.000000 | Q:        nan | won: False 
#   51 | steps:   537 | steps_t:     0 | t: 0.377087 | r:  -520.000000 | e:   1.000000 | Q:        nan | won: False 
#   52 | steps:   546 | steps_t:     0 | t: 0.383102 | r:  -508.000000 | e:   1.000000 | Q:        nan | won: False 
#   53 | steps:   560 | steps_t:     0 | t: 0.389088 | r:  -513.000000 | e:   1.000000 | Q:        nan | won: False 
#   54 | steps:   572 | steps_t:     0 | t: 0.397069 | r:  -511.000000 | e:   1.000000 | Q:        nan | won: False 
#   55 | steps:   592 | steps_t:     0 | t: 0.406040 | r:  -519.000000 | e:   1.000000 | Q:        nan | won: False 
#   56 | steps:   604 | steps_t:     0 | t: 0.412025 | r:  -511.000000 | e:   1.000000 | Q:        nan | won: False 
#   57 | steps:   610 | steps_t:     0 | t: 0.415018 | r:  -505.000000 | e:   1.000000 | Q:        nan | won: False 
#   58 | steps:   621 | steps_t:     0 | t: 0.421970 | r:  -510.000000 | e:   1.000000 | Q:        nan | won: False 
#   59 | steps:   629 | steps_t:     0 | t: 0.426123 | r:  -507.000000 | e:   1.000000 | Q:        nan | won: False 
#   60 | steps:   637 | steps_t:     0 | t: 0.431018 | r:  -507.000000 | e:   1.000000 | Q:        nan | won: False 
#   61 | steps:   647 | steps_t:     0 | t: 0.436962 | r:  -509.000000 | e:   1.000000 | Q:        nan | won: False 
#   62 | steps:   656 | steps_t:     0 | t: 0.441101 | r:  -508.000000 | e:   1.000000 | Q:        nan | won: False 
#   63 | steps:   666 | steps_t:     0 | t: 0.447902 | r:  -509.000000 | e:   1.000000 | Q:        nan | won: False 
#   64 | steps:   678 | steps_t:     0 | t: 0.453066 | r:  -511.000000 | e:   1.000000 | Q:        nan | won: False 
#   65 | steps:   687 | steps_t:     0 | t: 0.458053 | r:  -508.000000 | e:   1.000000 | Q:        nan | won: False 
#   66 | steps:   709 | steps_t:     0 | t: 0.469991 | r:  -521.000000 | e:   1.000000 | Q:        nan | won: False 
#   67 | steps:   719 | steps_t:     0 | t: 0.475402 | r:  -509.000000 | e:   1.000000 | Q:        nan | won: False 
#   68 | steps:   727 | steps_t:     0 | t: 0.480983 | r:  -507.000000 | e:   1.000000 | Q:        nan | won: False 
#   69 | steps:   735 | steps_t:     0 | t: 0.484951 | r:  -507.000000 | e:   1.000000 | Q:        nan | won: False 
#   70 | steps:   743 | steps_t:     0 | t: 0.488972 | r:  -507.000000 | e:   1.000000 | Q:        nan | won: False 
#   71 | steps:   756 | steps_t:     0 | t: 0.495952 | r:  -512.000000 | e:   1.000000 | Q:        nan | won: False 
#   72 | steps:   766 | steps_t:     0 | t: 0.501928 | r:  -509.000000 | e:   1.000000 | Q:        nan | won: False 
#   73 | steps:   775 | steps_t:     0 | t: 0.506923 | r:  -508.000000 | e:   1.000000 | Q:        nan | won: False 
#   74 | steps:   787 | steps_t:     0 | t: 0.515884 | r:  -511.000000 | e:   1.000000 | Q:        nan | won: False 
#   75 | steps:   796 | steps_t:     0 | t: 0.521023 | r:  -508.000000 | e:   1.000000 | Q:        nan | won: False 
#   76 | steps:   806 | steps_t:     0 | t: 0.524952 | r:  -509.000000 | e:   1.000000 | Q:        nan | won: False 
#   77 | steps:   826 | steps_t:     0 | t: 0.537185 | r:  -519.000000 | e:   1.000000 | Q:        nan | won: False 
#   78 | steps:   836 | steps_t:     0 | t: 0.542422 | r:  -509.000000 | e:   1.000000 | Q:        nan | won: False 
#   79 | steps:   850 | steps_t:     0 | t: 0.551443 | r:  -513.000000 | e:   1.000000 | Q:        nan | won: False 
#   80 | steps:   862 | steps_t:     0 | t: 0.557396 | r:  -511.000000 | e:   1.000000 | Q:        nan | won: False 
#   81 | steps:   873 | steps_t:     0 | t: 0.563367 | r:  -510.000000 | e:   1.000000 | Q:        nan | won: False 
#   82 | steps:   881 | steps_t:     0 | t: 0.567374 | r:  -507.000000 | e:   1.000000 | Q:        nan | won: False 
#   83 | steps:   890 | steps_t:     0 | t: 0.572311 | r:  -508.000000 | e:   1.000000 | Q:        nan | won: False 
#   84 | steps:   900 | steps_t:     0 | t: 0.578328 | r:  -509.000000 | e:   1.000000 | Q:        nan | won: False 
#   85 | steps:   918 | steps_t:     0 | t: 0.588271 | r:  -517.000000 | e:   1.000000 | Q:        nan | won: False 
#   86 | steps:   929 | steps_t:     0 | t: 0.594285 | r:  -510.000000 | e:   1.000000 | Q:        nan | won: False 
#   87 | steps:   935 | steps_t:     0 | t: 0.598274 | r:  -505.000000 | e:   1.000000 | Q:        nan | won: False 
#   88 | steps:   941 | steps_t:     0 | t: 0.601430 | r:  -505.000000 | e:   1.000000 | Q:        nan | won: False 
#   89 | steps:   950 | steps_t:     0 | t: 0.606267 | r:  -508.000000 | e:   1.000000 | Q:        nan | won: False 
#   90 | steps:   958 | steps_t:     0 | t: 0.610209 | r:  -507.000000 | e:   1.000000 | Q:        nan | won: False 
#   91 | steps:   965 | steps_t:     0 | t: 0.615232 | r:  -506.000000 | e:   1.000000 | Q:        nan | won: False 
#   92 | steps:   983 | steps_t:     0 | t: 0.625216 | r:  -517.000000 | e:   1.000000 | Q:        nan | won: False 
#   93 | steps:  1004 | steps_t:     0 | t: 0.637139 | r:  -520.000000 | e:   1.000000 | Q:        nan | won: False 
#   94 | steps:  1010 | steps_t:     0 | t: 0.640317 | r:  -505.000000 | e:   1.000000 | Q:        nan | won: False 
#   95 | steps:  1022 | steps_t:     0 | t: 0.646209 | r:  -511.000000 | e:   1.000000 | Q:        nan | won: False 
#   96 | steps:  1031 | steps_t:     0 | t: 0.651102 | r:  -508.000000 | e:   1.000000 | Q:        nan | won: False 
#   97 | steps:  1039 | steps_t:     0 | t: 0.657084 | r:  -507.000000 | e:   1.000000 | Q:        nan | won: False 
#   98 | steps:  1047 | steps_t:     0 | t: 0.663068 | r:  -507.000000 | e:   1.000000 | Q:        nan | won: False 
#   99 | steps:  1052 | steps_t:     0 | t: 0.666063 | r:  -504.000000 | e:   1.000000 | Q:        nan | won: False 
#  100 | steps:  1063 | steps_t:     0 | t: 0.674038 | r:  -510.000000 | e:   1.000000 | Q:        nan | won: False 
#  101 | steps:  1070 | steps_t:     0 | t: 0.678062 | r:  -506.000000 | e:   1.000000 | Q:        nan | won: False 
#  102 | steps:  1079 | steps_t:     0 | t: 0.685041 | r:  -508.000000 | e:   1.000000 | Q:        nan | won: False 
#  103 | steps:  1092 | steps_t:     0 | t: 0.694205 | r:  -512.000000 | e:   1.000000 | Q:        nan | won: False 
#  104 | steps:  1117 | steps_t:     0 | t: 0.709944 | r:  -524.000000 | e:   1.000000 | Q:        nan | won: False 
#  105 | steps:  1137 | steps_t:     0 | t: 0.722910 | r:  -519.000000 | e:   1.000000 | Q:        nan | won: False 
#  106 | steps:  1146 | steps_t:     0 | t: 0.728892 | r:  -508.000000 | e:   1.000000 | Q:        nan | won: False 
#  107 | steps:  1154 | steps_t:     0 | t: 0.733943 | r:  -507.000000 | e:   1.000000 | Q:        nan | won: False 
#  108 | steps:  1162 | steps_t:     0 | t: 0.738910 | r:  -507.000000 | e:   1.000000 | Q:        nan | won: False 
#  109 | steps:  1171 | steps_t:     0 | t: 0.743654 | r:  -508.000000 | e:   1.000000 | Q:        nan | won: False 
#  110 | steps:  1178 | steps_t:     0 | t: 0.747643 | r:  -506.000000 | e:   1.000000 | Q:        nan | won: False 
#  111 | steps:  1185 | steps_t:     0 | t: 0.751581 | r:  -506.000000 | e:   1.000000 | Q:        nan | won: False 
#  112 | steps:  1198 | steps_t:     0 | t: 0.759558 | r:  -512.000000 | e:   1.000000 | Q:        nan | won: False 
#  113 | steps:  1208 | steps_t:     0 | t: 0.765543 | r:  -509.000000 | e:   1.000000 | Q:        nan | won: False 
#  114 | steps:  1217 | steps_t:     0 | t: 0.769532 | r:  -508.000000 | e:   1.000000 | Q:        nan | won: False 
#  115 | steps:  1229 | steps_t:     0 | t: 0.775565 | r:  -511.000000 | e:   1.000000 | Q:        nan | won: False 
#  116 | steps:  1237 | steps_t:     0 | t: 0.780534 | r:  -507.000000 | e:   1.000000 | Q:        nan | won: False 
#  117 | steps:  1245 | steps_t:     0 | t: 0.784777 | r:  -507.000000 | e:   1.000000 | Q:        nan | won: False 
#  118 | steps:  1251 | steps_t:     0 | t: 0.788608 | r:  -505.000000 | e:   1.000000 | Q:        nan | won: False 
#  119 | steps:  1256 | steps_t:     0 | t: 0.791522 | r:  -504.000000 | e:   1.000000 | Q:        nan | won: False 
#  120 | steps:  1264 | steps_t:     0 | t: 0.796460 | r:  -507.000000 | e:   1.000000 | Q:        nan | won: False 
#  121 | steps:  1276 | steps_t:     0 | t: 0.803086 | r:  -511.000000 | e:   1.000000 | Q:        nan | won: False 
#  122 | steps:  1285 | steps_t:     0 | t: 0.807480 | r:  -508.000000 | e:   1.000000 | Q:        nan | won: False 
#  123 | steps:  1302 | steps_t:     0 | t: 0.815458 | r:  -516.000000 | e:   1.000000 | Q:        nan | won: False 
#  124 | steps:  1318 | steps_t:     0 | t: 0.824433 | r:  -504.000000 | e:   1.000000 | Q:        nan | won: False 
#  125 | steps:  1327 | steps_t:     0 | t: 0.829406 | r:  -508.000000 | e:   1.000000 | Q:        nan | won: False 
#  126 | steps:  1350 | steps_t:     0 | t: 0.840021 | r:  -522.000000 | e:   1.000000 | Q:        nan | won: False 
#  127 | steps:  1360 | steps_t:     0 | t: 0.845148 | r:  -509.000000 | e:   1.000000 | Q:        nan | won: False 
#  128 | steps:  1370 | steps_t:     0 | t: 0.851177 | r:  -509.000000 | e:   1.000000 | Q:        nan | won: False 
#  129 | steps:  1380 | steps_t:     0 | t: 0.856056 | r:  -509.000000 | e:   1.000000 | Q:        nan | won: False 
#  130 | steps:  1388 | steps_t:     0 | t: 0.859987 | r:  -507.000000 | e:   1.000000 | Q:        nan | won: False 
#  131 | steps:  1403 | steps_t:     0 | t: 0.867950 | r:  -514.000000 | e:   1.000000 | Q:        nan | won: False 
#  132 | steps:  1412 | steps_t:     0 | t: 0.871992 | r:  -508.000000 | e:   1.000000 | Q:        nan | won: False 
#  133 | steps:  1424 | steps_t:     0 | t: 0.877971 | r:  -511.000000 | e:   1.000000 | Q:        nan | won: False 
#  134 | steps:  1433 | steps_t:     0 | t: 0.882957 | r:  -508.000000 | e:   1.000000 | Q:        nan | won: False 
#  135 | steps:  1448 | steps_t:     0 | t: 0.889938 | r:  -492.000000 | e:   1.000000 | Q:        nan | won: False 
#  136 | steps:  1455 | steps_t:     0 | t: 0.893032 | r:  -506.000000 | e:   1.000000 | Q:        nan | won: False 
#  137 | steps:  1470 | steps_t:     0 | t: 0.900909 | r:  -514.000000 | e:   1.000000 | Q:        nan | won: False 
#  138 | steps:  1479 | steps_t:     0 | t: 0.904898 | r:  -508.000000 | e:   1.000000 | Q:        nan | won: False 
#  139 | steps:  1493 | steps_t:     0 | t: 0.911885 | r:  -513.000000 | e:   1.000000 | Q:        nan | won: False 
#  140 | steps:  1503 | steps_t:     0 | t: 0.916822 | r:  -509.000000 | e:   1.000000 | Q:        nan | won: False 
#  141 | steps:  1524 | steps_t:     0 | t: 0.926857 | r:  -520.000000 | e:   1.000000 | Q:        nan | won: False 
#  142 | steps:  1532 | steps_t:     0 | t: 0.931016 | r:  -507.000000 | e:   1.000000 | Q:        nan | won: False 
#  143 | steps:  1541 | steps_t:     0 | t: 0.938864 | r:  -508.000000 | e:   1.000000 | Q:        nan | won: False 
#  144 | steps:  1551 | steps_t:     0 | t: 0.943403 | r:  -509.000000 | e:   1.000000 | Q:        nan | won: False 
#  145 | steps:  1558 | steps_t:     0 | t: 0.948538 | r:  -506.000000 | e:   1.000000 | Q:        nan | won: False 
#  146 | steps:  1564 | steps_t:     0 | t: 0.952410 | r:  -505.000000 | e:   1.000000 | Q:        nan | won: False 
#  147 | steps:  1572 | steps_t:     0 | t: 0.956399 | r:  -507.000000 | e:   1.000000 | Q:        nan | won: False 
#  148 | steps:  1582 | steps_t:     0 | t: 0.961386 | r:  -509.000000 | e:   1.000000 | Q:        nan | won: False 
#  149 | steps:  1590 | steps_t:     0 | t: 0.965421 | r:  -507.000000 | e:   1.000000 | Q:        nan | won: False 
#  150 | steps:  1602 | steps_t:     0 | t: 0.973321 | r:  -511.000000 | e:   1.000000 | Q:        nan | won: False 
#  151 | steps:  1610 | steps_t:     0 | t: 0.977625 | r:  -507.000000 | e:   1.000000 | Q:        nan | won: False 
#  152 | steps:  1635 | steps_t:     0 | t: 0.990309 | r:  -513.000000 | e:   1.000000 | Q:        nan | won: False 
#  153 | steps:  1642 | steps_t:     0 | t: 0.993270 | r:  -506.000000 | e:   1.000000 | Q:        nan | won: False 
#  154 | steps:  1652 | steps_t:     0 | t: 0.999253 | r:  -509.000000 | e:   1.000000 | Q:        nan | won: False 
#  155 | steps:  1665 | steps_t:     0 | t: 1.007263 | r:  -512.000000 | e:   1.000000 | Q:        nan | won: False 
#  156 | steps:  1676 | steps_t:     0 | t: 1.013217 | r:  -510.000000 | e:   1.000000 | Q:        nan | won: False 
#  157 | steps:  1683 | steps_t:     0 | t: 1.017237 | r:  -506.000000 | e:   1.000000 | Q:        nan | won: False 
#  158 | steps:  1691 | steps_t:     0 | t: 1.021318 | r:  -507.000000 | e:   1.000000 | Q:        nan | won: False 
#  159 | steps:  1700 | steps_t:     0 | t: 1.025185 | r:  -508.000000 | e:   1.000000 | Q:        nan | won: False 
#  160 | steps:  1715 | steps_t:     0 | t: 1.034167 | r:  -514.000000 | e:   1.000000 | Q:        nan | won: False 
#  161 | steps:  1724 | steps_t:     0 | t: 1.039291 | r:  -508.000000 | e:   1.000000 | Q:        nan | won: False 
#  162 | steps:  1741 | steps_t:     0 | t: 1.047524 | r:  -516.000000 | e:   1.000000 | Q:        nan | won: False 
#  163 | steps:  1754 | steps_t:     0 | t: 1.053541 | r:  -512.000000 | e:   1.000000 | Q:        nan | won: False 
#  164 | steps:  1772 | steps_t:     0 | t: 1.062484 | r:  -517.000000 | e:   1.000000 | Q:        nan | won: False 
#  165 | steps:  1781 | steps_t:     0 | t: 1.067485 | r:  -508.000000 | e:   1.000000 | Q:        nan | won: False 
#  166 | steps:  1790 | steps_t:     0 | t: 1.072490 | r:  -508.000000 | e:   1.000000 | Q:        nan | won: False 
#  167 | steps:  1799 | steps_t:     0 | t: 1.077465 | r:  -508.000000 | e:   1.000000 | Q:        nan | won: False 
#  168 | steps:  1814 | steps_t:     0 | t: 1.084455 | r:  -514.000000 | e:   1.000000 | Q:        nan | won: False 
#  169 | steps:  1823 | steps_t:     0 | t: 1.089443 | r:  -508.000000 | e:   1.000000 | Q:        nan | won: False 
#  170 | steps:  1834 | steps_t:     0 | t: 1.095395 | r:  -510.000000 | e:   1.000000 | Q:        nan | won: False 
#  171 | steps:  1840 | steps_t:     0 | t: 1.098387 | r:  -505.000000 | e:   1.000000 | Q:        nan | won: False 
#  172 | steps:  1848 | steps_t:     0 | t: 1.103407 | r:  -507.000000 | e:   1.000000 | Q:        nan | won: False 
#  173 | steps:  1857 | steps_t:     0 | t: 1.108488 | r:  -508.000000 | e:   1.000000 | Q:        nan | won: False 
#  174 | steps:  1869 | steps_t:     0 | t: 1.115374 | r:  -511.000000 | e:   1.000000 | Q:        nan | won: False 
#  175 | steps:  1892 | steps_t:     0 | t: 1.126313 | r:  -522.000000 | e:   1.000000 | Q:        nan | won: False 
#  176 | steps:  1900 | steps_t:     0 | t: 1.130336 | r:  -507.000000 | e:   1.000000 | Q:        nan | won: False 
#  177 | steps:  1910 | steps_t:     0 | t: 1.136945 | r:  -509.000000 | e:   1.000000 | Q:        nan | won: False 
#  178 | steps:  1919 | steps_t:     0 | t: 1.142303 | r:  -508.000000 | e:   1.000000 | Q:        nan | won: False 
#  179 | steps:  1927 | steps_t:     0 | t: 1.146293 | r:  -507.000000 | e:   1.000000 | Q:        nan | won: False 
#  180 | steps:  1935 | steps_t:     0 | t: 1.152244 | r:  -507.000000 | e:   1.000000 | Q:        nan | won: False 
#  181 | steps:  1947 | steps_t:     0 | t: 1.158261 | r:  -511.000000 | e:   1.000000 | Q:        nan | won: False 
#  182 | steps:  1969 | steps_t:     0 | t: 1.169230 | r:  -510.000000 | e:   1.000000 | Q:        nan | won: False 
#  183 | steps:  1979 | steps_t:     0 | t: 1.174216 | r:  -509.000000 | e:   1.000000 | Q:        nan | won: False 
#  184 | steps:  1994 | steps_t:     0 | t: 1.181499 | r:  -514.000000 | e:   1.000000 | Q:        nan | won: False 
#  185 | steps:  2000 | steps_t:     0 | t: 1.186153 | r:  -505.000000 | e:   1.000000 | Q:        nan | won: False 
#  186 | steps:  2020 | steps_t:     0 | t: 1.196136 | r:  -519.000000 | e:   1.000000 | Q:        nan | won: False 
#  187 | steps:  2042 | steps_t:     0 | t: 1.207146 | r:  -521.000000 | e:   1.000000 | Q:        nan | won: False 
#  188 | steps:  2049 | steps_t:     0 | t: 1.210088 | r:  -506.000000 | e:   1.000000 | Q:        nan | won: False 
#  189 | steps:  2058 | steps_t:     0 | t: 1.216106 | r:  -508.000000 | e:   1.000000 | Q:        nan | won: False 
#  190 | steps:  2067 | steps_t:     0 | t: 1.221060 | r:  -508.000000 | e:   1.000000 | Q:        nan | won: False 
#  191 | steps:  2075 | steps_t:     0 | t: 1.225096 | r:  -507.000000 | e:   1.000000 | Q:        nan | won: False 
#  192 | steps:  2085 | steps_t:     0 | t: 1.232030 | r:  -509.000000 | e:   1.000000 | Q:        nan | won: False 
#  193 | steps:  2093 | steps_t:     0 | t: 1.237163 | r:  -507.000000 | e:   1.000000 | Q:        nan | won: False 
#  194 | steps:  2100 | steps_t:     0 | t: 1.241157 | r:  -506.000000 | e:   1.000000 | Q:        nan | won: False 
#  195 | steps:  2122 | steps_t:     0 | t: 1.250352 | r:  -521.000000 | e:   1.000000 | Q:        nan | won: False 
#  196 | steps:  2130 | steps_t:     0 | t: 1.256294 | r:  -507.000000 | e:   1.000000 | Q:        nan | won: False 
#  197 | steps:  2138 | steps_t:     0 | t: 1.262282 | r:  -507.000000 | e:   1.000000 | Q:        nan | won: False 
#  198 | steps:  2147 | steps_t:     0 | t: 1.268268 | r:  -508.000000 | e:   1.000000 | Q:        nan | won: False 
#  199 | steps:  2155 | steps_t:     0 | t: 1.272260 | r:  -507.000000 | e:   1.000000 | Q:        nan | won: False 
#  200 | steps:  2165 | steps_t:     0 | t: 1.277405 | r:  -509.000000 | e:   1.000000 | Q:        nan | won: False 
#  201 | steps:  2172 | steps_t:     0 | t: 1.281328 | r:  -506.000000 | e:   1.000000 | Q:        nan | won: False 
#  202 | steps:  2178 | steps_t:     0 | t: 1.285181 | r:  -505.000000 | e:   1.000000 | Q:        nan | won: False 
#  203 | steps:  2197 | steps_t:     0 | t: 1.294157 | r:  -518.000000 | e:   1.000000 | Q:        nan | won: False 
#  204 | steps:  2205 | steps_t:     0 | t: 1.298281 | r:  -507.000000 | e:   1.000000 | Q:        nan | won: False 
#  205 | steps:  2217 | steps_t:     0 | t: 1.305177 | r:  -511.000000 | e:   1.000000 | Q:        nan | won: False 
#  206 | steps:  2226 | steps_t:     0 | t: 1.309970 | r:  -508.000000 | e:   1.000000 | Q:        nan | won: False 
#  207 | steps:  2237 | steps_t:     0 | t: 1.315102 | r:  -510.000000 | e:   1.000000 | Q:        nan | won: False 
#  208 | steps:  2244 | steps_t:     0 | t: 1.319139 | r:  -506.000000 | e:   1.000000 | Q:        nan | won: False 
#  209 | steps:  2255 | steps_t:     0 | t: 1.324125 | r:  -510.000000 | e:   1.000000 | Q:        nan | won: False 
#  210 | steps:  2261 | steps_t:     0 | t: 1.327069 | r:  -505.000000 | e:   1.000000 | Q:        nan | won: False 
#  211 | steps:  2272 | steps_t:     0 | t: 1.333101 | r:  -510.000000 | e:   1.000000 | Q:        nan | won: False 
#  212 | steps:  2280 | steps_t:     0 | t: 1.337089 | r:  -507.000000 | e:   1.000000 | Q:        nan | won: False 
#  213 | steps:  2286 | steps_t:     0 | t: 1.341079 | r:  -505.000000 | e:   1.000000 | Q:        nan | won: False 
#  214 | steps:  2304 | steps_t:     0 | t: 1.349077 | r:  -495.000000 | e:   1.000000 | Q:        nan | won: False 
#  215 | steps:  2315 | steps_t:     0 | t: 1.356103 | r:  -510.000000 | e:   1.000000 | Q:        nan | won: False 
#  216 | steps:  2321 | steps_t:     0 | t: 1.359097 | r:  -505.000000 | e:   1.000000 | Q:        nan | won: False 
#  217 | steps:  2339 | steps_t:     0 | t: 1.368074 | r:  -517.000000 | e:   1.000000 | Q:        nan | won: False 
#  218 | steps:  2349 | steps_t:     0 | t: 1.373058 | r:  -509.000000 | e:   1.000000 | Q:        nan | won: False 
#  219 | steps:  2360 | steps_t:     0 | t: 1.378994 | r:  -510.000000 | e:   1.000000 | Q:        nan | won: False 
#  220 | steps:  2367 | steps_t:     0 | t: 1.383034 | r:  -506.000000 | e:   1.000000 | Q:        nan | won: False 
#  221 | steps:  2381 | steps_t:     0 | t: 1.390430 | r:  -513.000000 | e:   1.000000 | Q:        nan | won: False 
#  222 | steps:  2387 | steps_t:     0 | t: 1.394008 | r:  -505.000000 | e:   1.000000 | Q:        nan | won: False 
#  223 | steps:  2396 | steps_t:     0 | t: 1.398942 | r:  -508.000000 | e:   1.000000 | Q:        nan | won: False 
#  224 | steps:  2413 | steps_t:     0 | t: 1.408949 | r:  -516.000000 | e:   1.000000 | Q:        nan | won: False 
#  225 | steps:  2424 | steps_t:     0 | t: 1.415896 | r:  -510.000000 | e:   1.000000 | Q:        nan | won: False 
#  226 | steps:  2434 | steps_t:     0 | t: 1.421415 | r:  -509.000000 | e:   1.000000 | Q:        nan | won: False 
#  227 | steps:  2441 | steps_t:     0 | t: 1.424906 | r:  -506.000000 | e:   1.000000 | Q:        nan | won: False 
#  228 | steps:  2447 | steps_t:     0 | t: 1.428988 | r:  -505.000000 | e:   1.000000 | Q:        nan | won: False 
#  229 | steps:  2453 | steps_t:     0 | t: 1.431854 | r:  -505.000000 | e:   1.000000 | Q:        nan | won: False 
#  230 | steps:  2461 | steps_t:     0 | t: 1.436889 | r:  -507.000000 | e:   1.000000 | Q:        nan | won: False 
#  231 | steps:  2469 | steps_t:     0 | t: 1.440876 | r:  -507.000000 | e:   1.000000 | Q:        nan | won: False 
#  232 | steps:  2487 | steps_t:     0 | t: 1.450983 | r:  -517.000000 | e:   1.000000 | Q:        nan | won: False 
#  233 | steps:  2494 | steps_t:     0 | t: 1.455016 | r:  -506.000000 | e:   1.000000 | Q:        nan | won: False 
#  234 | steps:  2512 | steps_t:     0 | t: 1.463994 | r:  -517.000000 | e:   1.000000 | Q:        nan | won: False 
#  235 | steps:  2517 | steps_t:     0 | t: 1.466956 | r:  -504.000000 | e:   1.000000 | Q:        nan | won: False 
#  236 | steps:  2524 | steps_t:     0 | t: 1.471929 | r:  -506.000000 | e:   1.000000 | Q:        nan | won: False 
#  237 | steps:  2543 | steps_t:     0 | t: 1.481949 | r:  -507.000000 | e:   1.000000 | Q:        nan | won: False 
#  238 | steps:  2550 | steps_t:     0 | t: 1.484941 | r:  -506.000000 | e:   1.000000 | Q:        nan | won: False 
#  239 | steps:  2561 | steps_t:     0 | t: 1.490922 | r:  -510.000000 | e:   1.000000 | Q:        nan | won: False 
#  240 | steps:  2575 | steps_t:     0 | t: 1.500852 | r:  -513.000000 | e:   1.000000 | Q:        nan | won: False 
#  241 | steps:  2584 | steps_t:     0 | t: 1.506983 | r:  -508.000000 | e:   1.000000 | Q:        nan | won: False 
#  242 | steps:  2594 | steps_t:     0 | t: 1.514831 | r:  -509.000000 | e:   1.000000 | Q:        nan | won: False 
#  243 | steps:  2614 | steps_t:     0 | t: 1.524818 | r:  -519.000000 | e:   1.000000 | Q:        nan | won: False 
#  244 | steps:  2621 | steps_t:     0 | t: 1.528809 | r:  -506.000000 | e:   1.000000 | Q:        nan | won: False 
#  245 | steps:  2629 | steps_t:     0 | t: 1.533762 | r:  -507.000000 | e:   1.000000 | Q:        nan | won: False 
#  246 | steps:  2650 | steps_t:     0 | t: 1.550900 | r:  -520.000000 | e:   1.000000 | Q:        nan | won: False 
#  247 | steps:  2657 | steps_t:     0 | t: 1.554707 | r:  -506.000000 | e:   1.000000 | Q:        nan | won: False 
#  248 | steps:  2676 | steps_t:     0 | t: 1.564728 | r:  -518.000000 | e:   1.000000 | Q:        nan | won: False 
#  249 | steps:  2684 | steps_t:     0 | t: 1.569700 | r:  -507.000000 | e:   1.000000 | Q:        nan | won: False 
#  250 | steps:  2697 | steps_t:     0 | t: 1.577646 | r:  -501.000000 | e:   1.000000 | Q:        nan | won: False 
#  251 | steps:  2727 | steps_t:     0 | t: 1.593604 | r:  -518.000000 | e:   1.000000 | Q:        nan | won: False 
#  252 | steps:  2741 | steps_t:     0 | t: 1.601583 | r:  -513.000000 | e:   1.000000 | Q:        nan | won: False 
#  253 | steps:  2753 | steps_t:     0 | t: 1.608688 | r:  -511.000000 | e:   1.000000 | Q:        nan | won: False 
#  254 | steps:  2763 | steps_t:     0 | t: 1.614039 | r:  -509.000000 | e:   1.000000 | Q:        nan | won: False 
#  255 | steps:  2769 | steps_t:     0 | t: 1.617610 | r:  -505.000000 | e:   1.000000 | Q:        nan | won: False 
#  256 | steps:  2779 | steps_t:     0 | t: 1.622558 | r:  -509.000000 | e:   1.000000 | Q:        nan | won: False 
#  257 | steps:  2786 | steps_t:     0 | t: 1.626605 | r:  -506.000000 | e:   1.000000 | Q:        nan | won: False 
#  258 | steps:  2795 | steps_t:     0 | t: 1.630503 | r:  -508.000000 | e:   1.000000 | Q:        nan | won: False 
#  259 | steps:  2813 | steps_t:     0 | t: 1.642664 | r:  -517.000000 | e:   1.000000 | Q:        nan | won: False 
#  260 | steps:  2820 | steps_t:     0 | t: 1.646275 | r:  -506.000000 | e:   1.000000 | Q:        nan | won: False 
#  261 | steps:  2827 | steps_t:     0 | t: 1.651079 | r:  -506.000000 | e:   1.000000 | Q:        nan | won: False 
#  262 | steps:  2835 | steps_t:     0 | t: 1.656075 | r:  -507.000000 | e:   1.000000 | Q:        nan | won: False 
#  263 | steps:  2843 | steps_t:     0 | t: 1.660030 | r:  -507.000000 | e:   1.000000 | Q:        nan | won: False 
#  264 | steps:  2857 | steps_t:     0 | t: 1.669140 | r:  -513.000000 | e:   1.000000 | Q:        nan | won: False 
#  265 | steps:  2877 | steps_t:     0 | t: 1.681015 | r:  -519.000000 | e:   1.000000 | Q:        nan | won: False 
#  266 | steps:  2883 | steps_t:     0 | t: 1.684965 | r:  -505.000000 | e:   1.000000 | Q:        nan | won: False 
#  267 | steps:  2892 | steps_t:     0 | t: 1.689982 | r:  -508.000000 | e:   1.000000 | Q:        nan | won: False 
#  268 | steps:  2899 | steps_t:     0 | t: 1.694938 | r:  -506.000000 | e:   1.000000 | Q:        nan | won: False 
#  269 | steps:  2906 | steps_t:     0 | t: 1.698959 | r:  -506.000000 | e:   1.000000 | Q:        nan | won: False 
#  270 | steps:  2914 | steps_t:     0 | t: 1.702946 | r:  -507.000000 | e:   1.000000 | Q:        nan | won: False 
#  271 | steps:  2919 | steps_t:     0 | t: 1.705938 | r:  -504.000000 | e:   1.000000 | Q:        nan | won: False 
#  272 | steps:  2938 | steps_t:     0 | t: 1.719043 | r:  -507.000000 | e:   1.000000 | Q:        nan | won: False 
#  273 | steps:  2945 | steps_t:     0 | t: 1.723890 | r:  -506.000000 | e:   1.000000 | Q:        nan | won: False 
#  274 | steps:  2956 | steps_t:     0 | t: 1.729851 | r:  -510.000000 | e:   1.000000 | Q:        nan | won: False 
#  275 | steps:  2968 | steps_t:     0 | t: 1.737823 | r:  -511.000000 | e:   1.000000 | Q:        nan | won: False 
#  276 | steps:  2988 | steps_t:     0 | t: 1.748122 | r:  -519.000000 | e:   1.000000 | Q:        nan | won: False 
#  277 | steps:  3063 | steps_t:     0 | t: 1.787024 | r:  -563.000000 | e:   1.000000 | Q:        nan | won: False 
#  278 | steps:  3077 | steps_t:     0 | t: 1.794968 | r:  -513.000000 | e:   1.000000 | Q:        nan | won: False 
#  279 | steps:  3087 | steps_t:     0 | t: 1.801981 | r:  -509.000000 | e:   1.000000 | Q:        nan | won: False 
#  280 | steps:  3103 | steps_t:     0 | t: 1.813950 | r:  -515.000000 | e:   1.000000 | Q:        nan | won: False 
#  281 | steps:  3117 | steps_t:     0 | t: 1.823923 | r:  -513.000000 | e:   1.000000 | Q:        nan | won: False 
#  282 | steps:  3125 | steps_t:     0 | t: 1.830870 | r:  -507.000000 | e:   1.000000 | Q:        nan | won: False 
#  283 | steps:  3134 | steps_t:     0 | t: 1.835889 | r:  -508.000000 | e:   1.000000 | Q:        nan | won: False 
#  284 | steps:  3140 | steps_t:     0 | t: 1.839878 | r:  -505.000000 | e:   1.000000 | Q:        nan | won: False 
#  285 | steps:  3156 | steps_t:     0 | t: 1.847082 | r:  -504.000000 | e:   1.000000 | Q:        nan | won: False 
#  286 | steps:  3166 | steps_t:     0 | t: 1.853306 | r:  -509.000000 | e:   1.000000 | Q:        nan | won: False 
#  287 | steps:  3176 | steps_t:     0 | t: 1.859020 | r:  -509.000000 | e:   1.000000 | Q:        nan | won: False 
#  288 | steps:  3184 | steps_t:     0 | t: 1.864038 | r:  -507.000000 | e:   1.000000 | Q:        nan | won: False 
#  289 | steps:  3191 | steps_t:     0 | t: 1.867042 | r:  -506.000000 | e:   1.000000 | Q:        nan | won: False 
#  290 | steps:  3203 | steps_t:     0 | t: 1.874023 | r:  -511.000000 | e:   1.000000 | Q:        nan | won: False 
#  291 | steps:  3212 | steps_t:     0 | t: 1.879964 | r:  -508.000000 | e:   1.000000 | Q:        nan | won: False 
#  292 | steps:  3222 | steps_t:     0 | t: 1.884995 | r:  -509.000000 | e:   1.000000 | Q:        nan | won: False 
#  293 | steps:  3235 | steps_t:     0 | t: 1.892023 | r:  -512.000000 | e:   1.000000 | Q:        nan | won: False 
#  294 | steps:  3246 | steps_t:     0 | t: 1.896950 | r:  -510.000000 | e:   1.000000 | Q:        nan | won: False 
#  295 | steps:  3262 | steps_t:     0 | t: 1.905926 | r:  -515.000000 | e:   1.000000 | Q:        nan | won: False 
#  296 | steps:  3269 | steps_t:     0 | t: 1.910019 | r:  -506.000000 | e:   1.000000 | Q:        nan | won: False 
#  297 | steps:  3289 | steps_t:     0 | t: 1.921884 | r:  -519.000000 | e:   1.000000 | Q:        nan | won: False 
#  298 | steps:  3315 | steps_t:     0 | t: 1.935852 | r:  -525.000000 | e:   1.000000 | Q:        nan | won: False 
#  299 | steps:  3331 | steps_t:     0 | t: 1.946436 | r:  -515.000000 | e:   1.000000 | Q:        nan | won: False 
#  300 | steps:  3351 | steps_t:     0 | t: 1.956501 | r:  -519.000000 | e:   1.000000 | Q:        nan | won: False 
#  301 | steps:  3360 | steps_t:     0 | t: 1.961514 | r:  -508.000000 | e:   1.000000 | Q:        nan | won: False 
#  302 | steps:  3372 | steps_t:     0 | t: 1.968345 | r:  -511.000000 | e:   1.000000 | Q:        nan | won: False 
#  303 | steps:  3379 | steps_t:     0 | t: 1.972366 | r:  -506.000000 | e:   1.000000 | Q:        nan | won: False 
#  304 | steps:  3386 | steps_t:     0 | t: 1.976322 | r:  -506.000000 | e:   1.000000 | Q:        nan | won: False 
#  305 | steps:  3395 | steps_t:     0 | t: 1.981309 | r:  -508.000000 | e:   1.000000 | Q:        nan | won: False 
#  306 | steps:  3404 | steps_t:     0 | t: 1.985299 | r:  -508.000000 | e:   1.000000 | Q:        nan | won: False 
#  307 | steps:  3412 | steps_t:     0 | t: 1.989319 | r:  -507.000000 | e:   1.000000 | Q:        nan | won: False 
#  308 | steps:  3418 | steps_t:     0 | t: 1.993400 | r:  -505.000000 | e:   1.000000 | Q:        nan | won: False 
#  309 | steps:  3425 | steps_t:     0 | t: 1.996309 | r:  -506.000000 | e:   1.000000 | Q:        nan | won: False 
#  310 | steps:  3444 | steps_t:     0 | t: 2.007274 | r:  -518.000000 | e:   1.000000 | Q:        nan | won: False 
#  311 | steps:  3450 | steps_t:     0 | t: 2.010264 | r:  -505.000000 | e:   1.000000 | Q:        nan | won: False 
#  312 | steps:  3469 | steps_t:     0 | t: 2.020240 | r:  -507.000000 | e:   1.000000 | Q:        nan | won: False 
#  313 | steps:  3483 | steps_t:     0 | t: 2.027409 | r:  -513.000000 | e:   1.000000 | Q:        nan | won: False 
#  314 | steps:  3492 | steps_t:     0 | t: 2.032214 | r:  -508.000000 | e:   1.000000 | Q:        nan | won: False 
#  315 | steps:  3505 | steps_t:     0 | t: 2.039189 | r:  -512.000000 | e:   1.000000 | Q:        nan | won: False 
#  316 | steps:  3515 | steps_t:     0 | t: 2.044141 | r:  -509.000000 | e:   1.000000 | Q:        nan | won: False 
#  317 | steps:  3529 | steps_t:     0 | t: 2.052528 | r:  -513.000000 | e:   1.000000 | Q:        nan | won: False 
#  318 | steps:  3537 | steps_t:     0 | t: 2.056517 | r:  -507.000000 | e:   1.000000 | Q:        nan | won: False 
#  319 | steps:  3543 | steps_t:     0 | t: 2.060017 | r:  -505.000000 | e:   1.000000 | Q:        nan | won: False 
#  320 | steps:  3552 | steps_t:     0 | t: 2.064592 | r:  -508.000000 | e:   1.000000 | Q:        nan | won: False 
#  321 | steps:  3567 | steps_t:     0 | t: 2.072490 | r:  -514.000000 | e:   1.000000 | Q:        nan | won: False 
#  322 | steps:  3575 | steps_t:     0 | t: 2.076478 | r:  -507.000000 | e:   1.000000 | Q:        nan | won: False 
#  323 | steps:  3587 | steps_t:     0 | t: 2.082470 | r:  -511.000000 | e:   1.000000 | Q:        nan | won: False 
#  324 | steps:  3595 | steps_t:     0 | t: 2.086456 | r:  -507.000000 | e:   1.000000 | Q:        nan | won: False 
#  325 | steps:  3617 | steps_t:     0 | t: 2.096427 | r:  -521.000000 | e:   1.000000 | Q:        nan | won: False 
#  326 | steps:  3627 | steps_t:     0 | t: 2.102415 | r:  -509.000000 | e:   1.000000 | Q:        nan | won: False 
#  327 | steps:  3638 | steps_t:     0 | t: 2.107400 | r:  -510.000000 | e:   1.000000 | Q:        nan | won: False 
#  328 | steps:  3648 | steps_t:     0 | t: 2.113334 | r:  -509.000000 | e:   1.000000 | Q:        nan | won: False 
#  329 | steps:  3662 | steps_t:     0 | t: 2.121401 | r:  -513.000000 | e:   1.000000 | Q:        nan | won: False 
#  330 | steps:  3680 | steps_t:     0 | t: 2.131387 | r:  -517.000000 | e:   1.000000 | Q:        nan | won: False 
#  331 | steps:  3697 | steps_t:     0 | t: 2.140307 | r:  -505.000000 | e:   1.000000 | Q:        nan | won: False 
#  332 | steps:  3706 | steps_t:     0 | t: 2.145284 | r:  -508.000000 | e:   1.000000 | Q:        nan | won: False 
#  333 | steps:  3714 | steps_t:     0 | t: 2.150236 | r:  -507.000000 | e:   1.000000 | Q:        nan | won: False 
#  334 | steps:  3721 | steps_t:     0 | t: 2.154270 | r:  -506.000000 | e:   1.000000 | Q:        nan | won: False 
#  335 | steps:  3729 | steps_t:     0 | t: 2.158264 | r:  -507.000000 | e:   1.000000 | Q:        nan | won: False 
#  336 | steps:  3737 | steps_t:     0 | t: 2.163200 | r:  -507.000000 | e:   1.000000 | Q:        nan | won: False 
#  337 | steps:  3746 | steps_t:     0 | t: 2.168235 | r:  -508.000000 | e:   1.000000 | Q:        nan | won: False 
#  338 | steps:  3754 | steps_t:     0 | t: 2.172223 | r:  -507.000000 | e:   1.000000 | Q:        nan | won: False 
#  339 | steps:  3762 | steps_t:     0 | t: 2.177165 | r:  -507.000000 | e:   1.000000 | Q:        nan | won: False 
#  340 | steps:  3774 | steps_t:     0 | t: 2.183195 | r:  -511.000000 | e:   1.000000 | Q:        nan | won: False 
#  341 | steps:  3782 | steps_t:     0 | t: 2.188179 | r:  -507.000000 | e:   1.000000 | Q:        nan | won: False 
#  342 | steps:  3804 | steps_t:     0 | t: 2.198158 | r:  -521.000000 | e:   1.000000 | Q:        nan | won: False 
#  343 | steps:  3811 | steps_t:     0 | t: 2.202140 | r:  -506.000000 | e:   1.000000 | Q:        nan | won: False 
#  344 | steps:  3830 | steps_t:     0 | t: 2.211074 | r:  -518.000000 | e:   1.000000 | Q:        nan | won: False 
#  345 | steps:  3842 | steps_t:     0 | t: 2.218055 | r:  -511.000000 | e:   1.000000 | Q:        nan | won: False 
#  346 | steps:  3853 | steps_t:     0 | t: 2.224037 | r:  -510.000000 | e:   1.000000 | Q:        nan | won: False 
#  347 | steps:  3865 | steps_t:     0 | t: 2.231020 | r:  -511.000000 | e:   1.000000 | Q:        nan | won: False 
#  348 | steps:  3886 | steps_t:     0 | t: 2.242032 | r:  -520.000000 | e:   1.000000 | Q:        nan | won: False 
#  349 | steps:  3893 | steps_t:     0 | t: 2.246490 | r:  -506.000000 | e:   1.000000 | Q:        nan | won: False 
#  350 | steps:  3903 | steps_t:     0 | t: 2.252784 | r:  -509.000000 | e:   1.000000 | Q:        nan | won: False 
#  351 | steps:  3914 | steps_t:     0 | t: 2.259455 | r:  -510.000000 | e:   1.000000 | Q:        nan | won: False 
#  352 | steps:  3921 | steps_t:     0 | t: 2.264442 | r:  -506.000000 | e:   1.000000 | Q:        nan | won: False 
#  353 | steps:  3929 | steps_t:     0 | t: 2.269503 | r:  -507.000000 | e:   1.000000 | Q:        nan | won: False 
#  354 | steps:  3939 | steps_t:     0 | t: 2.275454 | r:  -509.000000 | e:   1.000000 | Q:        nan | won: False 
#  355 | steps:  3946 | steps_t:     0 | t: 2.279436 | r:  -506.000000 | e:   1.000000 | Q:        nan | won: False 
#  356 | steps:  3953 | steps_t:     0 | t: 2.283444 | r:  -506.000000 | e:   1.000000 | Q:        nan | won: False 
#  357 | steps:  3963 | steps_t:     0 | t: 2.288425 | r:  -509.000000 | e:   1.000000 | Q:        nan | won: False 
#  358 | steps:  3974 | steps_t:     0 | t: 2.294361 | r:  -510.000000 | e:   1.000000 | Q:        nan | won: False 
#  359 | steps:  3983 | steps_t:     0 | t: 2.300379 | r:  -508.000000 | e:   1.000000 | Q:        nan | won: False 
#  360 | steps:  3994 | steps_t:     0 | t: 2.306333 | r:  -510.000000 | e:   1.000000 | Q:        nan | won: False 
#  361 | steps:  4004 | steps_t:     0 | t: 2.311461 | r:  -509.000000 | e:   1.000000 | Q:        nan | won: False 
#  362 | steps:  4019 | steps_t:     0 | t: 2.318298 | r:  -514.000000 | e:   1.000000 | Q:        nan | won: False 
#  363 | steps:  4027 | steps_t:     0 | t: 2.323295 | r:  -507.000000 | e:   1.000000 | Q:        nan | won: False 
#  364 | steps:  4038 | steps_t:     0 | t: 2.331392 | r:  -510.000000 | e:   1.000000 | Q:        nan | won: False 
#  365 | steps:  4046 | steps_t:     0 | t: 2.335253 | r:  -507.000000 | e:   1.000000 | Q:        nan | won: False 
#  366 | steps:  4057 | steps_t:     0 | t: 2.340286 | r:  -510.000000 | e:   1.000000 | Q:        nan | won: False 
#  367 | steps:  4069 | steps_t:     0 | t: 2.350143 | r:  -511.000000 | e:   1.000000 | Q:        nan | won: False 
#  368 | steps:  4076 | steps_t:     0 | t: 2.355127 | r:  -506.000000 | e:   1.000000 | Q:        nan | won: False 
#  369 | steps:  4100 | steps_t:     0 | t: 2.368053 | r:  -523.000000 | e:   1.000000 | Q:        nan | won: False 
#  370 | steps:  4116 | steps_t:     0 | t: 2.378029 | r:  -515.000000 | e:   1.000000 | Q:        nan | won: False 
#  371 | steps:  4127 | steps_t:     0 | t: 2.385041 | r:  -510.000000 | e:   1.000000 | Q:        nan | won: False 
#  372 | steps:  4147 | steps_t:     0 | t: 2.395014 | r:  -519.000000 | e:   1.000000 | Q:        nan | won: False 
#  373 | steps:  4159 | steps_t:     0 | t: 2.401995 | r:  -511.000000 | e:   1.000000 | Q:        nan | won: False 
#  374 | steps:  4166 | steps_t:     0 | t: 2.406981 | r:  -506.000000 | e:   1.000000 | Q:        nan | won: False 
#  375 | steps:  4174 | steps_t:     0 | t: 2.410939 | r:  -507.000000 | e:   1.000000 | Q:        nan | won: False 
#  376 | steps:  4182 | steps_t:     0 | t: 2.416924 | r:  -507.000000 | e:   1.000000 | Q:        nan | won: False 
#  377 | steps:  4189 | steps_t:     0 | t: 2.419947 | r:  -506.000000 | e:   1.000000 | Q:        nan | won: False 
#  378 | steps:  4195 | steps_t:     0 | t: 2.423939 | r:  -505.000000 | e:   1.000000 | Q:        nan | won: False 
#  379 | steps:  4205 | steps_t:     0 | t: 2.428892 | r:  -509.000000 | e:   1.000000 | Q:        nan | won: False 
#  380 | steps:  4224 | steps_t:     0 | t: 2.438899 | r:  -518.000000 | e:   1.000000 | Q:        nan | won: False 
#  381 | steps:  4235 | steps_t:     0 | t: 2.443883 | r:  -510.000000 | e:   1.000000 | Q:        nan | won: False 
#  382 | steps:  4254 | steps_t:     0 | t: 2.453884 | r:  -518.000000 | e:   1.000000 | Q:        nan | won: False 
#  383 | steps:  4266 | steps_t:     0 | t: 2.459810 | r:  -511.000000 | e:   1.000000 | Q:        nan | won: False 
#  384 | steps:  4276 | steps_t:     0 | t: 2.465824 | r:  -509.000000 | e:   1.000000 | Q:        nan | won: False 
#  385 | steps:  4281 | steps_t:     0 | t: 2.469847 | r:  -504.000000 | e:   1.000000 | Q:        nan | won: False 
#  386 | steps:  4287 | steps_t:     0 | t: 2.473773 | r:  -505.000000 | e:   1.000000 | Q:        nan | won: False 
#  387 | steps:  4302 | steps_t:     0 | t: 2.481788 | r:  -514.000000 | e:   1.000000 | Q:        nan | won: False 
#  388 | steps:  4308 | steps_t:     0 | t: 2.484774 | r:  -505.000000 | e:   1.000000 | Q:        nan | won: False 
#  389 | steps:  4319 | steps_t:     0 | t: 2.490889 | r:  -510.000000 | e:   1.000000 | Q:        nan | won: False 
#  390 | steps:  4340 | steps_t:     0 | t: 2.501696 | r:  -520.000000 | e:   1.000000 | Q:        nan | won: False 
#  391 | steps:  4349 | steps_t:     0 | t: 2.507679 | r:  -508.000000 | e:   1.000000 | Q:        nan | won: False 
#  392 | steps:  4357 | steps_t:     0 | t: 2.514663 | r:  -507.000000 | e:   1.000000 | Q:        nan | won: False 
#  393 | steps:  4368 | steps_t:     0 | t: 2.520670 | r:  -510.000000 | e:   1.000000 | Q:        nan | won: False 
#  394 | steps:  4375 | steps_t:     0 | t: 2.524667 | r:  -506.000000 | e:   1.000000 | Q:        nan | won: False 
#  395 | steps:  4381 | steps_t:     0 | t: 2.527627 | r:  -505.000000 | e:   1.000000 | Q:        nan | won: False 
#  396 | steps:  4388 | steps_t:     0 | t: 2.532645 | r:  -506.000000 | e:   1.000000 | Q:        nan | won: False 
#  397 | steps:  4408 | steps_t:     0 | t: 2.541846 | r:  -519.000000 | e:   1.000000 | Q:        nan | won: False 
#  398 | steps:  4420 | steps_t:     0 | t: 2.549602 | r:  -511.000000 | e:   1.000000 | Q:        nan | won: False 
#  399 | steps:  4435 | steps_t:     0 | t: 2.557581 | r:  -503.000000 | e:   1.000000 | Q:        nan | won: False 
#  400 | steps:  4451 | steps_t:     0 | t: 2.565844 | r:  -515.000000 | e:   1.000000 | Q:        nan | won: False 
#  401 | steps:  4463 | steps_t:     0 | t: 2.572534 | r:  -511.000000 | e:   1.000000 | Q:        nan | won: False 
#  402 | steps:  4473 | steps_t:     0 | t: 2.577494 | r:  -509.000000 | e:   1.000000 | Q:        nan | won: False 
#  403 | steps:  4482 | steps_t:     0 | t: 2.581583 | r:  -508.000000 | e:   1.000000 | Q:        nan | won: False 
#  404 | steps:  4490 | steps_t:     0 | t: 2.587471 | r:  -507.000000 | e:   1.000000 | Q:        nan | won: False 
#  405 | steps:  4508 | steps_t:     0 | t: 2.596444 | r:  -517.000000 | e:   1.000000 | Q:        nan | won: False 
#  406 | steps:  4517 | steps_t:     0 | t: 2.600464 | r:  -508.000000 | e:   1.000000 | Q:        nan | won: False 
#  407 | steps:  4524 | steps_t:     0 | t: 2.604453 | r:  -506.000000 | e:   1.000000 | Q:        nan | won: False 
#  408 | steps:  4535 | steps_t:     0 | t: 2.609447 | r:  -510.000000 | e:   1.000000 | Q:        nan | won: False 
#  409 | steps:  4545 | steps_t:     0 | t: 2.615424 | r:  -509.000000 | e:   1.000000 | Q:        nan | won: False 
#  410 | steps:  4550 | steps_t:     0 | t: 2.618416 | r:  -504.000000 | e:   1.000000 | Q:        nan | won: False 
#  411 | steps:  4556 | steps_t:     0 | t: 2.621437 | r:  -505.000000 | e:   1.000000 | Q:        nan | won: False 
#  412 | steps:  4565 | steps_t:     0 | t: 2.625397 | r:  -508.000000 | e:   1.000000 | Q:        nan | won: False 
#  413 | steps:  4573 | steps_t:     0 | t: 2.630384 | r:  -507.000000 | e:   1.000000 | Q:        nan | won: False 
#  414 | steps:  4578 | steps_t:     0 | t: 2.632346 | r:  -504.000000 | e:   1.000000 | Q:        nan | won: False 
#  415 | steps:  4587 | steps_t:     0 | t: 2.637550 | r:  -508.000000 | e:   1.000000 | Q:        nan | won: False 
#  416 | steps:  4595 | steps_t:     0 | t: 2.641454 | r:  -507.000000 | e:   1.000000 | Q:        nan | won: False 
#  417 | steps:  4615 | steps_t:     0 | t: 2.649876 | r:  -519.000000 | e:   1.000000 | Q:        nan | won: False 
#  418 | steps:  4625 | steps_t:     0 | t: 2.655918 | r:  -509.000000 | e:   1.000000 | Q:        nan | won: False 
#  419 | steps:  4638 | steps_t:     0 | t: 2.661850 | r:  -512.000000 | e:   1.000000 | Q:        nan | won: False 
#  420 | steps:  4648 | steps_t:     0 | t: 2.667831 | r:  -509.000000 | e:   1.000000 | Q:        nan | won: False 
#  421 | steps:  4654 | steps_t:     0 | t: 2.670956 | r:  -505.000000 | e:   1.000000 | Q:        nan | won: False 
#  422 | steps:  4662 | steps_t:     0 | t: 2.675843 | r:  -507.000000 | e:   1.000000 | Q:        nan | won: False 
#  423 | steps:  4669 | steps_t:     0 | t: 2.678901 | r:  -506.000000 | e:   1.000000 | Q:        nan | won: False 
#  424 | steps:  4679 | steps_t:     0 | t: 2.684800 | r:  -509.000000 | e:   1.000000 | Q:        nan | won: False 
#  425 | steps:  4691 | steps_t:     0 | t: 2.689804 | r:  -511.000000 | e:   1.000000 | Q:        nan | won: False 
#  426 | steps:  4698 | steps_t:     0 | t: 2.693793 | r:  -506.000000 | e:   1.000000 | Q:        nan | won: False 
#  427 | steps:  4705 | steps_t:     0 | t: 2.697783 | r:  -506.000000 | e:   1.000000 | Q:        nan | won: False 
#  428 | steps:  4725 | steps_t:     0 | t: 2.706857 | r:  -519.000000 | e:   1.000000 | Q:        nan | won: False 
#  429 | steps:  4733 | steps_t:     0 | t: 2.710747 | r:  -507.000000 | e:   1.000000 | Q:        nan | won: False 
#  430 | steps:  4751 | steps_t:     0 | t: 2.720719 | r:  -517.000000 | e:   1.000000 | Q:        nan | won: False 
#  431 | steps:  4766 | steps_t:     0 | t: 2.727701 | r:  -514.000000 | e:   1.000000 | Q:        nan | won: False 
#  432 | steps:  4775 | steps_t:     0 | t: 2.733654 | r:  -508.000000 | e:   1.000000 | Q:        nan | won: False 
#  433 | steps:  4783 | steps_t:     0 | t: 2.738685 | r:  -507.000000 | e:   1.000000 | Q:        nan | won: False 
#  434 | steps:  4805 | steps_t:     0 | t: 2.749612 | r:  -521.000000 | e:   1.000000 | Q:        nan | won: False 
#  435 | steps:  4821 | steps_t:     0 | t: 2.758619 | r:  -515.000000 | e:   1.000000 | Q:        nan | won: False 
#  436 | steps:  4829 | steps_t:     0 | t: 2.762577 | r:  -507.000000 | e:   1.000000 | Q:        nan | won: False 
#  437 | steps:  4850 | steps_t:     0 | t: 2.775575 | r:  -520.000000 | e:   1.000000 | Q:        nan | won: False 
#  438 | steps:  4864 | steps_t:     0 | t: 2.783624 | r:  -491.000000 | e:   1.000000 | Q:        nan | won: False 
#  439 | steps:  4873 | steps_t:     0 | t: 2.789546 | r:  -508.000000 | e:   1.000000 | Q:        nan | won: False 
#  440 | steps:  4888 | steps_t:     0 | t: 2.798211 | r:  -514.000000 | e:   1.000000 | Q:        nan | won: False 
#  441 | steps:  4899 | steps_t:     0 | t: 2.803516 | r:  -510.000000 | e:   1.000000 | Q:        nan | won: False 
#  442 | steps:  4906 | steps_t:     0 | t: 2.807456 | r:  -506.000000 | e:   1.000000 | Q:        nan | won: False 
#  443 | steps:  4917 | steps_t:     0 | t: 2.813471 | r:  -510.000000 | e:   1.000000 | Q:        nan | won: False 
#  444 | steps:  4924 | steps_t:     0 | t: 2.817430 | r:  -506.000000 | e:   1.000000 | Q:        nan | won: False 
#  445 | steps:  4932 | steps_t:     0 | t: 2.821697 | r:  -507.000000 | e:   1.000000 | Q:        nan | won: False 
#  446 | steps:  4938 | steps_t:     0 | t: 2.825590 | r:  -505.000000 | e:   1.000000 | Q:        nan | won: False 
#  447 | steps:  4960 | steps_t:     0 | t: 2.838375 | r:  -521.000000 | e:   1.000000 | Q:        nan | won: False 
#  448 | steps:  4972 | steps_t:     0 | t: 2.847351 | r:  -511.000000 | e:   1.000000 | Q:        nan | won: False 
#  449 | steps:  4980 | steps_t:     0 | t: 2.852338 | r:  -507.000000 | e:   1.000000 | Q:        nan | won: False 
#  450 | steps:  4989 | steps_t:     0 | t: 2.857467 | r:  -508.000000 | e:   1.000000 | Q:        nan | won: False 
#  451 | steps:  5000 | steps_t:     0 | t: 2.863308 | r:  -510.000000 | e:   1.000000 | Q:        nan | won: False 
#  452 | steps:  5005 | steps_t:     4 | t: 2.949259 | r:  -504.000000 | e:   0.999600 | Q:        nan | won: False 
#  453 | steps:  5015 | steps_t:    13 | t: 3.040054 | r:  -509.000000 | e:   0.998700 | Q:        nan | won: False 
#  454 | steps:  5023 | steps_t:    20 | t: 3.103474 | r:  -507.000000 | e:   0.998000 | Q:        nan | won: False 
#  455 | steps:  5044 | steps_t:    40 | t: 3.299526 | r:  -520.000000 | e:   0.996000 | Q:  -1.433932 | won: False 
#  456 | steps:  5053 | steps_t:    48 | t: 3.375573 | r:  -508.000000 | e:   0.995200 | Q:        nan | won: False 
#  457 | steps:  5058 | steps_t:    52 | t: 3.414473 | r:  -504.000000 | e:   0.994800 | Q:        nan | won: False 
#  458 | steps:  5072 | steps_t:    65 | t: 3.536311 | r:  -491.000000 | e:   0.993500 | Q:        nan | won: False 
#  459 | steps:  5084 | steps_t:    76 | t: 3.638916 | r:  -511.000000 | e:   0.992400 | Q:        nan | won: False 
#  460 | steps:  5091 | steps_t:    82 | t: 3.696663 | r:  -506.000000 | e:   0.991800 | Q:        nan | won: False 
#  461 | steps:  5098 | steps_t:    88 | t: 3.762809 | r:  -506.000000 | e:   0.991200 | Q:        nan | won: False 
#  462 | steps:  5105 | steps_t:    94 | t: 3.822648 | r:  -506.000000 | e:   0.990600 | Q: -55.560287 | won: False 
#  463 | steps:  5114 | steps_t:   102 | t: 3.899734 | r:  -508.000000 | e:   0.989800 | Q:        nan | won: False 
#  464 | steps:  5123 | steps_t:   110 | t: 3.978060 | r:  -508.000000 | e:   0.989000 | Q:        nan | won: False 
#  465 | steps:  5131 | steps_t:   117 | t: 4.044485 | r:  -507.000000 | e:   0.988300 | Q:        nan | won: False 
#  466 | steps:  5137 | steps_t:   122 | t: 4.094581 | r:  -505.000000 | e:   0.987800 | Q:        nan | won: False 
#  467 | steps:  5151 | steps_t:   135 | t: 4.220136 | r:  -513.000000 | e:   0.986500 | Q:        nan | won: False 
#  468 | steps:  5163 | steps_t:   146 | t: 4.321282 | r:  -511.000000 | e:   0.985400 | Q:        nan | won: False 
#  469 | steps:  5175 | steps_t:   157 | t: 4.422200 | r:  -511.000000 | e:   0.984300 | Q:        nan | won: False 
#  470 | steps:  5185 | steps_t:   166 | t: 4.504972 | r:  -509.000000 | e:   0.983400 | Q:        nan | won: False 
#  471 | steps:  5192 | steps_t:   172 | t: 4.561260 | r:  -506.000000 | e:   0.982800 | Q:        nan | won: False 
#  472 | steps:  5205 | steps_t:   184 | t: 4.672185 | r:  -512.000000 | e:   0.981600 | Q:        nan | won: False 
#  473 | steps:  5215 | steps_t:   193 | t: 4.756052 | r:  -509.000000 | e:   0.980700 | Q:        nan | won: False 
#  474 | steps:  5224 | steps_t:   201 | t: 4.829854 | r:  -508.000000 | e:   0.979900 | Q:        nan | won: False 
#  475 | steps:  5245 | steps_t:   221 | t: 5.013095 | r:  -520.000000 | e:   0.977900 | Q:        nan | won: False 
#  476 | steps:  5254 | steps_t:   229 | t: 5.087895 | r:  -508.000000 | e:   0.977100 | Q:        nan | won: False 
#  477 | steps:  5262 | steps_t:   236 | t: 5.153928 | r:  -507.000000 | e:   0.976400 | Q: -322.009521 | won: False 
#  478 | steps:  5278 | steps_t:   251 | t: 5.291432 | r:  -515.000000 | e:   0.974900 | Q:        nan | won: False 
#  479 | steps:  5286 | steps_t:   258 | t: 5.357175 | r:  -507.000000 | e:   0.974200 | Q: -304.476593 | won: False 
#  480 | steps:  5300 | steps_t:   271 | t: 5.474308 | r:  -513.000000 | e:   0.972900 | Q: -290.323792 | won: False 
#  481 | steps:  5310 | steps_t:   280 | t: 5.557039 | r:  -509.000000 | e:   0.972000 | Q:        nan | won: False 
#  482 | steps:  5322 | steps_t:   291 | t: 5.673834 | r:  -511.000000 | e:   0.970900 | Q:        nan | won: False 
#  483 | steps:  5334 | steps_t:   302 | t: 5.773356 | r:  -511.000000 | e:   0.969800 | Q:        nan | won: False 
#  484 | steps:  5343 | steps_t:   310 | t: 5.846710 | r:  -508.000000 | e:   0.969000 | Q:        nan | won: False 
#  485 | steps:  5351 | steps_t:   317 | t: 5.914513 | r:  -507.000000 | e:   0.968300 | Q: -296.453064 | won: False 
#  486 | steps:  5362 | steps_t:   327 | t: 6.007303 | r:  -510.000000 | e:   0.967300 | Q:        nan | won: False 
#  487 | steps:  5372 | steps_t:   336 | t: 6.090148 | r:  -509.000000 | e:   0.966400 | Q:        nan | won: False 
#  488 | steps:  5379 | steps_t:   342 | t: 6.145081 | r:  -506.000000 | e:   0.965800 | Q:        nan | won: False 
#  489 | steps:  5390 | steps_t:   352 | t: 6.235783 | r:  -510.000000 | e:   0.964800 | Q:        nan | won: False 
#  490 | steps:  5406 | steps_t:   367 | t: 6.369942 | r:  -515.000000 | e:   0.963300 | Q:        nan | won: False 
#  491 | steps:  5416 | steps_t:   376 | t: 6.452723 | r:  -509.000000 | e:   0.962400 | Q: -299.427887 | won: False 
#  492 | steps:  5436 | steps_t:   395 | t: 6.623104 | r:  -519.000000 | e:   0.960500 | Q:        nan | won: False 
#  493 | steps:  5454 | steps_t:   412 | t: 6.776845 | r:  -517.000000 | e:   0.958800 | Q:        nan | won: False 
#  494 | steps:  5464 | steps_t:   421 | t: 6.862995 | r:  -509.000000 | e:   0.957900 | Q:        nan | won: False 
#  495 | steps:  5475 | steps_t:   431 | t: 6.956497 | r:  -510.000000 | e:   0.956900 | Q: -303.935669 | won: False 
#  496 | steps:  5484 | steps_t:   439 | t: 7.033382 | r:  -508.000000 | e:   0.956100 | Q: -310.082123 | won: False 
#  497 | steps:  5495 | steps_t:   449 | t: 7.127083 | r:  -510.000000 | e:   0.955100 | Q: -317.617157 | won: False 
#  498 | steps:  5501 | steps_t:   454 | t: 7.175031 | r:  -505.000000 | e:   0.954600 | Q:        nan | won: False 
#  499 | steps:  5512 | steps_t:   464 | t: 7.267720 | r:  -510.000000 | e:   0.953600 | Q:        nan | won: False 
#  500 | steps:  5521 | steps_t:   472 | t: 7.340562 | r:  -508.000000 | e:   0.952800 | Q:        nan | won: False 
#  501 | steps:  5527 | steps_t:   477 | t: 7.387574 | r:  -505.000000 | e:   0.952300 | Q:        nan | won: False 
#  502 | steps:  5543 | steps_t:   492 | t: 7.523840 | r:  -504.000000 | e:   0.950800 | Q:        nan | won: False 
#  503 | steps:  5552 | steps_t:   500 | t: 7.603092 | r:  -508.000000 | e:   0.950000 | Q:        nan | won: False 
#  504 | steps:  5562 | steps_t:   509 | t: 7.691476 | r:  -509.000000 | e:   0.949100 | Q:        nan | won: False 
#  505 | steps:  5573 | steps_t:   519 | t: 7.789345 | r:  -510.000000 | e:   0.948100 | Q:        nan | won: False 
#  506 | steps:  5580 | steps_t:   525 | t: 7.851146 | r:  -506.000000 | e:   0.947500 | Q: -299.459076 | won: False 
#  507 | steps:  5594 | steps_t:   538 | t: 7.975668 | r:  -513.000000 | e:   0.946200 | Q:        nan | won: False 
#  508 | steps:  5607 | steps_t:   550 | t: 8.094576 | r:  -512.000000 | e:   0.945000 | Q: -334.520752 | won: False 
#  509 | steps:  5615 | steps_t:   557 | t: 8.163685 | r:  -507.000000 | e:   0.944300 | Q:        nan | won: False 
#  510 | steps:  5638 | steps_t:   579 | t: 8.379140 | r:  -522.000000 | e:   0.942100 | Q:        nan | won: False 
#  511 | steps:  5645 | steps_t:   585 | t: 8.440229 | r:  -506.000000 | e:   0.941500 | Q: -310.624207 | won: False 
#  512 | steps:  5653 | steps_t:   592 | t: 8.509714 | r:  -507.000000 | e:   0.940800 | Q:        nan | won: False 
#  513 | steps:  5668 | steps_t:   606 | t: 8.646206 | r:  -514.000000 | e:   0.939400 | Q: -309.064758 | won: False 
#  514 | steps:  5677 | steps_t:   614 | t: 8.724612 | r:  -508.000000 | e:   0.938600 | Q:        nan | won: False 
#  515 | steps:  5684 | steps_t:   620 | t: 8.784174 | r:  -506.000000 | e:   0.938000 | Q:        nan | won: False 
#  516 | steps:  5692 | steps_t:   627 | t: 8.852332 | r:  -507.000000 | e:   0.937300 | Q:        nan | won: False 
#  517 | steps:  5699 | steps_t:   633 | t: 8.911315 | r:  -506.000000 | e:   0.936700 | Q:        nan | won: False 
#  518 | steps:  5705 | steps_t:   638 | t: 8.961150 | r:  -505.000000 | e:   0.936200 | Q:        nan | won: False 
#  519 | steps:  5717 | steps_t:   649 | t: 9.071401 | r:  -511.000000 | e:   0.935100 | Q: -317.068604 | won: False 
#  520 | steps:  5723 | steps_t:   654 | t: 9.124226 | r:  -505.000000 | e:   0.934600 | Q:        nan | won: False 
#  521 | steps:  5733 | steps_t:   663 | t: 9.217412 | r:  -509.000000 | e:   0.933700 | Q:        nan | won: False 
#  522 | steps:  5744 | steps_t:   673 | t: 9.316900 | r:  -510.000000 | e:   0.932700 | Q: -317.186310 | won: False 
#  523 | steps:  5754 | steps_t:   682 | t: 9.406407 | r:  -509.000000 | e:   0.931800 | Q: -319.842896 | won: False 
#  524 | steps:  5773 | steps_t:   700 | t: 9.582655 | r:  -518.000000 | e:   0.930000 | Q:        nan | won: False 
#  525 | steps:  5787 | steps_t:   713 | t: 9.710069 | r:  -513.000000 | e:   0.928700 | Q:        nan | won: False 
#  526 | steps:  5795 | steps_t:   720 | t: 9.781619 | r:  -507.000000 | e:   0.928000 | Q:        nan | won: False 
#  527 | steps:  5801 | steps_t:   725 | t: 9.831486 | r:  -505.000000 | e:   0.927500 | Q:        nan | won: False 
#  528 | steps:  5810 | steps_t:   733 | t: 9.910868 | r:  -508.000000 | e:   0.926700 | Q: -290.518188 | won: False 
#  529 | steps:  5820 | steps_t:   742 | t: 9.999976 | r:  -509.000000 | e:   0.925800 | Q: -302.306427 | won: False 
#  530 | steps:  5832 | steps_t:   753 | t: 10.107603 | r:  -511.000000 | e:   0.924700 | Q: -303.118439 | won: False 
#  531 | steps:  5839 | steps_t:   759 | t: 10.167762 | r:  -506.000000 | e:   0.924100 | Q:        nan | won: False 
#  532 | steps:  5849 | steps_t:   768 | t: 10.259162 | r:  -509.000000 | e:   0.923200 | Q: -319.115875 | won: False 
#  533 | steps:  5861 | steps_t:   779 | t: 10.371209 | r:  -511.000000 | e:   0.922100 | Q: -319.465790 | won: False 
#  534 | steps:  5871 | steps_t:   788 | t: 10.463541 | r:  -509.000000 | e:   0.921200 | Q: -327.549805 | won: False 
#  535 | steps:  5881 | steps_t:   797 | t: 10.548696 | r:  -509.000000 | e:   0.920300 | Q:        nan | won: False 
#  536 | steps:  5899 | steps_t:   814 | t: 10.709542 | r:  -517.000000 | e:   0.918600 | Q: -308.730194 | won: False 
#  537 | steps:  5905 | steps_t:   819 | t: 10.756235 | r:  -505.000000 | e:   0.918100 | Q:        nan | won: False 
#  538 | steps:  5912 | steps_t:   825 | t: 10.812431 | r:  -506.000000 | e:   0.917500 | Q:        nan | won: False 
#  539 | steps:  5926 | steps_t:   838 | t: 10.932081 | r:  -513.000000 | e:   0.916200 | Q: -331.423096 | won: False 
#  540 | steps:  5936 | steps_t:   847 | t: 11.016902 | r:  -509.000000 | e:   0.915300 | Q: -342.131653 | won: False 
#  541 | steps:  5957 | steps_t:   867 | t: 11.198512 | r:  -520.000000 | e:   0.913300 | Q: -328.746826 | won: False 
#  542 | steps:  5969 | steps_t:   878 | t: 11.299941 | r:  -511.000000 | e:   0.912200 | Q: -302.144531 | won: False 
#  543 | steps:  5978 | steps_t:   886 | t: 11.374390 | r:  -508.000000 | e:   0.911400 | Q:        nan | won: False 
#  544 | steps:  5985 | steps_t:   892 | t: 11.431229 | r:  -506.000000 | e:   0.910800 | Q: -296.192566 | won: False 
#  545 | steps:  5993 | steps_t:   899 | t: 11.497053 | r:  -507.000000 | e:   0.910100 | Q: -308.356354 | won: False 
#  546 | steps:  6002 | steps_t:   907 | t: 11.573849 | r:  -508.000000 | e:   0.909300 | Q: -332.609924 | won: False 
#  547 | steps:  6011 | steps_t:   915 | t: 11.648156 | r:  -508.000000 | e:   0.908500 | Q:        nan | won: False 
#  548 | steps:  6030 | steps_t:   933 | t: 11.813208 | r:  -518.000000 | e:   0.906700 | Q:        nan | won: False 
#  549 | steps:  6040 | steps_t:   942 | t: 11.896171 | r:  -509.000000 | e:   0.905800 | Q:        nan | won: False 
#  550 | steps:  6048 | steps_t:   949 | t: 11.960998 | r:  -507.000000 | e:   0.905100 | Q: -289.854797 | won: False 
#  551 | steps:  6060 | steps_t:   960 | t: 12.064481 | r:  -511.000000 | e:   0.904000 | Q: -264.018585 | won: False 
#  552 | steps:  6072 | steps_t:   971 | t: 12.165261 | r:  -511.000000 | e:   0.902900 | Q: -289.717896 | won: False 
#  553 | steps:  6082 | steps_t:   980 | t: 12.248013 | r:  -509.000000 | e:   0.902000 | Q:        nan | won: False 
#  554 | steps:  6096 | steps_t:   993 | t: 12.367930 | r:  -513.000000 | e:   0.900700 | Q: -332.195709 | won: False 
#  555 | steps:  6103 | steps_t:   999 | t: 12.425808 | r:  -506.000000 | e:   0.900100 | Q: -351.717896 | won: False 
#  556 | steps:  6112 | steps_t:  1007 | t: 12.502908 | r:  -508.000000 | e:   0.899300 | Q:        nan | won: False 
#  557 | steps:  6126 | steps_t:  1020 | t: 12.629604 | r:  -502.000000 | e:   0.898000 | Q:        nan | won: False 
#  558 | steps:  6133 | steps_t:  1026 | t: 12.697932 | r:  -506.000000 | e:   0.897400 | Q:        nan | won: False 
#  559 | steps:  6148 | steps_t:  1040 | t: 12.827130 | r:  -514.000000 | e:   0.896000 | Q:        nan | won: False 
#  560 | steps:  6160 | steps_t:  1051 | t: 12.929177 | r:  -511.000000 | e:   0.894900 | Q:        nan | won: False 
#  561 | steps:  6180 | steps_t:  1070 | t: 13.104679 | r:  -519.000000 | e:   0.893000 | Q: -299.580475 | won: False 
#  562 | steps:  6190 | steps_t:  1079 | t: 13.189544 | r:  -509.000000 | e:   0.892100 | Q: -307.517181 | won: False 
#  563 | steps:  6198 | steps_t:  1086 | t: 13.255370 | r:  -507.000000 | e:   0.891400 | Q:        nan | won: False 
#  564 | steps:  6206 | steps_t:  1093 | t: 13.321403 | r:  -507.000000 | e:   0.890700 | Q: -307.234863 | won: False 
#  565 | steps:  6215 | steps_t:  1101 | t: 13.398438 | r:  -508.000000 | e:   0.889900 | Q: -305.508759 | won: False 
#  566 | steps:  6223 | steps_t:  1108 | t: 13.465229 | r:  -507.000000 | e:   0.889200 | Q: -310.054443 | won: False 
#  567 | steps:  6232 | steps_t:  1116 | t: 13.540435 | r:  -508.000000 | e:   0.888400 | Q:        nan | won: False 
#  568 | steps:  6246 | steps_t:  1129 | t: 13.665137 | r:  -513.000000 | e:   0.887100 | Q: -310.446228 | won: False 
#  569 | steps:  6253 | steps_t:  1135 | t: 13.722184 | r:  -506.000000 | e:   0.886500 | Q:        nan | won: False 
#  570 | steps:  6261 | steps_t:  1142 | t: 13.791535 | r:  -507.000000 | e:   0.885800 | Q:        nan | won: False 
#  571 | steps:  6269 | steps_t:  1149 | t: 13.857454 | r:  -507.000000 | e:   0.885100 | Q:        nan | won: False 
#  572 | steps:  6276 | steps_t:  1155 | t: 13.914661 | r:  -506.000000 | e:   0.884500 | Q: -288.675659 | won: False 
#  573 | steps:  6294 | steps_t:  1172 | t: 14.077033 | r:  -495.000000 | e:   0.882800 | Q: -306.205017 | won: False 
#  574 | steps:  6308 | steps_t:  1185 | t: 14.218395 | r:  -513.000000 | e:   0.881500 | Q: -300.805969 | won: False 
#  575 | steps:  6316 | steps_t:  1192 | t: 14.294142 | r:  -507.000000 | e:   0.880800 | Q:        nan | won: False 
#  576 | steps:  6326 | steps_t:  1201 | t: 14.395129 | r:  -509.000000 | e:   0.879900 | Q: -308.043427 | won: False 
#  577 | steps:  6343 | steps_t:  1217 | t: 14.576146 | r:  -516.000000 | e:   0.878300 | Q: -329.439301 | won: False 
#  578 | steps:  6363 | steps_t:  1236 | t: 14.828662 | r:  -508.000000 | e:   0.876400 | Q: -334.220490 | won: False 
#  579 | steps:  6370 | steps_t:  1242 | t: 14.910542 | r:  -506.000000 | e:   0.875800 | Q: -330.100250 | won: False 
#  580 | steps:  6381 | steps_t:  1252 | t: 15.040486 | r:  -510.000000 | e:   0.874800 | Q: -322.660553 | won: False 
#  581 | steps:  6391 | steps_t:  1261 | t: 15.159791 | r:  -509.000000 | e:   0.873900 | Q:        nan | won: False 
#  582 | steps:  6404 | steps_t:  1273 | t: 15.323226 | r:  -512.000000 | e:   0.872700 | Q: -288.378693 | won: False 
#  583 | steps:  6411 | steps_t:  1279 | t: 15.408036 | r:  -506.000000 | e:   0.872100 | Q: -279.727173 | won: False 
#  584 | steps:  6417 | steps_t:  1284 | t: 15.477328 | r:  -505.000000 | e:   0.871600 | Q:        nan | won: False 
#  585 | steps:  6424 | steps_t:  1290 | t: 15.561070 | r:  -506.000000 | e:   0.871000 | Q:        nan | won: False 
#  586 | steps:  6430 | steps_t:  1295 | t: 15.631735 | r:  -505.000000 | e:   0.870500 | Q:        nan | won: False 
#  587 | steps:  6441 | steps_t:  1305 | t: 15.777484 | r:  -510.000000 | e:   0.869500 | Q: -305.175629 | won: False 
#  588 | steps:  6453 | steps_t:  1316 | t: 15.940594 | r:  -511.000000 | e:   0.868400 | Q: -297.629333 | won: False 
#  589 | steps:  6460 | steps_t:  1322 | t: 16.031363 | r:  -506.000000 | e:   0.867800 | Q: -284.077515 | won: False 
#  590 | steps:  6467 | steps_t:  1328 | t: 16.119128 | r:  -506.000000 | e:   0.867200 | Q:        nan | won: False 
#  591 | steps:  6481 | steps_t:  1341 | t: 16.305864 | r:  -513.000000 | e:   0.865900 | Q: -290.270386 | won: False 
#  592 | steps:  6493 | steps_t:  1352 | t: 16.461645 | r:  -511.000000 | e:   0.864800 | Q: -329.262207 | won: False 
#  593 | steps:  6512 | steps_t:  1370 | t: 16.722313 | r:  -507.000000 | e:   0.863000 | Q: -331.670471 | won: False 
#  594 | steps:  6521 | steps_t:  1378 | t: 16.836009 | r:  -508.000000 | e:   0.862200 | Q:        nan | won: False 
#  595 | steps:  6531 | steps_t:  1387 | t: 16.967884 | r:  -509.000000 | e:   0.861300 | Q: -334.665009 | won: False 
#  596 | steps:  6543 | steps_t:  1398 | t: 17.126873 | r:  -511.000000 | e:   0.860200 | Q: -324.857452 | won: False 
#  597 | steps:  6550 | steps_t:  1404 | t: 17.214726 | r:  -506.000000 | e:   0.859600 | Q: -302.204102 | won: False 
#  598 | steps:  6560 | steps_t:  1413 | t: 17.349370 | r:  -509.000000 | e:   0.858700 | Q: -293.507660 | won: False 
#  599 | steps:  6573 | steps_t:  1425 | t: 17.522859 | r:  -512.000000 | e:   0.857500 | Q: -273.972351 | won: False 
#  600 | steps:  6596 | steps_t:  1447 | t: 17.790940 | r:  -522.000000 | e:   0.855300 | Q: -303.655334 | won: False 
#  601 | steps:  6604 | steps_t:  1454 | t: 17.876056 | r:  -507.000000 | e:   0.854600 | Q: -344.878113 | won: False 
#  602 | steps:  6615 | steps_t:  1464 | t: 17.999331 | r:  -510.000000 | e:   0.853600 | Q: -340.693329 | won: False 
#  603 | steps:  6636 | steps_t:  1484 | t: 18.211907 | r:  -520.000000 | e:   0.851600 | Q: -303.905090 | won: False 
#  604 | steps:  6648 | steps_t:  1495 | t: 18.336646 | r:  -511.000000 | e:   0.850500 | Q: -311.914215 | won: False 
#  605 | steps:  6664 | steps_t:  1510 | t: 18.496343 | r:  -515.000000 | e:   0.849000 | Q: -326.208252 | won: False 
#  606 | steps:  6670 | steps_t:  1515 | t: 18.552346 | r:  -505.000000 | e:   0.848500 | Q:        nan | won: False 
#  607 | steps:  6680 | steps_t:  1524 | t: 18.648745 | r:  -509.000000 | e:   0.847600 | Q:        nan | won: False 
#  608 | steps:  6689 | steps_t:  1532 | t: 18.740875 | r:  -508.000000 | e:   0.846800 | Q:        nan | won: False 
#  609 | steps:  6702 | steps_t:  1544 | t: 18.882591 | r:  -512.000000 | e:   0.845600 | Q: -342.654083 | won: False 
#  610 | steps:  6716 | steps_t:  1557 | t: 19.035444 | r:  -513.000000 | e:   0.844300 | Q: -329.665680 | won: False 
#  611 | steps:  6724 | steps_t:  1564 | t: 19.125211 | r:  -507.000000 | e:   0.843600 | Q: -303.464569 | won: False 
#  612 | steps:  6733 | steps_t:  1572 | t: 19.229012 | r:  -508.000000 | e:   0.842800 | Q: -295.030121 | won: False 
#  613 | steps:  6739 | steps_t:  1577 | t: 19.289249 | r:  -505.000000 | e:   0.842300 | Q:        nan | won: False 
#  614 | steps:  6748 | steps_t:  1585 | t: 19.385192 | r:  -508.000000 | e:   0.841500 | Q: -287.217377 | won: False 
#  615 | steps:  6760 | steps_t:  1596 | t: 19.517026 | r:  -511.000000 | e:   0.840400 | Q: -314.294708 | won: False 
#  616 | steps:  6768 | steps_t:  1603 | t: 19.600832 | r:  -507.000000 | e:   0.839700 | Q: -308.645477 | won: False 
#  617 | steps:  6781 | steps_t:  1615 | t: 19.741484 | r:  -512.000000 | e:   0.838500 | Q: -318.996429 | won: False 
#  618 | steps:  6789 | steps_t:  1622 | t: 19.824307 | r:  -507.000000 | e:   0.837800 | Q: -309.656219 | won: False 
#  619 | steps:  6796 | steps_t:  1628 | t: 19.898751 | r:  -506.000000 | e:   0.837200 | Q: -344.426514 | won: False 
#  620 | steps:  6802 | steps_t:  1633 | t: 19.961043 | r:  -505.000000 | e:   0.836700 | Q: -323.416473 | won: False 
#  621 | steps:  6810 | steps_t:  1640 | t: 20.050704 | r:  -507.000000 | e:   0.836000 | Q: -321.549744 | won: False 
#  622 | steps:  6819 | steps_t:  1648 | t: 20.150001 | r:  -508.000000 | e:   0.835200 | Q:        nan | won: False 
#  623 | steps:  6841 | steps_t:  1669 | t: 20.404624 | r:  -521.000000 | e:   0.833100 | Q: -321.133392 | won: False 
#  624 | steps:  6848 | steps_t:  1675 | t: 20.478044 | r:  -506.000000 | e:   0.832500 | Q:        nan | won: False 
#  625 | steps:  6856 | steps_t:  1682 | t: 20.566061 | r:  -507.000000 | e:   0.831800 | Q: -307.471130 | won: False 
#  626 | steps:  6868 | steps_t:  1693 | t: 20.700827 | r:  -511.000000 | e:   0.830700 | Q: -313.321716 | won: False 
#  627 | steps:  6875 | steps_t:  1699 | t: 20.780765 | r:  -506.000000 | e:   0.830100 | Q: -306.145691 | won: False 
#  628 | steps:  6897 | steps_t:  1720 | t: 21.080233 | r:  -521.000000 | e:   0.828000 | Q: -303.307831 | won: False 
#  629 | steps:  6903 | steps_t:  1725 | t: 21.155596 | r:  -505.000000 | e:   0.827500 | Q: -297.783508 | won: False 
#  630 | steps:  6911 | steps_t:  1732 | t: 21.259393 | r:  -507.000000 | e:   0.826800 | Q: -306.347687 | won: False 
#  631 | steps:  6923 | steps_t:  1743 | t: 21.424523 | r:  -511.000000 | e:   0.825700 | Q: -303.786194 | won: False 
#  632 | steps:  6936 | steps_t:  1755 | t: 21.597126 | r:  -512.000000 | e:   0.824500 | Q: -312.818115 | won: False 
#  633 | steps:  6943 | steps_t:  1761 | t: 21.684843 | r:  -506.000000 | e:   0.823900 | Q:        nan | won: False 
#  634 | steps:  6966 | steps_t:  1783 | t: 22.005784 | r:  -522.000000 | e:   0.821700 | Q: -280.154755 | won: False 
#  635 | steps:  6974 | steps_t:  1790 | t: 22.104784 | r:  -507.000000 | e:   0.821000 | Q:        nan | won: False 
#  636 | steps:  6988 | steps_t:  1803 | t: 22.293820 | r:  -513.000000 | e:   0.819700 | Q: -266.703339 | won: False 
#  637 | steps:  7000 | steps_t:  1814 | t: 22.454702 | r:  -511.000000 | e:   0.818600 | Q: -293.741455 | won: False 
#  638 | steps:  7005 | steps_t:  1818 | t: 22.513057 | r:  -504.000000 | e:   0.818200 | Q:        nan | won: False 
#  639 | steps:  7016 | steps_t:  1828 | t: 22.659049 | r:  -510.000000 | e:   0.817200 | Q: -285.954346 | won: False 
#  640 | steps:  7038 | steps_t:  1849 | t: 22.959020 | r:  -521.000000 | e:   0.815100 | Q: -312.358307 | won: False 
#  641 | steps:  7065 | steps_t:  1875 | t: 23.330026 | r:  -515.000000 | e:   0.812500 | Q: -319.825958 | won: False 
#  642 | steps:  7076 | steps_t:  1885 | t: 23.476265 | r:  -510.000000 | e:   0.811500 | Q: -353.369537 | won: False 
#  643 | steps:  7094 | steps_t:  1902 | t: 23.731811 | r:  -506.000000 | e:   0.809800 | Q: -322.147156 | won: False 
#  644 | steps:  7108 | steps_t:  1915 | t: 23.925746 | r:  -502.000000 | e:   0.808500 | Q: -339.039490 | won: False 
#  645 | steps:  7114 | steps_t:  1920 | t: 23.999820 | r:  -505.000000 | e:   0.808000 | Q:        nan | won: False 
#  646 | steps:  7125 | steps_t:  1930 | t: 24.148296 | r:  -510.000000 | e:   0.807000 | Q:        nan | won: False 
#  647 | steps:  7134 | steps_t:  1938 | t: 24.268102 | r:  -508.000000 | e:   0.806200 | Q: -305.782562 | won: False 
#  648 | steps:  7143 | steps_t:  1946 | t: 24.389080 | r:  -508.000000 | e:   0.805400 | Q:        nan | won: False 
#  649 | steps:  7151 | steps_t:  1953 | t: 24.499962 | r:  -507.000000 | e:   0.804700 | Q: -298.685913 | won: False 
#  650 | steps:  7163 | steps_t:  1964 | t: 24.628618 | r:  -511.000000 | e:   0.803600 | Q: -297.023376 | won: False 
#  651 | steps:  7176 | steps_t:  1976 | t: 24.755040 | r:  -512.000000 | e:   0.802400 | Q: -336.302551 | won: False 
#  652 | steps:  7187 | steps_t:  1986 | t: 24.857493 | r:  -510.000000 | e:   0.801400 | Q: -352.885681 | won: False 
#  653 | steps:  7195 | steps_t:  1993 | t: 24.933690 | r:  -507.000000 | e:   0.800700 | Q: -353.405853 | won: False 
#  654 | steps:  7209 | steps_t:  2006 | t: 25.069108 | r:  -513.000000 | e:   0.799400 | Q: -316.218689 | won: False 
#  655 | steps:  7217 | steps_t:  2013 | t: 25.142352 | r:  -507.000000 | e:   0.798700 | Q: -299.394012 | won: False 
#  656 | steps:  7227 | steps_t:  2022 | t: 25.232100 | r:  -509.000000 | e:   0.797800 | Q: -301.224396 | won: False 
#  657 | steps:  7238 | steps_t:  2032 | t: 25.331046 | r:  -510.000000 | e:   0.796800 | Q: -335.068878 | won: False 
#  658 | steps:  7247 | steps_t:  2040 | t: 25.410781 | r:  -508.000000 | e:   0.796000 | Q: -401.282074 | won: False 
#  659 | steps:  7260 | steps_t:  2052 | t: 25.534273 | r:  -512.000000 | e:   0.794800 | Q: -322.291351 | won: False 
#  660 | steps:  7300 | steps_t:  2091 | t: 25.944425 | r:  -528.000000 | e:   0.790900 | Q: -291.433319 | won: False 
#  661 | steps:  7341 | steps_t:  2131 | t: 26.423463 | r:  -540.000000 | e:   0.786900 | Q: -312.423584 | won: False 
#  662 | steps:  7364 | steps_t:  2153 | t: 26.692317 | r:  -522.000000 | e:   0.784700 | Q: -324.816559 | won: False 
#  663 | steps:  7374 | steps_t:  2162 | t: 26.801022 | r:  -509.000000 | e:   0.783800 | Q: -372.909424 | won: False 
#  664 | steps:  7384 | steps_t:  2171 | t: 26.910663 | r:  -509.000000 | e:   0.782900 | Q: -363.560028 | won: False 
#  665 | steps:  7393 | steps_t:  2179 | t: 27.010564 | r:  -508.000000 | e:   0.782100 | Q: -316.064758 | won: False 
#  666 | steps:  7399 | steps_t:  2184 | t: 27.071977 | r:  -505.000000 | e:   0.781600 | Q:        nan | won: False 
#  667 | steps:  7407 | steps_t:  2191 | t: 27.162155 | r:  -507.000000 | e:   0.780900 | Q: -308.906830 | won: False 
#  668 | steps:  7421 | steps_t:  2204 | t: 27.332217 | r:  -513.000000 | e:   0.779600 | Q: -327.530670 | won: False 
#  669 | steps:  7428 | steps_t:  2210 | t: 27.410007 | r:  -506.000000 | e:   0.779000 | Q: -353.858978 | won: False 
#  670 | steps:  7443 | steps_t:  2224 | t: 27.587739 | r:  -514.000000 | e:   0.777600 | Q: -298.570587 | won: False 
#  671 | steps:  7463 | steps_t:  2243 | t: 27.833043 | r:  -519.000000 | e:   0.775700 | Q: -317.235840 | won: False 
#  672 | steps:  7481 | steps_t:  2260 | t: 28.053947 | r:  -506.000000 | e:   0.774000 | Q: -398.037323 | won: False 
#  673 | steps:  7495 | steps_t:  2273 | t: 28.221977 | r:  -513.000000 | e:   0.772700 | Q: -310.120819 | won: False 
#  674 | steps:  7509 | steps_t:  2286 | t: 28.400755 | r:  -513.000000 | e:   0.771400 | Q: -304.257599 | won: False 
#  675 | steps:  7514 | steps_t:  2290 | t: 28.452500 | r:  -504.000000 | e:   0.771000 | Q:        nan | won: False 
#  676 | steps:  7537 | steps_t:  2312 | t: 28.733521 | r:  -522.000000 | e:   0.768800 | Q: -317.714355 | won: False 
#  677 | steps:  7547 | steps_t:  2321 | t: 28.851620 | r:  -509.000000 | e:   0.767900 | Q: -383.841644 | won: False 
#  678 | steps:  7569 | steps_t:  2342 | t: 29.121109 | r:  -521.000000 | e:   0.765800 | Q: -278.868408 | won: False 
#  679 | steps:  7576 | steps_t:  2348 | t: 29.203883 | r:  -506.000000 | e:   0.765200 | Q: -295.282135 | won: False 
#  680 | steps:  7621 | steps_t:  2392 | t: 29.756986 | r:  -544.000000 | e:   0.760800 | Q: -285.387360 | won: False 
#  681 | steps:  7631 | steps_t:  2401 | t: 29.871681 | r:  -509.000000 | e:   0.759900 | Q: -421.843689 | won: False 
#  682 | steps:  7636 | steps_t:  2405 | t: 29.925570 | r:  -504.000000 | e:   0.759500 | Q: -316.508514 | won: False 
#  683 | steps:  7644 | steps_t:  2412 | t: 30.013925 | r:  -507.000000 | e:   0.758800 | Q:        nan | won: False 
#  684 | steps:  7652 | steps_t:  2419 | t: 30.107193 | r:  -507.000000 | e:   0.758100 | Q: -318.254242 | won: False 
#  685 | steps:  7664 | steps_t:  2430 | t: 30.250990 | r:  -511.000000 | e:   0.757000 | Q: -360.690735 | won: False 
#  686 | steps:  7671 | steps_t:  2436 | t: 30.331771 | r:  -506.000000 | e:   0.756400 | Q: -294.388214 | won: False 
#  687 | steps:  7684 | steps_t:  2448 | t: 30.488835 | r:  -512.000000 | e:   0.755200 | Q: -293.790314 | won: False 
#  688 | steps:  7694 | steps_t:  2457 | t: 30.602284 | r:  -509.000000 | e:   0.754300 | Q: -465.041870 | won: False 
#  689 | steps:  7713 | steps_t:  2475 | t: 30.838250 | r:  -518.000000 | e:   0.752500 | Q: -313.867920 | won: False 
#  690 | steps:  7720 | steps_t:  2481 | t: 30.915731 | r:  -506.000000 | e:   0.751900 | Q:        nan | won: False 
#  691 | steps:  7731 | steps_t:  2491 | t: 31.056499 | r:  -510.000000 | e:   0.750900 | Q: -287.795532 | won: False 
#  692 | steps:  7741 | steps_t:  2500 | t: 31.172727 | r:  -509.000000 | e:   0.750000 | Q: -378.260254 | won: False 
#  693 | steps:  7748 | steps_t:  2506 | t: 31.250846 | r:  -506.000000 | e:   0.749400 | Q: -319.361786 | won: False 
#  694 | steps:  7758 | steps_t:  2515 | t: 31.366651 | r:  -509.000000 | e:   0.748500 | Q: -370.004120 | won: False 
#  695 | steps:  7765 | steps_t:  2521 | t: 31.443698 | r:  -506.000000 | e:   0.747900 | Q: -319.640747 | won: False 
#  696 | steps:  7772 | steps_t:  2527 | t: 31.522794 | r:  -506.000000 | e:   0.747300 | Q: -325.398804 | won: False 
#  697 | steps:  7782 | steps_t:  2536 | t: 31.637575 | r:  -509.000000 | e:   0.746400 | Q: -433.395416 | won: False 
#  698 | steps:  7791 | steps_t:  2544 | t: 31.739251 | r:  -508.000000 | e:   0.745600 | Q:        nan | won: False 
#  699 | steps:  7803 | steps_t:  2555 | t: 31.884486 | r:  -511.000000 | e:   0.744500 | Q: -301.345093 | won: False 
#  700 | steps:  7811 | steps_t:  2562 | t: 31.974821 | r:  -507.000000 | e:   0.743800 | Q: -347.149658 | won: False 
#  701 | steps:  7820 | steps_t:  2570 | t: 32.079083 | r:  -508.000000 | e:   0.743000 | Q: -277.087494 | won: False 
#  702 | steps:  7836 | steps_t:  2585 | t: 32.272081 | r:  -504.000000 | e:   0.741500 | Q: -278.490387 | won: False 
#  703 | steps:  7841 | steps_t:  2589 | t: 32.325823 | r:  -504.000000 | e:   0.741100 | Q: -294.655060 | won: False 
#  704 | steps:  7863 | steps_t:  2610 | t: 32.612380 | r:  -521.000000 | e:   0.739000 | Q: -343.334198 | won: False 
#  705 | steps:  7895 | steps_t:  2641 | t: 32.948948 | r:  -520.000000 | e:   0.735900 | Q: -310.371704 | won: False 
#  706 | steps:  7919 | steps_t:  2664 | t: 33.244156 | r:  -523.000000 | e:   0.733600 | Q: -301.325928 | won: False 
#  707 | steps:  7927 | steps_t:  2671 | t: 33.338608 | r:  -507.000000 | e:   0.732900 | Q:        nan | won: False 
#  708 | steps:  7941 | steps_t:  2684 | t: 33.537380 | r:  -513.000000 | e:   0.731600 | Q: -301.824982 | won: False 
#  709 | steps:  7949 | steps_t:  2691 | t: 33.630261 | r:  -507.000000 | e:   0.730900 | Q: -291.047852 | won: False 
#  710 | steps:  7959 | steps_t:  2700 | t: 33.747031 | r:  -509.000000 | e:   0.730000 | Q: -299.353668 | won: False 
#  711 | steps:  7969 | steps_t:  2709 | t: 33.867229 | r:  -509.000000 | e:   0.729100 | Q: -470.585693 | won: False 
#  712 | steps:  7974 | steps_t:  2713 | t: 33.923075 | r:  -504.000000 | e:   0.728700 | Q:        nan | won: False 
#  713 | steps:  7995 | steps_t:  2733 | t: 34.215918 | r:  -520.000000 | e:   0.726700 | Q: -296.435608 | won: False 
#  714 | steps:  8006 | steps_t:  2743 | t: 34.352846 | r:  -510.000000 | e:   0.725700 | Q: -349.070801 | won: False 
#  715 | steps:  8014 | steps_t:  2750 | t: 34.445907 | r:  -507.000000 | e:   0.725000 | Q:        nan | won: False 
#  716 | steps:  8020 | steps_t:  2755 | t: 34.515208 | r:  -505.000000 | e:   0.724500 | Q: -443.227692 | won: False 
#  717 | steps:  8026 | steps_t:  2760 | t: 34.591171 | r:  -505.000000 | e:   0.724000 | Q: -380.611084 | won: False 
#  718 | steps:  8032 | steps_t:  2765 | t: 34.665526 | r:  -505.000000 | e:   0.723500 | Q: -377.575500 | won: False 
#  719 | steps:  8042 | steps_t:  2774 | t: 34.791429 | r:  -509.000000 | e:   0.722600 | Q: -431.544189 | won: False 
#  720 | steps:  8064 | steps_t:  2795 | t: 35.090184 | r:  -510.000000 | e:   0.720500 | Q: -298.498444 | won: False 
#  721 | steps:  8101 | steps_t:  2831 | t: 35.594039 | r:  -525.000000 | e:   0.716900 | Q: -293.682251 | won: False 
#  722 | steps:  8111 | steps_t:  2840 | t: 35.725617 | r:  -509.000000 | e:   0.716000 | Q: -306.861420 | won: False 
#  723 | steps:  8119 | steps_t:  2847 | t: 35.826347 | r:  -507.000000 | e:   0.715300 | Q: -300.957825 | won: False 
#  724 | steps:  8129 | steps_t:  2856 | t: 35.955616 | r:  -509.000000 | e:   0.714400 | Q: -397.032196 | won: False 
#  725 | steps:  8145 | steps_t:  2871 | t: 36.167848 | r:  -515.000000 | e:   0.712900 | Q: -285.693146 | won: False 
#  726 | steps:  8164 | steps_t:  2889 | t: 36.425907 | r:  -507.000000 | e:   0.711100 | Q: -309.323425 | won: False 
#  727 | steps:  8179 | steps_t:  2903 | t: 36.622440 | r:  -503.000000 | e:   0.709700 | Q: -283.950958 | won: False 
#  728 | steps:  8193 | steps_t:  2916 | t: 36.812516 | r:  -513.000000 | e:   0.708400 | Q: -304.267151 | won: False 
#  729 | steps:  8201 | steps_t:  2923 | t: 36.915441 | r:  -507.000000 | e:   0.707700 | Q: -313.291656 | won: False 
#  730 | steps:  8219 | steps_t:  2940 | t: 37.162379 | r:  -517.000000 | e:   0.706000 | Q: -367.179565 | won: False 
#  731 | steps:  8227 | steps_t:  2947 | t: 37.264512 | r:  -507.000000 | e:   0.705300 | Q: -275.972076 | won: False 
#  732 | steps:  8236 | steps_t:  2955 | t: 37.376862 | r:  -508.000000 | e:   0.704500 | Q: -420.575470 | won: False 
#  733 | steps:  8253 | steps_t:  2971 | t: 37.584494 | r:  -505.000000 | e:   0.702900 | Q: -264.140411 | won: False 
#  734 | steps:  8261 | steps_t:  2978 | t: 37.654986 | r:  -507.000000 | e:   0.702200 | Q: -327.697479 | won: False 
#  735 | steps:  8267 | steps_t:  2983 | t: 37.701884 | r:  -505.000000 | e:   0.701700 | Q: -366.273407 | won: False 
#  736 | steps:  8275 | steps_t:  2990 | t: 37.763717 | r:  -507.000000 | e:   0.701000 | Q:        nan | won: False 
#  737 | steps:  8280 | steps_t:  2994 | t: 37.801650 | r:  -504.000000 | e:   0.700600 | Q: -333.384979 | won: False 
#  738 | steps:  8289 | steps_t:  3002 | t: 37.878536 | r:  -508.000000 | e:   0.699800 | Q: -303.980927 | won: False 
#  739 | steps:  8297 | steps_t:  3009 | t: 37.947353 | r:  -507.000000 | e:   0.699100 | Q: -436.101349 | won: False 
#  740 | steps:  8320 | steps_t:  3031 | t: 38.169289 | r:  -522.000000 | e:   0.696900 | Q: -274.859131 | won: False 
#  741 | steps:  8341 | steps_t:  3051 | t: 38.380383 | r:  -520.000000 | e:   0.694900 | Q: -276.312469 | won: False 
#  742 | steps:  8352 | steps_t:  3061 | t: 38.480906 | r:  -510.000000 | e:   0.693900 | Q:        nan | won: False 
#  743 | steps:  8362 | steps_t:  3070 | t: 38.574656 | r:  -509.000000 | e:   0.693000 | Q:        nan | won: False 
#  744 | steps:  8370 | steps_t:  3077 | t: 38.649454 | r:  -507.000000 | e:   0.692300 | Q: -277.657867 | won: False 
#  745 | steps:  8388 | steps_t:  3094 | t: 38.835239 | r:  -506.000000 | e:   0.690600 | Q: -266.189972 | won: False 
#  746 | steps:  8397 | steps_t:  3102 | t: 38.942392 | r:  -508.000000 | e:   0.689800 | Q: -254.264038 | won: False 
#  747 | steps:  8414 | steps_t:  3118 | t: 39.144352 | r:  -516.000000 | e:   0.688200 | Q: -296.894318 | won: False 
#  748 | steps:  8436 | steps_t:  3139 | t: 39.412245 | r:  -521.000000 | e:   0.686100 | Q: -285.084747 | won: False 
#  749 | steps:  8482 | steps_t:  3184 | t: 39.964973 | r:  -534.000000 | e:   0.681600 | Q: -248.244293 | won: False 
#  750 | steps:  8492 | steps_t:  3193 | t: 40.078761 | r:  -509.000000 | e:   0.680700 | Q: -278.771729 | won: False 
#  751 | steps:  8501 | steps_t:  3201 | t: 40.181608 | r:  -508.000000 | e:   0.679900 | Q: -259.377686 | won: False 
#  752 | steps:  8514 | steps_t:  3213 | t: 40.335876 | r:  -512.000000 | e:   0.678700 | Q: -281.729980 | won: False 
#  753 | steps:  8523 | steps_t:  3221 | t: 40.438350 | r:  -508.000000 | e:   0.677900 | Q: -279.256195 | won: False 
#  754 | steps:  8530 | steps_t:  3227 | t: 40.516657 | r:  -506.000000 | e:   0.677300 | Q: -426.221893 | won: False 
#  755 | steps:  8544 | steps_t:  3240 | t: 40.681584 | r:  -513.000000 | e:   0.676000 | Q: -393.988037 | won: False 
#  756 | steps:  8555 | steps_t:  3250 | t: 40.812234 | r:  -510.000000 | e:   0.675000 | Q: -278.174683 | won: False 
#  757 | steps:  8561 | steps_t:  3255 | t: 40.883439 | r:  -505.000000 | e:   0.674500 | Q: -260.645874 | won: False 
#  758 | steps:  8573 | steps_t:  3266 | t: 41.033556 | r:  -511.000000 | e:   0.673400 | Q: -354.521759 | won: False 
