#    1 | steps:     8 | steps_t:     0 | t: 0.022884 | r:  -507.000000 | e:   1.000000 | Q:        nan | won: False 
#    2 | steps:    16 | steps_t:     0 | t: 0.026838 | r:  -507.000000 | e:   1.000000 | Q:        nan | won: False 
#    3 | steps:    36 | steps_t:     0 | t: 0.035870 | r:  -519.000000 | e:   1.000000 | Q:        nan | won: False 
#    4 | steps:    42 | steps_t:     0 | t: 0.038809 | r:  -505.000000 | e:   1.000000 | Q:        nan | won: False 
#    5 | steps:    51 | steps_t:     0 | t: 0.042796 | r:  -508.000000 | e:   1.000000 | Q:        nan | won: False 
#    6 | steps:    72 | steps_t:     0 | t: 0.053025 | r:  -520.000000 | e:   1.000000 | Q:        nan | won: False 
#    7 | steps:    84 | steps_t:     0 | t: 0.060361 | r:  -511.000000 | e:   1.000000 | Q:        nan | won: False 
#    8 | steps:    96 | steps_t:     0 | t: 0.067342 | r:  -511.000000 | e:   1.000000 | Q:        nan | won: False 
#    9 | steps:   103 | steps_t:     0 | t: 0.071419 | r:  -506.000000 | e:   1.000000 | Q:        nan | won: False 
#   10 | steps:   111 | steps_t:     0 | t: 0.075321 | r:  -507.000000 | e:   1.000000 | Q:        nan | won: False 
#   11 | steps:   127 | steps_t:     0 | t: 0.082354 | r:  -515.000000 | e:   1.000000 | Q:        nan | won: False 
#   12 | steps:   135 | steps_t:     0 | t: 0.086292 | r:  -507.000000 | e:   1.000000 | Q:        nan | won: False 
#   13 | steps:   145 | steps_t:     0 | t: 0.091278 | r:  -509.000000 | e:   1.000000 | Q:        nan | won: False 
#   14 | steps:   165 | steps_t:     0 | t: 0.101252 | r:  -508.000000 | e:   1.000000 | Q:        nan | won: False 
#   15 | steps:   183 | steps_t:     0 | t: 0.113273 | r:  -517.000000 | e:   1.000000 | Q:        nan | won: False 
#   16 | steps:   191 | steps_t:     0 | t: 0.120202 | r:  -507.000000 | e:   1.000000 | Q:        nan | won: False 
#   17 | steps:   205 | steps_t:     0 | t: 0.129177 | r:  -513.000000 | e:   1.000000 | Q:        nan | won: False 
#   18 | steps:   211 | steps_t:     0 | t: 0.132257 | r:  -505.000000 | e:   1.000000 | Q:        nan | won: False 
#   19 | steps:   220 | steps_t:     0 | t: 0.137423 | r:  -508.000000 | e:   1.000000 | Q:        nan | won: False 
#   20 | steps:   230 | steps_t:     0 | t: 0.146132 | r:  -509.000000 | e:   1.000000 | Q:        nan | won: False 
#   21 | steps:   240 | steps_t:     0 | t: 0.154142 | r:  -509.000000 | e:   1.000000 | Q:        nan | won: False 
#   22 | steps:   248 | steps_t:     0 | t: 0.158137 | r:  -507.000000 | e:   1.000000 | Q:        nan | won: False 
#   23 | steps:   260 | steps_t:     0 | t: 0.170645 | r:  -511.000000 | e:   1.000000 | Q:        nan | won: False 
#   24 | steps:   268 | steps_t:     0 | t: 0.176630 | r:  -507.000000 | e:   1.000000 | Q:        nan | won: False 
#   25 | steps:   278 | steps_t:     0 | t: 0.181707 | r:  -509.000000 | e:   1.000000 | Q:        nan | won: False 
#   26 | steps:   293 | steps_t:     0 | t: 0.190591 | r:  -503.000000 | e:   1.000000 | Q:        nan | won: False 
#   27 | steps:   304 | steps_t:     0 | t: 0.196575 | r:  -510.000000 | e:   1.000000 | Q:        nan | won: False 
#   28 | steps:   314 | steps_t:     0 | t: 0.206549 | r:  -509.000000 | e:   1.000000 | Q:        nan | won: False 
#   29 | steps:   330 | steps_t:     0 | t: 0.216786 | r:  -515.000000 | e:   1.000000 | Q:        nan | won: False 
#   30 | steps:   338 | steps_t:     0 | t: 0.221512 | r:  -507.000000 | e:   1.000000 | Q:        nan | won: False 
#   31 | steps:   347 | steps_t:     0 | t: 0.230488 | r:  -508.000000 | e:   1.000000 | Q:        nan | won: False 
#   32 | steps:   366 | steps_t:     0 | t: 0.241540 | r:  -507.000000 | e:   1.000000 | Q:        nan | won: False 
#   33 | steps:   377 | steps_t:     0 | t: 0.249434 | r:  -510.000000 | e:   1.000000 | Q:        nan | won: False 
#   34 | steps:   390 | steps_t:     0 | t: 0.257519 | r:  -512.000000 | e:   1.000000 | Q:        nan | won: False 
#   35 | steps:   398 | steps_t:     0 | t: 0.262992 | r:  -507.000000 | e:   1.000000 | Q:        nan | won: False 
#   36 | steps:   409 | steps_t:     0 | t: 0.269971 | r:  -510.000000 | e:   1.000000 | Q:        nan | won: False 
#   37 | steps:   418 | steps_t:     0 | t: 0.274959 | r:  -508.000000 | e:   1.000000 | Q:        nan | won: False 
#   38 | steps:   431 | steps_t:     0 | t: 0.281940 | r:  -512.000000 | e:   1.000000 | Q:        nan | won: False 
#   39 | steps:   439 | steps_t:     0 | t: 0.288054 | r:  -507.000000 | e:   1.000000 | Q:        nan | won: False 
#   40 | steps:   453 | steps_t:     0 | t: 0.301063 | r:  -513.000000 | e:   1.000000 | Q:        nan | won: False 
#   41 | steps:   472 | steps_t:     0 | t: 0.314879 | r:  -518.000000 | e:   1.000000 | Q:        nan | won: False 
#   42 | steps:   479 | steps_t:     0 | t: 0.319837 | r:  -506.000000 | e:   1.000000 | Q:        nan | won: False 
#   43 | steps:   487 | steps_t:     0 | t: 0.325820 | r:  -507.000000 | e:   1.000000 | Q:        nan | won: False 
#   44 | steps:   499 | steps_t:     0 | t: 0.333799 | r:  -511.000000 | e:   1.000000 | Q:        nan | won: False 
#   45 | steps:   516 | steps_t:     0 | t: 0.344771 | r:  -516.000000 | e:   1.000000 | Q:        nan | won: False 
#   46 | steps:   523 | steps_t:     0 | t: 0.349757 | r:  -506.000000 | e:   1.000000 | Q:        nan | won: False 
#   47 | steps:   532 | steps_t:     0 | t: 0.357736 | r:  -508.000000 | e:   1.000000 | Q:        nan | won: False 
#   48 | steps:   541 | steps_t:     0 | t: 0.364717 | r:  -508.000000 | e:   1.000000 | Q:        nan | won: False 
#   49 | steps:   557 | steps_t:     0 | t: 0.375689 | r:  -515.000000 | e:   1.000000 | Q:        nan | won: False 
#   50 | steps:   571 | steps_t:     0 | t: 0.385663 | r:  -513.000000 | e:   1.000000 | Q:        nan | won: False 
#   51 | steps:   580 | steps_t:     0 | t: 0.395669 | r:  -508.000000 | e:   1.000000 | Q:        nan | won: False 
#   52 | steps:   601 | steps_t:     0 | t: 0.408600 | r:  -520.000000 | e:   1.000000 | Q:        nan | won: False 
#   53 | steps:   611 | steps_t:     0 | t: 0.415581 | r:  -509.000000 | e:   1.000000 | Q:        nan | won: False 
#   54 | steps:   623 | steps_t:     0 | t: 0.424559 | r:  -511.000000 | e:   1.000000 | Q:        nan | won: False 
#   55 | steps:   641 | steps_t:     0 | t: 0.435528 | r:  -517.000000 | e:   1.000000 | Q:        nan | won: False 
#   56 | steps:   648 | steps_t:     0 | t: 0.440517 | r:  -506.000000 | e:   1.000000 | Q:        nan | won: False 
#   57 | steps:   666 | steps_t:     0 | t: 0.451485 | r:  -517.000000 | e:   1.000000 | Q:        nan | won: False 
#   58 | steps:   673 | steps_t:     0 | t: 0.456472 | r:  -506.000000 | e:   1.000000 | Q:        nan | won: False 
#   59 | steps:   685 | steps_t:     0 | t: 0.464033 | r:  -511.000000 | e:   1.000000 | Q:        nan | won: False 
#   60 | steps:   695 | steps_t:     0 | t: 0.472012 | r:  -509.000000 | e:   1.000000 | Q:        nan | won: False 
#   61 | steps:   705 | steps_t:     0 | t: 0.478996 | r:  -509.000000 | e:   1.000000 | Q:        nan | won: False 
#   62 | steps:   717 | steps_t:     0 | t: 0.487969 | r:  -511.000000 | e:   1.000000 | Q:        nan | won: False 
#   63 | steps:   731 | steps_t:     0 | t: 0.498101 | r:  -513.000000 | e:   1.000000 | Q:        nan | won: False 
#   64 | steps:   743 | steps_t:     0 | t: 0.506918 | r:  -511.000000 | e:   1.000000 | Q:        nan | won: False 
#   65 | steps:   750 | steps_t:     0 | t: 0.512902 | r:  -506.000000 | e:   1.000000 | Q:        nan | won: False 
#   66 | steps:   762 | steps_t:     0 | t: 0.520918 | r:  -511.000000 | e:   1.000000 | Q:        nan | won: False 
#   67 | steps:   770 | steps_t:     0 | t: 0.526901 | r:  -507.000000 | e:   1.000000 | Q:        nan | won: False 
#   68 | steps:   782 | steps_t:     0 | t: 0.535859 | r:  -511.000000 | e:   1.000000 | Q:        nan | won: False 
#   69 | steps:   802 | steps_t:     0 | t: 0.549862 | r:  -519.000000 | e:   1.000000 | Q:        nan | won: False 
#   70 | steps:   810 | steps_t:     0 | t: 0.555827 | r:  -507.000000 | e:   1.000000 | Q:        nan | won: False 
#   71 | steps:   818 | steps_t:     0 | t: 0.561398 | r:  -507.000000 | e:   1.000000 | Q:        nan | won: False 
#   72 | steps:   829 | steps_t:     0 | t: 0.569373 | r:  -510.000000 | e:   1.000000 | Q:        nan | won: False 
#   73 | steps:   842 | steps_t:     0 | t: 0.583339 | r:  -512.000000 | e:   1.000000 | Q:        nan | won: False 
#   74 | steps:   852 | steps_t:     0 | t: 0.591317 | r:  -509.000000 | e:   1.000000 | Q:        nan | won: False 
#   75 | steps:   868 | steps_t:     0 | t: 0.602321 | r:  -515.000000 | e:   1.000000 | Q:        nan | won: False 
#   76 | steps:   878 | steps_t:     0 | t: 0.610264 | r:  -509.000000 | e:   1.000000 | Q:        nan | won: False 
#   77 | steps:   895 | steps_t:     0 | t: 0.621886 | r:  -516.000000 | e:   1.000000 | Q:        nan | won: False 
#   78 | steps:   907 | steps_t:     0 | t: 0.631208 | r:  -511.000000 | e:   1.000000 | Q:        nan | won: False 
#   79 | steps:   914 | steps_t:     0 | t: 0.636214 | r:  -506.000000 | e:   1.000000 | Q:        nan | won: False 
#   80 | steps:   935 | steps_t:     0 | t: 0.651159 | r:  -520.000000 | e:   1.000000 | Q:        nan | won: False 
#   81 | steps:   945 | steps_t:     0 | t: 0.659136 | r:  -509.000000 | e:   1.000000 | Q:        nan | won: False 
#   82 | steps:   952 | steps_t:     0 | t: 0.664218 | r:  -506.000000 | e:   1.000000 | Q:        nan | won: False 
#   83 | steps:   959 | steps_t:     0 | t: 0.670201 | r:  -506.000000 | e:   1.000000 | Q:        nan | won: False 
#   84 | steps:   968 | steps_t:     0 | t: 0.678297 | r:  -508.000000 | e:   1.000000 | Q:        nan | won: False 
#   85 | steps:   980 | steps_t:     0 | t: 0.688151 | r:  -511.000000 | e:   1.000000 | Q:        nan | won: False 
#   86 | steps:   990 | steps_t:     0 | t: 0.703114 | r:  -509.000000 | e:   1.000000 | Q:        nan | won: False 
#   87 | steps:   996 | steps_t:     0 | t: 0.709151 | r:  -505.000000 | e:   1.000000 | Q:        nan | won: False 
#   88 | steps:  1002 | steps_t:     0 | t: 0.716076 | r:  -505.000000 | e:   1.000000 | Q:        nan | won: False 
#   89 | steps:  1009 | steps_t:     0 | t: 0.725122 | r:  -506.000000 | e:   1.000000 | Q:        nan | won: False 
#   90 | steps:  1019 | steps_t:     0 | t: 0.734028 | r:  -509.000000 | e:   1.000000 | Q:        nan | won: False 
#   91 | steps:  1029 | steps_t:     0 | t: 0.747996 | r:  -509.000000 | e:   1.000000 | Q:        nan | won: False 
#   92 | steps:  1043 | steps_t:     0 | t: 0.773795 | r:  -513.000000 | e:   1.000000 | Q:        nan | won: False 
#   93 | steps:  1056 | steps_t:     0 | t: 0.786518 | r:  -512.000000 | e:   1.000000 | Q:        nan | won: False 
#   94 | steps:  1066 | steps_t:     0 | t: 0.794495 | r:  -509.000000 | e:   1.000000 | Q:        nan | won: False 
#   95 | steps:  1082 | steps_t:     0 | t: 0.807593 | r:  -515.000000 | e:   1.000000 | Q:        nan | won: False 
#   96 | steps:  1094 | steps_t:     0 | t: 0.816441 | r:  -511.000000 | e:   1.000000 | Q:        nan | won: False 
#   97 | steps:  1100 | steps_t:     0 | t: 0.821427 | r:  -505.000000 | e:   1.000000 | Q:        nan | won: False 
#   98 | steps:  1113 | steps_t:     0 | t: 0.836384 | r:  -512.000000 | e:   1.000000 | Q:        nan | won: False 
#   99 | steps:  1123 | steps_t:     0 | t: 0.844380 | r:  -509.000000 | e:   1.000000 | Q:        nan | won: False 
#  100 | steps:  1143 | steps_t:     0 | t: 0.858325 | r:  -519.000000 | e:   1.000000 | Q:        nan | won: False 
#  101 | steps:  1152 | steps_t:     0 | t: 0.865391 | r:  -508.000000 | e:   1.000000 | Q:        nan | won: False 
#  102 | steps:  1161 | steps_t:     0 | t: 0.874286 | r:  -508.000000 | e:   1.000000 | Q:        nan | won: False 
#  103 | steps:  1171 | steps_t:     0 | t: 0.887251 | r:  -509.000000 | e:   1.000000 | Q:        nan | won: False 
#  104 | steps:  1182 | steps_t:     0 | t: 0.895228 | r:  -510.000000 | e:   1.000000 | Q:        nan | won: False 
#  105 | steps:  1187 | steps_t:     0 | t: 0.900214 | r:  -504.000000 | e:   1.000000 | Q:        nan | won: False 
#  106 | steps:  1197 | steps_t:     0 | t: 0.908193 | r:  -509.000000 | e:   1.000000 | Q:        nan | won: False 
#  107 | steps:  1210 | steps_t:     0 | t: 0.918205 | r:  -512.000000 | e:   1.000000 | Q:        nan | won: False 
#  108 | steps:  1229 | steps_t:     0 | t: 0.932132 | r:  -518.000000 | e:   1.000000 | Q:        nan | won: False 
#  109 | steps:  1240 | steps_t:     0 | t: 0.942208 | r:  -510.000000 | e:   1.000000 | Q:        nan | won: False 
#  110 | steps:  1262 | steps_t:     0 | t: 0.959056 | r:  -521.000000 | e:   1.000000 | Q:        nan | won: False 
#  111 | steps:  1277 | steps_t:     0 | t: 0.969582 | r:  -514.000000 | e:   1.000000 | Q:        nan | won: False 
#  112 | steps:  1297 | steps_t:     0 | t: 0.989532 | r:  -519.000000 | e:   1.000000 | Q:        nan | won: False 
#  113 | steps:  1307 | steps_t:     0 | t: 0.997576 | r:  -509.000000 | e:   1.000000 | Q:        nan | won: False 
#  114 | steps:  1317 | steps_t:     0 | t: 1.007599 | r:  -509.000000 | e:   1.000000 | Q:        nan | won: False 
#  115 | steps:  1323 | steps_t:     0 | t: 1.011654 | r:  -505.000000 | e:   1.000000 | Q:        nan | won: False 
#  116 | steps:  1334 | steps_t:     0 | t: 1.018606 | r:  -510.000000 | e:   1.000000 | Q:        nan | won: False 
#  117 | steps:  1342 | steps_t:     0 | t: 1.023561 | r:  -507.000000 | e:   1.000000 | Q:        nan | won: False 
#  118 | steps:  1350 | steps_t:     0 | t: 1.029422 | r:  -507.000000 | e:   1.000000 | Q:        nan | won: False 
#  119 | steps:  1362 | steps_t:     0 | t: 1.041454 | r:  -511.000000 | e:   1.000000 | Q:        nan | won: False 
#  120 | steps:  1386 | steps_t:     0 | t: 1.056351 | r:  -523.000000 | e:   1.000000 | Q:        nan | won: False 
#  121 | steps:  1411 | steps_t:     0 | t: 1.070314 | r:  -524.000000 | e:   1.000000 | Q:        nan | won: False 
#  122 | steps:  1425 | steps_t:     0 | t: 1.078291 | r:  -513.000000 | e:   1.000000 | Q:        nan | won: False 
#  123 | steps:  1432 | steps_t:     0 | t: 1.083277 | r:  -506.000000 | e:   1.000000 | Q:        nan | won: False 
#  124 | steps:  1440 | steps_t:     0 | t: 1.088332 | r:  -507.000000 | e:   1.000000 | Q:        nan | won: False 
#  125 | steps:  1452 | steps_t:     0 | t: 1.096145 | r:  -511.000000 | e:   1.000000 | Q:        nan | won: False 
#  126 | steps:  1466 | steps_t:     0 | t: 1.104224 | r:  -513.000000 | e:   1.000000 | Q:        nan | won: False 
#  127 | steps:  1475 | steps_t:     0 | t: 1.110306 | r:  -508.000000 | e:   1.000000 | Q:        nan | won: False 
#  128 | steps:  1483 | steps_t:     0 | t: 1.119182 | r:  -507.000000 | e:   1.000000 | Q:        nan | won: False 
#  129 | steps:  1502 | steps_t:     0 | t: 1.130152 | r:  -518.000000 | e:   1.000000 | Q:        nan | won: False 
#  130 | steps:  1521 | steps_t:     0 | t: 1.148177 | r:  -518.000000 | e:   1.000000 | Q:        nan | won: False 
#  131 | steps:  1528 | steps_t:     0 | t: 1.153126 | r:  -506.000000 | e:   1.000000 | Q:        nan | won: False 
#  132 | steps:  1542 | steps_t:     0 | t: 1.162070 | r:  -513.000000 | e:   1.000000 | Q:        nan | won: False 
#  133 | steps:  1557 | steps_t:     0 | t: 1.171500 | r:  -514.000000 | e:   1.000000 | Q:        nan | won: False 
#  134 | steps:  1566 | steps_t:     0 | t: 1.177409 | r:  -508.000000 | e:   1.000000 | Q:        nan | won: False 
#  135 | steps:  1577 | steps_t:     0 | t: 1.184390 | r:  -510.000000 | e:   1.000000 | Q:        nan | won: False 
#  136 | steps:  1582 | steps_t:     0 | t: 1.187382 | r:  -504.000000 | e:   1.000000 | Q:        nan | won: False 
#  137 | steps:  1602 | steps_t:     0 | t: 1.199350 | r:  -519.000000 | e:   1.000000 | Q:        nan | won: False 
#  138 | steps:  1610 | steps_t:     0 | t: 1.205334 | r:  -507.000000 | e:   1.000000 | Q:        nan | won: False 
#  139 | steps:  1628 | steps_t:     0 | t: 1.218378 | r:  -517.000000 | e:   1.000000 | Q:        nan | won: False 
#  140 | steps:  1636 | steps_t:     0 | t: 1.225642 | r:  -507.000000 | e:   1.000000 | Q:        nan | won: False 
#  141 | steps:  1646 | steps_t:     0 | t: 1.235254 | r:  -509.000000 | e:   1.000000 | Q:        nan | won: False 
#  142 | steps:  1654 | steps_t:     0 | t: 1.245408 | r:  -507.000000 | e:   1.000000 | Q:        nan | won: False 
#  143 | steps:  1678 | steps_t:     0 | t: 1.269649 | r:  -523.000000 | e:   1.000000 | Q:        nan | won: False 
#  144 | steps:  1685 | steps_t:     0 | t: 1.276629 | r:  -506.000000 | e:   1.000000 | Q:        nan | won: False 
#  145 | steps:  1693 | steps_t:     0 | t: 1.286603 | r:  -507.000000 | e:   1.000000 | Q:        nan | won: False 
#  146 | steps:  1703 | steps_t:     0 | t: 1.296577 | r:  -509.000000 | e:   1.000000 | Q:        nan | won: False 
#  147 | steps:  1719 | steps_t:     0 | t: 1.311536 | r:  -515.000000 | e:   1.000000 | Q:        nan | won: False 
#  148 | steps:  1730 | steps_t:     0 | t: 1.321610 | r:  -510.000000 | e:   1.000000 | Q:        nan | won: False 
#  149 | steps:  1738 | steps_t:     0 | t: 1.331483 | r:  -507.000000 | e:   1.000000 | Q:        nan | won: False 
#  150 | steps:  1756 | steps_t:     0 | t: 1.341456 | r:  -517.000000 | e:   1.000000 | Q:        nan | won: False 
#  151 | steps:  1778 | steps_t:     0 | t: 1.354422 | r:  -521.000000 | e:   1.000000 | Q:        nan | won: False 
#  152 | steps:  1785 | steps_t:     0 | t: 1.358531 | r:  -506.000000 | e:   1.000000 | Q:        nan | won: False 
#  153 | steps:  1803 | steps_t:     0 | t: 1.369468 | r:  -517.000000 | e:   1.000000 | Q:        nan | won: False 
#  154 | steps:  1826 | steps_t:     0 | t: 1.392408 | r:  -522.000000 | e:   1.000000 | Q:        nan | won: False 
#  155 | steps:  1834 | steps_t:     0 | t: 1.400421 | r:  -507.000000 | e:   1.000000 | Q:        nan | won: False 
#  156 | steps:  1841 | steps_t:     0 | t: 1.405375 | r:  -506.000000 | e:   1.000000 | Q:        nan | won: False 
#  157 | steps:  1847 | steps_t:     0 | t: 1.412392 | r:  -505.000000 | e:   1.000000 | Q:        nan | won: False 
#  158 | steps:  1861 | steps_t:     0 | t: 1.429345 | r:  -513.000000 | e:   1.000000 | Q:        nan | won: False 
#  159 | steps:  1872 | steps_t:     0 | t: 1.437287 | r:  -510.000000 | e:   1.000000 | Q:        nan | won: False 
#  160 | steps:  1884 | steps_t:     0 | t: 1.446263 | r:  -511.000000 | e:   1.000000 | Q:        nan | won: False 
#  161 | steps:  1899 | steps_t:     0 | t: 1.455240 | r:  -514.000000 | e:   1.000000 | Q:        nan | won: False 
#  162 | steps:  1904 | steps_t:     0 | t: 1.458232 | r:  -504.000000 | e:   1.000000 | Q:        nan | won: False 
#  163 | steps:  1918 | steps_t:     0 | t: 1.466245 | r:  -513.000000 | e:   1.000000 | Q:        nan | won: False 
#  164 | steps:  1926 | steps_t:     0 | t: 1.474191 | r:  -507.000000 | e:   1.000000 | Q:        nan | won: False 
#  165 | steps:  1931 | steps_t:     0 | t: 1.477183 | r:  -504.000000 | e:   1.000000 | Q:        nan | won: False 
#  166 | steps:  1940 | steps_t:     0 | t: 1.483168 | r:  -508.000000 | e:   1.000000 | Q:        nan | won: False 
#  167 | steps:  1948 | steps_t:     0 | t: 1.488154 | r:  -507.000000 | e:   1.000000 | Q:        nan | won: False 
#  168 | steps:  1954 | steps_t:     0 | t: 1.491145 | r:  -505.000000 | e:   1.000000 | Q:        nan | won: False 
#  169 | steps:  1968 | steps_t:     0 | t: 1.500119 | r:  -513.000000 | e:   1.000000 | Q:        nan | won: False 
#  170 | steps:  1977 | steps_t:     0 | t: 1.506106 | r:  -508.000000 | e:   1.000000 | Q:        nan | won: False 
#  171 | steps:  1992 | steps_t:     0 | t: 1.515082 | r:  -503.000000 | e:   1.000000 | Q:        nan | won: False 
#  172 | steps:  2005 | steps_t:     0 | t: 1.523077 | r:  -512.000000 | e:   1.000000 | Q:        nan | won: False 
#  173 | steps:  2017 | steps_t:     0 | t: 1.530073 | r:  -511.000000 | e:   1.000000 | Q:        nan | won: False 
#  174 | steps:  2036 | steps_t:     0 | t: 1.542008 | r:  -518.000000 | e:   1.000000 | Q:        nan | won: False 
#  175 | steps:  2044 | steps_t:     0 | t: 1.547030 | r:  -507.000000 | e:   1.000000 | Q:        nan | won: False 
#  176 | steps:  2051 | steps_t:     0 | t: 1.552015 | r:  -506.000000 | e:   1.000000 | Q:        nan | won: False 
#  177 | steps:  2072 | steps_t:     0 | t: 1.563599 | r:  -520.000000 | e:   1.000000 | Q:        nan | won: False 
#  178 | steps:  2081 | steps_t:     0 | t: 1.569585 | r:  -508.000000 | e:   1.000000 | Q:        nan | won: False 
#  179 | steps:  2133 | steps_t:     0 | t: 1.602499 | r:  -540.000000 | e:   1.000000 | Q:        nan | won: False 
#  180 | steps:  2155 | steps_t:     0 | t: 1.617605 | r:  -521.000000 | e:   1.000000 | Q:        nan | won: False 
#  181 | steps:  2168 | steps_t:     0 | t: 1.626437 | r:  -512.000000 | e:   1.000000 | Q:        nan | won: False 
#  182 | steps:  2180 | steps_t:     0 | t: 1.634412 | r:  -511.000000 | e:   1.000000 | Q:        nan | won: False 
#  183 | steps:  2186 | steps_t:     0 | t: 1.638465 | r:  -505.000000 | e:   1.000000 | Q:        nan | won: False 
#  184 | steps:  2194 | steps_t:     0 | t: 1.644385 | r:  -507.000000 | e:   1.000000 | Q:        nan | won: False 
#  185 | steps:  2204 | steps_t:     0 | t: 1.650427 | r:  -509.000000 | e:   1.000000 | Q:        nan | won: False 
#  186 | steps:  2213 | steps_t:     0 | t: 1.656617 | r:  -508.000000 | e:   1.000000 | Q:        nan | won: False 
#  187 | steps:  2221 | steps_t:     0 | t: 1.663335 | r:  -507.000000 | e:   1.000000 | Q:        nan | won: False 
#  188 | steps:  2228 | steps_t:     0 | t: 1.676381 | r:  -506.000000 | e:   1.000000 | Q:        nan | won: False 
#  189 | steps:  2238 | steps_t:     0 | t: 1.681365 | r:  -509.000000 | e:   1.000000 | Q:        nan | won: False 
#  190 | steps:  2248 | steps_t:     0 | t: 1.687349 | r:  -509.000000 | e:   1.000000 | Q:        nan | won: False 
#  191 | steps:  2267 | steps_t:     0 | t: 1.704306 | r:  -518.000000 | e:   1.000000 | Q:        nan | won: False 
#  192 | steps:  2285 | steps_t:     0 | t: 1.721395 | r:  -517.000000 | e:   1.000000 | Q:        nan | won: False 
#  193 | steps:  2291 | steps_t:     0 | t: 1.730235 | r:  -505.000000 | e:   1.000000 | Q:        nan | won: False 
#  194 | steps:  2300 | steps_t:     0 | t: 1.739212 | r:  -508.000000 | e:   1.000000 | Q:        nan | won: False 
#  195 | steps:  2306 | steps_t:     0 | t: 1.744198 | r:  -505.000000 | e:   1.000000 | Q:        nan | won: False 
#  196 | steps:  2318 | steps_t:     0 | t: 1.751364 | r:  -511.000000 | e:   1.000000 | Q:        nan | won: False 
#  197 | steps:  2325 | steps_t:     0 | t: 1.755337 | r:  -506.000000 | e:   1.000000 | Q:        nan | won: False 
#  198 | steps:  2335 | steps_t:     0 | t: 1.762149 | r:  -509.000000 | e:   1.000000 | Q:        nan | won: False 
#  199 | steps:  2343 | steps_t:     0 | t: 1.767779 | r:  -507.000000 | e:   1.000000 | Q:        nan | won: False 
#  200 | steps:  2358 | steps_t:     0 | t: 1.777680 | r:  -514.000000 | e:   1.000000 | Q:        nan | won: False 
#  201 | steps:  2374 | steps_t:     0 | t: 1.787651 | r:  -515.000000 | e:   1.000000 | Q:        nan | won: False 
#  202 | steps:  2387 | steps_t:     0 | t: 1.803609 | r:  -512.000000 | e:   1.000000 | Q:        nan | won: False 
#  203 | steps:  2396 | steps_t:     0 | t: 1.830541 | r:  -508.000000 | e:   1.000000 | Q:        nan | won: False 
#  204 | steps:  2407 | steps_t:     0 | t: 1.844529 | r:  -510.000000 | e:   1.000000 | Q:        nan | won: False 
#  205 | steps:  2424 | steps_t:     0 | t: 1.860457 | r:  -516.000000 | e:   1.000000 | Q:        nan | won: False 
#  206 | steps:  2438 | steps_t:     0 | t: 1.878408 | r:  -513.000000 | e:   1.000000 | Q:        nan | won: False 
#  207 | steps:  2445 | steps_t:     0 | t: 1.886389 | r:  -506.000000 | e:   1.000000 | Q:        nan | won: False 
#  208 | steps:  2457 | steps_t:     0 | t: 1.897398 | r:  -511.000000 | e:   1.000000 | Q:        nan | won: False 
#  209 | steps:  2464 | steps_t:     0 | t: 1.904380 | r:  -506.000000 | e:   1.000000 | Q:        nan | won: False 
#  210 | steps:  2473 | steps_t:     0 | t: 1.913354 | r:  -508.000000 | e:   1.000000 | Q:        nan | won: False 
#  211 | steps:  2487 | steps_t:     0 | t: 1.925322 | r:  -513.000000 | e:   1.000000 | Q:        nan | won: False 
#  212 | steps:  2494 | steps_t:     0 | t: 1.932266 | r:  -506.000000 | e:   1.000000 | Q:        nan | won: False 
#  213 | steps:  2502 | steps_t:     0 | t: 1.938250 | r:  -507.000000 | e:   1.000000 | Q:        nan | won: False 
#  214 | steps:  2513 | steps_t:     0 | t: 1.946229 | r:  -510.000000 | e:   1.000000 | Q:        nan | won: False 
#  215 | steps:  2530 | steps_t:     0 | t: 1.967739 | r:  -516.000000 | e:   1.000000 | Q:        nan | won: False 
#  216 | steps:  2539 | steps_t:     0 | t: 1.974721 | r:  -508.000000 | e:   1.000000 | Q:        nan | won: False 
#  217 | steps:  2548 | steps_t:     0 | t: 1.981797 | r:  -508.000000 | e:   1.000000 | Q:        nan | won: False 
#  218 | steps:  2560 | steps_t:     0 | t: 1.991674 | r:  -511.000000 | e:   1.000000 | Q:        nan | won: False 
#  219 | steps:  2575 | steps_t:     0 | t: 2.003642 | r:  -503.000000 | e:   1.000000 | Q:        nan | won: False 
#  220 | steps:  2587 | steps_t:     0 | t: 2.014615 | r:  -511.000000 | e:   1.000000 | Q:        nan | won: False 
#  221 | steps:  2594 | steps_t:     0 | t: 2.024685 | r:  -506.000000 | e:   1.000000 | Q:        nan | won: False 
#  222 | steps:  2604 | steps_t:     0 | t: 2.032565 | r:  -509.000000 | e:   1.000000 | Q:        nan | won: False 
#  223 | steps:  2612 | steps_t:     0 | t: 2.040581 | r:  -507.000000 | e:   1.000000 | Q:        nan | won: False 
#  224 | steps:  2625 | steps_t:     0 | t: 2.049522 | r:  -512.000000 | e:   1.000000 | Q:        nan | won: False 
#  225 | steps:  2633 | steps_t:     0 | t: 2.054508 | r:  -507.000000 | e:   1.000000 | Q:        nan | won: False 
#  226 | steps:  2647 | steps_t:     0 | t: 2.061488 | r:  -513.000000 | e:   1.000000 | Q:        nan | won: False 
#  227 | steps:  2654 | steps_t:     0 | t: 2.066071 | r:  -506.000000 | e:   1.000000 | Q:        nan | won: False 
#  228 | steps:  2666 | steps_t:     0 | t: 2.073058 | r:  -511.000000 | e:   1.000000 | Q:        nan | won: False 
#  229 | steps:  2677 | steps_t:     0 | t: 2.080039 | r:  -510.000000 | e:   1.000000 | Q:        nan | won: False 
#  230 | steps:  2691 | steps_t:     0 | t: 2.089047 | r:  -502.000000 | e:   1.000000 | Q:        nan | won: False 
#  231 | steps:  2710 | steps_t:     0 | t: 2.097991 | r:  -518.000000 | e:   1.000000 | Q:        nan | won: False 
#  232 | steps:  2722 | steps_t:     0 | t: 2.104972 | r:  -511.000000 | e:   1.000000 | Q:        nan | won: False 
#  233 | steps:  2730 | steps_t:     0 | t: 2.109956 | r:  -507.000000 | e:   1.000000 | Q:        nan | won: False 
#  234 | steps:  2740 | steps_t:     0 | t: 2.116002 | r:  -509.000000 | e:   1.000000 | Q:        nan | won: False 
#  235 | steps:  2752 | steps_t:     0 | t: 2.122921 | r:  -511.000000 | e:   1.000000 | Q:        nan | won: False 
#  236 | steps:  2758 | steps_t:     0 | t: 2.126911 | r:  -505.000000 | e:   1.000000 | Q:        nan | won: False 
#  237 | steps:  2773 | steps_t:     0 | t: 2.138879 | r:  -503.000000 | e:   1.000000 | Q:        nan | won: False 
#  238 | steps:  2782 | steps_t:     0 | t: 2.143866 | r:  -508.000000 | e:   1.000000 | Q:        nan | won: False 
#  239 | steps:  2789 | steps_t:     0 | t: 2.148888 | r:  -506.000000 | e:   1.000000 | Q:        nan | won: False 
#  240 | steps:  2801 | steps_t:     0 | t: 2.157866 | r:  -511.000000 | e:   1.000000 | Q:        nan | won: False 
#  241 | steps:  2823 | steps_t:     0 | t: 2.175440 | r:  -510.000000 | e:   1.000000 | Q:        nan | won: False 
#  242 | steps:  2841 | steps_t:     0 | t: 2.187378 | r:  -517.000000 | e:   1.000000 | Q:        nan | won: False 
#  243 | steps:  2849 | steps_t:     0 | t: 2.196351 | r:  -507.000000 | e:   1.000000 | Q:        nan | won: False 
#  244 | steps:  2857 | steps_t:     0 | t: 2.202378 | r:  -507.000000 | e:   1.000000 | Q:        nan | won: False 
#  245 | steps:  2867 | steps_t:     0 | t: 2.208359 | r:  -509.000000 | e:   1.000000 | Q:        nan | won: False 
#  246 | steps:  2890 | steps_t:     0 | t: 2.222405 | r:  -522.000000 | e:   1.000000 | Q:        nan | won: False 
#  247 | steps:  2897 | steps_t:     0 | t: 2.227270 | r:  -506.000000 | e:   1.000000 | Q:        nan | won: False 
#  248 | steps:  2904 | steps_t:     0 | t: 2.231320 | r:  -506.000000 | e:   1.000000 | Q:        nan | won: False 
#  249 | steps:  2912 | steps_t:     0 | t: 2.236246 | r:  -507.000000 | e:   1.000000 | Q:        nan | won: False 
#  250 | steps:  2917 | steps_t:     0 | t: 2.239235 | r:  -504.000000 | e:   1.000000 | Q:        nan | won: False 
#  251 | steps:  2935 | steps_t:     0 | t: 2.249287 | r:  -517.000000 | e:   1.000000 | Q:        nan | won: False 
#  252 | steps:  2943 | steps_t:     0 | t: 2.253198 | r:  -507.000000 | e:   1.000000 | Q:        nan | won: False 
#  253 | steps:  2951 | steps_t:     0 | t: 2.258185 | r:  -507.000000 | e:   1.000000 | Q:        nan | won: False 
#  254 | steps:  2959 | steps_t:     0 | t: 2.262174 | r:  -507.000000 | e:   1.000000 | Q:        nan | won: False 
#  255 | steps:  2968 | steps_t:     0 | t: 2.268161 | r:  -508.000000 | e:   1.000000 | Q:        nan | won: False 
#  256 | steps:  2974 | steps_t:     0 | t: 2.271199 | r:  -505.000000 | e:   1.000000 | Q:        nan | won: False 
#  257 | steps:  2984 | steps_t:     0 | t: 2.277169 | r:  -509.000000 | e:   1.000000 | Q:        nan | won: False 
#  258 | steps:  2996 | steps_t:     0 | t: 2.284299 | r:  -511.000000 | e:   1.000000 | Q:        nan | won: False 
#  259 | steps:  3002 | steps_t:     0 | t: 2.288175 | r:  -505.000000 | e:   1.000000 | Q:        nan | won: False 
#  260 | steps:  3009 | steps_t:     0 | t: 2.299076 | r:  -506.000000 | e:   1.000000 | Q:        nan | won: False 
#  261 | steps:  3015 | steps_t:     0 | t: 2.303180 | r:  -505.000000 | e:   1.000000 | Q:        nan | won: False 
#  262 | steps:  3037 | steps_t:     0 | t: 2.315120 | r:  -521.000000 | e:   1.000000 | Q:        nan | won: False 
#  263 | steps:  3044 | steps_t:     0 | t: 2.319026 | r:  -506.000000 | e:   1.000000 | Q:        nan | won: False 
#  264 | steps:  3058 | steps_t:     0 | t: 2.327001 | r:  -513.000000 | e:   1.000000 | Q:        nan | won: False 
#  265 | steps:  3066 | steps_t:     0 | t: 2.331987 | r:  -507.000000 | e:   1.000000 | Q:        nan | won: False 
#  266 | steps:  3075 | steps_t:     0 | t: 2.340964 | r:  -508.000000 | e:   1.000000 | Q:        nan | won: False 
#  267 | steps:  3087 | steps_t:     0 | t: 2.348942 | r:  -511.000000 | e:   1.000000 | Q:        nan | won: False 
#  268 | steps:  3094 | steps_t:     0 | t: 2.352931 | r:  -506.000000 | e:   1.000000 | Q:        nan | won: False 
#  269 | steps:  3100 | steps_t:     0 | t: 2.357021 | r:  -505.000000 | e:   1.000000 | Q:        nan | won: False 
#  270 | steps:  3114 | steps_t:     0 | t: 2.365899 | r:  -502.000000 | e:   1.000000 | Q:        nan | won: False 
#  271 | steps:  3121 | steps_t:     0 | t: 2.369989 | r:  -506.000000 | e:   1.000000 | Q:        nan | won: False 
#  272 | steps:  3138 | steps_t:     0 | t: 2.382883 | r:  -516.000000 | e:   1.000000 | Q:        nan | won: False 
#  273 | steps:  3150 | steps_t:     0 | t: 2.391831 | r:  -511.000000 | e:   1.000000 | Q:        nan | won: False 
#  274 | steps:  3156 | steps_t:     0 | t: 2.395818 | r:  -505.000000 | e:   1.000000 | Q:        nan | won: False 
#  275 | steps:  3173 | steps_t:     0 | t: 2.405791 | r:  -516.000000 | e:   1.000000 | Q:        nan | won: False 
#  276 | steps:  3181 | steps_t:     0 | t: 2.411775 | r:  -507.000000 | e:   1.000000 | Q:        nan | won: False 
#  277 | steps:  3189 | steps_t:     0 | t: 2.417762 | r:  -507.000000 | e:   1.000000 | Q:        nan | won: False 
#  278 | steps:  3207 | steps_t:     0 | t: 2.428729 | r:  -517.000000 | e:   1.000000 | Q:        nan | won: False 
#  279 | steps:  3214 | steps_t:     0 | t: 2.433719 | r:  -506.000000 | e:   1.000000 | Q:        nan | won: False 
#  280 | steps:  3234 | steps_t:     0 | t: 2.450673 | r:  -519.000000 | e:   1.000000 | Q:        nan | won: False 
#  281 | steps:  3256 | steps_t:     0 | t: 2.465630 | r:  -521.000000 | e:   1.000000 | Q:        nan | won: False 
#  282 | steps:  3268 | steps_t:     0 | t: 2.474178 | r:  -511.000000 | e:   1.000000 | Q:        nan | won: False 
#  283 | steps:  3276 | steps_t:     0 | t: 2.479165 | r:  -507.000000 | e:   1.000000 | Q:        nan | won: False 
#  284 | steps:  3298 | steps_t:     0 | t: 2.495313 | r:  -521.000000 | e:   1.000000 | Q:        nan | won: False 
#  285 | steps:  3307 | steps_t:     0 | t: 2.500360 | r:  -508.000000 | e:   1.000000 | Q:        nan | won: False 
#  286 | steps:  3317 | steps_t:     0 | t: 2.507127 | r:  -509.000000 | e:   1.000000 | Q:        nan | won: False 
#  287 | steps:  3334 | steps_t:     0 | t: 2.526041 | r:  -516.000000 | e:   1.000000 | Q:        nan | won: False 
#  288 | steps:  3350 | steps_t:     0 | t: 2.536014 | r:  -515.000000 | e:   1.000000 | Q:        nan | won: False 
#  289 | steps:  3359 | steps_t:     0 | t: 2.543992 | r:  -508.000000 | e:   1.000000 | Q:        nan | won: False 
#  290 | steps:  3366 | steps_t:     0 | t: 2.548062 | r:  -506.000000 | e:   1.000000 | Q:        nan | won: False 
#  291 | steps:  3373 | steps_t:     0 | t: 2.553506 | r:  -506.000000 | e:   1.000000 | Q:        nan | won: False 
#  292 | steps:  3385 | steps_t:     0 | t: 2.560949 | r:  -511.000000 | e:   1.000000 | Q:        nan | won: False 
#  293 | steps:  3394 | steps_t:     0 | t: 2.570958 | r:  -508.000000 | e:   1.000000 | Q:        nan | won: False 
#  294 | steps:  3402 | steps_t:     0 | t: 2.575907 | r:  -507.000000 | e:   1.000000 | Q:        nan | won: False 
#  295 | steps:  3411 | steps_t:     0 | t: 2.582891 | r:  -508.000000 | e:   1.000000 | Q:        nan | won: False 
#  296 | steps:  3433 | steps_t:     0 | t: 2.596957 | r:  -521.000000 | e:   1.000000 | Q:        nan | won: False 
#  297 | steps:  3442 | steps_t:     0 | t: 2.602835 | r:  -508.000000 | e:   1.000000 | Q:        nan | won: False 
#  298 | steps:  3449 | steps_t:     0 | t: 2.607928 | r:  -506.000000 | e:   1.000000 | Q:        nan | won: False 
#  299 | steps:  3465 | steps_t:     0 | t: 2.618830 | r:  -504.000000 | e:   1.000000 | Q:        nan | won: False 
#  300 | steps:  3477 | steps_t:     0 | t: 2.626771 | r:  -511.000000 | e:   1.000000 | Q:        nan | won: False 
#  301 | steps:  3488 | steps_t:     0 | t: 2.634213 | r:  -510.000000 | e:   1.000000 | Q:        nan | won: False 
#  302 | steps:  3499 | steps_t:     0 | t: 2.641730 | r:  -510.000000 | e:   1.000000 | Q:        nan | won: False 
#  303 | steps:  3505 | steps_t:     0 | t: 2.647931 | r:  -505.000000 | e:   1.000000 | Q:        nan | won: False 
#  304 | steps:  3516 | steps_t:     0 | t: 2.655999 | r:  -510.000000 | e:   1.000000 | Q:        nan | won: False 
#  305 | steps:  3527 | steps_t:     0 | t: 2.664710 | r:  -510.000000 | e:   1.000000 | Q:        nan | won: False 
#  306 | steps:  3536 | steps_t:     0 | t: 2.672205 | r:  -508.000000 | e:   1.000000 | Q:        nan | won: False 
#  307 | steps:  3548 | steps_t:     0 | t: 2.681218 | r:  -511.000000 | e:   1.000000 | Q:        nan | won: False 
#  308 | steps:  3559 | steps_t:     0 | t: 2.689250 | r:  -510.000000 | e:   1.000000 | Q:        nan | won: False 
#  309 | steps:  3577 | steps_t:     0 | t: 2.703125 | r:  -517.000000 | e:   1.000000 | Q:        nan | won: False 
#  310 | steps:  3585 | steps_t:     0 | t: 2.709109 | r:  -507.000000 | e:   1.000000 | Q:        nan | won: False 
#  311 | steps:  3594 | steps_t:     0 | t: 2.716090 | r:  -508.000000 | e:   1.000000 | Q:        nan | won: False 
#  312 | steps:  3603 | steps_t:     0 | t: 2.723071 | r:  -508.000000 | e:   1.000000 | Q:        nan | won: False 
#  313 | steps:  3611 | steps_t:     0 | t: 2.734076 | r:  -507.000000 | e:   1.000000 | Q:        nan | won: False 
#  314 | steps:  3631 | steps_t:     0 | t: 2.749145 | r:  -519.000000 | e:   1.000000 | Q:        nan | won: False 
#  315 | steps:  3638 | steps_t:     0 | t: 2.755017 | r:  -506.000000 | e:   1.000000 | Q:        nan | won: False 
#  316 | steps:  3650 | steps_t:     0 | t: 2.764958 | r:  -511.000000 | e:   1.000000 | Q:        nan | won: False 
#  317 | steps:  3662 | steps_t:     0 | t: 2.788893 | r:  -511.000000 | e:   1.000000 | Q:        nan | won: False 
#  318 | steps:  3669 | steps_t:     0 | t: 2.796877 | r:  -506.000000 | e:   1.000000 | Q:        nan | won: False 
#  319 | steps:  3677 | steps_t:     0 | t: 2.803853 | r:  -507.000000 | e:   1.000000 | Q:        nan | won: False 
#  320 | steps:  3690 | steps_t:     0 | t: 2.817815 | r:  -512.000000 | e:   1.000000 | Q:        nan | won: False 
#  321 | steps:  3697 | steps_t:     0 | t: 2.823839 | r:  -506.000000 | e:   1.000000 | Q:        nan | won: False 
#  322 | steps:  3715 | steps_t:     0 | t: 2.841787 | r:  -517.000000 | e:   1.000000 | Q:        nan | won: False 
#  323 | steps:  3721 | steps_t:     0 | t: 2.847736 | r:  -505.000000 | e:   1.000000 | Q:        nan | won: False 
#  324 | steps:  3728 | steps_t:     0 | t: 2.852759 | r:  -506.000000 | e:   1.000000 | Q:        nan | won: False 
#  325 | steps:  3735 | steps_t:     0 | t: 2.858706 | r:  -506.000000 | e:   1.000000 | Q:        nan | won: False 
#  326 | steps:  3745 | steps_t:     0 | t: 2.865687 | r:  -509.000000 | e:   1.000000 | Q:        nan | won: False 
#  327 | steps:  3750 | steps_t:     0 | t: 2.876867 | r:  -504.000000 | e:   1.000000 | Q:        nan | won: False 
#  328 | steps:  3765 | steps_t:     0 | t: 2.892824 | r:  -514.000000 | e:   1.000000 | Q:        nan | won: False 
#  329 | steps:  3773 | steps_t:     0 | t: 2.898808 | r:  -507.000000 | e:   1.000000 | Q:        nan | won: False 
#  330 | steps:  3781 | steps_t:     0 | t: 2.904793 | r:  -507.000000 | e:   1.000000 | Q:        nan | won: False 
#  331 | steps:  3791 | steps_t:     0 | t: 2.911774 | r:  -509.000000 | e:   1.000000 | Q:        nan | won: False 
#  332 | steps:  3797 | steps_t:     0 | t: 2.915763 | r:  -505.000000 | e:   1.000000 | Q:        nan | won: False 
#  333 | steps:  3806 | steps_t:     0 | t: 2.922745 | r:  -508.000000 | e:   1.000000 | Q:        nan | won: False 
#  334 | steps:  3813 | steps_t:     0 | t: 2.927822 | r:  -506.000000 | e:   1.000000 | Q:        nan | won: False 
#  335 | steps:  3824 | steps_t:     0 | t: 2.937750 | r:  -510.000000 | e:   1.000000 | Q:        nan | won: False 
#  336 | steps:  3840 | steps_t:     0 | t: 2.947678 | r:  -515.000000 | e:   1.000000 | Q:        nan | won: False 
#  337 | steps:  3853 | steps_t:     0 | t: 2.955660 | r:  -512.000000 | e:   1.000000 | Q:        nan | won: False 
#  338 | steps:  3864 | steps_t:     0 | t: 2.962728 | r:  -510.000000 | e:   1.000000 | Q:        nan | won: False 
#  339 | steps:  3885 | steps_t:     0 | t: 2.978238 | r:  -520.000000 | e:   1.000000 | Q:        nan | won: False 
#  340 | steps:  3907 | steps_t:     0 | t: 2.993074 | r:  -510.000000 | e:   1.000000 | Q:        nan | won: False 
#  341 | steps:  3913 | steps_t:     0 | t: 2.998134 | r:  -505.000000 | e:   1.000000 | Q:        nan | won: False 
#  342 | steps:  3954 | steps_t:     0 | t: 3.024988 | r:  -529.000000 | e:   1.000000 | Q:        nan | won: False 
#  343 | steps:  3968 | steps_t:     0 | t: 3.034962 | r:  -513.000000 | e:   1.000000 | Q:        nan | won: False 
#  344 | steps:  3983 | steps_t:     0 | t: 3.049996 | r:  -503.000000 | e:   1.000000 | Q:        nan | won: False 
#  345 | steps:  4001 | steps_t:     0 | t: 3.061893 | r:  -517.000000 | e:   1.000000 | Q:        nan | won: False 
#  346 | steps:  4011 | steps_t:     0 | t: 3.068873 | r:  -509.000000 | e:   1.000000 | Q:        nan | won: False 
#  347 | steps:  4019 | steps_t:     0 | t: 3.076887 | r:  -507.000000 | e:   1.000000 | Q:        nan | won: False 
#  348 | steps:  4028 | steps_t:     0 | t: 3.081878 | r:  -508.000000 | e:   1.000000 | Q:        nan | won: False 
#  349 | steps:  4037 | steps_t:     0 | t: 3.087900 | r:  -508.000000 | e:   1.000000 | Q:        nan | won: False 
#  350 | steps:  4056 | steps_t:     0 | t: 3.099848 | r:  -496.000000 | e:   1.000000 | Q:        nan | won: False 
#  351 | steps:  4069 | steps_t:     0 | t: 3.108765 | r:  -512.000000 | e:   1.000000 | Q:        nan | won: False 
#  352 | steps:  4075 | steps_t:     0 | t: 3.112753 | r:  -505.000000 | e:   1.000000 | Q:        nan | won: False 
#  353 | steps:  4086 | steps_t:     0 | t: 3.120732 | r:  -510.000000 | e:   1.000000 | Q:        nan | won: False 
#  354 | steps:  4099 | steps_t:     0 | t: 3.129711 | r:  -512.000000 | e:   1.000000 | Q:        nan | won: False 
#  355 | steps:  4113 | steps_t:     0 | t: 3.138718 | r:  -513.000000 | e:   1.000000 | Q:        nan | won: False 
#  356 | steps:  4121 | steps_t:     0 | t: 3.143705 | r:  -507.000000 | e:   1.000000 | Q:        nan | won: False 
#  357 | steps:  4128 | steps_t:     0 | t: 3.147783 | r:  -506.000000 | e:   1.000000 | Q:        nan | won: False 
#  358 | steps:  4143 | steps_t:     0 | t: 3.155642 | r:  -492.000000 | e:   1.000000 | Q:        nan | won: False 
#  359 | steps:  4155 | steps_t:     0 | t: 3.163289 | r:  -511.000000 | e:   1.000000 | Q:        nan | won: False 
#  360 | steps:  4164 | steps_t:     0 | t: 3.168604 | r:  -508.000000 | e:   1.000000 | Q:        nan | won: False 
#  361 | steps:  4170 | steps_t:     0 | t: 3.172270 | r:  -505.000000 | e:   1.000000 | Q:        nan | won: False 
#  362 | steps:  4178 | steps_t:     0 | t: 3.179155 | r:  -507.000000 | e:   1.000000 | Q:        nan | won: False 
#  363 | steps:  4190 | steps_t:     0 | t: 3.186133 | r:  -511.000000 | e:   1.000000 | Q:        nan | won: False 
#  364 | steps:  4198 | steps_t:     0 | t: 3.190157 | r:  -507.000000 | e:   1.000000 | Q:        nan | won: False 
#  365 | steps:  4204 | steps_t:     0 | t: 3.194113 | r:  -505.000000 | e:   1.000000 | Q:        nan | won: False 
#  366 | steps:  4214 | steps_t:     0 | t: 3.200099 | r:  -509.000000 | e:   1.000000 | Q:        nan | won: False 
#  367 | steps:  4236 | steps_t:     0 | t: 3.216226 | r:  -521.000000 | e:   1.000000 | Q:        nan | won: False 
#  368 | steps:  4253 | steps_t:     0 | t: 3.226218 | r:  -516.000000 | e:   1.000000 | Q:        nan | won: False 
#  369 | steps:  4280 | steps_t:     0 | t: 3.243075 | r:  -515.000000 | e:   1.000000 | Q:        nan | won: False 
#  370 | steps:  4288 | steps_t:     0 | t: 3.247969 | r:  -507.000000 | e:   1.000000 | Q:        nan | won: False 
#  371 | steps:  4296 | steps_t:     0 | t: 3.253306 | r:  -507.000000 | e:   1.000000 | Q:        nan | won: False 
#  372 | steps:  4306 | steps_t:     0 | t: 3.259935 | r:  -509.000000 | e:   1.000000 | Q:        nan | won: False 
#  373 | steps:  4327 | steps_t:     0 | t: 3.275209 | r:  -520.000000 | e:   1.000000 | Q:        nan | won: False 
#  374 | steps:  4334 | steps_t:     0 | t: 3.279243 | r:  -506.000000 | e:   1.000000 | Q:        nan | won: False 
#  375 | steps:  4344 | steps_t:     0 | t: 3.285169 | r:  -509.000000 | e:   1.000000 | Q:        nan | won: False 
#  376 | steps:  4357 | steps_t:     0 | t: 3.293062 | r:  -512.000000 | e:   1.000000 | Q:        nan | won: False 
#  377 | steps:  4371 | steps_t:     0 | t: 3.301038 | r:  -502.000000 | e:   1.000000 | Q:        nan | won: False 
#  378 | steps:  4383 | steps_t:     0 | t: 3.310014 | r:  -511.000000 | e:   1.000000 | Q:        nan | won: False 
#  379 | steps:  4391 | steps_t:     0 | t: 3.318147 | r:  -507.000000 | e:   1.000000 | Q:        nan | won: False 
#  380 | steps:  4398 | steps_t:     0 | t: 3.321985 | r:  -506.000000 | e:   1.000000 | Q:        nan | won: False 
#  381 | steps:  4405 | steps_t:     0 | t: 3.326005 | r:  -506.000000 | e:   1.000000 | Q:        nan | won: False 
#  382 | steps:  4417 | steps_t:     0 | t: 3.332955 | r:  -511.000000 | e:   1.000000 | Q:        nan | won: False 
#  383 | steps:  4428 | steps_t:     0 | t: 3.338939 | r:  -510.000000 | e:   1.000000 | Q:        nan | won: False 
#  384 | steps:  4435 | steps_t:     0 | t: 3.343923 | r:  -506.000000 | e:   1.000000 | Q:        nan | won: False 
#  385 | steps:  4443 | steps_t:     0 | t: 3.349122 | r:  -507.000000 | e:   1.000000 | Q:        nan | won: False 
#  386 | steps:  4452 | steps_t:     0 | t: 3.353899 | r:  -508.000000 | e:   1.000000 | Q:        nan | won: False 
#  387 | steps:  4460 | steps_t:     0 | t: 3.358886 | r:  -507.000000 | e:   1.000000 | Q:        nan | won: False 
#  388 | steps:  4474 | steps_t:     0 | t: 3.365865 | r:  -513.000000 | e:   1.000000 | Q:        nan | won: False 
#  389 | steps:  4486 | steps_t:     0 | t: 3.373172 | r:  -511.000000 | e:   1.000000 | Q:        nan | won: False 
#  390 | steps:  4506 | steps_t:     0 | t: 3.384332 | r:  -519.000000 | e:   1.000000 | Q:        nan | won: False 
#  391 | steps:  4521 | steps_t:     0 | t: 3.393309 | r:  -503.000000 | e:   1.000000 | Q:        nan | won: False 
#  392 | steps:  4529 | steps_t:     0 | t: 3.404278 | r:  -507.000000 | e:   1.000000 | Q:        nan | won: False 
#  393 | steps:  4538 | steps_t:     0 | t: 3.409266 | r:  -508.000000 | e:   1.000000 | Q:        nan | won: False 
#  394 | steps:  4549 | steps_t:     0 | t: 3.417337 | r:  -510.000000 | e:   1.000000 | Q:        nan | won: False 
#  395 | steps:  4566 | steps_t:     0 | t: 3.428343 | r:  -516.000000 | e:   1.000000 | Q:        nan | won: False 
#  396 | steps:  4575 | steps_t:     0 | t: 3.434294 | r:  -508.000000 | e:   1.000000 | Q:        nan | won: False 
#  397 | steps:  4588 | steps_t:     0 | t: 3.444169 | r:  -512.000000 | e:   1.000000 | Q:        nan | won: False 
#  398 | steps:  4605 | steps_t:     0 | t: 3.456137 | r:  -516.000000 | e:   1.000000 | Q:        nan | won: False 
#  399 | steps:  4618 | steps_t:     0 | t: 3.464150 | r:  -512.000000 | e:   1.000000 | Q:        nan | won: False 
#  400 | steps:  4624 | steps_t:     0 | t: 3.468106 | r:  -505.000000 | e:   1.000000 | Q:        nan | won: False 
#  401 | steps:  4630 | steps_t:     0 | t: 3.471687 | r:  -505.000000 | e:   1.000000 | Q:        nan | won: False 
#  402 | steps:  4641 | steps_t:     0 | t: 3.477711 | r:  -510.000000 | e:   1.000000 | Q:        nan | won: False 
#  403 | steps:  4648 | steps_t:     0 | t: 3.488645 | r:  -506.000000 | e:   1.000000 | Q:        nan | won: False 
#  404 | steps:  4655 | steps_t:     0 | t: 3.492718 | r:  -506.000000 | e:   1.000000 | Q:        nan | won: False 
#  405 | steps:  4663 | steps_t:     0 | t: 3.497662 | r:  -507.000000 | e:   1.000000 | Q:        nan | won: False 
#  406 | steps:  4672 | steps_t:     0 | t: 3.503605 | r:  -508.000000 | e:   1.000000 | Q:        nan | won: False 
#  407 | steps:  4684 | steps_t:     0 | t: 3.510587 | r:  -511.000000 | e:   1.000000 | Q:        nan | won: False 
#  408 | steps:  4692 | steps_t:     0 | t: 3.515575 | r:  -507.000000 | e:   1.000000 | Q:        nan | won: False 
#  409 | steps:  4704 | steps_t:     0 | t: 3.522578 | r:  -511.000000 | e:   1.000000 | Q:        nan | won: False 
#  410 | steps:  4717 | steps_t:     0 | t: 3.530535 | r:  -501.000000 | e:   1.000000 | Q:        nan | won: False 
#  411 | steps:  4723 | steps_t:     0 | t: 3.537580 | r:  -505.000000 | e:   1.000000 | Q:        nan | won: False 
#  412 | steps:  4742 | steps_t:     0 | t: 3.547490 | r:  -518.000000 | e:   1.000000 | Q:        nan | won: False 
#  413 | steps:  4761 | steps_t:     0 | t: 3.557463 | r:  -507.000000 | e:   1.000000 | Q:        nan | won: False 
#  414 | steps:  4781 | steps_t:     0 | t: 3.567480 | r:  -519.000000 | e:   1.000000 | Q:        nan | won: False 
#  415 | steps:  4803 | steps_t:     0 | t: 3.578932 | r:  -521.000000 | e:   1.000000 | Q:        nan | won: False 
#  416 | steps:  4809 | steps_t:     0 | t: 3.581923 | r:  -505.000000 | e:   1.000000 | Q:        nan | won: False 
#  417 | steps:  4821 | steps_t:     0 | t: 3.590935 | r:  -511.000000 | e:   1.000000 | Q:        nan | won: False 
#  418 | steps:  4829 | steps_t:     0 | t: 3.595920 | r:  -507.000000 | e:   1.000000 | Q:        nan | won: False 
#  419 | steps:  4839 | steps_t:     0 | t: 3.602906 | r:  -509.000000 | e:   1.000000 | Q:        nan | won: False 
#  420 | steps:  4847 | steps_t:     0 | t: 3.606858 | r:  -507.000000 | e:   1.000000 | Q:        nan | won: False 
#  421 | steps:  4856 | steps_t:     0 | t: 3.612878 | r:  -508.000000 | e:   1.000000 | Q:        nan | won: False 
#  422 | steps:  4868 | steps_t:     0 | t: 3.618864 | r:  -511.000000 | e:   1.000000 | Q:        nan | won: False 
#  423 | steps:  4876 | steps_t:     0 | t: 3.627956 | r:  -507.000000 | e:   1.000000 | Q:        nan | won: False 
#  424 | steps:  4883 | steps_t:     0 | t: 3.632822 | r:  -506.000000 | e:   1.000000 | Q:        nan | won: False 
#  425 | steps:  4890 | steps_t:     0 | t: 3.636778 | r:  -506.000000 | e:   1.000000 | Q:        nan | won: False 
#  426 | steps:  4903 | steps_t:     0 | t: 3.643793 | r:  -512.000000 | e:   1.000000 | Q:        nan | won: False 
#  427 | steps:  4914 | steps_t:     0 | t: 3.649743 | r:  -510.000000 | e:   1.000000 | Q:        nan | won: False 
#  428 | steps:  4923 | steps_t:     0 | t: 3.655874 | r:  -508.000000 | e:   1.000000 | Q:        nan | won: False 
#  429 | steps:  4937 | steps_t:     0 | t: 3.662742 | r:  -502.000000 | e:   1.000000 | Q:        nan | won: False 
#  430 | steps:  4946 | steps_t:     0 | t: 3.668730 | r:  -508.000000 | e:   1.000000 | Q:        nan | won: False 
#  431 | steps:  4955 | steps_t:     0 | t: 3.674417 | r:  -508.000000 | e:   1.000000 | Q:        nan | won: False 
#  432 | steps:  4963 | steps_t:     0 | t: 3.679370 | r:  -507.000000 | e:   1.000000 | Q:        nan | won: False 
#  433 | steps:  4984 | steps_t:     0 | t: 3.690341 | r:  -520.000000 | e:   1.000000 | Q:        nan | won: False 
#  434 | steps:  4996 | steps_t:     0 | t: 3.699347 | r:  -511.000000 | e:   1.000000 | Q:        nan | won: False 
