#    1 | steps:     7 | steps_t:     0 | t: 0.056833 | r:  -506.000000 | e:   1.000000 | Q:        nan | won: False 
#    2 | steps:    25 | steps_t:     0 | t: 0.065725 | r:  -517.000000 | e:   1.000000 | Q:        nan | won: False 
#    3 | steps:    31 | steps_t:     0 | t: 0.068715 | r:  -505.000000 | e:   1.000000 | Q:        nan | won: False 
#    4 | steps:    38 | steps_t:     0 | t: 0.071743 | r:  -506.000000 | e:   1.000000 | Q:        nan | won: False 
#    5 | steps:    45 | steps_t:     0 | t: 0.075737 | r:  -506.000000 | e:   1.000000 | Q:        nan | won: False 
#    6 | steps:    59 | steps_t:     0 | t: 0.082930 | r:  -513.000000 | e:   1.000000 | Q:        nan | won: False 
#    7 | steps:    66 | steps_t:     0 | t: 0.086668 | r:  -506.000000 | e:   1.000000 | Q:        nan | won: False 
#    8 | steps:    76 | steps_t:     0 | t: 0.091686 | r:  -509.000000 | e:   1.000000 | Q:        nan | won: False 
#    9 | steps:    85 | steps_t:     0 | t: 0.096724 | r:  -508.000000 | e:   1.000000 | Q:        nan | won: False 
#   10 | steps:    94 | steps_t:     0 | t: 0.100734 | r:  -508.000000 | e:   1.000000 | Q:        nan | won: False 
#   11 | steps:   102 | steps_t:     0 | t: 0.104726 | r:  -507.000000 | e:   1.000000 | Q:        nan | won: False 
#   12 | steps:   109 | steps_t:     0 | t: 0.108713 | r:  -506.000000 | e:   1.000000 | Q:        nan | won: False 
#   13 | steps:   119 | steps_t:     0 | t: 0.113697 | r:  -509.000000 | e:   1.000000 | Q:        nan | won: False 
#   14 | steps:   125 | steps_t:     0 | t: 0.117645 | r:  -505.000000 | e:   1.000000 | Q:        nan | won: False 
#   15 | steps:   132 | steps_t:     0 | t: 0.121633 | r:  -506.000000 | e:   1.000000 | Q:        nan | won: False 
#   16 | steps:   142 | steps_t:     0 | t: 0.126752 | r:  -509.000000 | e:   1.000000 | Q:        nan | won: False 
#   17 | steps:   150 | steps_t:     0 | t: 0.130651 | r:  -507.000000 | e:   1.000000 | Q:        nan | won: False 
#   18 | steps:   158 | steps_t:     0 | t: 0.134677 | r:  -507.000000 | e:   1.000000 | Q:        nan | won: False 
#   19 | steps:   171 | steps_t:     0 | t: 0.141844 | r:  -512.000000 | e:   1.000000 | Q:        nan | won: False 
#   20 | steps:   177 | steps_t:     0 | t: 0.144876 | r:  -505.000000 | e:   1.000000 | Q:        nan | won: False 
#   21 | steps:   188 | steps_t:     0 | t: 0.150922 | r:  -510.000000 | e:   1.000000 | Q:        nan | won: False 
#   22 | steps:   195 | steps_t:     0 | t: 0.155925 | r:  -506.000000 | e:   1.000000 | Q:        nan | won: False 
#   23 | steps:   207 | steps_t:     0 | t: 0.161888 | r:  -511.000000 | e:   1.000000 | Q:        nan | won: False 
#   24 | steps:   228 | steps_t:     0 | t: 0.172983 | r:  -509.000000 | e:   1.000000 | Q:        nan | won: False 
#   25 | steps:   239 | steps_t:     0 | t: 0.177835 | r:  -510.000000 | e:   1.000000 | Q:        nan | won: False 
#   26 | steps:   257 | steps_t:     0 | t: 0.186901 | r:  -517.000000 | e:   1.000000 | Q:        nan | won: False 
#   27 | steps:   264 | steps_t:     0 | t: 0.190799 | r:  -506.000000 | e:   1.000000 | Q:        nan | won: False 
#   28 | steps:   274 | steps_t:     0 | t: 0.195836 | r:  -509.000000 | e:   1.000000 | Q:        nan | won: False 
#   29 | steps:   288 | steps_t:     0 | t: 0.201782 | r:  -513.000000 | e:   1.000000 | Q:        nan | won: False 
#   30 | steps:   297 | steps_t:     0 | t: 0.207755 | r:  -508.000000 | e:   1.000000 | Q:        nan | won: False 
#   31 | steps:   304 | steps_t:     0 | t: 0.211746 | r:  -506.000000 | e:   1.000000 | Q:        nan | won: False 
#   32 | steps:   314 | steps_t:     0 | t: 0.216699 | r:  -509.000000 | e:   1.000000 | Q:        nan | won: False 
#   33 | steps:   322 | steps_t:     0 | t: 0.220862 | r:  -507.000000 | e:   1.000000 | Q:        nan | won: False 
#   34 | steps:   330 | steps_t:     0 | t: 0.224830 | r:  -507.000000 | e:   1.000000 | Q:        nan | won: False 
#   35 | steps:   341 | steps_t:     0 | t: 0.229666 | r:  -510.000000 | e:   1.000000 | Q:        nan | won: False 
#   36 | steps:   359 | steps_t:     0 | t: 0.240635 | r:  -517.000000 | e:   1.000000 | Q:        nan | won: False 
#   37 | steps:   369 | steps_t:     0 | t: 0.245666 | r:  -509.000000 | e:   1.000000 | Q:        nan | won: False 
#   38 | steps:   378 | steps_t:     0 | t: 0.249641 | r:  -508.000000 | e:   1.000000 | Q:        nan | won: False 
#   39 | steps:   384 | steps_t:     0 | t: 0.252662 | r:  -505.000000 | e:   1.000000 | Q:        nan | won: False 
#   40 | steps:   396 | steps_t:     0 | t: 0.258620 | r:  -511.000000 | e:   1.000000 | Q:        nan | won: False 
#   41 | steps:   406 | steps_t:     0 | t: 0.262607 | r:  -509.000000 | e:   1.000000 | Q:        nan | won: False 
#   42 | steps:   419 | steps_t:     0 | t: 0.268659 | r:  -512.000000 | e:   1.000000 | Q:        nan | won: False 
#   43 | steps:   429 | steps_t:     0 | t: 0.274613 | r:  -509.000000 | e:   1.000000 | Q:        nan | won: False 
#   44 | steps:   451 | steps_t:     0 | t: 0.283622 | r:  -521.000000 | e:   1.000000 | Q:        nan | won: False 
#   45 | steps:   461 | steps_t:     0 | t: 0.289573 | r:  -509.000000 | e:   1.000000 | Q:        nan | won: False 
#   46 | steps:   467 | steps_t:     0 | t: 0.292564 | r:  -505.000000 | e:   1.000000 | Q:        nan | won: False 
#   47 | steps:   475 | steps_t:     0 | t: 0.296658 | r:  -507.000000 | e:   1.000000 | Q:        nan | won: False 
#   48 | steps:   490 | steps_t:     0 | t: 0.304534 | r:  -503.000000 | e:   1.000000 | Q:        nan | won: False 
#   49 | steps:   505 | steps_t:     0 | t: 0.311544 | r:  -514.000000 | e:   1.000000 | Q:        nan | won: False 
#   50 | steps:   520 | steps_t:     0 | t: 0.316863 | r:  -514.000000 | e:   1.000000 | Q:        nan | won: False 
#   51 | steps:   529 | steps_t:     0 | t: 0.321852 | r:  -508.000000 | e:   1.000000 | Q:        nan | won: False 
#   52 | steps:   537 | steps_t:     0 | t: 0.325837 | r:  -507.000000 | e:   1.000000 | Q:        nan | won: False 
#   53 | steps:   545 | steps_t:     0 | t: 0.329797 | r:  -507.000000 | e:   1.000000 | Q:        nan | won: False 
#   54 | steps:   555 | steps_t:     0 | t: 0.333818 | r:  -509.000000 | e:   1.000000 | Q:        nan | won: False 
#   55 | steps:   566 | steps_t:     0 | t: 0.339832 | r:  -510.000000 | e:   1.000000 | Q:        nan | won: False 
#   56 | steps:   577 | steps_t:     0 | t: 0.345493 | r:  -510.000000 | e:   1.000000 | Q:        nan | won: False 
#   57 | steps:   587 | steps_t:     0 | t: 0.349448 | r:  -509.000000 | e:   1.000000 | Q:        nan | won: False 
#   58 | steps:   596 | steps_t:     0 | t: 0.354630 | r:  -508.000000 | e:   1.000000 | Q:        nan | won: False 
#   59 | steps:   606 | steps_t:     0 | t: 0.360245 | r:  -509.000000 | e:   1.000000 | Q:        nan | won: False 
#   60 | steps:   623 | steps_t:     0 | t: 0.369783 | r:  -516.000000 | e:   1.000000 | Q:        nan | won: False 
#   61 | steps:   631 | steps_t:     0 | t: 0.374593 | r:  -507.000000 | e:   1.000000 | Q:        nan | won: False 
#   62 | steps:   642 | steps_t:     0 | t: 0.379613 | r:  -510.000000 | e:   1.000000 | Q:        nan | won: False 
#   63 | steps:   651 | steps_t:     0 | t: 0.382746 | r:  -508.000000 | e:   1.000000 | Q:        nan | won: False 
#   64 | steps:   665 | steps_t:     0 | t: 0.390552 | r:  -513.000000 | e:   1.000000 | Q:        nan | won: False 
#   65 | steps:   671 | steps_t:     0 | t: 0.395888 | r:  -505.000000 | e:   1.000000 | Q:        nan | won: False 
#   66 | steps:   679 | steps_t:     0 | t: 0.400453 | r:  -507.000000 | e:   1.000000 | Q:        nan | won: False 
#   67 | steps:   685 | steps_t:     0 | t: 0.404444 | r:  -505.000000 | e:   1.000000 | Q:        nan | won: False 
#   68 | steps:   696 | steps_t:     0 | t: 0.408922 | r:  -510.000000 | e:   1.000000 | Q:        nan | won: False 
#   69 | steps:   705 | steps_t:     0 | t: 0.413875 | r:  -508.000000 | e:   1.000000 | Q:        nan | won: False 
#   70 | steps:   718 | steps_t:     0 | t: 0.420894 | r:  -512.000000 | e:   1.000000 | Q:        nan | won: False 
#   71 | steps:   730 | steps_t:     0 | t: 0.427673 | r:  -511.000000 | e:   1.000000 | Q:        nan | won: False 
#   72 | steps:   739 | steps_t:     0 | t: 0.432220 | r:  -508.000000 | e:   1.000000 | Q:        nan | won: False 
#   73 | steps:   747 | steps_t:     0 | t: 0.436225 | r:  -507.000000 | e:   1.000000 | Q:        nan | won: False 
#   74 | steps:   772 | steps_t:     0 | t: 0.447200 | r:  -513.000000 | e:   1.000000 | Q:        nan | won: False 
#   75 | steps:   781 | steps_t:     0 | t: 0.451220 | r:  -508.000000 | e:   1.000000 | Q:        nan | won: False 
#   76 | steps:   793 | steps_t:     0 | t: 0.458204 | r:  -511.000000 | e:   1.000000 | Q:        nan | won: False 
#   77 | steps:   805 | steps_t:     0 | t: 0.465184 | r:  -511.000000 | e:   1.000000 | Q:        nan | won: False 
#   78 | steps:   820 | steps_t:     0 | t: 0.474172 | r:  -514.000000 | e:   1.000000 | Q:        nan | won: False 
#   79 | steps:   827 | steps_t:     0 | t: 0.478221 | r:  -506.000000 | e:   1.000000 | Q:        nan | won: False 
#   80 | steps:   832 | steps_t:     0 | t: 0.481211 | r:  -504.000000 | e:   1.000000 | Q:        nan | won: False 
#   81 | steps:   838 | steps_t:     0 | t: 0.484206 | r:  -505.000000 | e:   1.000000 | Q:        nan | won: False 
#   82 | steps:   846 | steps_t:     0 | t: 0.489766 | r:  -507.000000 | e:   1.000000 | Q:        nan | won: False 
#   83 | steps:   852 | steps_t:     0 | t: 0.492814 | r:  -505.000000 | e:   1.000000 | Q:        nan | won: False 
#   84 | steps:   858 | steps_t:     0 | t: 0.495781 | r:  -505.000000 | e:   1.000000 | Q:        nan | won: False 
#   85 | steps:   872 | steps_t:     0 | t: 0.501450 | r:  -491.000000 | e:   1.000000 | Q:        nan | won: False 
#   86 | steps:   879 | steps_t:     0 | t: 0.505320 | r:  -506.000000 | e:   1.000000 | Q:        nan | won: False 
#   87 | steps:   897 | steps_t:     0 | t: 0.512450 | r:  -517.000000 | e:   1.000000 | Q:        nan | won: False 
#   88 | steps:   904 | steps_t:     0 | t: 0.516323 | r:  -506.000000 | e:   1.000000 | Q:        nan | won: False 
#   89 | steps:   912 | steps_t:     0 | t: 0.522336 | r:  -507.000000 | e:   1.000000 | Q:        nan | won: False 
#   90 | steps:   923 | steps_t:     0 | t: 0.527296 | r:  -510.000000 | e:   1.000000 | Q:        nan | won: False 
#   91 | steps:   935 | steps_t:     0 | t: 0.533127 | r:  -511.000000 | e:   1.000000 | Q:        nan | won: False 
#   92 | steps:   943 | steps_t:     0 | t: 0.537306 | r:  -507.000000 | e:   1.000000 | Q:        nan | won: False 
#   93 | steps:   956 | steps_t:     0 | t: 0.545204 | r:  -501.000000 | e:   1.000000 | Q:        nan | won: False 
#   94 | steps:   965 | steps_t:     0 | t: 0.553315 | r:  -508.000000 | e:   1.000000 | Q:        nan | won: False 
#   95 | steps:   973 | steps_t:     0 | t: 0.560818 | r:  -507.000000 | e:   1.000000 | Q:        nan | won: False 
#   96 | steps:   980 | steps_t:     0 | t: 0.564391 | r:  -506.000000 | e:   1.000000 | Q:        nan | won: False 
#   97 | steps:   988 | steps_t:     0 | t: 0.567382 | r:  -507.000000 | e:   1.000000 | Q:        nan | won: False 
#   98 | steps:   998 | steps_t:     0 | t: 0.574367 | r:  -509.000000 | e:   1.000000 | Q:        nan | won: False 
#   99 | steps:  1017 | steps_t:     0 | t: 0.582767 | r:  -518.000000 | e:   1.000000 | Q:        nan | won: False 
#  100 | steps:  1027 | steps_t:     0 | t: 0.589714 | r:  -509.000000 | e:   1.000000 | Q:        nan | won: False 
#  101 | steps:  1035 | steps_t:     0 | t: 0.592892 | r:  -507.000000 | e:   1.000000 | Q:        nan | won: False 
#  102 | steps:  1041 | steps_t:     0 | t: 0.595731 | r:  -505.000000 | e:   1.000000 | Q:        nan | won: False 
#  103 | steps:  1049 | steps_t:     0 | t: 0.598965 | r:  -507.000000 | e:   1.000000 | Q:        nan | won: False 
#  104 | steps:  1060 | steps_t:     0 | t: 0.604929 | r:  -510.000000 | e:   1.000000 | Q:        nan | won: False 
#  105 | steps:  1069 | steps_t:     0 | t: 0.608888 | r:  -508.000000 | e:   1.000000 | Q:        nan | won: False 
#  106 | steps:  1082 | steps_t:     0 | t: 0.614920 | r:  -512.000000 | e:   1.000000 | Q:        nan | won: False 
#  107 | steps:  1096 | steps_t:     0 | t: 0.621498 | r:  -513.000000 | e:   1.000000 | Q:        nan | won: False 
#  108 | steps:  1104 | steps_t:     0 | t: 0.625487 | r:  -507.000000 | e:   1.000000 | Q:        nan | won: False 
#  109 | steps:  1111 | steps_t:     0 | t: 0.630090 | r:  -506.000000 | e:   1.000000 | Q:        nan | won: False 
#  110 | steps:  1125 | steps_t:     0 | t: 0.636086 | r:  -513.000000 | e:   1.000000 | Q:        nan | won: False 
#  111 | steps:  1133 | steps_t:     0 | t: 0.641054 | r:  -507.000000 | e:   1.000000 | Q:        nan | won: False 
#  112 | steps:  1151 | steps_t:     0 | t: 0.649386 | r:  -517.000000 | e:   1.000000 | Q:        nan | won: False 
#  113 | steps:  1160 | steps_t:     0 | t: 0.653554 | r:  -508.000000 | e:   1.000000 | Q:        nan | won: False 
#  114 | steps:  1181 | steps_t:     0 | t: 0.663143 | r:  -520.000000 | e:   1.000000 | Q:        nan | won: False 
#  115 | steps:  1191 | steps_t:     0 | t: 0.667569 | r:  -509.000000 | e:   1.000000 | Q:        nan | won: False 
#  116 | steps:  1204 | steps_t:     0 | t: 0.673558 | r:  -512.000000 | e:   1.000000 | Q:        nan | won: False 
#  117 | steps:  1211 | steps_t:     0 | t: 0.676578 | r:  -506.000000 | e:   1.000000 | Q:        nan | won: False 
#  118 | steps:  1233 | steps_t:     0 | t: 0.686651 | r:  -521.000000 | e:   1.000000 | Q:        nan | won: False 
#  119 | steps:  1240 | steps_t:     0 | t: 0.690511 | r:  -506.000000 | e:   1.000000 | Q:        nan | won: False 
#  120 | steps:  1249 | steps_t:     0 | t: 0.695548 | r:  -508.000000 | e:   1.000000 | Q:        nan | won: False 
#  121 | steps:  1258 | steps_t:     0 | t: 0.701483 | r:  -508.000000 | e:   1.000000 | Q:        nan | won: False 
#  122 | steps:  1266 | steps_t:     0 | t: 0.710491 | r:  -507.000000 | e:   1.000000 | Q:        nan | won: False 
#  123 | steps:  1283 | steps_t:     0 | t: 0.717522 | r:  -516.000000 | e:   1.000000 | Q:        nan | won: False 
#  124 | steps:  1291 | steps_t:     0 | t: 0.722669 | r:  -507.000000 | e:   1.000000 | Q:        nan | won: False 
#  125 | steps:  1300 | steps_t:     0 | t: 0.726532 | r:  -508.000000 | e:   1.000000 | Q:        nan | won: False 
#  126 | steps:  1308 | steps_t:     0 | t: 0.730857 | r:  -507.000000 | e:   1.000000 | Q:        nan | won: False 
#  127 | steps:  1315 | steps_t:     0 | t: 0.734845 | r:  -506.000000 | e:   1.000000 | Q:        nan | won: False 
#  128 | steps:  1328 | steps_t:     0 | t: 0.741875 | r:  -512.000000 | e:   1.000000 | Q:        nan | won: False 
#  129 | steps:  1340 | steps_t:     0 | t: 0.746862 | r:  -511.000000 | e:   1.000000 | Q:        nan | won: False 
#  130 | steps:  1346 | steps_t:     0 | t: 0.749963 | r:  -505.000000 | e:   1.000000 | Q:        nan | won: False 
#  131 | steps:  1354 | steps_t:     0 | t: 0.753941 | r:  -507.000000 | e:   1.000000 | Q:        nan | won: False 
#  132 | steps:  1363 | steps_t:     0 | t: 0.758952 | r:  -508.000000 | e:   1.000000 | Q:        nan | won: False 
#  133 | steps:  1375 | steps_t:     0 | t: 0.763927 | r:  -511.000000 | e:   1.000000 | Q:        nan | won: False 
#  134 | steps:  1384 | steps_t:     0 | t: 0.767868 | r:  -508.000000 | e:   1.000000 | Q:        nan | won: False 
#  135 | steps:  1393 | steps_t:     0 | t: 0.772308 | r:  -508.000000 | e:   1.000000 | Q:        nan | won: False 
#  136 | steps:  1415 | steps_t:     0 | t: 0.782152 | r:  -521.000000 | e:   1.000000 | Q:        nan | won: False 
#  137 | steps:  1423 | steps_t:     0 | t: 0.786117 | r:  -507.000000 | e:   1.000000 | Q:        nan | won: False 
#  138 | steps:  1430 | steps_t:     0 | t: 0.790376 | r:  -506.000000 | e:   1.000000 | Q:        nan | won: False 
#  139 | steps:  1443 | steps_t:     0 | t: 0.796852 | r:  -512.000000 | e:   1.000000 | Q:        nan | won: False 
#  140 | steps:  1454 | steps_t:     0 | t: 0.802696 | r:  -510.000000 | e:   1.000000 | Q:        nan | won: False 
#  141 | steps:  1462 | steps_t:     0 | t: 0.809728 | r:  -507.000000 | e:   1.000000 | Q:        nan | won: False 
#  142 | steps:  1468 | steps_t:     0 | t: 0.812742 | r:  -505.000000 | e:   1.000000 | Q:        nan | won: False 
#  143 | steps:  1478 | steps_t:     0 | t: 0.816743 | r:  -509.000000 | e:   1.000000 | Q:        nan | won: False 
#  144 | steps:  1490 | steps_t:     0 | t: 0.822767 | r:  -511.000000 | e:   1.000000 | Q:        nan | won: False 
#  145 | steps:  1502 | steps_t:     0 | t: 0.827631 | r:  -511.000000 | e:   1.000000 | Q:        nan | won: False 
#  146 | steps:  1524 | steps_t:     0 | t: 0.837656 | r:  -510.000000 | e:   1.000000 | Q:        nan | won: False 
#  147 | steps:  1535 | steps_t:     0 | t: 0.846617 | r:  -510.000000 | e:   1.000000 | Q:        nan | won: False 
#  148 | steps:  1548 | steps_t:     0 | t: 0.853015 | r:  -512.000000 | e:   1.000000 | Q:        nan | won: False 
#  149 | steps:  1557 | steps_t:     0 | t: 0.860918 | r:  -508.000000 | e:   1.000000 | Q:        nan | won: False 
#  150 | steps:  1567 | steps_t:     0 | t: 0.866888 | r:  -509.000000 | e:   1.000000 | Q:        nan | won: False 
#  151 | steps:  1575 | steps_t:     0 | t: 0.871351 | r:  -507.000000 | e:   1.000000 | Q:        nan | won: False 
#  152 | steps:  1583 | steps_t:     0 | t: 0.875409 | r:  -507.000000 | e:   1.000000 | Q:        nan | won: False 
#  153 | steps:  1601 | steps_t:     0 | t: 0.883510 | r:  -517.000000 | e:   1.000000 | Q:        nan | won: False 
#  154 | steps:  1611 | steps_t:     0 | t: 0.889231 | r:  -509.000000 | e:   1.000000 | Q:        nan | won: False 
#  155 | steps:  1618 | steps_t:     0 | t: 0.893314 | r:  -506.000000 | e:   1.000000 | Q:        nan | won: False 
#  156 | steps:  1625 | steps_t:     0 | t: 0.897254 | r:  -506.000000 | e:   1.000000 | Q:        nan | won: False 
#  157 | steps:  1635 | steps_t:     0 | t: 0.901232 | r:  -509.000000 | e:   1.000000 | Q:        nan | won: False 
#  158 | steps:  1640 | steps_t:     0 | t: 0.905173 | r:  -504.000000 | e:   1.000000 | Q:        nan | won: False 
#  159 | steps:  1659 | steps_t:     0 | t: 0.918841 | r:  -518.000000 | e:   1.000000 | Q:        nan | won: False 
#  160 | steps:  1675 | steps_t:     0 | t: 0.931777 | r:  -515.000000 | e:   1.000000 | Q:        nan | won: False 
#  161 | steps:  1688 | steps_t:     0 | t: 0.939742 | r:  -512.000000 | e:   1.000000 | Q:        nan | won: False 
#  162 | steps:  1698 | steps_t:     0 | t: 0.944802 | r:  -509.000000 | e:   1.000000 | Q:        nan | won: False 
#  163 | steps:  1706 | steps_t:     0 | t: 0.949731 | r:  -507.000000 | e:   1.000000 | Q:        nan | won: False 
#  164 | steps:  1714 | steps_t:     0 | t: 0.954687 | r:  -507.000000 | e:   1.000000 | Q:        nan | won: False 
#  165 | steps:  1732 | steps_t:     0 | t: 0.964623 | r:  -517.000000 | e:   1.000000 | Q:        nan | won: False 
#  166 | steps:  1748 | steps_t:     0 | t: 0.973604 | r:  -515.000000 | e:   1.000000 | Q:        nan | won: False 
#  167 | steps:  1758 | steps_t:     0 | t: 0.979523 | r:  -509.000000 | e:   1.000000 | Q:        nan | won: False 
#  168 | steps:  1774 | steps_t:     0 | t: 0.991875 | r:  -515.000000 | e:   1.000000 | Q:        nan | won: False 
#  169 | steps:  1780 | steps_t:     0 | t: 0.994884 | r:  -505.000000 | e:   1.000000 | Q:        nan | won: False 
#  170 | steps:  1797 | steps_t:     0 | t: 1.001857 | r:  -505.000000 | e:   1.000000 | Q:        nan | won: False 
#  171 | steps:  1815 | steps_t:     0 | t: 1.011857 | r:  -517.000000 | e:   1.000000 | Q:        nan | won: False 
#  172 | steps:  1823 | steps_t:     0 | t: 1.015849 | r:  -507.000000 | e:   1.000000 | Q:        nan | won: False 
#  173 | steps:  1832 | steps_t:     0 | t: 1.024827 | r:  -508.000000 | e:   1.000000 | Q:        nan | won: False 
#  174 | steps:  1839 | steps_t:     0 | t: 1.027860 | r:  -506.000000 | e:   1.000000 | Q:        nan | won: False 
#  175 | steps:  1848 | steps_t:     0 | t: 1.032838 | r:  -508.000000 | e:   1.000000 | Q:        nan | won: False 
#  176 | steps:  1858 | steps_t:     0 | t: 1.037791 | r:  -509.000000 | e:   1.000000 | Q:        nan | won: False 
#  177 | steps:  1865 | steps_t:     0 | t: 1.041827 | r:  -506.000000 | e:   1.000000 | Q:        nan | won: False 
#  178 | steps:  1882 | steps_t:     0 | t: 1.049834 | r:  -516.000000 | e:   1.000000 | Q:        nan | won: False 
#  179 | steps:  1898 | steps_t:     0 | t: 1.058022 | r:  -515.000000 | e:   1.000000 | Q:        nan | won: False 
#  180 | steps:  1904 | steps_t:     0 | t: 1.060812 | r:  -505.000000 | e:   1.000000 | Q:        nan | won: False 
#  181 | steps:  1911 | steps_t:     0 | t: 1.065125 | r:  -506.000000 | e:   1.000000 | Q:        nan | won: False 
#  182 | steps:  1921 | steps_t:     0 | t: 1.069726 | r:  -509.000000 | e:   1.000000 | Q:        nan | won: False 
#  183 | steps:  1939 | steps_t:     0 | t: 1.077679 | r:  -517.000000 | e:   1.000000 | Q:        nan | won: False 
#  184 | steps:  1949 | steps_t:     0 | t: 1.083671 | r:  -509.000000 | e:   1.000000 | Q:        nan | won: False 
#  185 | steps:  1959 | steps_t:     0 | t: 1.088943 | r:  -509.000000 | e:   1.000000 | Q:        nan | won: False 
#  186 | steps:  1978 | steps_t:     0 | t: 1.097633 | r:  -507.000000 | e:   1.000000 | Q:        nan | won: False 
#  187 | steps:  1993 | steps_t:     0 | t: 1.105899 | r:  -503.000000 | e:   1.000000 | Q:        nan | won: False 
#  188 | steps:  2001 | steps_t:     0 | t: 1.109623 | r:  -507.000000 | e:   1.000000 | Q:        nan | won: False 
#  189 | steps:  2007 | steps_t:     0 | t: 1.112715 | r:  -505.000000 | e:   1.000000 | Q:        nan | won: False 
#  190 | steps:  2018 | steps_t:     0 | t: 1.118662 | r:  -510.000000 | e:   1.000000 | Q:        nan | won: False 
#  191 | steps:  2026 | steps_t:     0 | t: 1.122751 | r:  -507.000000 | e:   1.000000 | Q:        nan | won: False 
#  192 | steps:  2043 | steps_t:     0 | t: 1.131685 | r:  -505.000000 | e:   1.000000 | Q:        nan | won: False 
#  193 | steps:  2052 | steps_t:     0 | t: 1.135673 | r:  -508.000000 | e:   1.000000 | Q:        nan | won: False 
#  194 | steps:  2062 | steps_t:     0 | t: 1.140662 | r:  -509.000000 | e:   1.000000 | Q:        nan | won: False 
#  195 | steps:  2075 | steps_t:     0 | t: 1.150720 | r:  -512.000000 | e:   1.000000 | Q:        nan | won: False 
#  196 | steps:  2085 | steps_t:     0 | t: 1.155587 | r:  -509.000000 | e:   1.000000 | Q:        nan | won: False 
#  197 | steps:  2090 | steps_t:     0 | t: 1.158612 | r:  -504.000000 | e:   1.000000 | Q:        nan | won: False 
#  198 | steps:  2098 | steps_t:     0 | t: 1.162731 | r:  -507.000000 | e:   1.000000 | Q:        nan | won: False 
#  199 | steps:  2103 | steps_t:     0 | t: 1.165690 | r:  -504.000000 | e:   1.000000 | Q:        nan | won: False 
#  200 | steps:  2122 | steps_t:     0 | t: 1.174697 | r:  -518.000000 | e:   1.000000 | Q:        nan | won: False 
#  201 | steps:  2129 | steps_t:     0 | t: 1.178689 | r:  -506.000000 | e:   1.000000 | Q:        nan | won: False 
#  202 | steps:  2138 | steps_t:     0 | t: 1.183073 | r:  -508.000000 | e:   1.000000 | Q:        nan | won: False 
#  203 | steps:  2144 | steps_t:     0 | t: 1.186963 | r:  -505.000000 | e:   1.000000 | Q:        nan | won: False 
#  204 | steps:  2155 | steps_t:     0 | t: 1.191983 | r:  -510.000000 | e:   1.000000 | Q:        nan | won: False 
#  205 | steps:  2165 | steps_t:     0 | t: 1.196967 | r:  -509.000000 | e:   1.000000 | Q:        nan | won: False 
#  206 | steps:  2170 | steps_t:     0 | t: 1.199959 | r:  -504.000000 | e:   1.000000 | Q:        nan | won: False 
#  207 | steps:  2249 | steps_t:     0 | t: 1.233835 | r:  -567.000000 | e:   1.000000 | Q:        nan | won: False 
#  208 | steps:  2258 | steps_t:     0 | t: 1.238822 | r:  -508.000000 | e:   1.000000 | Q:        nan | won: False 
#  209 | steps:  2265 | steps_t:     0 | t: 1.242769 | r:  -506.000000 | e:   1.000000 | Q:        nan | won: False 
#  210 | steps:  2274 | steps_t:     0 | t: 1.246731 | r:  -508.000000 | e:   1.000000 | Q:        nan | won: False 
#  211 | steps:  2281 | steps_t:     0 | t: 1.249804 | r:  -506.000000 | e:   1.000000 | Q:        nan | won: False 
#  212 | steps:  2307 | steps_t:     0 | t: 1.261708 | r:  -514.000000 | e:   1.000000 | Q:        nan | won: False 
#  213 | steps:  2313 | steps_t:     0 | t: 1.265332 | r:  -505.000000 | e:   1.000000 | Q:        nan | won: False 
#  214 | steps:  2337 | steps_t:     0 | t: 1.276213 | r:  -523.000000 | e:   1.000000 | Q:        nan | won: False 
#  215 | steps:  2359 | steps_t:     0 | t: 1.286187 | r:  -521.000000 | e:   1.000000 | Q:        nan | won: False 
#  216 | steps:  2369 | steps_t:     0 | t: 1.291206 | r:  -509.000000 | e:   1.000000 | Q:        nan | won: False 
#  217 | steps:  2377 | steps_t:     0 | t: 1.295136 | r:  -507.000000 | e:   1.000000 | Q:        nan | won: False 
#  218 | steps:  2403 | steps_t:     0 | t: 1.308171 | r:  -525.000000 | e:   1.000000 | Q:        nan | won: False 
#  219 | steps:  2413 | steps_t:     0 | t: 1.312283 | r:  -509.000000 | e:   1.000000 | Q:        nan | won: False 
#  220 | steps:  2421 | steps_t:     0 | t: 1.316196 | r:  -507.000000 | e:   1.000000 | Q:        nan | won: False 
#  221 | steps:  2428 | steps_t:     0 | t: 1.320160 | r:  -506.000000 | e:   1.000000 | Q:        nan | won: False 
#  222 | steps:  2439 | steps_t:     0 | t: 1.327624 | r:  -510.000000 | e:   1.000000 | Q:        nan | won: False 
#  223 | steps:  2464 | steps_t:     0 | t: 1.339291 | r:  -524.000000 | e:   1.000000 | Q:        nan | won: False 
#  224 | steps:  2479 | steps_t:     0 | t: 1.346339 | r:  -514.000000 | e:   1.000000 | Q:        nan | won: False 
#  225 | steps:  2489 | steps_t:     0 | t: 1.351760 | r:  -509.000000 | e:   1.000000 | Q:        nan | won: False 
#  226 | steps:  2499 | steps_t:     0 | t: 1.361444 | r:  -509.000000 | e:   1.000000 | Q:        nan | won: False 
#  227 | steps:  2508 | steps_t:     0 | t: 1.370448 | r:  -508.000000 | e:   1.000000 | Q:        nan | won: False 
#  228 | steps:  2516 | steps_t:     0 | t: 1.377101 | r:  -507.000000 | e:   1.000000 | Q:        nan | won: False 
#  229 | steps:  2534 | steps_t:     0 | t: 1.384381 | r:  -506.000000 | e:   1.000000 | Q:        nan | won: False 
#  230 | steps:  2542 | steps_t:     0 | t: 1.390367 | r:  -507.000000 | e:   1.000000 | Q:        nan | won: False 
#  231 | steps:  2557 | steps_t:     0 | t: 1.398375 | r:  -514.000000 | e:   1.000000 | Q:        nan | won: False 
#  232 | steps:  2564 | steps_t:     0 | t: 1.401370 | r:  -506.000000 | e:   1.000000 | Q:        nan | won: False 
#  233 | steps:  2573 | steps_t:     0 | t: 1.407557 | r:  -508.000000 | e:   1.000000 | Q:        nan | won: False 
#  234 | steps:  2587 | steps_t:     0 | t: 1.413660 | r:  -513.000000 | e:   1.000000 | Q:        nan | won: False 
#  235 | steps:  2594 | steps_t:     0 | t: 1.416684 | r:  -506.000000 | e:   1.000000 | Q:        nan | won: False 
#  236 | steps:  2609 | steps_t:     0 | t: 1.424916 | r:  -503.000000 | e:   1.000000 | Q:        nan | won: False 
#  237 | steps:  2618 | steps_t:     0 | t: 1.428776 | r:  -508.000000 | e:   1.000000 | Q:        nan | won: False 
#  238 | steps:  2627 | steps_t:     0 | t: 1.432847 | r:  -508.000000 | e:   1.000000 | Q:        nan | won: False 
#  239 | steps:  2635 | steps_t:     0 | t: 1.436846 | r:  -507.000000 | e:   1.000000 | Q:        nan | won: False 
#  240 | steps:  2640 | steps_t:     0 | t: 1.439748 | r:  -504.000000 | e:   1.000000 | Q:        nan | won: False 
#  241 | steps:  2648 | steps_t:     0 | t: 1.444005 | r:  -507.000000 | e:   1.000000 | Q:        nan | won: False 
#  242 | steps:  2654 | steps_t:     0 | t: 1.447173 | r:  -505.000000 | e:   1.000000 | Q:        nan | won: False 
#  243 | steps:  2670 | steps_t:     0 | t: 1.453993 | r:  -515.000000 | e:   1.000000 | Q:        nan | won: False 
#  244 | steps:  2687 | steps_t:     0 | t: 1.461922 | r:  -516.000000 | e:   1.000000 | Q:        nan | won: False 
#  245 | steps:  2695 | steps_t:     0 | t: 1.464999 | r:  -507.000000 | e:   1.000000 | Q:        nan | won: False 
#  246 | steps:  2708 | steps_t:     0 | t: 1.472893 | r:  -512.000000 | e:   1.000000 | Q:        nan | won: False 
#  247 | steps:  2714 | steps_t:     0 | t: 1.476894 | r:  -505.000000 | e:   1.000000 | Q:        nan | won: False 
#  248 | steps:  2719 | steps_t:     0 | t: 1.479874 | r:  -504.000000 | e:   1.000000 | Q:        nan | won: False 
#  249 | steps:  2734 | steps_t:     0 | t: 1.484860 | r:  -514.000000 | e:   1.000000 | Q:        nan | won: False 
#  250 | steps:  2743 | steps_t:     0 | t: 1.489847 | r:  -508.000000 | e:   1.000000 | Q:        nan | won: False 
#  251 | steps:  2757 | steps_t:     0 | t: 1.495831 | r:  -513.000000 | e:   1.000000 | Q:        nan | won: False 
#  252 | steps:  2768 | steps_t:     0 | t: 1.499847 | r:  -510.000000 | e:   1.000000 | Q:        nan | won: False 
#  253 | steps:  2776 | steps_t:     0 | t: 1.502955 | r:  -507.000000 | e:   1.000000 | Q:        nan | won: False 
#  254 | steps:  2785 | steps_t:     0 | t: 1.507799 | r:  -508.000000 | e:   1.000000 | Q:        nan | won: False 
#  255 | steps:  2792 | steps_t:     0 | t: 1.510791 | r:  -506.000000 | e:   1.000000 | Q:        nan | won: False 
#  256 | steps:  2799 | steps_t:     0 | t: 1.512786 | r:  -506.000000 | e:   1.000000 | Q:        nan | won: False 
#  257 | steps:  2822 | steps_t:     0 | t: 1.522738 | r:  -522.000000 | e:   1.000000 | Q:        nan | won: False 
#  258 | steps:  2831 | steps_t:     0 | t: 1.526807 | r:  -508.000000 | e:   1.000000 | Q:        nan | won: False 
#  259 | steps:  2837 | steps_t:     0 | t: 1.529708 | r:  -505.000000 | e:   1.000000 | Q:        nan | won: False 
#  260 | steps:  2849 | steps_t:     0 | t: 1.533781 | r:  -511.000000 | e:   1.000000 | Q:        nan | won: False 
#  261 | steps:  2855 | steps_t:     0 | t: 1.537772 | r:  -505.000000 | e:   1.000000 | Q:        nan | won: False 
#  262 | steps:  2864 | steps_t:     0 | t: 1.543756 | r:  -508.000000 | e:   1.000000 | Q:        nan | won: False 
#  263 | steps:  2875 | steps_t:     0 | t: 1.549742 | r:  -510.000000 | e:   1.000000 | Q:        nan | won: False 
#  264 | steps:  2882 | steps_t:     0 | t: 1.552732 | r:  -506.000000 | e:   1.000000 | Q:        nan | won: False 
#  265 | steps:  2903 | steps_t:     0 | t: 1.564060 | r:  -520.000000 | e:   1.000000 | Q:        nan | won: False 
#  266 | steps:  2915 | steps_t:     0 | t: 1.569047 | r:  -511.000000 | e:   1.000000 | Q:        nan | won: False 
#  267 | steps:  2928 | steps_t:     0 | t: 1.575032 | r:  -512.000000 | e:   1.000000 | Q:        nan | won: False 
#  268 | steps:  2940 | steps_t:     0 | t: 1.580095 | r:  -511.000000 | e:   1.000000 | Q:        nan | won: False 
#  269 | steps:  2947 | steps_t:     0 | t: 1.584956 | r:  -506.000000 | e:   1.000000 | Q:        nan | won: False 
#  270 | steps:  2960 | steps_t:     0 | t: 1.591034 | r:  -512.000000 | e:   1.000000 | Q:        nan | won: False 
#  271 | steps:  2983 | steps_t:     0 | t: 1.600012 | r:  -511.000000 | e:   1.000000 | Q:        nan | won: False 
#  272 | steps:  2997 | steps_t:     0 | t: 1.608047 | r:  -513.000000 | e:   1.000000 | Q:        nan | won: False 
#  273 | steps:  3014 | steps_t:     0 | t: 1.615998 | r:  -516.000000 | e:   1.000000 | Q:        nan | won: False 
#  274 | steps:  3026 | steps_t:     0 | t: 1.621982 | r:  -511.000000 | e:   1.000000 | Q:        nan | won: False 
#  275 | steps:  3035 | steps_t:     0 | t: 1.629960 | r:  -508.000000 | e:   1.000000 | Q:        nan | won: False 
#  276 | steps:  3042 | steps_t:     0 | t: 1.636014 | r:  -506.000000 | e:   1.000000 | Q:        nan | won: False 
#  277 | steps:  3049 | steps_t:     0 | t: 1.640930 | r:  -506.000000 | e:   1.000000 | Q:        nan | won: False 
#  278 | steps:  3056 | steps_t:     0 | t: 1.645916 | r:  -506.000000 | e:   1.000000 | Q:        nan | won: False 
#  279 | steps:  3066 | steps_t:     0 | t: 1.651933 | r:  -509.000000 | e:   1.000000 | Q:        nan | won: False 
#  280 | steps:  3079 | steps_t:     0 | t: 1.663756 | r:  -512.000000 | e:   1.000000 | Q:        nan | won: False 
#  281 | steps:  3100 | steps_t:     0 | t: 1.676323 | r:  -520.000000 | e:   1.000000 | Q:        nan | won: False 
#  282 | steps:  3118 | steps_t:     0 | t: 1.684304 | r:  -517.000000 | e:   1.000000 | Q:        nan | won: False 
#  283 | steps:  3124 | steps_t:     0 | t: 1.688199 | r:  -505.000000 | e:   1.000000 | Q:        nan | won: False 
#  284 | steps:  3141 | steps_t:     0 | t: 1.700060 | r:  -516.000000 | e:   1.000000 | Q:        nan | won: False 
#  285 | steps:  3148 | steps_t:     0 | t: 1.705048 | r:  -506.000000 | e:   1.000000 | Q:        nan | won: False 
#  286 | steps:  3164 | steps_t:     0 | t: 1.713025 | r:  -515.000000 | e:   1.000000 | Q:        nan | won: False 
#  287 | steps:  3180 | steps_t:     0 | t: 1.721005 | r:  -515.000000 | e:   1.000000 | Q:        nan | won: False 
#  288 | steps:  3194 | steps_t:     0 | t: 1.728058 | r:  -513.000000 | e:   1.000000 | Q:        nan | won: False 
#  289 | steps:  3216 | steps_t:     0 | t: 1.739402 | r:  -521.000000 | e:   1.000000 | Q:        nan | won: False 
#  290 | steps:  3224 | steps_t:     0 | t: 1.744389 | r:  -507.000000 | e:   1.000000 | Q:        nan | won: False 
#  291 | steps:  3242 | steps_t:     0 | t: 1.753365 | r:  -517.000000 | e:   1.000000 | Q:        nan | won: False 
#  292 | steps:  3267 | steps_t:     0 | t: 1.765409 | r:  -524.000000 | e:   1.000000 | Q:        nan | won: False 
#  293 | steps:  3273 | steps_t:     0 | t: 1.768404 | r:  -505.000000 | e:   1.000000 | Q:        nan | won: False 
#  294 | steps:  3280 | steps_t:     0 | t: 1.772394 | r:  -506.000000 | e:   1.000000 | Q:        nan | won: False 
#  295 | steps:  3295 | steps_t:     0 | t: 1.779465 | r:  -514.000000 | e:   1.000000 | Q:        nan | won: False 
#  296 | steps:  3302 | steps_t:     0 | t: 1.783404 | r:  -506.000000 | e:   1.000000 | Q:        nan | won: False 
#  297 | steps:  3310 | steps_t:     0 | t: 1.787354 | r:  -507.000000 | e:   1.000000 | Q:        nan | won: False 
#  298 | steps:  3321 | steps_t:     0 | t: 1.794335 | r:  -510.000000 | e:   1.000000 | Q:        nan | won: False 
#  299 | steps:  3342 | steps_t:     0 | t: 1.803458 | r:  -520.000000 | e:   1.000000 | Q:        nan | won: False 
#  300 | steps:  3349 | steps_t:     0 | t: 1.807485 | r:  -506.000000 | e:   1.000000 | Q:        nan | won: False 
#  301 | steps:  3359 | steps_t:     0 | t: 1.812535 | r:  -509.000000 | e:   1.000000 | Q:        nan | won: False 
#  302 | steps:  3367 | steps_t:     0 | t: 1.817476 | r:  -507.000000 | e:   1.000000 | Q:        nan | won: False 
#  303 | steps:  3374 | steps_t:     0 | t: 1.820420 | r:  -506.000000 | e:   1.000000 | Q:        nan | won: False 
#  304 | steps:  3389 | steps_t:     0 | t: 1.828397 | r:  -514.000000 | e:   1.000000 | Q:        nan | won: False 
#  305 | steps:  3411 | steps_t:     0 | t: 1.838369 | r:  -521.000000 | e:   1.000000 | Q:        nan | won: False 
#  306 | steps:  3426 | steps_t:     0 | t: 1.845419 | r:  -514.000000 | e:   1.000000 | Q:        nan | won: False 
#  307 | steps:  3451 | steps_t:     0 | t: 1.857124 | r:  -524.000000 | e:   1.000000 | Q:        nan | won: False 
#  308 | steps:  3458 | steps_t:     0 | t: 1.860150 | r:  -506.000000 | e:   1.000000 | Q:        nan | won: False 
#  309 | steps:  3467 | steps_t:     0 | t: 1.865148 | r:  -508.000000 | e:   1.000000 | Q:        nan | won: False 
#  310 | steps:  3477 | steps_t:     0 | t: 1.871262 | r:  -509.000000 | e:   1.000000 | Q:        nan | won: False 
#  311 | steps:  3499 | steps_t:     0 | t: 1.883121 | r:  -521.000000 | e:   1.000000 | Q:        nan | won: False 
#  312 | steps:  3508 | steps_t:     0 | t: 1.886995 | r:  -508.000000 | e:   1.000000 | Q:        nan | won: False 
#  313 | steps:  3516 | steps_t:     0 | t: 1.891979 | r:  -507.000000 | e:   1.000000 | Q:        nan | won: False 
#  314 | steps:  3532 | steps_t:     0 | t: 1.904974 | r:  -515.000000 | e:   1.000000 | Q:        nan | won: False 
#  315 | steps:  3540 | steps_t:     0 | t: 1.908962 | r:  -507.000000 | e:   1.000000 | Q:        nan | won: False 
#  316 | steps:  3553 | steps_t:     0 | t: 1.915946 | r:  -512.000000 | e:   1.000000 | Q:        nan | won: False 
#  317 | steps:  3570 | steps_t:     0 | t: 1.927933 | r:  -516.000000 | e:   1.000000 | Q:        nan | won: False 
#  318 | steps:  3588 | steps_t:     0 | t: 1.936896 | r:  -517.000000 | e:   1.000000 | Q:        nan | won: False 
#  319 | steps:  3596 | steps_t:     0 | t: 1.940916 | r:  -507.000000 | e:   1.000000 | Q:        nan | won: False 
#  320 | steps:  3607 | steps_t:     0 | t: 1.945914 | r:  -510.000000 | e:   1.000000 | Q:        nan | won: False 
#  321 | steps:  3619 | steps_t:     0 | t: 1.951887 | r:  -511.000000 | e:   1.000000 | Q:        nan | won: False 
#  322 | steps:  3627 | steps_t:     0 | t: 1.956912 | r:  -507.000000 | e:   1.000000 | Q:        nan | won: False 
#  323 | steps:  3637 | steps_t:     0 | t: 1.964933 | r:  -509.000000 | e:   1.000000 | Q:        nan | won: False 
#  324 | steps:  3647 | steps_t:     0 | t: 1.970045 | r:  -509.000000 | e:   1.000000 | Q:        nan | won: False 
#  325 | steps:  3658 | steps_t:     0 | t: 1.977309 | r:  -510.000000 | e:   1.000000 | Q:        nan | won: False 
#  326 | steps:  3667 | steps_t:     0 | t: 1.985077 | r:  -508.000000 | e:   1.000000 | Q:        nan | won: False 
#  327 | steps:  3675 | steps_t:     0 | t: 1.993005 | r:  -507.000000 | e:   1.000000 | Q:        nan | won: False 
#  328 | steps:  3681 | steps_t:     0 | t: 1.995969 | r:  -505.000000 | e:   1.000000 | Q:        nan | won: False 
#  329 | steps:  3687 | steps_t:     0 | t: 1.998961 | r:  -505.000000 | e:   1.000000 | Q:        nan | won: False 
#  330 | steps:  3702 | steps_t:     0 | t: 2.005954 | r:  -514.000000 | e:   1.000000 | Q:        nan | won: False 
#  331 | steps:  3711 | steps_t:     0 | t: 2.009897 | r:  -508.000000 | e:   1.000000 | Q:        nan | won: False 
#  332 | steps:  3728 | steps_t:     0 | t: 2.017907 | r:  -516.000000 | e:   1.000000 | Q:        nan | won: False 
#  333 | steps:  3735 | steps_t:     0 | t: 2.021918 | r:  -506.000000 | e:   1.000000 | Q:        nan | won: False 
#  334 | steps:  3746 | steps_t:     0 | t: 2.027884 | r:  -510.000000 | e:   1.000000 | Q:        nan | won: False 
#  335 | steps:  3760 | steps_t:     0 | t: 2.033870 | r:  -513.000000 | e:   1.000000 | Q:        nan | won: False 
#  336 | steps:  3770 | steps_t:     0 | t: 2.039819 | r:  -509.000000 | e:   1.000000 | Q:        nan | won: False 
#  337 | steps:  3778 | steps_t:     0 | t: 2.043841 | r:  -507.000000 | e:   1.000000 | Q:        nan | won: False 
#  338 | steps:  3795 | steps_t:     0 | t: 2.051786 | r:  -516.000000 | e:   1.000000 | Q:        nan | won: False 
#  339 | steps:  3805 | steps_t:     0 | t: 2.057123 | r:  -509.000000 | e:   1.000000 | Q:        nan | won: False 
#  340 | steps:  3816 | steps_t:     0 | t: 2.062078 | r:  -510.000000 | e:   1.000000 | Q:        nan | won: False 
#  341 | steps:  3825 | steps_t:     0 | t: 2.066119 | r:  -508.000000 | e:   1.000000 | Q:        nan | won: False 
#  342 | steps:  3831 | steps_t:     0 | t: 2.069090 | r:  -505.000000 | e:   1.000000 | Q:        nan | won: False 
#  343 | steps:  3841 | steps_t:     0 | t: 2.075085 | r:  -509.000000 | e:   1.000000 | Q:        nan | won: False 
#  344 | steps:  3849 | steps_t:     0 | t: 2.079048 | r:  -507.000000 | e:   1.000000 | Q:        nan | won: False 
#  345 | steps:  3860 | steps_t:     0 | t: 2.084074 | r:  -510.000000 | e:   1.000000 | Q:        nan | won: False 
#  346 | steps:  3870 | steps_t:     0 | t: 2.088573 | r:  -509.000000 | e:   1.000000 | Q:        nan | won: False 
#  347 | steps:  3881 | steps_t:     0 | t: 2.095527 | r:  -510.000000 | e:   1.000000 | Q:        nan | won: False 
#  348 | steps:  3890 | steps_t:     0 | t: 2.099563 | r:  -508.000000 | e:   1.000000 | Q:        nan | won: False 
#  349 | steps:  3896 | steps_t:     0 | t: 2.101556 | r:  -505.000000 | e:   1.000000 | Q:        nan | won: False 
#  350 | steps:  3901 | steps_t:     0 | t: 2.106519 | r:  -504.000000 | e:   1.000000 | Q:        nan | won: False 
#  351 | steps:  3920 | steps_t:     0 | t: 2.115473 | r:  -518.000000 | e:   1.000000 | Q:        nan | won: False 
#  352 | steps:  3944 | steps_t:     0 | t: 2.125510 | r:  -523.000000 | e:   1.000000 | Q:        nan | won: False 
#  353 | steps:  3959 | steps_t:     0 | t: 2.131513 | r:  -514.000000 | e:   1.000000 | Q:        nan | won: False 
#  354 | steps:  3967 | steps_t:     0 | t: 2.136147 | r:  -507.000000 | e:   1.000000 | Q:        nan | won: False 
#  355 | steps:  3973 | steps_t:     0 | t: 2.140795 | r:  -505.000000 | e:   1.000000 | Q:        nan | won: False 
#  356 | steps:  3984 | steps_t:     0 | t: 2.146497 | r:  -510.000000 | e:   1.000000 | Q:        nan | won: False 
#  357 | steps:  3994 | steps_t:     0 | t: 2.152481 | r:  -509.000000 | e:   1.000000 | Q:        nan | won: False 
#  358 | steps:  4003 | steps_t:     0 | t: 2.156398 | r:  -508.000000 | e:   1.000000 | Q:        nan | won: False 
#  359 | steps:  4016 | steps_t:     0 | t: 2.163399 | r:  -512.000000 | e:   1.000000 | Q:        nan | won: False 
#  360 | steps:  4026 | steps_t:     0 | t: 2.168386 | r:  -509.000000 | e:   1.000000 | Q:        nan | won: False 
#  361 | steps:  4042 | steps_t:     0 | t: 2.175364 | r:  -515.000000 | e:   1.000000 | Q:        nan | won: False 
#  362 | steps:  4050 | steps_t:     0 | t: 2.179407 | r:  -507.000000 | e:   1.000000 | Q:        nan | won: False 
#  363 | steps:  4058 | steps_t:     0 | t: 2.182648 | r:  -507.000000 | e:   1.000000 | Q:        nan | won: False 
#  364 | steps:  4066 | steps_t:     0 | t: 2.188352 | r:  -507.000000 | e:   1.000000 | Q:        nan | won: False 
#  365 | steps:  4080 | steps_t:     0 | t: 2.195396 | r:  -513.000000 | e:   1.000000 | Q:        nan | won: False 
#  366 | steps:  4088 | steps_t:     0 | t: 2.199353 | r:  -507.000000 | e:   1.000000 | Q:        nan | won: False 
#  367 | steps:  4100 | steps_t:     0 | t: 2.204374 | r:  -511.000000 | e:   1.000000 | Q:        nan | won: False 
#  368 | steps:  4112 | steps_t:     0 | t: 2.211306 | r:  -511.000000 | e:   1.000000 | Q:        nan | won: False 
#  369 | steps:  4126 | steps_t:     0 | t: 2.218305 | r:  -513.000000 | e:   1.000000 | Q:        nan | won: False 
#  370 | steps:  4141 | steps_t:     0 | t: 2.226359 | r:  -514.000000 | e:   1.000000 | Q:        nan | won: False 
#  371 | steps:  4148 | steps_t:     0 | t: 2.230482 | r:  -506.000000 | e:   1.000000 | Q:        nan | won: False 
#  372 | steps:  4162 | steps_t:     0 | t: 2.236562 | r:  -513.000000 | e:   1.000000 | Q:        nan | won: False 
#  373 | steps:  4169 | steps_t:     0 | t: 2.240589 | r:  -506.000000 | e:   1.000000 | Q:        nan | won: False 
#  374 | steps:  4179 | steps_t:     0 | t: 2.245540 | r:  -509.000000 | e:   1.000000 | Q:        nan | won: False 
#  375 | steps:  4187 | steps_t:     0 | t: 2.251552 | r:  -507.000000 | e:   1.000000 | Q:        nan | won: False 
#  376 | steps:  4198 | steps_t:     0 | t: 2.258661 | r:  -510.000000 | e:   1.000000 | Q:        nan | won: False 
#  377 | steps:  4207 | steps_t:     0 | t: 2.262649 | r:  -508.000000 | e:   1.000000 | Q:        nan | won: False 
#  378 | steps:  4224 | steps_t:     0 | t: 2.270277 | r:  -516.000000 | e:   1.000000 | Q:        nan | won: False 
#  379 | steps:  4236 | steps_t:     0 | t: 2.276623 | r:  -511.000000 | e:   1.000000 | Q:        nan | won: False 
#  380 | steps:  4241 | steps_t:     0 | t: 2.279604 | r:  -504.000000 | e:   1.000000 | Q:        nan | won: False 
#  381 | steps:  4249 | steps_t:     0 | t: 2.283614 | r:  -507.000000 | e:   1.000000 | Q:        nan | won: False 
#  382 | steps:  4260 | steps_t:     0 | t: 2.289546 | r:  -510.000000 | e:   1.000000 | Q:        nan | won: False 
#  383 | steps:  4285 | steps_t:     0 | t: 2.300560 | r:  -513.000000 | e:   1.000000 | Q:        nan | won: False 
#  384 | steps:  4301 | steps_t:     0 | t: 2.308569 | r:  -515.000000 | e:   1.000000 | Q:        nan | won: False 
#  385 | steps:  4312 | steps_t:     0 | t: 2.313526 | r:  -510.000000 | e:   1.000000 | Q:        nan | won: False 
#  386 | steps:  4321 | steps_t:     0 | t: 2.317969 | r:  -508.000000 | e:   1.000000 | Q:        nan | won: False 
#  387 | steps:  4327 | steps_t:     0 | t: 2.320950 | r:  -505.000000 | e:   1.000000 | Q:        nan | won: False 
#  388 | steps:  4338 | steps_t:     0 | t: 2.327137 | r:  -510.000000 | e:   1.000000 | Q:        nan | won: False 
#  389 | steps:  4349 | steps_t:     0 | t: 2.332133 | r:  -510.000000 | e:   1.000000 | Q:        nan | won: False 
#  390 | steps:  4357 | steps_t:     0 | t: 2.336946 | r:  -507.000000 | e:   1.000000 | Q:        nan | won: False 
#  391 | steps:  4373 | steps_t:     0 | t: 2.344755 | r:  -515.000000 | e:   1.000000 | Q:        nan | won: False 
#  392 | steps:  4383 | steps_t:     0 | t: 2.349429 | r:  -509.000000 | e:   1.000000 | Q:        nan | won: False 
#  393 | steps:  4390 | steps_t:     0 | t: 2.353619 | r:  -506.000000 | e:   1.000000 | Q:        nan | won: False 
#  394 | steps:  4406 | steps_t:     0 | t: 2.361516 | r:  -515.000000 | e:   1.000000 | Q:        nan | won: False 
#  395 | steps:  4416 | steps_t:     0 | t: 2.366502 | r:  -509.000000 | e:   1.000000 | Q:        nan | won: False 
#  396 | steps:  4422 | steps_t:     0 | t: 2.370522 | r:  -505.000000 | e:   1.000000 | Q:        nan | won: False 
#  397 | steps:  4429 | steps_t:     0 | t: 2.380527 | r:  -506.000000 | e:   1.000000 | Q:        nan | won: False 
#  398 | steps:  4439 | steps_t:     0 | t: 2.385650 | r:  -509.000000 | e:   1.000000 | Q:        nan | won: False 
#  399 | steps:  4448 | steps_t:     0 | t: 2.389472 | r:  -508.000000 | e:   1.000000 | Q:        nan | won: False 
#  400 | steps:  4468 | steps_t:     0 | t: 2.399415 | r:  -519.000000 | e:   1.000000 | Q:        nan | won: False 
#  401 | steps:  4481 | steps_t:     0 | t: 2.405368 | r:  -512.000000 | e:   1.000000 | Q:        nan | won: False 
#  402 | steps:  4498 | steps_t:     0 | t: 2.414376 | r:  -516.000000 | e:   1.000000 | Q:        nan | won: False 
#  403 | steps:  4511 | steps_t:     0 | t: 2.420326 | r:  -512.000000 | e:   1.000000 | Q:        nan | won: False 
#  404 | steps:  4522 | steps_t:     0 | t: 2.426342 | r:  -510.000000 | e:   1.000000 | Q:        nan | won: False 
#  405 | steps:  4531 | steps_t:     0 | t: 2.431635 | r:  -508.000000 | e:   1.000000 | Q:        nan | won: False 
#  406 | steps:  4539 | steps_t:     0 | t: 2.435624 | r:  -507.000000 | e:   1.000000 | Q:        nan | won: False 
#  407 | steps:  4549 | steps_t:     0 | t: 2.442680 | r:  -509.000000 | e:   1.000000 | Q:        nan | won: False 
#  408 | steps:  4555 | steps_t:     0 | t: 2.445597 | r:  -505.000000 | e:   1.000000 | Q:        nan | won: False 
#  409 | steps:  4563 | steps_t:     0 | t: 2.449587 | r:  -507.000000 | e:   1.000000 | Q:        nan | won: False 
#  410 | steps:  4571 | steps_t:     0 | t: 2.454573 | r:  -507.000000 | e:   1.000000 | Q:        nan | won: False 
#  411 | steps:  4584 | steps_t:     0 | t: 2.460812 | r:  -512.000000 | e:   1.000000 | Q:        nan | won: False 
#  412 | steps:  4593 | steps_t:     0 | t: 2.465798 | r:  -508.000000 | e:   1.000000 | Q:        nan | won: False 
#  413 | steps:  4600 | steps_t:     0 | t: 2.470038 | r:  -506.000000 | e:   1.000000 | Q:        nan | won: False 
#  414 | steps:  4637 | steps_t:     0 | t: 2.486957 | r:  -525.000000 | e:   1.000000 | Q:        nan | won: False 
#  415 | steps:  4651 | steps_t:     0 | t: 2.494680 | r:  -491.000000 | e:   1.000000 | Q:        nan | won: False 
#  416 | steps:  4672 | steps_t:     0 | t: 2.505853 | r:  -520.000000 | e:   1.000000 | Q:        nan | won: False 
#  417 | steps:  4685 | steps_t:     0 | t: 2.513835 | r:  -512.000000 | e:   1.000000 | Q:        nan | won: False 
#  418 | steps:  4694 | steps_t:     0 | t: 2.518821 | r:  -508.000000 | e:   1.000000 | Q:        nan | won: False 
#  419 | steps:  4712 | steps_t:     0 | t: 2.527798 | r:  -517.000000 | e:   1.000000 | Q:        nan | won: False 
#  420 | steps:  4719 | steps_t:     0 | t: 2.530794 | r:  -506.000000 | e:   1.000000 | Q:        nan | won: False 
#  421 | steps:  4729 | steps_t:     0 | t: 2.535971 | r:  -509.000000 | e:   1.000000 | Q:        nan | won: False 
#  422 | steps:  4748 | steps_t:     0 | t: 2.545935 | r:  -518.000000 | e:   1.000000 | Q:        nan | won: False 
#  423 | steps:  4763 | steps_t:     0 | t: 2.552983 | r:  -492.000000 | e:   1.000000 | Q:        nan | won: False 
#  424 | steps:  4774 | steps_t:     0 | t: 2.562558 | r:  -510.000000 | e:   1.000000 | Q:        nan | won: False 
#  425 | steps:  4783 | steps_t:     0 | t: 2.567471 | r:  -508.000000 | e:   1.000000 | Q:        nan | won: False 
#  426 | steps:  4792 | steps_t:     0 | t: 2.574450 | r:  -508.000000 | e:   1.000000 | Q:        nan | won: False 
#  427 | steps:  4802 | steps_t:     0 | t: 2.578003 | r:  -509.000000 | e:   1.000000 | Q:        nan | won: False 
#  428 | steps:  4812 | steps_t:     0 | t: 2.582068 | r:  -509.000000 | e:   1.000000 | Q:        nan | won: False 
#  429 | steps:  4819 | steps_t:     0 | t: 2.585115 | r:  -506.000000 | e:   1.000000 | Q:        nan | won: False 
#  430 | steps:  4836 | steps_t:     0 | t: 2.592713 | r:  -516.000000 | e:   1.000000 | Q:        nan | won: False 
#  431 | steps:  4843 | steps_t:     0 | t: 2.596702 | r:  -506.000000 | e:   1.000000 | Q:        nan | won: False 
#  432 | steps:  4853 | steps_t:     0 | t: 2.600680 | r:  -509.000000 | e:   1.000000 | Q:        nan | won: False 
#  433 | steps:  4865 | steps_t:     0 | t: 2.606664 | r:  -511.000000 | e:   1.000000 | Q:        nan | won: False 
#  434 | steps:  4873 | steps_t:     0 | t: 2.610204 | r:  -507.000000 | e:   1.000000 | Q:        nan | won: False 
#  435 | steps:  4881 | steps_t:     0 | t: 2.617185 | r:  -507.000000 | e:   1.000000 | Q:        nan | won: False 
#  436 | steps:  4890 | steps_t:     0 | t: 2.621740 | r:  -508.000000 | e:   1.000000 | Q:        nan | won: False 
#  437 | steps:  4897 | steps_t:     0 | t: 2.625729 | r:  -506.000000 | e:   1.000000 | Q:        nan | won: False 
#  438 | steps:  4912 | steps_t:     0 | t: 2.631844 | r:  -514.000000 | e:   1.000000 | Q:        nan | won: False 
#  439 | steps:  4918 | steps_t:     0 | t: 2.635866 | r:  -505.000000 | e:   1.000000 | Q:        nan | won: False 
#  440 | steps:  4928 | steps_t:     0 | t: 2.640821 | r:  -509.000000 | e:   1.000000 | Q:        nan | won: False 
#  441 | steps:  4934 | steps_t:     0 | t: 2.643845 | r:  -505.000000 | e:   1.000000 | Q:        nan | won: False 
#  442 | steps:  4941 | steps_t:     0 | t: 2.647827 | r:  -506.000000 | e:   1.000000 | Q:        nan | won: False 
#  443 | steps:  4957 | steps_t:     0 | t: 2.654824 | r:  -515.000000 | e:   1.000000 | Q:        nan | won: False 
#  444 | steps:  4971 | steps_t:     0 | t: 2.660840 | r:  -513.000000 | e:   1.000000 | Q:        nan | won: False 
#  445 | steps:  4981 | steps_t:     0 | t: 2.665826 | r:  -509.000000 | e:   1.000000 | Q:        nan | won: False 
#  446 | steps:  4991 | steps_t:     0 | t: 2.670192 | r:  -509.000000 | e:   1.000000 | Q:        nan | won: False 
#  447 | steps:  5000 | steps_t:     0 | t: 2.675182 | r:  -508.000000 | e:   1.000000 | Q:        nan | won: False 
