#    1 | steps:    19 | steps_t:     0 | t: 0.026791 | r:  -518.000000 | e:   1.000000 | Q:        nan | won: False 
#    2 | steps:    25 | steps_t:     0 | t: 0.029817 | r:  -505.000000 | e:   1.000000 | Q:        nan | won: False 
#    3 | steps:    46 | steps_t:     0 | t: 0.039757 | r:  -520.000000 | e:   1.000000 | Q:        nan | won: False 
#    4 | steps:    60 | steps_t:     0 | t: 0.046767 | r:  -502.000000 | e:   1.000000 | Q:        nan | won: False 
#    5 | steps:    75 | steps_t:     0 | t: 0.054718 | r:  -514.000000 | e:   1.000000 | Q:        nan | won: False 
#    6 | steps:    81 | steps_t:     0 | t: 0.057747 | r:  -505.000000 | e:   1.000000 | Q:        nan | won: False 
#    7 | steps:    87 | steps_t:     0 | t: 0.062363 | r:  -505.000000 | e:   1.000000 | Q:        nan | won: False 
#    8 | steps:   105 | steps_t:     0 | t: 0.070022 | r:  -517.000000 | e:   1.000000 | Q:        nan | won: False 
#    9 | steps:   116 | steps_t:     0 | t: 0.076113 | r:  -510.000000 | e:   1.000000 | Q:        nan | won: False 
#   10 | steps:   124 | steps_t:     0 | t: 0.079958 | r:  -507.000000 | e:   1.000000 | Q:        nan | won: False 
#   11 | steps:   144 | steps_t:     0 | t: 0.089208 | r:  -519.000000 | e:   1.000000 | Q:        nan | won: False 
#   12 | steps:   153 | steps_t:     0 | t: 0.092902 | r:  -508.000000 | e:   1.000000 | Q:        nan | won: False 
#   13 | steps:   161 | steps_t:     0 | t: 0.097855 | r:  -507.000000 | e:   1.000000 | Q:        nan | won: False 
#   14 | steps:   170 | steps_t:     0 | t: 0.102926 | r:  -508.000000 | e:   1.000000 | Q:        nan | won: False 
#   15 | steps:   178 | steps_t:     0 | t: 0.106863 | r:  -507.000000 | e:   1.000000 | Q:        nan | won: False 
#   16 | steps:   195 | steps_t:     0 | t: 0.114810 | r:  -516.000000 | e:   1.000000 | Q:        nan | won: False 
#   17 | steps:   203 | steps_t:     0 | t: 0.119830 | r:  -507.000000 | e:   1.000000 | Q:        nan | won: False 
#   18 | steps:   214 | steps_t:     0 | t: 0.124452 | r:  -510.000000 | e:   1.000000 | Q:        nan | won: False 
#   19 | steps:   228 | steps_t:     0 | t: 0.131144 | r:  -513.000000 | e:   1.000000 | Q:        nan | won: False 
#   20 | steps:   236 | steps_t:     0 | t: 0.135952 | r:  -507.000000 | e:   1.000000 | Q:        nan | won: False 
#   21 | steps:   245 | steps_t:     0 | t: 0.140969 | r:  -508.000000 | e:   1.000000 | Q:        nan | won: False 
#   22 | steps:   252 | steps_t:     0 | t: 0.145242 | r:  -506.000000 | e:   1.000000 | Q:        nan | won: False 
#   23 | steps:   274 | steps_t:     0 | t: 0.155207 | r:  -521.000000 | e:   1.000000 | Q:        nan | won: False 
#   24 | steps:   281 | steps_t:     0 | t: 0.159226 | r:  -506.000000 | e:   1.000000 | Q:        nan | won: False 
#   25 | steps:   304 | steps_t:     0 | t: 0.171396 | r:  -522.000000 | e:   1.000000 | Q:        nan | won: False 
#   26 | steps:   314 | steps_t:     0 | t: 0.176244 | r:  -509.000000 | e:   1.000000 | Q:        nan | won: False 
#   27 | steps:   319 | steps_t:     0 | t: 0.179237 | r:  -504.000000 | e:   1.000000 | Q:        nan | won: False 
#   28 | steps:   337 | steps_t:     0 | t: 0.188209 | r:  -517.000000 | e:   1.000000 | Q:        nan | won: False 
#   29 | steps:   346 | steps_t:     0 | t: 0.192747 | r:  -508.000000 | e:   1.000000 | Q:        nan | won: False 
#   30 | steps:   358 | steps_t:     0 | t: 0.198767 | r:  -511.000000 | e:   1.000000 | Q:        nan | won: False 
#   31 | steps:   376 | steps_t:     0 | t: 0.208025 | r:  -517.000000 | e:   1.000000 | Q:        nan | won: False 
#   32 | steps:   388 | steps_t:     0 | t: 0.214010 | r:  -511.000000 | e:   1.000000 | Q:        nan | won: False 
#   33 | steps:   404 | steps_t:     0 | t: 0.221985 | r:  -515.000000 | e:   1.000000 | Q:        nan | won: False 
#   34 | steps:   411 | steps_t:     0 | t: 0.225976 | r:  -506.000000 | e:   1.000000 | Q:        nan | won: False 
#   35 | steps:   419 | steps_t:     0 | t: 0.229979 | r:  -507.000000 | e:   1.000000 | Q:        nan | won: False 
#   36 | steps:   432 | steps_t:     0 | t: 0.235942 | r:  -512.000000 | e:   1.000000 | Q:        nan | won: False 
#   37 | steps:   439 | steps_t:     0 | t: 0.239972 | r:  -506.000000 | e:   1.000000 | Q:        nan | won: False 
#   38 | steps:   448 | steps_t:     0 | t: 0.246958 | r:  -508.000000 | e:   1.000000 | Q:        nan | won: False 
#   39 | steps:   465 | steps_t:     0 | t: 0.254974 | r:  -505.000000 | e:   1.000000 | Q:        nan | won: False 
#   40 | steps:   477 | steps_t:     0 | t: 0.261039 | r:  -511.000000 | e:   1.000000 | Q:        nan | won: False 
#   41 | steps:   483 | steps_t:     0 | t: 0.264254 | r:  -505.000000 | e:   1.000000 | Q:        nan | won: False 
#   42 | steps:   493 | steps_t:     0 | t: 0.274004 | r:  -509.000000 | e:   1.000000 | Q:        nan | won: False 
#   43 | steps:   503 | steps_t:     0 | t: 0.277992 | r:  -509.000000 | e:   1.000000 | Q:        nan | won: False 
#   44 | steps:   510 | steps_t:     0 | t: 0.280985 | r:  -506.000000 | e:   1.000000 | Q:        nan | won: False 
#   45 | steps:   520 | steps_t:     0 | t: 0.290162 | r:  -509.000000 | e:   1.000000 | Q:        nan | won: False 
#   46 | steps:   530 | steps_t:     0 | t: 0.297133 | r:  -509.000000 | e:   1.000000 | Q:        nan | won: False 
#   47 | steps:   536 | steps_t:     0 | t: 0.300095 | r:  -505.000000 | e:   1.000000 | Q:        nan | won: False 
#   48 | steps:   558 | steps_t:     0 | t: 0.310069 | r:  -521.000000 | e:   1.000000 | Q:        nan | won: False 
#   49 | steps:   566 | steps_t:     0 | t: 0.314065 | r:  -507.000000 | e:   1.000000 | Q:        nan | won: False 
#   50 | steps:   580 | steps_t:     0 | t: 0.320529 | r:  -513.000000 | e:   1.000000 | Q:        nan | won: False 
#   51 | steps:   601 | steps_t:     0 | t: 0.330215 | r:  -520.000000 | e:   1.000000 | Q:        nan | won: False 
#   52 | steps:   613 | steps_t:     0 | t: 0.336750 | r:  -511.000000 | e:   1.000000 | Q:        nan | won: False 
#   53 | steps:   619 | steps_t:     0 | t: 0.340723 | r:  -505.000000 | e:   1.000000 | Q:        nan | won: False 
#   54 | steps:   626 | steps_t:     0 | t: 0.345381 | r:  -506.000000 | e:   1.000000 | Q:        nan | won: False 
#   55 | steps:   633 | steps_t:     0 | t: 0.349370 | r:  -506.000000 | e:   1.000000 | Q:        nan | won: False 
#   56 | steps:   645 | steps_t:     0 | t: 0.355387 | r:  -511.000000 | e:   1.000000 | Q:        nan | won: False 
#   57 | steps:   653 | steps_t:     0 | t: 0.362381 | r:  -507.000000 | e:   1.000000 | Q:        nan | won: False 
#   58 | steps:   661 | steps_t:     0 | t: 0.366352 | r:  -507.000000 | e:   1.000000 | Q:        nan | won: False 
#   59 | steps:   671 | steps_t:     0 | t: 0.372412 | r:  -509.000000 | e:   1.000000 | Q:        nan | won: False 
#   60 | steps:   677 | steps_t:     0 | t: 0.376105 | r:  -505.000000 | e:   1.000000 | Q:        nan | won: False 
#   61 | steps:   685 | steps_t:     0 | t: 0.379357 | r:  -507.000000 | e:   1.000000 | Q:        nan | won: False 
#   62 | steps:   697 | steps_t:     0 | t: 0.386250 | r:  -511.000000 | e:   1.000000 | Q:        nan | won: False 
#   63 | steps:   705 | steps_t:     0 | t: 0.390209 | r:  -507.000000 | e:   1.000000 | Q:        nan | won: False 
#   64 | steps:   725 | steps_t:     0 | t: 0.404218 | r:  -519.000000 | e:   1.000000 | Q:        nan | won: False 
#   65 | steps:   743 | steps_t:     0 | t: 0.412180 | r:  -517.000000 | e:   1.000000 | Q:        nan | won: False 
#   66 | steps:   753 | steps_t:     0 | t: 0.417818 | r:  -509.000000 | e:   1.000000 | Q:        nan | won: False 
#   67 | steps:   762 | steps_t:     0 | t: 0.424553 | r:  -508.000000 | e:   1.000000 | Q:        nan | won: False 
#   68 | steps:   777 | steps_t:     0 | t: 0.431523 | r:  -503.000000 | e:   1.000000 | Q:        nan | won: False 
#   69 | steps:   787 | steps_t:     0 | t: 0.439448 | r:  -509.000000 | e:   1.000000 | Q:        nan | won: False 
#   70 | steps:   792 | steps_t:     0 | t: 0.443467 | r:  -504.000000 | e:   1.000000 | Q:        nan | won: False 
#   71 | steps:   801 | steps_t:     0 | t: 0.447976 | r:  -508.000000 | e:   1.000000 | Q:        nan | won: False 
#   72 | steps:   814 | steps_t:     0 | t: 0.454555 | r:  -512.000000 | e:   1.000000 | Q:        nan | won: False 
#   73 | steps:   821 | steps_t:     0 | t: 0.457548 | r:  -506.000000 | e:   1.000000 | Q:        nan | won: False 
#   74 | steps:   830 | steps_t:     0 | t: 0.461388 | r:  -508.000000 | e:   1.000000 | Q:        nan | won: False 
#   75 | steps:   844 | steps_t:     0 | t: 0.469016 | r:  -513.000000 | e:   1.000000 | Q:        nan | won: False 
#   76 | steps:   856 | steps_t:     0 | t: 0.475627 | r:  -511.000000 | e:   1.000000 | Q:        nan | won: False 
#   77 | steps:   867 | steps_t:     0 | t: 0.484411 | r:  -510.000000 | e:   1.000000 | Q:        nan | won: False 
#   78 | steps:   884 | steps_t:     0 | t: 0.491393 | r:  -516.000000 | e:   1.000000 | Q:        nan | won: False 
#   79 | steps:   892 | steps_t:     0 | t: 0.496542 | r:  -507.000000 | e:   1.000000 | Q:        nan | won: False 
#   80 | steps:   897 | steps_t:     0 | t: 0.499454 | r:  -504.000000 | e:   1.000000 | Q:        nan | won: False 
#   81 | steps:   911 | steps_t:     0 | t: 0.506383 | r:  -513.000000 | e:   1.000000 | Q:        nan | won: False 
#   82 | steps:   917 | steps_t:     0 | t: 0.509376 | r:  -505.000000 | e:   1.000000 | Q:        nan | won: False 
#   83 | steps:   927 | steps_t:     0 | t: 0.513448 | r:  -509.000000 | e:   1.000000 | Q:        nan | won: False 
#   84 | steps:   950 | steps_t:     0 | t: 0.523338 | r:  -522.000000 | e:   1.000000 | Q:        nan | won: False 
#   85 | steps:   957 | steps_t:     0 | t: 0.526330 | r:  -506.000000 | e:   1.000000 | Q:        nan | won: False 
#   86 | steps:   978 | steps_t:     0 | t: 0.535276 | r:  -520.000000 | e:   1.000000 | Q:        nan | won: False 
#   87 | steps:   985 | steps_t:     0 | t: 0.539297 | r:  -506.000000 | e:   1.000000 | Q:        nan | won: False 
#   88 | steps:   992 | steps_t:     0 | t: 0.542288 | r:  -506.000000 | e:   1.000000 | Q:        nan | won: False 
#   89 | steps:  1002 | steps_t:     0 | t: 0.547244 | r:  -509.000000 | e:   1.000000 | Q:        nan | won: False 
#   90 | steps:  1023 | steps_t:     0 | t: 0.556511 | r:  -520.000000 | e:   1.000000 | Q:        nan | won: False 
#   91 | steps:  1041 | steps_t:     0 | t: 0.563344 | r:  -517.000000 | e:   1.000000 | Q:        nan | won: False 
#   92 | steps:  1049 | steps_t:     0 | t: 0.568301 | r:  -507.000000 | e:   1.000000 | Q:        nan | won: False 
#   93 | steps:  1059 | steps_t:     0 | t: 0.573287 | r:  -509.000000 | e:   1.000000 | Q:        nan | won: False 
#   94 | steps:  1065 | steps_t:     0 | t: 0.577276 | r:  -505.000000 | e:   1.000000 | Q:        nan | won: False 
#   95 | steps:  1089 | steps_t:     0 | t: 0.589350 | r:  -523.000000 | e:   1.000000 | Q:        nan | won: False 
#   96 | steps:  1098 | steps_t:     0 | t: 0.594532 | r:  -508.000000 | e:   1.000000 | Q:        nan | won: False 
#   97 | steps:  1105 | steps_t:     0 | t: 0.598326 | r:  -506.000000 | e:   1.000000 | Q:        nan | won: False 
#   98 | steps:  1114 | steps_t:     0 | t: 0.603301 | r:  -508.000000 | e:   1.000000 | Q:        nan | won: False 
#   99 | steps:  1132 | steps_t:     0 | t: 0.612268 | r:  -517.000000 | e:   1.000000 | Q:        nan | won: False 
#  100 | steps:  1144 | steps_t:     0 | t: 0.623591 | r:  -511.000000 | e:   1.000000 | Q:        nan | won: False 
#  101 | steps:  1155 | steps_t:     0 | t: 0.630068 | r:  -510.000000 | e:   1.000000 | Q:        nan | won: False 
#  102 | steps:  1198 | steps_t:     0 | t: 0.649786 | r:  -531.000000 | e:   1.000000 | Q:        nan | won: False 
#  103 | steps:  1212 | steps_t:     0 | t: 0.656030 | r:  -513.000000 | e:   1.000000 | Q:        nan | won: False 
#  104 | steps:  1229 | steps_t:     0 | t: 0.664009 | r:  -516.000000 | e:   1.000000 | Q:        nan | won: False 
#  105 | steps:  1239 | steps_t:     0 | t: 0.668523 | r:  -509.000000 | e:   1.000000 | Q:        nan | won: False 
#  106 | steps:  1248 | steps_t:     0 | t: 0.674508 | r:  -508.000000 | e:   1.000000 | Q:        nan | won: False 
#  107 | steps:  1254 | steps_t:     0 | t: 0.677498 | r:  -505.000000 | e:   1.000000 | Q:        nan | won: False 
#  108 | steps:  1260 | steps_t:     0 | t: 0.681630 | r:  -505.000000 | e:   1.000000 | Q:        nan | won: False 
#  109 | steps:  1269 | steps_t:     0 | t: 0.686890 | r:  -508.000000 | e:   1.000000 | Q:        nan | won: False 
#  110 | steps:  1277 | steps_t:     0 | t: 0.690879 | r:  -507.000000 | e:   1.000000 | Q:        nan | won: False 
#  111 | steps:  1285 | steps_t:     0 | t: 0.696218 | r:  -507.000000 | e:   1.000000 | Q:        nan | won: False 
#  112 | steps:  1292 | steps_t:     0 | t: 0.702847 | r:  -506.000000 | e:   1.000000 | Q:        nan | won: False 
#  113 | steps:  1301 | steps_t:     0 | t: 0.709827 | r:  -508.000000 | e:   1.000000 | Q:        nan | won: False 
#  114 | steps:  1308 | steps_t:     0 | t: 0.713887 | r:  -506.000000 | e:   1.000000 | Q:        nan | won: False 
#  115 | steps:  1319 | steps_t:     0 | t: 0.720869 | r:  -510.000000 | e:   1.000000 | Q:        nan | won: False 
#  116 | steps:  1327 | steps_t:     0 | t: 0.725857 | r:  -507.000000 | e:   1.000000 | Q:        nan | won: False 
#  117 | steps:  1334 | steps_t:     0 | t: 0.729845 | r:  -506.000000 | e:   1.000000 | Q:        nan | won: False 
#  118 | steps:  1344 | steps_t:     0 | t: 0.734832 | r:  -509.000000 | e:   1.000000 | Q:        nan | won: False 
#  119 | steps:  1352 | steps_t:     0 | t: 0.740816 | r:  -507.000000 | e:   1.000000 | Q:        nan | won: False 
#  120 | steps:  1360 | steps_t:     0 | t: 0.744805 | r:  -507.000000 | e:   1.000000 | Q:        nan | won: False 
#  121 | steps:  1368 | steps_t:     0 | t: 0.748890 | r:  -507.000000 | e:   1.000000 | Q:        nan | won: False 
#  122 | steps:  1375 | steps_t:     0 | t: 0.752783 | r:  -506.000000 | e:   1.000000 | Q:        nan | won: False 
#  123 | steps:  1387 | steps_t:     0 | t: 0.758767 | r:  -511.000000 | e:   1.000000 | Q:        nan | won: False 
#  124 | steps:  1398 | steps_t:     0 | t: 0.764831 | r:  -510.000000 | e:   1.000000 | Q:        nan | won: False 
#  125 | steps:  1420 | steps_t:     0 | t: 0.774935 | r:  -521.000000 | e:   1.000000 | Q:        nan | won: False 
#  126 | steps:  1428 | steps_t:     0 | t: 0.778925 | r:  -507.000000 | e:   1.000000 | Q:        nan | won: False 
#  127 | steps:  1446 | steps_t:     0 | t: 0.788104 | r:  -517.000000 | e:   1.000000 | Q:        nan | won: False 
#  128 | steps:  1456 | steps_t:     0 | t: 0.792957 | r:  -509.000000 | e:   1.000000 | Q:        nan | won: False 
#  129 | steps:  1481 | steps_t:     0 | t: 0.804587 | r:  -524.000000 | e:   1.000000 | Q:        nan | won: False 
#  130 | steps:  1495 | steps_t:     0 | t: 0.811568 | r:  -513.000000 | e:   1.000000 | Q:        nan | won: False 
#  131 | steps:  1503 | steps_t:     0 | t: 0.815930 | r:  -507.000000 | e:   1.000000 | Q:        nan | won: False 
#  132 | steps:  1512 | steps_t:     0 | t: 0.820920 | r:  -508.000000 | e:   1.000000 | Q:        nan | won: False 
#  133 | steps:  1519 | steps_t:     0 | t: 0.826016 | r:  -506.000000 | e:   1.000000 | Q:        nan | won: False 
#  134 | steps:  1534 | steps_t:     0 | t: 0.834246 | r:  -503.000000 | e:   1.000000 | Q:        nan | won: False 
#  135 | steps:  1542 | steps_t:     0 | t: 0.838216 | r:  -507.000000 | e:   1.000000 | Q:        nan | won: False 
#  136 | steps:  1548 | steps_t:     0 | t: 0.841208 | r:  -505.000000 | e:   1.000000 | Q:        nan | won: False 
#  137 | steps:  1567 | steps_t:     0 | t: 0.851297 | r:  -518.000000 | e:   1.000000 | Q:        nan | won: False 
#  138 | steps:  1573 | steps_t:     0 | t: 0.855306 | r:  -505.000000 | e:   1.000000 | Q:        nan | won: False 
#  139 | steps:  1588 | steps_t:     0 | t: 0.863265 | r:  -492.000000 | e:   1.000000 | Q:        nan | won: False 
#  140 | steps:  1610 | steps_t:     0 | t: 0.874301 | r:  -521.000000 | e:   1.000000 | Q:        nan | won: False 
#  141 | steps:  1619 | steps_t:     0 | t: 0.878368 | r:  -508.000000 | e:   1.000000 | Q:        nan | won: False 
#  142 | steps:  1630 | steps_t:     0 | t: 0.883354 | r:  -510.000000 | e:   1.000000 | Q:        nan | won: False 
#  143 | steps:  1638 | steps_t:     0 | t: 0.887911 | r:  -507.000000 | e:   1.000000 | Q:        nan | won: False 
#  144 | steps:  1656 | steps_t:     0 | t: 0.895433 | r:  -506.000000 | e:   1.000000 | Q:        nan | won: False 
#  145 | steps:  1664 | steps_t:     0 | t: 0.899444 | r:  -507.000000 | e:   1.000000 | Q:        nan | won: False 
#  146 | steps:  1684 | steps_t:     0 | t: 0.911417 | r:  -519.000000 | e:   1.000000 | Q:        nan | won: False 
#  147 | steps:  1689 | steps_t:     0 | t: 0.913411 | r:  -504.000000 | e:   1.000000 | Q:        nan | won: False 
#  148 | steps:  1694 | steps_t:     0 | t: 0.917617 | r:  -504.000000 | e:   1.000000 | Q:        nan | won: False 
#  149 | steps:  1707 | steps_t:     0 | t: 0.924439 | r:  -512.000000 | e:   1.000000 | Q:        nan | won: False 
#  150 | steps:  1716 | steps_t:     0 | t: 0.929566 | r:  -508.000000 | e:   1.000000 | Q:        nan | won: False 
#  151 | steps:  1733 | steps_t:     0 | t: 0.937872 | r:  -516.000000 | e:   1.000000 | Q:        nan | won: False 
#  152 | steps:  1744 | steps_t:     0 | t: 0.942806 | r:  -510.000000 | e:   1.000000 | Q:        nan | won: False 
#  153 | steps:  1762 | steps_t:     0 | t: 0.951782 | r:  -506.000000 | e:   1.000000 | Q:        nan | won: False 
#  154 | steps:  1768 | steps_t:     0 | t: 0.954812 | r:  -505.000000 | e:   1.000000 | Q:        nan | won: False 
#  155 | steps:  1774 | steps_t:     0 | t: 0.957805 | r:  -505.000000 | e:   1.000000 | Q:        nan | won: False 
#  156 | steps:  1783 | steps_t:     0 | t: 0.967900 | r:  -508.000000 | e:   1.000000 | Q:        nan | won: False 
#  157 | steps:  1806 | steps_t:     0 | t: 0.979674 | r:  -522.000000 | e:   1.000000 | Q:        nan | won: False 
#  158 | steps:  1813 | steps_t:     0 | t: 0.983798 | r:  -506.000000 | e:   1.000000 | Q:        nan | won: False 
#  159 | steps:  1825 | steps_t:     0 | t: 0.989922 | r:  -511.000000 | e:   1.000000 | Q:        nan | won: False 
#  160 | steps:  1834 | steps_t:     0 | t: 0.993912 | r:  -508.000000 | e:   1.000000 | Q:        nan | won: False 
#  161 | steps:  1853 | steps_t:     0 | t: 1.003925 | r:  -518.000000 | e:   1.000000 | Q:        nan | won: False 
#  162 | steps:  1867 | steps_t:     0 | t: 1.010906 | r:  -513.000000 | e:   1.000000 | Q:        nan | won: False 
#  163 | steps:  1883 | steps_t:     0 | t: 1.018885 | r:  -515.000000 | e:   1.000000 | Q:        nan | won: False 
#  164 | steps:  1889 | steps_t:     0 | t: 1.021877 | r:  -505.000000 | e:   1.000000 | Q:        nan | won: False 
#  165 | steps:  1909 | steps_t:     0 | t: 1.031037 | r:  -519.000000 | e:   1.000000 | Q:        nan | won: False 
#  166 | steps:  1915 | steps_t:     0 | t: 1.034116 | r:  -505.000000 | e:   1.000000 | Q:        nan | won: False 
#  167 | steps:  1925 | steps_t:     0 | t: 1.040405 | r:  -509.000000 | e:   1.000000 | Q:        nan | won: False 
#  168 | steps:  1934 | steps_t:     0 | t: 1.045000 | r:  -508.000000 | e:   1.000000 | Q:        nan | won: False 
#  169 | steps:  1947 | steps_t:     0 | t: 1.050983 | r:  -512.000000 | e:   1.000000 | Q:        nan | won: False 
#  170 | steps:  1956 | steps_t:     0 | t: 1.055970 | r:  -508.000000 | e:   1.000000 | Q:        nan | won: False 
#  171 | steps:  1965 | steps_t:     0 | t: 1.059960 | r:  -508.000000 | e:   1.000000 | Q:        nan | won: False 
#  172 | steps:  1977 | steps_t:     0 | t: 1.065944 | r:  -511.000000 | e:   1.000000 | Q:        nan | won: False 
#  173 | steps:  1984 | steps_t:     0 | t: 1.070112 | r:  -506.000000 | e:   1.000000 | Q:        nan | won: False 
#  174 | steps:  1994 | steps_t:     0 | t: 1.075099 | r:  -509.000000 | e:   1.000000 | Q:        nan | won: False 
#  175 | steps:  2001 | steps_t:     0 | t: 1.078387 | r:  -506.000000 | e:   1.000000 | Q:        nan | won: False 
#  176 | steps:  2009 | steps_t:     0 | t: 1.082855 | r:  -507.000000 | e:   1.000000 | Q:        nan | won: False 
#  177 | steps:  2015 | steps_t:     0 | t: 1.086156 | r:  -505.000000 | e:   1.000000 | Q:        nan | won: False 
#  178 | steps:  2030 | steps_t:     0 | t: 1.098163 | r:  -514.000000 | e:   1.000000 | Q:        nan | won: False 
#  179 | steps:  2038 | steps_t:     0 | t: 1.102153 | r:  -507.000000 | e:   1.000000 | Q:        nan | won: False 
#  180 | steps:  2053 | steps_t:     0 | t: 1.109050 | r:  -514.000000 | e:   1.000000 | Q:        nan | won: False 
#  181 | steps:  2063 | steps_t:     0 | t: 1.113039 | r:  -509.000000 | e:   1.000000 | Q:        nan | won: False 
#  182 | steps:  2074 | steps_t:     0 | t: 1.119491 | r:  -510.000000 | e:   1.000000 | Q:        nan | won: False 
#  183 | steps:  2084 | steps_t:     0 | t: 1.123811 | r:  -509.000000 | e:   1.000000 | Q:        nan | won: False 
#  184 | steps:  2101 | steps_t:     0 | t: 1.130641 | r:  -516.000000 | e:   1.000000 | Q:        nan | won: False 
#  185 | steps:  2110 | steps_t:     0 | t: 1.135629 | r:  -508.000000 | e:   1.000000 | Q:        nan | won: False 
#  186 | steps:  2116 | steps_t:     0 | t: 1.139740 | r:  -505.000000 | e:   1.000000 | Q:        nan | won: False 
#  187 | steps:  2126 | steps_t:     0 | t: 1.144726 | r:  -509.000000 | e:   1.000000 | Q:        nan | won: False 
#  188 | steps:  2132 | steps_t:     0 | t: 1.147452 | r:  -505.000000 | e:   1.000000 | Q:        nan | won: False 
#  189 | steps:  2139 | steps_t:     0 | t: 1.156261 | r:  -506.000000 | e:   1.000000 | Q:        nan | won: False 
#  190 | steps:  2151 | steps_t:     0 | t: 1.161412 | r:  -511.000000 | e:   1.000000 | Q:        nan | won: False 
#  191 | steps:  2161 | steps_t:     0 | t: 1.166398 | r:  -509.000000 | e:   1.000000 | Q:        nan | won: False 
#  192 | steps:  2170 | steps_t:     0 | t: 1.171126 | r:  -508.000000 | e:   1.000000 | Q:        nan | won: False 
#  193 | steps:  2181 | steps_t:     0 | t: 1.176112 | r:  -510.000000 | e:   1.000000 | Q:        nan | won: False 
#  194 | steps:  2192 | steps_t:     0 | t: 1.182403 | r:  -510.000000 | e:   1.000000 | Q:        nan | won: False 
#  195 | steps:  2201 | steps_t:     0 | t: 1.188385 | r:  -508.000000 | e:   1.000000 | Q:        nan | won: False 
#  196 | steps:  2212 | steps_t:     0 | t: 1.193372 | r:  -510.000000 | e:   1.000000 | Q:        nan | won: False 
#  197 | steps:  2221 | steps_t:     0 | t: 1.198528 | r:  -508.000000 | e:   1.000000 | Q:        nan | won: False 
#  198 | steps:  2233 | steps_t:     0 | t: 1.204509 | r:  -511.000000 | e:   1.000000 | Q:        nan | won: False 
#  199 | steps:  2240 | steps_t:     0 | t: 1.207593 | r:  -506.000000 | e:   1.000000 | Q:        nan | won: False 
#  200 | steps:  2248 | steps_t:     0 | t: 1.216465 | r:  -507.000000 | e:   1.000000 | Q:        nan | won: False 
#  201 | steps:  2264 | steps_t:     0 | t: 1.225801 | r:  -515.000000 | e:   1.000000 | Q:        nan | won: False 
#  202 | steps:  2278 | steps_t:     0 | t: 1.232718 | r:  -502.000000 | e:   1.000000 | Q:        nan | won: False 
#  203 | steps:  2287 | steps_t:     0 | t: 1.237783 | r:  -508.000000 | e:   1.000000 | Q:        nan | won: False 
#  204 | steps:  2308 | steps_t:     0 | t: 1.247855 | r:  -520.000000 | e:   1.000000 | Q:        nan | won: False 
#  205 | steps:  2315 | steps_t:     0 | t: 1.251848 | r:  -506.000000 | e:   1.000000 | Q:        nan | won: False 
#  206 | steps:  2325 | steps_t:     0 | t: 1.256928 | r:  -509.000000 | e:   1.000000 | Q:        nan | won: False 
#  207 | steps:  2331 | steps_t:     0 | t: 1.260918 | r:  -505.000000 | e:   1.000000 | Q:        nan | won: False 
#  208 | steps:  2339 | steps_t:     0 | t: 1.264907 | r:  -507.000000 | e:   1.000000 | Q:        nan | won: False 
#  209 | steps:  2349 | steps_t:     0 | t: 1.269964 | r:  -509.000000 | e:   1.000000 | Q:        nan | won: False 
#  210 | steps:  2363 | steps_t:     0 | t: 1.277036 | r:  -513.000000 | e:   1.000000 | Q:        nan | won: False 
#  211 | steps:  2372 | steps_t:     0 | t: 1.281185 | r:  -508.000000 | e:   1.000000 | Q:        nan | won: False 
#  212 | steps:  2384 | steps_t:     0 | t: 1.288103 | r:  -511.000000 | e:   1.000000 | Q:        nan | won: False 
#  213 | steps:  2398 | steps_t:     0 | t: 1.295413 | r:  -513.000000 | e:   1.000000 | Q:        nan | won: False 
#  214 | steps:  2412 | steps_t:     0 | t: 1.302672 | r:  -513.000000 | e:   1.000000 | Q:        nan | won: False 
#  215 | steps:  2422 | steps_t:     0 | t: 1.307659 | r:  -509.000000 | e:   1.000000 | Q:        nan | won: False 
#  216 | steps:  2431 | steps_t:     0 | t: 1.312603 | r:  -508.000000 | e:   1.000000 | Q:        nan | won: False 
#  217 | steps:  2439 | steps_t:     0 | t: 1.316593 | r:  -507.000000 | e:   1.000000 | Q:        nan | won: False 
#  218 | steps:  2448 | steps_t:     0 | t: 1.321762 | r:  -508.000000 | e:   1.000000 | Q:        nan | won: False 
#  219 | steps:  2454 | steps_t:     0 | t: 1.325751 | r:  -505.000000 | e:   1.000000 | Q:        nan | won: False 
#  220 | steps:  2462 | steps_t:     0 | t: 1.330806 | r:  -507.000000 | e:   1.000000 | Q:        nan | won: False 
#  221 | steps:  2471 | steps_t:     0 | t: 1.334796 | r:  -508.000000 | e:   1.000000 | Q:        nan | won: False 
#  222 | steps:  2480 | steps_t:     0 | t: 1.341387 | r:  -508.000000 | e:   1.000000 | Q:        nan | won: False 
#  223 | steps:  2494 | steps_t:     0 | t: 1.350366 | r:  -513.000000 | e:   1.000000 | Q:        nan | won: False 
#  224 | steps:  2502 | steps_t:     0 | t: 1.355192 | r:  -507.000000 | e:   1.000000 | Q:        nan | won: False 
#  225 | steps:  2510 | steps_t:     0 | t: 1.360500 | r:  -507.000000 | e:   1.000000 | Q:        nan | won: False 
#  226 | steps:  2519 | steps_t:     0 | t: 1.365802 | r:  -508.000000 | e:   1.000000 | Q:        nan | won: False 
#  227 | steps:  2528 | steps_t:     0 | t: 1.370071 | r:  -508.000000 | e:   1.000000 | Q:        nan | won: False 
#  228 | steps:  2538 | steps_t:     0 | t: 1.375131 | r:  -509.000000 | e:   1.000000 | Q:        nan | won: False 
#  229 | steps:  2545 | steps_t:     0 | t: 1.379057 | r:  -506.000000 | e:   1.000000 | Q:        nan | won: False 
#  230 | steps:  2552 | steps_t:     0 | t: 1.382987 | r:  -506.000000 | e:   1.000000 | Q:        nan | won: False 
#  231 | steps:  2559 | steps_t:     0 | t: 1.390254 | r:  -506.000000 | e:   1.000000 | Q:        nan | won: False 
#  232 | steps:  2568 | steps_t:     0 | t: 1.394822 | r:  -508.000000 | e:   1.000000 | Q:        nan | won: False 
#  233 | steps:  2574 | steps_t:     0 | t: 1.398812 | r:  -505.000000 | e:   1.000000 | Q:        nan | won: False 
#  234 | steps:  2582 | steps_t:     0 | t: 1.402629 | r:  -507.000000 | e:   1.000000 | Q:        nan | won: False 
#  235 | steps:  2595 | steps_t:     0 | t: 1.408589 | r:  -512.000000 | e:   1.000000 | Q:        nan | won: False 
#  236 | steps:  2615 | steps_t:     0 | t: 1.418698 | r:  -519.000000 | e:   1.000000 | Q:        nan | won: False 
#  237 | steps:  2622 | steps_t:     0 | t: 1.423732 | r:  -506.000000 | e:   1.000000 | Q:        nan | won: False 
#  238 | steps:  2630 | steps_t:     0 | t: 1.427820 | r:  -507.000000 | e:   1.000000 | Q:        nan | won: False 
#  239 | steps:  2640 | steps_t:     0 | t: 1.433650 | r:  -509.000000 | e:   1.000000 | Q:        nan | won: False 
#  240 | steps:  2650 | steps_t:     0 | t: 1.438559 | r:  -509.000000 | e:   1.000000 | Q:        nan | won: False 
#  241 | steps:  2668 | steps_t:     0 | t: 1.446641 | r:  -517.000000 | e:   1.000000 | Q:        nan | won: False 
#  242 | steps:  2678 | steps_t:     0 | t: 1.450920 | r:  -509.000000 | e:   1.000000 | Q:        nan | won: False 
#  243 | steps:  2689 | steps_t:     0 | t: 1.458899 | r:  -510.000000 | e:   1.000000 | Q:        nan | won: False 
#  244 | steps:  2700 | steps_t:     0 | t: 1.465277 | r:  -510.000000 | e:   1.000000 | Q:        nan | won: False 
#  245 | steps:  2708 | steps_t:     0 | t: 1.469288 | r:  -507.000000 | e:   1.000000 | Q:        nan | won: False 
#  246 | steps:  2723 | steps_t:     0 | t: 1.477400 | r:  -514.000000 | e:   1.000000 | Q:        nan | won: False 
#  247 | steps:  2732 | steps_t:     0 | t: 1.482386 | r:  -508.000000 | e:   1.000000 | Q:        nan | won: False 
#  248 | steps:  2744 | steps_t:     0 | t: 1.488501 | r:  -511.000000 | e:   1.000000 | Q:        nan | won: False 
#  249 | steps:  2751 | steps_t:     0 | t: 1.493018 | r:  -506.000000 | e:   1.000000 | Q:        nan | won: False 
#  250 | steps:  2758 | steps_t:     0 | t: 1.496441 | r:  -506.000000 | e:   1.000000 | Q:        nan | won: False 
#  251 | steps:  2765 | steps_t:     0 | t: 1.500431 | r:  -506.000000 | e:   1.000000 | Q:        nan | won: False 
#  252 | steps:  2777 | steps_t:     0 | t: 1.506928 | r:  -511.000000 | e:   1.000000 | Q:        nan | won: False 
#  253 | steps:  2786 | steps_t:     0 | t: 1.511619 | r:  -508.000000 | e:   1.000000 | Q:        nan | won: False 
#  254 | steps:  2795 | steps_t:     0 | t: 1.516609 | r:  -508.000000 | e:   1.000000 | Q:        nan | won: False 
#  255 | steps:  2801 | steps_t:     0 | t: 1.519601 | r:  -505.000000 | e:   1.000000 | Q:        nan | won: False 
#  256 | steps:  2825 | steps_t:     0 | t: 1.530757 | r:  -512.000000 | e:   1.000000 | Q:        nan | won: False 
#  257 | steps:  2831 | steps_t:     0 | t: 1.534599 | r:  -505.000000 | e:   1.000000 | Q:        nan | won: False 
#  258 | steps:  2846 | steps_t:     0 | t: 1.545531 | r:  -503.000000 | e:   1.000000 | Q:        nan | won: False 
#  259 | steps:  2856 | steps_t:     0 | t: 1.550551 | r:  -509.000000 | e:   1.000000 | Q:        nan | won: False 
#  260 | steps:  2863 | steps_t:     0 | t: 1.554541 | r:  -506.000000 | e:   1.000000 | Q:        nan | won: False 
#  261 | steps:  2875 | steps_t:     0 | t: 1.560557 | r:  -511.000000 | e:   1.000000 | Q:        nan | won: False 
#  262 | steps:  2887 | steps_t:     0 | t: 1.565950 | r:  -511.000000 | e:   1.000000 | Q:        nan | won: False 
#  263 | steps:  2897 | steps_t:     0 | t: 1.571935 | r:  -509.000000 | e:   1.000000 | Q:        nan | won: False 
#  264 | steps:  2903 | steps_t:     0 | t: 1.574928 | r:  -505.000000 | e:   1.000000 | Q:        nan | won: False 
#  265 | steps:  2915 | steps_t:     0 | t: 1.581822 | r:  -511.000000 | e:   1.000000 | Q:        nan | won: False 
#  266 | steps:  2931 | steps_t:     0 | t: 1.588899 | r:  -515.000000 | e:   1.000000 | Q:        nan | won: False 
#  267 | steps:  2939 | steps_t:     0 | t: 1.593060 | r:  -507.000000 | e:   1.000000 | Q:        nan | won: False 
#  268 | steps:  2952 | steps_t:     0 | t: 1.598899 | r:  -512.000000 | e:   1.000000 | Q:        nan | won: False 
#  269 | steps:  2971 | steps_t:     0 | t: 1.607741 | r:  -496.000000 | e:   1.000000 | Q:        nan | won: False 
#  270 | steps:  2980 | steps_t:     0 | t: 1.611728 | r:  -508.000000 | e:   1.000000 | Q:        nan | won: False 
#  271 | steps:  2988 | steps_t:     0 | t: 1.615741 | r:  -507.000000 | e:   1.000000 | Q:        nan | won: False 
#  272 | steps:  3006 | steps_t:     0 | t: 1.622721 | r:  -506.000000 | e:   1.000000 | Q:        nan | won: False 
#  273 | steps:  3014 | steps_t:     0 | t: 1.626709 | r:  -507.000000 | e:   1.000000 | Q:        nan | won: False 
#  274 | steps:  3032 | steps_t:     0 | t: 1.635689 | r:  -517.000000 | e:   1.000000 | Q:        nan | won: False 
#  275 | steps:  3041 | steps_t:     0 | t: 1.640214 | r:  -508.000000 | e:   1.000000 | Q:        nan | won: False 
#  276 | steps:  3049 | steps_t:     0 | t: 1.643667 | r:  -507.000000 | e:   1.000000 | Q:        nan | won: False 
#  277 | steps:  3062 | steps_t:     0 | t: 1.649714 | r:  -512.000000 | e:   1.000000 | Q:        nan | won: False 
#  278 | steps:  3069 | steps_t:     0 | t: 1.653735 | r:  -506.000000 | e:   1.000000 | Q:        nan | won: False 
#  279 | steps:  3082 | steps_t:     0 | t: 1.659980 | r:  -512.000000 | e:   1.000000 | Q:        nan | won: False 
#  280 | steps:  3090 | steps_t:     0 | t: 1.663858 | r:  -507.000000 | e:   1.000000 | Q:        nan | won: False 
#  281 | steps:  3098 | steps_t:     0 | t: 1.667836 | r:  -507.000000 | e:   1.000000 | Q:        nan | won: False 
#  282 | steps:  3109 | steps_t:     0 | t: 1.673377 | r:  -510.000000 | e:   1.000000 | Q:        nan | won: False 
#  283 | steps:  3118 | steps_t:     0 | t: 1.678360 | r:  -508.000000 | e:   1.000000 | Q:        nan | won: False 
#  284 | steps:  3124 | steps_t:     0 | t: 1.681352 | r:  -505.000000 | e:   1.000000 | Q:        nan | won: False 
#  285 | steps:  3130 | steps_t:     0 | t: 1.685225 | r:  -505.000000 | e:   1.000000 | Q:        nan | won: False 
#  286 | steps:  3137 | steps_t:     0 | t: 1.688217 | r:  -506.000000 | e:   1.000000 | Q:        nan | won: False 
#  287 | steps:  3152 | steps_t:     0 | t: 1.695200 | r:  -514.000000 | e:   1.000000 | Q:        nan | won: False 
#  288 | steps:  3163 | steps_t:     0 | t: 1.699718 | r:  -510.000000 | e:   1.000000 | Q:        nan | won: False 
#  289 | steps:  3170 | steps_t:     0 | t: 1.704842 | r:  -506.000000 | e:   1.000000 | Q:        nan | won: False 
#  290 | steps:  3190 | steps_t:     0 | t: 1.712677 | r:  -519.000000 | e:   1.000000 | Q:        nan | won: False 
#  291 | steps:  3200 | steps_t:     0 | t: 1.717719 | r:  -509.000000 | e:   1.000000 | Q:        nan | won: False 
#  292 | steps:  3208 | steps_t:     0 | t: 1.722650 | r:  -507.000000 | e:   1.000000 | Q:        nan | won: False 
#  293 | steps:  3215 | steps_t:     0 | t: 1.726607 | r:  -506.000000 | e:   1.000000 | Q:        nan | won: False 
#  294 | steps:  3225 | steps_t:     0 | t: 1.732590 | r:  -509.000000 | e:   1.000000 | Q:        nan | won: False 
#  295 | steps:  3235 | steps_t:     0 | t: 1.736613 | r:  -509.000000 | e:   1.000000 | Q:        nan | won: False 
#  296 | steps:  3257 | steps_t:     0 | t: 1.747515 | r:  -521.000000 | e:   1.000000 | Q:        nan | won: False 
#  297 | steps:  3266 | steps_t:     0 | t: 1.753500 | r:  -508.000000 | e:   1.000000 | Q:        nan | won: False 
#  298 | steps:  3283 | steps_t:     0 | t: 1.763472 | r:  -516.000000 | e:   1.000000 | Q:        nan | won: False 
#  299 | steps:  3290 | steps_t:     0 | t: 1.770486 | r:  -506.000000 | e:   1.000000 | Q:        nan | won: False 
#  300 | steps:  3301 | steps_t:     0 | t: 1.777073 | r:  -510.000000 | e:   1.000000 | Q:        nan | won: False 
#  301 | steps:  3310 | steps_t:     0 | t: 1.781470 | r:  -508.000000 | e:   1.000000 | Q:        nan | won: False 
#  302 | steps:  3318 | steps_t:     0 | t: 1.786489 | r:  -507.000000 | e:   1.000000 | Q:        nan | won: False 
#  303 | steps:  3329 | steps_t:     0 | t: 1.790494 | r:  -510.000000 | e:   1.000000 | Q:        nan | won: False 
#  304 | steps:  3339 | steps_t:     0 | t: 1.794486 | r:  -509.000000 | e:   1.000000 | Q:        nan | won: False 
#  305 | steps:  3356 | steps_t:     0 | t: 1.803549 | r:  -516.000000 | e:   1.000000 | Q:        nan | won: False 
#  306 | steps:  3368 | steps_t:     0 | t: 1.810393 | r:  -511.000000 | e:   1.000000 | Q:        nan | won: False 
#  307 | steps:  3377 | steps_t:     0 | t: 1.813416 | r:  -508.000000 | e:   1.000000 | Q:        nan | won: False 
#  308 | steps:  3384 | steps_t:     0 | t: 1.817402 | r:  -506.000000 | e:   1.000000 | Q:        nan | won: False 
#  309 | steps:  3393 | steps_t:     0 | t: 1.823392 | r:  -508.000000 | e:   1.000000 | Q:        nan | won: False 
#  310 | steps:  3413 | steps_t:     0 | t: 1.833364 | r:  -508.000000 | e:   1.000000 | Q:        nan | won: False 
#  311 | steps:  3422 | steps_t:     0 | t: 1.837420 | r:  -508.000000 | e:   1.000000 | Q:        nan | won: False 
#  312 | steps:  3431 | steps_t:     0 | t: 1.842540 | r:  -508.000000 | e:   1.000000 | Q:        nan | won: False 
#  313 | steps:  3438 | steps_t:     0 | t: 1.847295 | r:  -506.000000 | e:   1.000000 | Q:        nan | won: False 
#  314 | steps:  3451 | steps_t:     0 | t: 1.854276 | r:  -512.000000 | e:   1.000000 | Q:        nan | won: False 
#  315 | steps:  3465 | steps_t:     0 | t: 1.862269 | r:  -513.000000 | e:   1.000000 | Q:        nan | won: False 
#  316 | steps:  3485 | steps_t:     0 | t: 1.872232 | r:  -519.000000 | e:   1.000000 | Q:        nan | won: False 
#  317 | steps:  3493 | steps_t:     0 | t: 1.876247 | r:  -507.000000 | e:   1.000000 | Q:        nan | won: False 
#  318 | steps:  3500 | steps_t:     0 | t: 1.879239 | r:  -506.000000 | e:   1.000000 | Q:        nan | won: False 
#  319 | steps:  3507 | steps_t:     0 | t: 1.883232 | r:  -506.000000 | e:   1.000000 | Q:        nan | won: False 
#  320 | steps:  3525 | steps_t:     0 | t: 1.891214 | r:  -517.000000 | e:   1.000000 | Q:        nan | won: False 
#  321 | steps:  3534 | steps_t:     0 | t: 1.895196 | r:  -508.000000 | e:   1.000000 | Q:        nan | won: False 
#  322 | steps:  3542 | steps_t:     0 | t: 1.899582 | r:  -507.000000 | e:   1.000000 | Q:        nan | won: False 
#  323 | steps:  3552 | steps_t:     0 | t: 1.904173 | r:  -509.000000 | e:   1.000000 | Q:        nan | won: False 
#  324 | steps:  3567 | steps_t:     0 | t: 1.910160 | r:  -514.000000 | e:   1.000000 | Q:        nan | won: False 
#  325 | steps:  3589 | steps_t:     0 | t: 1.920174 | r:  -521.000000 | e:   1.000000 | Q:        nan | won: False 
#  326 | steps:  3596 | steps_t:     0 | t: 1.925398 | r:  -506.000000 | e:   1.000000 | Q:        nan | won: False 
#  327 | steps:  3603 | steps_t:     0 | t: 1.928359 | r:  -506.000000 | e:   1.000000 | Q:        nan | won: False 
#  328 | steps:  3615 | steps_t:     0 | t: 1.938331 | r:  -511.000000 | e:   1.000000 | Q:        nan | won: False 
#  329 | steps:  3622 | steps_t:     0 | t: 1.942331 | r:  -506.000000 | e:   1.000000 | Q:        nan | won: False 
#  330 | steps:  3631 | steps_t:     0 | t: 1.947605 | r:  -508.000000 | e:   1.000000 | Q:        nan | won: False 
#  331 | steps:  3647 | steps_t:     0 | t: 1.954443 | r:  -515.000000 | e:   1.000000 | Q:        nan | won: False 
#  332 | steps:  3656 | steps_t:     0 | t: 1.958625 | r:  -508.000000 | e:   1.000000 | Q:        nan | won: False 
#  333 | steps:  3664 | steps_t:     0 | t: 1.964643 | r:  -507.000000 | e:   1.000000 | Q:        nan | won: False 
#  334 | steps:  3674 | steps_t:     0 | t: 1.970588 | r:  -509.000000 | e:   1.000000 | Q:        nan | won: False 
#  335 | steps:  3682 | steps_t:     0 | t: 1.975603 | r:  -507.000000 | e:   1.000000 | Q:        nan | won: False 
#  336 | steps:  3695 | steps_t:     0 | t: 1.981687 | r:  -512.000000 | e:   1.000000 | Q:        nan | won: False 
#  337 | steps:  3708 | steps_t:     0 | t: 1.989834 | r:  -512.000000 | e:   1.000000 | Q:        nan | won: False 
#  338 | steps:  3717 | steps_t:     0 | t: 1.994747 | r:  -508.000000 | e:   1.000000 | Q:        nan | won: False 
#  339 | steps:  3728 | steps_t:     0 | t: 2.004660 | r:  -510.000000 | e:   1.000000 | Q:        nan | won: False 
#  340 | steps:  3737 | steps_t:     0 | t: 2.008650 | r:  -508.000000 | e:   1.000000 | Q:        nan | won: False 
#  341 | steps:  3746 | steps_t:     0 | t: 2.012642 | r:  -508.000000 | e:   1.000000 | Q:        nan | won: False 
#  342 | steps:  3756 | steps_t:     0 | t: 2.018691 | r:  -509.000000 | e:   1.000000 | Q:        nan | won: False 
#  343 | steps:  3775 | steps_t:     0 | t: 2.026527 | r:  -518.000000 | e:   1.000000 | Q:        nan | won: False 
#  344 | steps:  3787 | steps_t:     0 | t: 2.031687 | r:  -511.000000 | e:   1.000000 | Q:        nan | won: False 
#  345 | steps:  3794 | steps_t:     0 | t: 2.035471 | r:  -506.000000 | e:   1.000000 | Q:        nan | won: False 
#  346 | steps:  3801 | steps_t:     0 | t: 2.039462 | r:  -506.000000 | e:   1.000000 | Q:        nan | won: False 
#  347 | steps:  3809 | steps_t:     0 | t: 2.043484 | r:  -507.000000 | e:   1.000000 | Q:        nan | won: False 
#  348 | steps:  3819 | steps_t:     0 | t: 2.048628 | r:  -509.000000 | e:   1.000000 | Q:        nan | won: False 
#  349 | steps:  3834 | steps_t:     0 | t: 2.056098 | r:  -503.000000 | e:   1.000000 | Q:        nan | won: False 
#  350 | steps:  3852 | steps_t:     0 | t: 2.064626 | r:  -517.000000 | e:   1.000000 | Q:        nan | won: False 
#  351 | steps:  3859 | steps_t:     0 | t: 2.068627 | r:  -506.000000 | e:   1.000000 | Q:        nan | won: False 
#  352 | steps:  3881 | steps_t:     0 | t: 2.077671 | r:  -521.000000 | e:   1.000000 | Q:        nan | won: False 
#  353 | steps:  3889 | steps_t:     0 | t: 2.081660 | r:  -507.000000 | e:   1.000000 | Q:        nan | won: False 
#  354 | steps:  3898 | steps_t:     0 | t: 2.090667 | r:  -508.000000 | e:   1.000000 | Q:        nan | won: False 
#  355 | steps:  3910 | steps_t:     0 | t: 2.095678 | r:  -511.000000 | e:   1.000000 | Q:        nan | won: False 
#  356 | steps:  3918 | steps_t:     0 | t: 2.099671 | r:  -507.000000 | e:   1.000000 | Q:        nan | won: False 
#  357 | steps:  3928 | steps_t:     0 | t: 2.105757 | r:  -509.000000 | e:   1.000000 | Q:        nan | won: False 
#  358 | steps:  3944 | steps_t:     0 | t: 2.113852 | r:  -515.000000 | e:   1.000000 | Q:        nan | won: False 
#  359 | steps:  3954 | steps_t:     0 | t: 2.118789 | r:  -509.000000 | e:   1.000000 | Q:        nan | won: False 
#  360 | steps:  3972 | steps_t:     0 | t: 2.126769 | r:  -495.000000 | e:   1.000000 | Q:        nan | won: False 
#  361 | steps:  3977 | steps_t:     0 | t: 2.129760 | r:  -504.000000 | e:   1.000000 | Q:        nan | won: False 
#  362 | steps:  3986 | steps_t:     0 | t: 2.133802 | r:  -508.000000 | e:   1.000000 | Q:        nan | won: False 
#  363 | steps:  4004 | steps_t:     0 | t: 2.141728 | r:  -517.000000 | e:   1.000000 | Q:        nan | won: False 
#  364 | steps:  4016 | steps_t:     0 | t: 2.147919 | r:  -511.000000 | e:   1.000000 | Q:        nan | won: False 
#  365 | steps:  4024 | steps_t:     0 | t: 2.151702 | r:  -507.000000 | e:   1.000000 | Q:        nan | won: False 
#  366 | steps:  4031 | steps_t:     0 | t: 2.155754 | r:  -506.000000 | e:   1.000000 | Q:        nan | won: False 
#  367 | steps:  4037 | steps_t:     0 | t: 2.158707 | r:  -505.000000 | e:   1.000000 | Q:        nan | won: False 
#  368 | steps:  4044 | steps_t:     0 | t: 2.161674 | r:  -506.000000 | e:   1.000000 | Q:        nan | won: False 
#  369 | steps:  4058 | steps_t:     0 | t: 2.168018 | r:  -513.000000 | e:   1.000000 | Q:        nan | won: False 
#  370 | steps:  4071 | steps_t:     0 | t: 2.174002 | r:  -512.000000 | e:   1.000000 | Q:        nan | won: False 
#  371 | steps:  4082 | steps_t:     0 | t: 2.178989 | r:  -510.000000 | e:   1.000000 | Q:        nan | won: False 
#  372 | steps:  4091 | steps_t:     0 | t: 2.182978 | r:  -508.000000 | e:   1.000000 | Q:        nan | won: False 
#  373 | steps:  4102 | steps_t:     0 | t: 2.191955 | r:  -510.000000 | e:   1.000000 | Q:        nan | won: False 
#  374 | steps:  4111 | steps_t:     0 | t: 2.195944 | r:  -508.000000 | e:   1.000000 | Q:        nan | won: False 
#  375 | steps:  4117 | steps_t:     0 | t: 2.198936 | r:  -505.000000 | e:   1.000000 | Q:        nan | won: False 
#  376 | steps:  4126 | steps_t:     0 | t: 2.204085 | r:  -508.000000 | e:   1.000000 | Q:        nan | won: False 
#  377 | steps:  4131 | steps_t:     0 | t: 2.207912 | r:  -504.000000 | e:   1.000000 | Q:        nan | won: False 
#  378 | steps:  4155 | steps_t:     0 | t: 2.217955 | r:  -512.000000 | e:   1.000000 | Q:        nan | won: False 
#  379 | steps:  4165 | steps_t:     0 | t: 2.223069 | r:  -509.000000 | e:   1.000000 | Q:        nan | won: False 
#  380 | steps:  4172 | steps_t:     0 | t: 2.226932 | r:  -506.000000 | e:   1.000000 | Q:        nan | won: False 
#  381 | steps:  4191 | steps_t:     0 | t: 2.240011 | r:  -507.000000 | e:   1.000000 | Q:        nan | won: False 
#  382 | steps:  4210 | steps_t:     0 | t: 2.249072 | r:  -518.000000 | e:   1.000000 | Q:        nan | won: False 
#  383 | steps:  4220 | steps_t:     0 | t: 2.254026 | r:  -509.000000 | e:   1.000000 | Q:        nan | won: False 
#  384 | steps:  4228 | steps_t:     0 | t: 2.259057 | r:  -507.000000 | e:   1.000000 | Q:        nan | won: False 
#  385 | steps:  4235 | steps_t:     0 | t: 2.263045 | r:  -506.000000 | e:   1.000000 | Q:        nan | won: False 
#  386 | steps:  4249 | steps_t:     0 | t: 2.269505 | r:  -513.000000 | e:   1.000000 | Q:        nan | won: False 
#  387 | steps:  4268 | steps_t:     0 | t: 2.278508 | r:  -518.000000 | e:   1.000000 | Q:        nan | won: False 
#  388 | steps:  4277 | steps_t:     0 | t: 2.283467 | r:  -508.000000 | e:   1.000000 | Q:        nan | won: False 
#  389 | steps:  4308 | steps_t:     0 | t: 2.298526 | r:  -519.000000 | e:   1.000000 | Q:        nan | won: False 
#  390 | steps:  4319 | steps_t:     0 | t: 2.303510 | r:  -510.000000 | e:   1.000000 | Q:        nan | won: False 
#  391 | steps:  4328 | steps_t:     0 | t: 2.309323 | r:  -508.000000 | e:   1.000000 | Q:        nan | won: False 
#  392 | steps:  4340 | steps_t:     0 | t: 2.314896 | r:  -511.000000 | e:   1.000000 | Q:        nan | won: False 
#  393 | steps:  4345 | steps_t:     0 | t: 2.317861 | r:  -504.000000 | e:   1.000000 | Q:        nan | won: False 
#  394 | steps:  4351 | steps_t:     0 | t: 2.320851 | r:  -505.000000 | e:   1.000000 | Q:        nan | won: False 
#  395 | steps:  4361 | steps_t:     0 | t: 2.325838 | r:  -509.000000 | e:   1.000000 | Q:        nan | won: False 
#  396 | steps:  4378 | steps_t:     0 | t: 2.334562 | r:  -516.000000 | e:   1.000000 | Q:        nan | won: False 
#  397 | steps:  4389 | steps_t:     0 | t: 2.342095 | r:  -510.000000 | e:   1.000000 | Q:        nan | won: False 
#  398 | steps:  4398 | steps_t:     0 | t: 2.346212 | r:  -508.000000 | e:   1.000000 | Q:        nan | won: False 
#  399 | steps:  4404 | steps_t:     0 | t: 2.350185 | r:  -505.000000 | e:   1.000000 | Q:        nan | won: False 
#  400 | steps:  4412 | steps_t:     0 | t: 2.355213 | r:  -507.000000 | e:   1.000000 | Q:        nan | won: False 
#  401 | steps:  4418 | steps_t:     0 | t: 2.359421 | r:  -505.000000 | e:   1.000000 | Q:        nan | won: False 
#  402 | steps:  4435 | steps_t:     0 | t: 2.367182 | r:  -516.000000 | e:   1.000000 | Q:        nan | won: False 
#  403 | steps:  4445 | steps_t:     0 | t: 2.372125 | r:  -509.000000 | e:   1.000000 | Q:        nan | won: False 
#  404 | steps:  4463 | steps_t:     0 | t: 2.381102 | r:  -517.000000 | e:   1.000000 | Q:        nan | won: False 
#  405 | steps:  4475 | steps_t:     0 | t: 2.387086 | r:  -511.000000 | e:   1.000000 | Q:        nan | won: False 
#  406 | steps:  4483 | steps_t:     0 | t: 2.391075 | r:  -507.000000 | e:   1.000000 | Q:        nan | won: False 
#  407 | steps:  4490 | steps_t:     0 | t: 2.395064 | r:  -506.000000 | e:   1.000000 | Q:        nan | won: False 
#  408 | steps:  4500 | steps_t:     0 | t: 2.400051 | r:  -509.000000 | e:   1.000000 | Q:        nan | won: False 
#  409 | steps:  4508 | steps_t:     0 | t: 2.404040 | r:  -507.000000 | e:   1.000000 | Q:        nan | won: False 
#  410 | steps:  4522 | steps_t:     0 | t: 2.411021 | r:  -513.000000 | e:   1.000000 | Q:        nan | won: False 
#  411 | steps:  4529 | steps_t:     0 | t: 2.415012 | r:  -506.000000 | e:   1.000000 | Q:        nan | won: False 
#  412 | steps:  4541 | steps_t:     0 | t: 2.420995 | r:  -511.000000 | e:   1.000000 | Q:        nan | won: False 
#  413 | steps:  4552 | steps_t:     0 | t: 2.425981 | r:  -510.000000 | e:   1.000000 | Q:        nan | won: False 
#  414 | steps:  4567 | steps_t:     0 | t: 2.432963 | r:  -514.000000 | e:   1.000000 | Q:        nan | won: False 
#  415 | steps:  4577 | steps_t:     0 | t: 2.439036 | r:  -509.000000 | e:   1.000000 | Q:        nan | won: False 
#  416 | steps:  4585 | steps_t:     0 | t: 2.442937 | r:  -507.000000 | e:   1.000000 | Q:        nan | won: False 
#  417 | steps:  4592 | steps_t:     0 | t: 2.447025 | r:  -506.000000 | e:   1.000000 | Q:        nan | won: False 
#  418 | steps:  4609 | steps_t:     0 | t: 2.455903 | r:  -516.000000 | e:   1.000000 | Q:        nan | won: False 
#  419 | steps:  4620 | steps_t:     0 | t: 2.461886 | r:  -510.000000 | e:   1.000000 | Q:        nan | won: False 
#  420 | steps:  4631 | steps_t:     0 | t: 2.466872 | r:  -510.000000 | e:   1.000000 | Q:        nan | won: False 
#  421 | steps:  4639 | steps_t:     0 | t: 2.472857 | r:  -507.000000 | e:   1.000000 | Q:        nan | won: False 
#  422 | steps:  4648 | steps_t:     0 | t: 2.480314 | r:  -508.000000 | e:   1.000000 | Q:        nan | won: False 
#  423 | steps:  4655 | steps_t:     0 | t: 2.483828 | r:  -506.000000 | e:   1.000000 | Q:        nan | won: False 
#  424 | steps:  4672 | steps_t:     0 | t: 2.491805 | r:  -516.000000 | e:   1.000000 | Q:        nan | won: False 
#  425 | steps:  4680 | steps_t:     0 | t: 2.495795 | r:  -507.000000 | e:   1.000000 | Q:        nan | won: False 
#  426 | steps:  4693 | steps_t:     0 | t: 2.502777 | r:  -512.000000 | e:   1.000000 | Q:        nan | won: False 
#  427 | steps:  4700 | steps_t:     0 | t: 2.505768 | r:  -506.000000 | e:   1.000000 | Q:        nan | won: False 
#  428 | steps:  4708 | steps_t:     0 | t: 2.509905 | r:  -507.000000 | e:   1.000000 | Q:        nan | won: False 
#  429 | steps:  4718 | steps_t:     0 | t: 2.519731 | r:  -509.000000 | e:   1.000000 | Q:        nan | won: False 
#  430 | steps:  4727 | steps_t:     0 | t: 2.524775 | r:  -508.000000 | e:   1.000000 | Q:        nan | won: False 
#  431 | steps:  4736 | steps_t:     0 | t: 2.528760 | r:  -508.000000 | e:   1.000000 | Q:        nan | won: False 
#  432 | steps:  4742 | steps_t:     0 | t: 2.531910 | r:  -505.000000 | e:   1.000000 | Q:        nan | won: False 
#  433 | steps:  4750 | steps_t:     0 | t: 2.535859 | r:  -507.000000 | e:   1.000000 | Q:        nan | won: False 
#  434 | steps:  4757 | steps_t:     0 | t: 2.539678 | r:  -506.000000 | e:   1.000000 | Q:        nan | won: False 
#  435 | steps:  4769 | steps_t:     0 | t: 2.549667 | r:  -511.000000 | e:   1.000000 | Q:        nan | won: False 
#  436 | steps:  4783 | steps_t:     0 | t: 2.556648 | r:  -513.000000 | e:   1.000000 | Q:        nan | won: False 
#  437 | steps:  4789 | steps_t:     0 | t: 2.559957 | r:  -505.000000 | e:   1.000000 | Q:        nan | won: False 
#  438 | steps:  4797 | steps_t:     0 | t: 2.564012 | r:  -507.000000 | e:   1.000000 | Q:        nan | won: False 
#  439 | steps:  4817 | steps_t:     0 | t: 2.572921 | r:  -519.000000 | e:   1.000000 | Q:        nan | won: False 
#  440 | steps:  4826 | steps_t:     0 | t: 2.577908 | r:  -508.000000 | e:   1.000000 | Q:        nan | won: False 
#  441 | steps:  4834 | steps_t:     0 | t: 2.582023 | r:  -507.000000 | e:   1.000000 | Q:        nan | won: False 
#  442 | steps:  4840 | steps_t:     0 | t: 2.584971 | r:  -505.000000 | e:   1.000000 | Q:        nan | won: False 
#  443 | steps:  4846 | steps_t:     0 | t: 2.587881 | r:  -505.000000 | e:   1.000000 | Q:        nan | won: False 
#  444 | steps:  4860 | steps_t:     0 | t: 2.593865 | r:  -513.000000 | e:   1.000000 | Q:        nan | won: False 
#  445 | steps:  4869 | steps_t:     0 | t: 2.598852 | r:  -508.000000 | e:   1.000000 | Q:        nan | won: False 
#  446 | steps:  4877 | steps_t:     0 | t: 2.602841 | r:  -507.000000 | e:   1.000000 | Q:        nan | won: False 
#  447 | steps:  4886 | steps_t:     0 | t: 2.610820 | r:  -508.000000 | e:   1.000000 | Q:        nan | won: False 
#  448 | steps:  4895 | steps_t:     0 | t: 2.614982 | r:  -508.000000 | e:   1.000000 | Q:        nan | won: False 
#  449 | steps:  4904 | steps_t:     0 | t: 2.619796 | r:  -508.000000 | e:   1.000000 | Q:        nan | won: False 
#  450 | steps:  4915 | steps_t:     0 | t: 2.625780 | r:  -510.000000 | e:   1.000000 | Q:        nan | won: False 
#  451 | steps:  4928 | steps_t:     0 | t: 2.631022 | r:  -512.000000 | e:   1.000000 | Q:        nan | won: False 
#  452 | steps:  4945 | steps_t:     0 | t: 2.637937 | r:  -516.000000 | e:   1.000000 | Q:        nan | won: False 
#  453 | steps:  4967 | steps_t:     0 | t: 2.650060 | r:  -521.000000 | e:   1.000000 | Q:        nan | won: False 
#  454 | steps:  4982 | steps_t:     0 | t: 2.660387 | r:  -503.000000 | e:   1.000000 | Q:        nan | won: False 
#  455 | steps:  4990 | steps_t:     0 | t: 2.667078 | r:  -507.000000 | e:   1.000000 | Q:        nan | won: False 
