#    1 | steps:   188 | steps_t:     0 | t: 20.152127 | r:  -412.000000 | e:   1.000000 | Q:        nan | won: False 
#    2 | steps:   237 | steps_t:     0 | t: 24.647107 | r:  -471.000000 | e:   1.000000 | Q:        nan | won: False 
#    3 | steps:   434 | steps_t:     0 | t: 42.470461 | r:  -454.000000 | e:   1.000000 | Q:        nan | won: False 
#    4 | steps:   500 | steps_t:     0 | t: 49.006985 | r:  -444.000000 | e:   1.000000 | Q:        nan | won: False 
#    5 | steps:   629 | steps_t:     0 | t: 61.368935 | r:  -474.000000 | e:   1.000000 | Q:        nan | won: False 
#    6 | steps:   721 | steps_t:     0 | t: 70.024796 | r:  -470.000000 | e:   1.000000 | Q:        nan | won: False 
#    7 | steps:   772 | steps_t:     0 | t: 75.893108 | r:  -473.000000 | e:   1.000000 | Q:        nan | won: False 
#    8 | steps:   985 | steps_t:     0 | t: 95.879675 | r:  -569.000000 | e:   1.000000 | Q:        nan | won: False 
#    9 | steps:  1327 | steps_t:     0 | t: 126.980530 | r:  -379.000000 | e:   1.000000 | Q:        nan | won: False 
#   10 | steps:  1444 | steps_t:     0 | t: 138.177601 | r:  -418.000000 | e:   1.000000 | Q:        nan | won: False 
#   11 | steps:  1563 | steps_t:     0 | t: 149.565152 | r:  -530.000000 | e:   1.000000 | Q:        nan | won: False 
#   12 | steps:  1803 | steps_t:     0 | t: 170.876180 | r:  -464.000000 | e:   1.000000 | Q:        nan | won: False 
#   13 | steps:  1869 | steps_t:     0 | t: 176.779402 | r:  -400.000000 | e:   1.000000 | Q:        nan | won: False 
#   14 | steps:  2177 | steps_t:     0 | t: 206.587709 | r:  -433.000000 | e:   1.000000 | Q:        nan | won: False 
#   15 | steps:  2372 | steps_t:     0 | t: 224.815976 | r:  -518.000000 | e:   1.000000 | Q:        nan | won: False 
#   16 | steps:  2415 | steps_t:     0 | t: 229.335893 | r:  -498.000000 | e:   1.000000 | Q:        nan | won: False 
#   17 | steps:  2485 | steps_t:     0 | t: 235.804600 | r:  -404.000000 | e:   1.000000 | Q:        nan | won: False 
#   18 | steps:  2539 | steps_t:     0 | t: 240.908955 | r:  -421.000000 | e:   1.000000 | Q:        nan | won: False 
#   19 | steps:  2645 | steps_t:     0 | t: 251.039868 | r:  -484.000000 | e:   1.000000 | Q:        nan | won: False 
#   20 | steps:  2740 | steps_t:     0 | t: 260.399846 | r:  -385.000000 | e:   1.000000 | Q:        nan | won: False 
#   21 | steps:  2896 | steps_t:     0 | t: 275.890438 | r:  -413.000000 | e:   1.000000 | Q:        nan | won: False 
#   22 | steps:  3007 | steps_t:     0 | t: 285.969490 | r:  -456.000000 | e:   1.000000 | Q:        nan | won: False 
#   23 | steps:  3117 | steps_t:     0 | t: 296.216094 | r:  -521.000000 | e:   1.000000 | Q:        nan | won: False 
#   24 | steps:  3544 | steps_t:     0 | t: 336.052599 | r:  -442.000000 | e:   1.000000 | Q:        nan | won: False 
#   25 | steps:  3653 | steps_t:     0 | t: 345.905256 | r:  -454.000000 | e:   1.000000 | Q:        nan | won: False 
#   26 | steps:  3852 | steps_t:     0 | t: 364.123551 | r:  -522.000000 | e:   1.000000 | Q:        nan | won: False 
#   27 | steps:  3983 | steps_t:     0 | t: 376.407713 | r:  -520.000000 | e:   1.000000 | Q:        nan | won: False 
#   28 | steps:  4104 | steps_t:     0 | t: 387.933898 | r:  -433.000000 | e:   1.000000 | Q:        nan | won: False 
#   29 | steps:  4367 | steps_t:     0 | t: 413.152479 | r:  -597.000000 | e:   1.000000 | Q:        nan | won: False 
#   30 | steps:  4521 | steps_t:     0 | t: 427.040350 | r:  -444.000000 | e:   1.000000 | Q:        nan | won: False 
#   31 | steps:  4628 | steps_t:     0 | t: 436.785297 | r:  -507.000000 | e:   1.000000 | Q:        nan | won: False 
#   32 | steps:  4771 | steps_t:     0 | t: 449.712740 | r:  -543.000000 | e:   1.000000 | Q:        nan | won: False 
#   33 | steps:  4817 | steps_t:     0 | t: 454.107988 | r:  -468.000000 | e:   1.000000 | Q:        nan | won: False 
#   34 | steps:  4853 | steps_t:     0 | t: 457.477979 | r:  -469.000000 | e:   1.000000 | Q:        nan | won: False 
#   35 | steps:  5040 | steps_t:    39 | t: 496.153584 | r:  -477.000000 | e:   0.996100 | Q:        nan | won: False 
#   36 | steps:  5206 | steps_t:   204 | t: 596.589078 | r:  -368.000000 | e:   0.979600 | Q: -33.906933 | won: False 
#   37 | steps:  5234 | steps_t:   231 | t: 613.513833 | r:  -417.000000 | e:   0.976900 | Q: -27.784355 | won: False 
#   38 | steps:  5377 | steps_t:   373 | t: 698.671172 | r:  -345.000000 | e:   0.962700 | Q: -19.690794 | won: False 
#   39 | steps:  5523 | steps_t:   518 | t: 785.169925 | r:  -491.000000 | e:   0.948200 | Q: -19.427252 | won: False 
#   40 | steps:  5787 | steps_t:   781 | t: 944.448227 | r:  -543.000000 | e:   0.921900 | Q: -15.215048 | won: False 
#   41 | steps:  5884 | steps_t:   877 | t: 1002.653620 | r:  -508.000000 | e:   0.912300 | Q:  -9.583050 | won: False 
#   42 | steps:  5916 | steps_t:   908 | t: 1021.322711 | r:  -476.000000 | e:   0.909200 | Q: -15.416682 | won: False 
#   43 | steps:  5982 | steps_t:   973 | t: 1060.402235 | r:  -422.000000 | e:   0.902700 | Q: -16.429457 | won: False 
#   44 | steps:  6020 | steps_t:  1010 | t: 1082.894109 | r:  -471.000000 | e:   0.899000 | Q: -24.764580 | won: False 
#   45 | steps:  6147 | steps_t:  1136 | t: 1159.988004 | r:  -362.000000 | e:   0.886400 | Q: -20.466806 | won: False 
#   46 | steps:  6368 | steps_t:  1356 | t: 1293.386377 | r:  -401.000000 | e:   0.864400 | Q: -13.209672 | won: False 
#   47 | steps:  6403 | steps_t:  1390 | t: 1313.170844 | r:  -479.000000 | e:   0.861000 | Q: -14.294909 | won: False 
#   48 | steps:  6554 | steps_t:  1540 | t: 1403.871228 | r:  -485.000000 | e:   0.846000 | Q: -14.518636 | won: False 
#   49 | steps:  6635 | steps_t:  1620 | t: 1450.981283 | r:  -470.000000 | e:   0.838000 | Q: -20.931681 | won: False 
#   50 | steps:  6741 | steps_t:  1725 | t: 1514.067629 | r:  -374.000000 | e:   0.827500 | Q: -18.252142 | won: False 
#   51 | steps:  6848 | steps_t:  1831 | t: 1576.371065 | r:  -430.000000 | e:   0.816900 | Q: -16.504761 | won: False 
#   52 | steps:  7118 | steps_t:  2100 | t: 1737.397429 | r:  -219.000000 | e:   0.790000 | Q: -17.451180 | won: False 
#   53 | steps:  7177 | steps_t:  2158 | t: 1771.596002 | r:  -503.000000 | e:   0.784200 | Q: -20.963264 | won: False 
#   54 | steps:  7348 | steps_t:  2328 | t: 1873.501567 | r:  -450.000000 | e:   0.767200 | Q: -15.661087 | won: False 
#   55 | steps:  7425 | steps_t:  2404 | t: 1920.563752 | r:  -477.000000 | e:   0.759600 | Q: -16.385075 | won: False 
#   56 | steps:  7526 | steps_t:  2504 | t: 1980.801713 | r:  -391.000000 | e:   0.749600 | Q: -10.865735 | won: False 
#   57 | steps:  7639 | steps_t:  2616 | t: 2049.659627 | r:  -524.000000 | e:   0.738400 | Q: -10.985080 | won: False 
#   58 | steps:  7687 | steps_t:  2663 | t: 2079.700317 | r:  -481.000000 | e:   0.733700 | Q: -17.021496 | won: False 
#   59 | steps:  7864 | steps_t:  2839 | t: 2189.480830 | r:  -251.000000 | e:   0.716100 | Q: -17.827389 | won: False 
#   60 | steps:  7980 | steps_t:  2954 | t: 2263.011101 | r:  -450.000000 | e:   0.704600 | Q: -17.187342 | won: False 
#   61 | steps:  8034 | steps_t:  3007 | t: 2296.267194 | r:  -399.000000 | e:   0.699300 | Q: -24.658148 | won: False 
#   62 | steps:  8090 | steps_t:  3062 | t: 2331.147109 | r:  -412.000000 | e:   0.693800 | Q: -17.507608 | won: False 
#   63 | steps:  8164 | steps_t:  3135 | t: 2378.151394 | r:  -419.000000 | e:   0.686500 | Q: -17.147139 | won: False 
#   64 | steps:  8279 | steps_t:  3249 | t: 2452.017921 | r:  -493.000000 | e:   0.675100 | Q: -25.579330 | won: False 
#   65 | steps:  8420 | steps_t:  3389 | t: 2542.721437 | r:  -420.000000 | e:   0.661100 | Q: -16.550415 | won: False 
#   66 | steps:  8500 | steps_t:  3468 | t: 2595.094421 | r:  -513.000000 | e:   0.653200 | Q: -16.211073 | won: False 
#   67 | steps:  8818 | steps_t:  3785 | t: 2796.131069 | r:  -172.000000 | e:   0.621500 | Q: -14.380324 | won: False 
#   68 | steps:  9213 | steps_t:  4179 | t: 3043.985456 | r:  -454.000000 | e:   0.582100 | Q: -18.484398 | won: False 
#   69 | steps:  9300 | steps_t:  4265 | t: 3097.878380 | r:  -322.000000 | e:   0.573500 | Q: -24.335232 | won: False 
#   70 | steps:  9502 | steps_t:  4466 | t: 3225.670302 | r:  -514.000000 | e:   0.553400 | Q: -20.732437 | won: False 
#   71 | steps:  9565 | steps_t:  4528 | t: 3264.870597 | r:  -320.000000 | e:   0.547200 | Q: -26.848877 | won: False 
#   72 | steps:  9813 | steps_t:  4775 | t: 3420.136629 | r:  -450.000000 | e:   0.522500 | Q: -19.664936 | won: False 
#   73 | steps:  9923 | steps_t:  4884 | t: 3488.292418 | r:  -323.000000 | e:   0.511600 | Q: -23.563133 | won: False 
#   74 | steps: 10300 | steps_t:  5260 | t: 3717.086162 | r:  -304.000000 | e:   0.474000 | Q: -22.765610 | won: False 
#   75 | steps: 10565 | steps_t:  5524 | t: 3899.420937 | r:  -423.000000 | e:   0.447600 | Q: -19.942469 | won: False 
#   76 | steps: 10795 | steps_t:  5753 | t: 4075.158427 | r:  -465.000000 | e:   0.424700 | Q: -19.239496 | won: False 
#   77 | steps: 10853 | steps_t:  5810 | t: 4118.839507 | r:  -392.000000 | e:   0.419000 | Q: -18.374716 | won: False 
#   78 | steps: 10957 | steps_t:  5913 | t: 4200.180735 | r:  -438.000000 | e:   0.408700 | Q: -17.838762 | won: False 
#   79 | steps: 11052 | steps_t:  6007 | t: 4272.394365 | r:  -275.000000 | e:   0.399300 | Q: -22.034817 | won: False 
#   80 | steps: 11121 | steps_t:  6075 | t: 4325.183765 | r:  -414.000000 | e:   0.392500 | Q: -25.790756 | won: False 
#   81 | steps: 11183 | steps_t:  6136 | t: 4372.097708 | r:  -407.000000 | e:   0.386400 | Q: -30.095795 | won: False 
#   82 | steps: 11352 | steps_t:  6304 | t: 4501.910665 | r:  -481.000000 | e:   0.369600 | Q: -23.823935 | won: False 
#   83 | steps: 11451 | steps_t:  6402 | t: 4576.642876 | r:  -411.000000 | e:   0.359800 | Q: -23.803144 | won: False 
#   84 | steps: 11540 | steps_t:  6490 | t: 4643.821276 | r:  -412.000000 | e:   0.351000 | Q: -25.215040 | won: False 
#   85 | steps: 11663 | steps_t:  6612 | t: 4737.228176 | r:  -457.000000 | e:   0.338800 | Q: -22.649725 | won: False 
#   86 | steps: 11921 | steps_t:  6869 | t: 4937.313723 | r:  -449.000000 | e:   0.313100 | Q: -26.931665 | won: False 
#   87 | steps: 11981 | steps_t:  6928 | t: 4981.802786 | r:  -416.000000 | e:   0.307200 | Q: -28.774811 | won: False 
#   88 | steps: 12017 | steps_t:  6963 | t: 5007.994763 | r:  -502.000000 | e:   0.303700 | Q: -32.842335 | won: False 
#   89 | steps: 12407 | steps_t:  7352 | t: 5304.008917 | r:  -592.000000 | e:   0.264800 | Q: -20.064592 | won: False 
#   90 | steps: 12440 | steps_t:  7384 | t: 5328.344863 | r:  -389.000000 | e:   0.261600 | Q: -21.741638 | won: False 
#   91 | steps: 12479 | steps_t:  7422 | t: 5357.381232 | r:  -494.000000 | e:   0.257800 | Q: -19.988665 | won: False 
#   92 | steps: 12663 | steps_t:  7605 | t: 5498.170851 | r:  -375.000000 | e:   0.239500 | Q: -21.410595 | won: False 
#   93 | steps: 12743 | steps_t:  7684 | t: 5559.311391 | r:  -436.000000 | e:   0.231600 | Q: -24.377504 | won: False 
#   94 | steps: 12895 | steps_t:  7835 | t: 5675.429960 | r:  -431.000000 | e:   0.216500 | Q: -15.494693 | won: False 
#   95 | steps: 13163 | steps_t:  8102 | t: 5880.591597 | r:  -415.000000 | e:   0.189800 | Q:  -2.006174 | won: False 
#   96 | steps: 13231 | steps_t:  8169 | t: 5931.849586 | r:  -435.000000 | e:   0.183100 | Q: -17.069931 | won: False 
#   97 | steps: 13484 | steps_t:  8421 | t: 6128.195333 | r:  -587.000000 | e:   0.157900 | Q: -17.877380 | won: False 
#   98 | steps: 13553 | steps_t:  8489 | t: 6180.651097 | r:  -491.000000 | e:   0.151100 | Q: -21.052959 | won: False 
#   99 | steps: 13958 | steps_t:  8893 | t: 6501.065500 | r:  -475.000000 | e:   0.110700 | Q: -15.635599 | won: False 
#  100 | steps: 14244 | steps_t:  9178 | t: 6729.409046 | r:  -400.000000 | e:   0.100000 | Q: -12.859519 | won: False 
#  101 | steps: 14492 | steps_t:  9425 | t: 6923.655750 | r:  -593.000000 | e:   0.100000 | Q: -23.919342 | won: False 
#  102 | steps: 14719 | steps_t:  9651 | t: 7104.529200 | r:  -539.000000 | e:   0.100000 | Q: -22.900681 | won: False 
#  103 | steps: 15142 | steps_t: 10073 | t: 7439.618371 | r:  -636.000000 | e:   0.100000 | Q:  -5.221615 | won: False 
#  104 | steps: 15359 | steps_t: 10289 | t: 7612.767891 | r:  -485.000000 | e:   0.100000 | Q:  17.692503 | won: False 
#  105 | steps: 15399 | steps_t: 10328 | t: 7643.745122 | r:  -407.000000 | e:   0.100000 | Q:  37.407024 | won: False 
#  106 | steps: 15560 | steps_t: 10488 | t: 7771.289708 | r:  -451.000000 | e:   0.100000 | Q:  44.965710 | won: False 
#  107 | steps: 15602 | steps_t: 10529 | t: 7803.569411 | r:  -398.000000 | e:   0.100000 | Q:  67.644142 | won: False 
#  108 | steps: 15657 | steps_t: 10583 | t: 7846.790864 | r:  -279.000000 | e:   0.100000 | Q:  68.764740 | won: False 
#  109 | steps: 15713 | steps_t: 10638 | t: 7890.684518 | r:  -401.000000 | e:   0.100000 | Q:  66.253479 | won: False 
#  110 | steps: 15822 | steps_t: 10746 | t: 7975.254430 | r:  -443.000000 | e:   0.100000 | Q:  66.515083 | won: False 
#  111 | steps: 16012 | steps_t: 10935 | t: 8122.586549 | r:  -469.000000 | e:   0.100000 | Q:  72.103195 | won: False 
#  112 | steps: 16154 | steps_t: 11076 | t: 8231.681895 | r:  -476.000000 | e:   0.100000 | Q:  78.677811 | won: False 
#  113 | steps: 16257 | steps_t: 11178 | t: 8310.270520 | r:  -459.000000 | e:   0.100000 | Q:  80.241562 | won: False 
#  114 | steps: 16304 | steps_t: 11224 | t: 8345.417557 | r:  -414.000000 | e:   0.100000 | Q:  85.049828 | won: False 
#  115 | steps: 16479 | steps_t: 11398 | t: 8479.570913 | r:  -344.000000 | e:   0.100000 | Q:  83.911018 | won: False 
#  116 | steps: 16551 | steps_t: 11469 | t: 8535.214156 | r:  -318.000000 | e:   0.100000 | Q:  79.700348 | won: False 
#  117 | steps: 16610 | steps_t: 11527 | t: 8579.355149 | r:  -338.000000 | e:   0.100000 | Q:  76.594315 | won: False 
#  118 | steps: 16910 | steps_t: 11826 | t: 8810.971945 | r:  -480.000000 | e:   0.100000 | Q:  86.617043 | won: False 
#  119 | steps: 17213 | steps_t: 12128 | t: 9044.269247 | r:   -91.000000 | e:   0.100000 | Q:  69.490364 | won: False 
#  120 | steps: 17241 | steps_t: 12155 | t: 9065.078618 | r:  -395.000000 | e:   0.100000 | Q:  76.548225 | won: False 
#  121 | steps: 17316 | steps_t: 12229 | t: 9120.339703 | r:  -486.000000 | e:   0.100000 | Q:  75.122559 | won: False 
#  122 | steps: 17432 | steps_t: 12344 | t: 9214.730507 | r:  -197.000000 | e:   0.100000 | Q:  65.324638 | won: False 
#  123 | steps: 17464 | steps_t: 12375 | t: 9238.013262 | r:  -322.000000 | e:   0.100000 | Q:  85.610474 | won: False 
#  124 | steps: 17532 | steps_t: 12442 | t: 9287.953750 | r:  -446.000000 | e:   0.100000 | Q:  90.990402 | won: False 
#  125 | steps: 17945 | steps_t: 12854 | t: 9597.500724 | r:  -285.000000 | e:   0.100000 | Q:  82.170128 | won: False 
#  126 | steps: 18039 | steps_t: 12947 | t: 9668.062079 | r:  -428.000000 | e:   0.100000 | Q:  84.133881 | won: False 
#  127 | steps: 18122 | steps_t: 13029 | t: 9733.286708 | r:  -307.000000 | e:   0.100000 | Q:  51.598171 | won: False 
#  128 | steps: 18158 | steps_t: 13064 | t: 9759.943445 | r:  -469.000000 | e:   0.100000 | Q:  75.725937 | won: False 
#  129 | steps: 18204 | steps_t: 13109 | t: 9793.392023 | r:  -413.000000 | e:   0.100000 | Q:  82.377960 | won: False 
#  130 | steps: 18236 | steps_t: 13140 | t: 9816.407496 | r:  -421.000000 | e:   0.100000 | Q:  87.134911 | won: False 
#  131 | steps: 18351 | steps_t: 13254 | t: 9902.882312 | r:  -317.000000 | e:   0.100000 | Q:  87.159973 | won: False 
#  132 | steps: 18433 | steps_t: 13335 | t: 9964.080702 | r:  -416.000000 | e:   0.100000 | Q:  98.489479 | won: False 
#  133 | steps: 18504 | steps_t: 13405 | t: 10017.754212 | r:  -361.000000 | e:   0.100000 | Q:  95.840263 | won: False 
#  134 | steps: 18596 | steps_t: 13496 | t: 10086.870439 | r:  -272.000000 | e:   0.100000 | Q:  86.528923 | won: False 
#  135 | steps: 18668 | steps_t: 13567 | t: 10144.041596 | r:  -307.000000 | e:   0.100000 | Q:  82.764999 | won: False 
#  136 | steps: 18950 | steps_t: 13848 | t: 10360.121929 | r:  -187.000000 | e:   0.100000 | Q:  90.558197 | won: False 
#  137 | steps: 19003 | steps_t: 13900 | t: 10401.194125 | r:  -409.000000 | e:   0.100000 | Q:  75.154884 | won: False 
#  138 | steps: 19131 | steps_t: 14027 | t: 10501.727359 | r:  -363.000000 | e:   0.100000 | Q:  87.337273 | won: False 
#  139 | steps: 19229 | steps_t: 14124 | t: 10578.578787 | r:  -377.000000 | e:   0.100000 | Q:  83.212326 | won: False 
#  140 | steps: 19383 | steps_t: 14277 | t: 10698.718609 | r:  -323.000000 | e:   0.100000 | Q:  84.633408 | won: False 
#  141 | steps: 19452 | steps_t: 14345 | t: 10752.207609 | r:  -359.000000 | e:   0.100000 | Q:  90.066116 | won: False 
#  142 | steps: 19477 | steps_t: 14369 | t: 10771.070183 | r:  -359.000000 | e:   0.100000 | Q: 101.742538 | won: False 
#  143 | steps: 19515 | steps_t: 14406 | t: 10799.714605 | r:  -471.000000 | e:   0.100000 | Q:  91.995216 | won: False 
#  144 | steps: 19826 | steps_t: 14716 | t: 11044.086968 | r:  -260.000000 | e:   0.100000 | Q:  82.185257 | won: False 
#  145 | steps: 19891 | steps_t: 14780 | t: 11093.687885 | r:  -421.000000 | e:   0.100000 | Q:  82.896179 | won: False 
#  146 | steps: 20065 | steps_t: 14953 | t: 11227.498157 | r:  -486.000000 | e:   0.100000 | Q:  88.936592 | won: False 
#  147 | steps: 20205 | steps_t: 15092 | t: 11334.467185 | r:  -408.000000 | e:   0.100000 | Q:  88.556458 | won: False 
#  148 | steps: 20268 | steps_t: 15154 | t: 11383.375434 | r:  -353.000000 | e:   0.100000 | Q:  94.468056 | won: False 
#  149 | steps: 20384 | steps_t: 15269 | t: 11474.903727 | r:  -285.000000 | e:   0.100000 | Q:  75.378494 | won: False 
#  150 | steps: 20853 | steps_t: 15737 | t: 11837.127356 | r:  -279.000000 | e:   0.100000 | Q:  97.805016 | won: False 
#  151 | steps: 20994 | steps_t: 15877 | t: 11945.055819 | r:  -310.000000 | e:   0.100000 | Q:  80.433060 | won: False 
#  152 | steps: 21196 | steps_t: 16078 | t: 12100.224992 | r:  -327.000000 | e:   0.100000 | Q:  86.415199 | won: False 
#  153 | steps: 21429 | steps_t: 16310 | t: 12279.740077 | r:  -435.000000 | e:   0.100000 | Q: 115.531342 | won: False 
#  154 | steps: 21515 | steps_t: 16395 | t: 12346.115631 | r:  -255.000000 | e:   0.100000 | Q:  96.661278 | won: False 
#  155 | steps: 21599 | steps_t: 16478 | t: 12410.420718 | r:  -352.000000 | e:   0.100000 | Q:  87.207680 | won: False 
#  156 | steps: 21788 | steps_t: 16666 | t: 12555.838953 | r:  -336.000000 | e:   0.100000 | Q:  94.444176 | won: False 
#  157 | steps: 21839 | steps_t: 16716 | t: 12594.835700 | r:  -418.000000 | e:   0.100000 | Q:  81.556854 | won: False 
#  158 | steps: 22119 | steps_t: 16995 | t: 12807.935552 | r:  -515.000000 | e:   0.100000 | Q:  88.325951 | won: False 
#  159 | steps: 22228 | steps_t: 17103 | t: 12892.505465 | r:  -267.000000 | e:   0.100000 | Q:  94.636650 | won: False 
#  160 | steps: 22479 | steps_t: 17353 | t: 13089.745162 | r:  -299.000000 | e:   0.100000 | Q:  88.281158 | won: False 
#  161 | steps: 22590 | steps_t: 17463 | t: 13175.851964 | r:  -302.000000 | e:   0.100000 | Q: 109.614700 | won: False 
#  162 | steps: 22686 | steps_t: 17558 | t: 13252.195866 | r:  -254.000000 | e:   0.100000 | Q: 100.662346 | won: False 
#  163 | steps: 22741 | steps_t: 17612 | t: 13310.729637 | r:  -422.000000 | e:   0.100000 | Q:  91.727432 | won: False 
#  164 | steps: 22837 | steps_t: 17707 | t: 13357.381704 | r:  -408.000000 | e:   0.100000 | Q: 107.102371 | won: False 
#  165 | steps: 22937 | steps_t: 17806 | t: 13394.558014 | r:  -434.000000 | e:   0.100000 | Q:  86.960609 | won: False 
#  166 | steps: 22985 | steps_t: 17853 | t: 13411.806899 | r:  -393.000000 | e:   0.100000 | Q:  82.028793 | won: False 
#  167 | steps: 23052 | steps_t: 17919 | t: 13436.116422 | r:  -434.000000 | e:   0.100000 | Q:  85.905945 | won: False 
#  168 | steps: 23225 | steps_t: 18091 | t: 13530.124454 | r:  -386.000000 | e:   0.100000 | Q:  96.754776 | won: False 
#  169 | steps: 23283 | steps_t: 18148 | t: 13573.748830 | r:  -436.000000 | e:   0.100000 | Q:  86.547211 | won: False 
#  170 | steps: 23406 | steps_t: 18270 | t: 13664.421426 | r:  -402.000000 | e:   0.100000 | Q: 105.331299 | won: False 
#  171 | steps: 23494 | steps_t: 18357 | t: 13728.817269 | r:  -290.000000 | e:   0.100000 | Q: 118.178497 | won: False 
#  172 | steps: 23558 | steps_t: 18420 | t: 13775.914360 | r:  -398.000000 | e:   0.100000 | Q: 113.705360 | won: False 
#  173 | steps: 23722 | steps_t: 18583 | t: 13900.412526 | r:  -421.000000 | e:   0.100000 | Q:  89.469307 | won: False 
#  174 | steps: 23863 | steps_t: 18723 | t: 14006.187746 | r:  -266.000000 | e:   0.100000 | Q: 109.654190 | won: False 
#  175 | steps: 23958 | steps_t: 18817 | t: 14068.364235 | r:  -330.000000 | e:   0.100000 | Q:  88.879181 | won: False 
#  176 | steps: 24110 | steps_t: 18968 | t: 14168.451237 | r:  -552.000000 | e:   0.100000 | Q: 101.169304 | won: False 
#  177 | steps: 24183 | steps_t: 19040 | t: 14217.070637 | r:  -396.000000 | e:   0.100000 | Q:  75.689827 | won: False 
#  178 | steps: 24436 | steps_t: 19292 | t: 14385.388252 | r:  -422.000000 | e:   0.100000 | Q:  82.935387 | won: False 
#  179 | steps: 24475 | steps_t: 19330 | t: 14412.507313 | r:  -450.000000 | e:   0.100000 | Q:  82.309975 | won: False 
#  180 | steps: 24527 | steps_t: 19381 | t: 14448.148772 | r:  -419.000000 | e:   0.100000 | Q: 107.564369 | won: False 
#  181 | steps: 24604 | steps_t: 19457 | t: 14500.076495 | r:  -455.000000 | e:   0.100000 | Q: 100.072685 | won: False 
#  182 | steps: 25042 | steps_t: 19894 | t: 14801.656681 | r:  -552.000000 | e:   0.100000 | Q: 122.016220 | won: False 
#  183 | steps: 25119 | steps_t: 19970 | t: 14852.063743 | r:  -367.000000 | e:   0.100000 | Q: 104.504868 | won: False 
#  184 | steps: 25215 | steps_t: 20065 | t: 14915.268307 | r:  -419.000000 | e:   0.100000 | Q: 118.324867 | won: False 
#  185 | steps: 25545 | steps_t: 20394 | t: 15135.417775 | r:  -389.000000 | e:   0.100000 | Q:  94.885818 | won: False 
#  186 | steps: 25611 | steps_t: 20459 | t: 15177.983154 | r:  -422.000000 | e:   0.100000 | Q: 102.110764 | won: False 
#  187 | steps: 25713 | steps_t: 20560 | t: 15245.697061 | r:  -447.000000 | e:   0.100000 | Q: 109.286598 | won: False 
#  188 | steps: 25787 | steps_t: 20633 | t: 15295.597632 | r:  -221.000000 | e:   0.100000 | Q:  92.832222 | won: False 
#  189 | steps: 25830 | steps_t: 20675 | t: 15324.527888 | r:  -443.000000 | e:   0.100000 | Q:  95.647469 | won: False 
#  190 | steps: 26019 | steps_t: 20863 | t: 15453.311684 | r:  -534.000000 | e:   0.100000 | Q:  85.722504 | won: False 
#  191 | steps: 26165 | steps_t: 21008 | t: 15550.512259 | r:  -414.000000 | e:   0.100000 | Q: 131.388901 | won: False 
#  192 | steps: 26235 | steps_t: 21077 | t: 15596.619361 | r:  -272.000000 | e:   0.100000 | Q:  97.123260 | won: False 
#  193 | steps: 26415 | steps_t: 21256 | t: 15718.111038 | r:  -514.000000 | e:   0.100000 | Q:  98.724045 | won: False 
#  194 | steps: 26714 | steps_t: 21554 | t: 15921.953465 | r:  -424.000000 | e:   0.100000 | Q: 100.382156 | won: False 
#  195 | steps: 26803 | steps_t: 21642 | t: 15981.196308 | r:  -434.000000 | e:   0.100000 | Q: 101.482887 | won: False 
#  196 | steps: 26991 | steps_t: 21829 | t: 16109.167751 | r:  -368.000000 | e:   0.100000 | Q: 127.693420 | won: False 
#  197 | steps: 27298 | steps_t: 22135 | t: 16322.412921 | r:  -344.000000 | e:   0.100000 | Q: 100.528465 | won: False 
#  198 | steps: 27338 | steps_t: 22174 | t: 16349.314020 | r:  -418.000000 | e:   0.100000 | Q: 114.993843 | won: False 
#  199 | steps: 27456 | steps_t: 22291 | t: 16430.391446 | r:  -309.000000 | e:   0.100000 | Q: 116.248672 | won: False 
#  200 | steps: 27504 | steps_t: 22338 | t: 16462.861366 | r:  -393.000000 | e:   0.100000 | Q:  87.874008 | won: False 
#  201 | steps: 27575 | steps_t: 22408 | t: 16509.097226 | r:  -383.000000 | e:   0.100000 | Q:  80.933853 | won: False 
#  202 | steps: 27646 | steps_t: 22478 | t: 16556.448622 | r:  -240.000000 | e:   0.100000 | Q:  96.401634 | won: False 
#  203 | steps: 27855 | steps_t: 22686 | t: 16698.088706 | r:  -411.000000 | e:   0.100000 | Q: 102.541809 | won: False 
#  204 | steps: 28017 | steps_t: 22847 | t: 16805.304393 | r:  -507.000000 | e:   0.100000 | Q: 112.880959 | won: False 
#  205 | steps: 28231 | steps_t: 23060 | t: 16946.472332 | r:  -372.000000 | e:   0.100000 | Q: 130.945923 | won: False 
#  206 | steps: 28278 | steps_t: 23106 | t: 16978.974909 | r:  -414.000000 | e:   0.100000 | Q:  99.648140 | won: False 
#  207 | steps: 28342 | steps_t: 23169 | t: 17023.070014 | r:  -266.000000 | e:   0.100000 | Q:  99.251961 | won: False 
#  208 | steps: 28461 | steps_t: 23287 | t: 17105.963659 | r:  -442.000000 | e:   0.100000 | Q:  99.990646 | won: False 
#  209 | steps: 28562 | steps_t: 23387 | t: 17175.831904 | r:  -501.000000 | e:   0.100000 | Q: 106.719452 | won: False 
#  210 | steps: 29056 | steps_t: 23880 | t: 17511.985786 | r:  -674.000000 | e:   0.100000 | Q: 114.634323 | won: False 
#  211 | steps: 29203 | steps_t: 24026 | t: 17609.032471 | r:  -415.000000 | e:   0.100000 | Q:  88.511375 | won: False 
#  212 | steps: 29380 | steps_t: 24202 | t: 17727.487633 | r:  -291.000000 | e:   0.100000 | Q: 125.682678 | won: False 
#  213 | steps: 29492 | steps_t: 24313 | t: 17802.271863 | r:  -424.000000 | e:   0.100000 | Q: 101.545135 | won: False 
#  214 | steps: 29718 | steps_t: 24538 | t: 17952.841772 | r:  -406.000000 | e:   0.100000 | Q: 114.259041 | won: False 
#  215 | steps: 30116 | steps_t: 24935 | t: 18230.503135 | r:  -406.000000 | e:   0.100000 | Q: 117.434814 | won: False 
#  216 | steps: 30189 | steps_t: 25007 | t: 18282.673628 | r:  -473.000000 | e:   0.100000 | Q:  99.600433 | won: False 
#  217 | steps: 30332 | steps_t: 25149 | t: 18382.174269 | r:  -312.000000 | e:   0.100000 | Q:  96.364510 | won: False 
#  218 | steps: 30793 | steps_t: 25609 | t: 18690.092689 | r:  -476.000000 | e:   0.100000 | Q: 124.168686 | won: False 
#  219 | steps: 30922 | steps_t: 25737 | t: 18775.609438 | r:  -474.000000 | e:   0.100000 | Q: 109.337692 | won: False 
#  220 | steps: 31131 | steps_t: 25945 | t: 18915.618475 | r:  -334.000000 | e:   0.100000 | Q: 112.447418 | won: False 
#  221 | steps: 31195 | steps_t: 26008 | t: 18957.585092 | r:  -310.000000 | e:   0.100000 | Q:  97.511131 | won: False 
#  222 | steps: 31272 | steps_t: 26084 | t: 19008.023333 | r:  -422.000000 | e:   0.100000 | Q: 117.272568 | won: False 
#  223 | steps: 31429 | steps_t: 26240 | t: 19110.695179 | r:  -502.000000 | e:   0.100000 | Q:  92.963058 | won: False 
#  224 | steps: 31582 | steps_t: 26392 | t: 19210.120730 | r:  -531.000000 | e:   0.100000 | Q: 102.911133 | won: False 
#  225 | steps: 31651 | steps_t: 26460 | t: 19255.123680 | r:  -447.000000 | e:   0.100000 | Q: 120.156609 | won: False 
#  226 | steps: 31779 | steps_t: 26587 | t: 19341.134088 | r:  -528.000000 | e:   0.100000 | Q:  97.569969 | won: False 
#  227 | steps: 31847 | steps_t: 26654 | t: 19385.848562 | r:  -369.000000 | e:   0.100000 | Q:  99.156319 | won: False 
#  228 | steps: 32144 | steps_t: 26950 | t: 19588.351092 | r:  -477.000000 | e:   0.100000 | Q:  99.421898 | won: False 
#  229 | steps: 32264 | steps_t: 27069 | t: 19670.094087 | r:  -311.000000 | e:   0.100000 | Q: 117.881165 | won: False 
#  230 | steps: 32414 | steps_t: 27218 | t: 19772.190549 | r:  -220.000000 | e:   0.100000 | Q: 111.939560 | won: False 
#  231 | steps: 32466 | steps_t: 27269 | t: 19807.471632 | r:  -441.000000 | e:   0.100000 | Q: 104.571281 | won: False 
#  232 | steps: 32545 | steps_t: 27347 | t: 19861.096490 | r:  -424.000000 | e:   0.100000 | Q:  93.601967 | won: False 
#  233 | steps: 32635 | steps_t: 27436 | t: 19921.624801 | r:  -380.000000 | e:   0.100000 | Q: 136.089035 | won: False 
#  234 | steps: 32755 | steps_t: 27555 | t: 20002.598090 | r:  -410.000000 | e:   0.100000 | Q: 131.373505 | won: False 
#  235 | steps: 32902 | steps_t: 27701 | t: 20102.000876 | r:  -558.000000 | e:   0.100000 | Q: 108.643501 | won: False 
#  236 | steps: 33154 | steps_t: 27952 | t: 20272.366084 | r:  -179.000000 | e:   0.100000 | Q: 108.804405 | won: False 
#  237 | steps: 33197 | steps_t: 27994 | t: 20301.317020 | r:  -366.000000 | e:   0.100000 | Q:  95.474434 | won: False 
#  238 | steps: 33245 | steps_t: 28041 | t: 20333.711361 | r:  -481.000000 | e:   0.100000 | Q: 110.011238 | won: False 
#  239 | steps: 33305 | steps_t: 28100 | t: 20373.868211 | r:  -394.000000 | e:   0.100000 | Q: 114.631332 | won: False 
#  240 | steps: 33531 | steps_t: 28325 | t: 20528.746898 | r:  -406.000000 | e:   0.100000 | Q: 112.133224 | won: False 
#  241 | steps: 33676 | steps_t: 28469 | t: 20627.288889 | r:  -270.000000 | e:   0.100000 | Q: 119.940498 | won: False 
#  242 | steps: 33757 | steps_t: 28549 | t: 20682.310813 | r:  -492.000000 | e:   0.100000 | Q: 108.037605 | won: False 
#  243 | steps: 33827 | steps_t: 28618 | t: 20728.107475 | r:  -371.000000 | e:   0.100000 | Q: 107.991661 | won: False 
#  244 | steps: 34000 | steps_t: 28790 | t: 20840.546834 | r:  -540.000000 | e:   0.100000 | Q: 109.686630 | won: False 
#  245 | steps: 34065 | steps_t: 28854 | t: 20883.305526 | r:  -476.000000 | e:   0.100000 | Q: 102.216621 | won: False 
#  246 | steps: 34238 | steps_t: 29026 | t: 20997.604218 | r:  -397.000000 | e:   0.100000 | Q: 105.233696 | won: False 
#  247 | steps: 34375 | steps_t: 29162 | t: 21088.460903 | r:  -405.000000 | e:   0.100000 | Q: 129.637253 | won: False 
#  248 | steps: 34651 | steps_t: 29437 | t: 21274.069362 | r:  -104.000000 | e:   0.100000 | Q: 211.882202 | won: False 
#  249 | steps: 34851 | steps_t: 29636 | t: 21410.737762 | r:  -578.000000 | e:   0.100000 | Q: 126.531448 | won: False 
#  250 | steps: 34919 | steps_t: 29703 | t: 21456.817233 | r:  -127.000000 | e:   0.100000 | Q: 151.824158 | won: False 
#  251 | steps: 34976 | steps_t: 29759 | t: 21495.092425 | r:  -468.000000 | e:   0.100000 | Q: 119.958893 | won: False 
#  252 | steps: 35358 | steps_t: 30140 | t: 21754.042802 | r:  -562.000000 | e:   0.100000 | Q: 120.426926 | won: False 
#  253 | steps: 35401 | steps_t: 30182 | t: 21781.113381 | r:  -465.000000 | e:   0.100000 | Q: 109.348900 | won: False 
#  254 | steps: 35512 | steps_t: 30292 | t: 21854.368476 | r:  -533.000000 | e:   0.100000 | Q: 123.933937 | won: False 
#  255 | steps: 35546 | steps_t: 30325 | t: 21877.216838 | r:  -357.000000 | e:   0.100000 | Q: 115.404137 | won: False 
#  256 | steps: 35700 | steps_t: 30478 | t: 21977.307655 | r:  -543.000000 | e:   0.100000 | Q:  98.459900 | won: False 
#  257 | steps: 35947 | steps_t: 30724 | t: 22138.031930 | r:  -431.000000 | e:   0.100000 | Q: 119.245834 | won: False 
#  258 | steps: 36082 | steps_t: 30858 | t: 22225.831506 | r:  -524.000000 | e:   0.100000 | Q: 110.166924 | won: False 
#  259 | steps: 36157 | steps_t: 30932 | t: 22274.643536 | r:  -431.000000 | e:   0.100000 | Q: 138.246735 | won: False 
#  260 | steps: 36210 | steps_t: 30984 | t: 22308.604505 | r:  -464.000000 | e:   0.100000 | Q: 108.290215 | won: False 
#  261 | steps: 36374 | steps_t: 31147 | t: 22416.146736 | r:  -531.000000 | e:   0.100000 | Q: 107.605194 | won: False 
#  262 | steps: 36443 | steps_t: 31215 | t: 22461.737149 | r:  -227.000000 | e:   0.100000 | Q: 111.109383 | won: False 
#  263 | steps: 36617 | steps_t: 31388 | t: 22584.923604 | r:  -497.000000 | e:   0.100000 | Q: 105.960564 | won: False 
#  264 | steps: 36692 | steps_t: 31462 | t: 22636.999709 | r:  -464.000000 | e:   0.100000 | Q: 105.735863 | won: False 
#  265 | steps: 37171 | steps_t: 31940 | t: 22968.653982 | r:  -571.000000 | e:   0.100000 | Q:  96.555443 | won: False 
#  266 | steps: 37254 | steps_t: 32022 | t: 23023.629063 | r:  -230.000000 | e:   0.100000 | Q: 101.998207 | won: False 
#  267 | steps: 37510 | steps_t: 32277 | t: 23194.873400 | r:  -319.000000 | e:   0.100000 | Q: 109.657433 | won: False 
#  268 | steps: 37538 | steps_t: 32304 | t: 23213.301736 | r:  -439.000000 | e:   0.100000 | Q:  87.515663 | won: False 
#  269 | steps: 37761 | steps_t: 32526 | t: 23361.559948 | r:  -440.000000 | e:   0.100000 | Q: 100.234894 | won: False 
#  270 | steps: 37938 | steps_t: 32702 | t: 23479.327738 | r:  -379.000000 | e:   0.100000 | Q: 118.800133 | won: False 
#  271 | steps: 38056 | steps_t: 32819 | t: 23559.239982 | r:  -375.000000 | e:   0.100000 | Q: 112.917343 | won: False 
#  272 | steps: 38184 | steps_t: 32946 | t: 23646.252032 | r:  -220.000000 | e:   0.100000 | Q:  89.158157 | won: False 
#  273 | steps: 38386 | steps_t: 33147 | t: 23782.985467 | r:  -525.000000 | e:   0.100000 | Q: 109.667694 | won: False 
#  274 | steps: 38436 | steps_t: 33196 | t: 23817.168680 | r:  -395.000000 | e:   0.100000 | Q: 115.007523 | won: False 
#  275 | steps: 38497 | steps_t: 33256 | t: 23857.856227 | r:  -285.000000 | e:   0.100000 | Q:  99.472229 | won: False 
#  276 | steps: 38606 | steps_t: 33364 | t: 23934.106361 | r:  -377.000000 | e:   0.100000 | Q: 116.798492 | won: False 
#  277 | steps: 38652 | steps_t: 33409 | t: 23966.125818 | r:  -314.000000 | e:   0.100000 | Q: 127.110146 | won: False 
#  278 | steps: 38791 | steps_t: 33547 | t: 24061.797297 | r:  -407.000000 | e:   0.100000 | Q: 104.585739 | won: False 
#  279 | steps: 38944 | steps_t: 33699 | t: 24166.226056 | r:  -410.000000 | e:   0.100000 | Q: 109.863319 | won: False 
#  280 | steps: 39022 | steps_t: 33776 | t: 24220.329218 | r:  -412.000000 | e:   0.100000 | Q: 109.052078 | won: False 
#  281 | steps: 39217 | steps_t: 33970 | t: 24355.517181 | r:  -452.000000 | e:   0.100000 | Q: 122.292862 | won: False 
#  282 | steps: 39538 | steps_t: 34290 | t: 24577.596650 | r:  -523.000000 | e:   0.100000 | Q: 130.375076 | won: False 
#  283 | steps: 39691 | steps_t: 34442 | t: 24683.592236 | r:  -355.000000 | e:   0.100000 | Q: 108.365036 | won: False 
#  284 | steps: 39810 | steps_t: 34560 | t: 24771.755633 | r:  -475.000000 | e:   0.100000 | Q: 118.932579 | won: False 
#  285 | steps: 39997 | steps_t: 34746 | t: 24910.442349 | r:  -250.000000 | e:   0.100000 | Q: 135.589981 | won: False 
#  286 | steps: 40049 | steps_t: 34797 | t: 24947.716501 | r:  -276.000000 | e:   0.100000 | Q: 105.431480 | won: False 
#  287 | steps: 40239 | steps_t: 34986 | t: 25088.176789 | r:  -304.000000 | e:   0.100000 | Q: 109.845772 | won: False 
#  288 | steps: 40554 | steps_t: 35300 | t: 25304.284760 | r:  -312.000000 | e:   0.100000 | Q: 106.856972 | won: False 
#  289 | steps: 40614 | steps_t: 35359 | t: 25345.726389 | r:  -383.000000 | e:   0.100000 | Q: 107.297615 | won: False 
#  290 | steps: 40668 | steps_t: 35412 | t: 25382.346071 | r:  -465.000000 | e:   0.100000 | Q: 103.867989 | won: False 
#  291 | steps: 40920 | steps_t: 35663 | t: 25558.308534 | r:  -465.000000 | e:   0.100000 | Q: 113.523911 | won: False 
#  292 | steps: 40961 | steps_t: 35703 | t: 25586.420356 | r:  -364.000000 | e:   0.100000 | Q: 109.261246 | won: False 
#  293 | steps: 41067 | steps_t: 35808 | t: 25658.236362 | r:  -341.000000 | e:   0.100000 | Q: 104.960213 | won: False 
#  294 | steps: 41260 | steps_t: 36000 | t: 25792.965418 | r:  -307.000000 | e:   0.100000 | Q:  95.738731 | won: False 
#  295 | steps: 41402 | steps_t: 36141 | t: 25891.272180 | r:  -509.000000 | e:   0.100000 | Q: 112.178223 | won: False 
#  296 | steps: 41712 | steps_t: 36450 | t: 26107.476039 | r:  -402.000000 | e:   0.100000 | Q: 117.896545 | won: False 
#  297 | steps: 41860 | steps_t: 36597 | t: 26210.458153 | r:  -394.000000 | e:   0.100000 | Q: 126.731392 | won: False 
#  298 | steps: 42012 | steps_t: 36748 | t: 26316.552032 | r:  -497.000000 | e:   0.100000 | Q: 114.958855 | won: False 
#  299 | steps: 42094 | steps_t: 36829 | t: 26372.759463 | r:  -383.000000 | e:   0.100000 | Q: 103.251762 | won: False 
#  300 | steps: 42265 | steps_t: 36999 | t: 26490.672554 | r:  -318.000000 | e:   0.100000 | Q: 113.561134 | won: False 
#  301 | steps: 42317 | steps_t: 37050 | t: 26526.566872 | r:  -430.000000 | e:   0.100000 | Q: 109.639671 | won: False 
#  302 | steps: 42426 | steps_t: 37158 | t: 26601.216153 | r:  -377.000000 | e:   0.100000 | Q: 118.611908 | won: False 
#  303 | steps: 42493 | steps_t: 37224 | t: 26646.912649 | r:  -390.000000 | e:   0.100000 | Q: 110.166023 | won: False 
#  304 | steps: 42709 | steps_t: 37439 | t: 26802.788237 | r:  -264.000000 | e:   0.100000 | Q: 100.966515 | won: False 
#  305 | steps: 42847 | steps_t: 37576 | t: 26897.778350 | r:  -395.000000 | e:   0.100000 | Q: 116.061821 | won: False 
#  306 | steps: 42916 | steps_t: 37644 | t: 26945.941983 | r:  -337.000000 | e:   0.100000 | Q: 104.464218 | won: False 
#  307 | steps: 43036 | steps_t: 37763 | t: 27028.556497 | r:  -322.000000 | e:   0.100000 | Q: 130.302460 | won: False 
#  308 | steps: 43177 | steps_t: 37903 | t: 27126.440101 | r:  -431.000000 | e:   0.100000 | Q: 110.236511 | won: False 
#  309 | steps: 43282 | steps_t: 38007 | t: 27199.112810 | r:  -285.000000 | e:   0.100000 | Q: 104.292564 | won: False 
#  310 | steps: 43324 | steps_t: 38048 | t: 27227.105403 | r:  -486.000000 | e:   0.100000 | Q: 106.976006 | won: False 
#  311 | steps: 43723 | steps_t: 38446 | t: 27504.256546 | r:  -579.000000 | e:   0.100000 | Q: 116.842575 | won: False 
#  312 | steps: 43947 | steps_t: 38669 | t: 27660.499939 | r:  -591.000000 | e:   0.100000 | Q: 120.161476 | won: False 
#  313 | steps: 44070 | steps_t: 38791 | t: 27745.325682 | r:  -501.000000 | e:   0.100000 | Q: 117.780540 | won: False 
#  314 | steps: 44184 | steps_t: 38904 | t: 27825.106668 | r:  -426.000000 | e:   0.100000 | Q:  96.126808 | won: False 
#  315 | steps: 44220 | steps_t: 38939 | t: 27850.184483 | r:  -348.000000 | e:   0.100000 | Q: 119.047661 | won: False 
#  316 | steps: 44498 | steps_t: 39216 | t: 28038.578274 | r:  -447.000000 | e:   0.100000 | Q: 119.361641 | won: False 
#  317 | steps: 44657 | steps_t: 39374 | t: 28141.647955 | r:  -215.000000 | e:   0.100000 | Q: 111.097260 | won: False 
#  318 | steps: 44828 | steps_t: 39544 | t: 28253.822237 | r:  -109.000000 | e:   0.100000 | Q: 123.823616 | won: False 
#  319 | steps: 44906 | steps_t: 39621 | t: 28304.550068 | r:  -456.000000 | e:   0.100000 | Q: 106.094765 | won: False 
#  320 | steps: 45167 | steps_t: 39881 | t: 28478.767658 | r:  -397.000000 | e:   0.100000 | Q: 107.530823 | won: False 
#  321 | steps: 45208 | steps_t: 39921 | t: 28505.662766 | r:  -386.000000 | e:   0.100000 | Q: 114.539452 | won: False 
#  322 | steps: 45287 | steps_t: 39999 | t: 28557.915606 | r:  -413.000000 | e:   0.100000 | Q: 113.774178 | won: False 
#  323 | steps: 45345 | steps_t: 40056 | t: 28596.328386 | r:  -282.000000 | e:   0.100000 | Q: 103.720772 | won: False 
#  324 | steps: 45421 | steps_t: 40131 | t: 28646.501948 | r:  -476.000000 | e:   0.100000 | Q: 114.831551 | won: False 
#  325 | steps: 45542 | steps_t: 40251 | t: 28726.754155 | r:  -301.000000 | e:   0.100000 | Q:  85.456451 | won: False 
#  326 | steps: 45586 | steps_t: 40294 | t: 28755.526651 | r:  -444.000000 | e:   0.100000 | Q: 117.595680 | won: False 
#  327 | steps: 45728 | steps_t: 40435 | t: 28851.312498 | r:  -322.000000 | e:   0.100000 | Q: 120.127838 | won: False 
#  328 | steps: 45788 | steps_t: 40494 | t: 28890.719202 | r:  -350.000000 | e:   0.100000 | Q: 120.640015 | won: False 
#  329 | steps: 45942 | steps_t: 40647 | t: 28992.164773 | r:  -477.000000 | e:   0.100000 | Q: 112.137901 | won: False 
#  330 | steps: 46099 | steps_t: 40803 | t: 29096.639187 | r:  -227.000000 | e:   0.100000 | Q: 100.929352 | won: False 
#  331 | steps: 46198 | steps_t: 40901 | t: 29162.520478 | r:  -411.000000 | e:   0.100000 | Q: 124.587692 | won: False 
#  332 | steps: 46406 | steps_t: 41108 | t: 29302.237022 | r:  -388.000000 | e:   0.100000 | Q: 127.808868 | won: False 
#  333 | steps: 46498 | steps_t: 41199 | t: 29362.658756 | r:  -283.000000 | e:   0.100000 | Q: 119.238945 | won: False 
#  334 | steps: 46590 | steps_t: 41290 | t: 29424.743497 | r:  -448.000000 | e:   0.100000 | Q: 120.675407 | won: False 
#  335 | steps: 46649 | steps_t: 41348 | t: 29466.119632 | r:  -239.000000 | e:   0.100000 | Q: 111.793678 | won: False 
#  336 | steps: 46692 | steps_t: 41390 | t: 29495.739926 | r:  -245.000000 | e:   0.100000 | Q: 125.648796 | won: False 
#  337 | steps: 46737 | steps_t: 41434 | t: 29526.564521 | r:  -280.000000 | e:   0.100000 | Q: 118.610275 | won: False 
#  338 | steps: 46822 | steps_t: 41518 | t: 29586.474014 | r:  -243.000000 | e:   0.100000 | Q: 119.152359 | won: False 
#  339 | steps: 46944 | steps_t: 41639 | t: 29672.634836 | r:  -247.000000 | e:   0.100000 | Q: 117.472954 | won: False 
#  340 | steps: 47118 | steps_t: 41812 | t: 29796.964447 | r:  -332.000000 | e:   0.100000 | Q: 115.450317 | won: False 
#  341 | steps: 47160 | steps_t: 41853 | t: 29824.711837 | r:  -376.000000 | e:   0.100000 | Q: 126.300346 | won: False 
#  342 | steps: 47390 | steps_t: 42082 | t: 29978.097431 | r:  -344.000000 | e:   0.100000 | Q: 120.837273 | won: False 
#  343 | steps: 47421 | steps_t: 42112 | t: 29998.649384 | r:  -354.000000 | e:   0.100000 | Q: 127.630409 | won: False 
#  344 | steps: 47615 | steps_t: 42305 | t: 30127.172872 | r:  -506.000000 | e:   0.100000 | Q: 132.774979 | won: False 
#  345 | steps: 47717 | steps_t: 42406 | t: 30194.544924 | r:  -447.000000 | e:   0.100000 | Q: 130.829788 | won: False 
#  346 | steps: 47752 | steps_t: 42440 | t: 30217.304006 | r:  -325.000000 | e:   0.100000 | Q: 116.284935 | won: False 
#  347 | steps: 47794 | steps_t: 42481 | t: 30244.431854 | r:  -266.000000 | e:   0.100000 | Q: 114.152733 | won: False 
#  348 | steps: 47856 | steps_t: 42542 | t: 30285.798656 | r:  -396.000000 | e:   0.100000 | Q: 115.382652 | won: False 
#  349 | steps: 48051 | steps_t: 42736 | t: 30417.462945 | r:  -540.000000 | e:   0.100000 | Q: 127.987450 | won: False 
#  350 | steps: 48193 | steps_t: 42877 | t: 30510.917412 | r:  -267.000000 | e:   0.100000 | Q: 108.138435 | won: False 
#  351 | steps: 48382 | steps_t: 43065 | t: 30635.654933 | r:  -263.000000 | e:   0.100000 | Q: 107.408936 | won: False 
#  352 | steps: 48608 | steps_t: 43290 | t: 30785.373547 | r:  -571.000000 | e:   0.100000 | Q: 101.035339 | won: False 
#  353 | steps: 48693 | steps_t: 43374 | t: 30842.693419 | r:  -309.000000 | e:   0.100000 | Q: 122.328682 | won: False 
#  354 | steps: 48778 | steps_t: 43458 | t: 30898.562590 | r:  -320.000000 | e:   0.100000 | Q: 128.781097 | won: False 
#  355 | steps: 48820 | steps_t: 43499 | t: 30926.493398 | r:  -277.000000 | e:   0.100000 | Q: 121.900070 | won: False 
#  356 | steps: 49011 | steps_t: 43689 | t: 31059.122555 | r:  -371.000000 | e:   0.100000 | Q: 127.024513 | won: False 
#  357 | steps: 49218 | steps_t: 43895 | t: 31193.603198 | r:  -409.000000 | e:   0.100000 | Q: 120.292923 | won: False 
#  358 | steps: 49334 | steps_t: 44010 | t: 31271.146161 | r:  -285.000000 | e:   0.100000 | Q: 110.487907 | won: False 
#  359 | steps: 49464 | steps_t: 44139 | t: 31355.109322 | r:  -156.000000 | e:   0.100000 | Q: 119.290810 | won: False 
#  360 | steps: 49572 | steps_t: 44246 | t: 31429.484860 | r:  -365.000000 | e:   0.100000 | Q: 109.089333 | won: False 
#  361 | steps: 49694 | steps_t: 44367 | t: 31508.030877 | r:  -225.000000 | e:   0.100000 | Q: 120.870926 | won: False 
#  362 | steps: 49809 | steps_t: 44481 | t: 31591.644344 | r:  -284.000000 | e:   0.100000 | Q: 156.069168 | won: False 
#  363 | steps: 49901 | steps_t: 44572 | t: 31665.639523 | r:  -206.000000 | e:   0.100000 | Q: 125.436073 | won: False 
#  364 | steps: 49961 | steps_t: 44631 | t: 31714.166794 | r:  -405.000000 | e:   0.100000 | Q: 137.381882 | won: False 
#  365 | steps: 50168 | steps_t: 44837 | t: 31884.425627 | r:  -321.000000 | e:   0.100000 | Q: 115.691261 | won: False 
#  366 | steps: 50339 | steps_t: 45007 | t: 32023.645429 | r:  -505.000000 | e:   0.100000 | Q: 122.136742 | won: False 
#  367 | steps: 50471 | steps_t: 45138 | t: 32132.328876 | r:  -279.000000 | e:   0.100000 | Q: 165.908875 | won: False 
#  368 | steps: 50608 | steps_t: 45274 | t: 32244.814910 | r:  -229.000000 | e:   0.100000 | Q: 126.196213 | won: False 
#  369 | steps: 50785 | steps_t: 45450 | t: 32388.402603 | r:  -346.000000 | e:   0.100000 | Q: 128.961426 | won: False 
#  370 | steps: 50817 | steps_t: 45481 | t: 32414.216595 | r:  -410.000000 | e:   0.100000 | Q: 110.383720 | won: False 
#  371 | steps: 50860 | steps_t: 45523 | t: 32448.524872 | r:  -267.000000 | e:   0.100000 | Q: 125.529190 | won: False 
#  372 | steps: 50986 | steps_t: 45648 | t: 32550.832362 | r:  -515.000000 | e:   0.100000 | Q: 122.180710 | won: False 
#  373 | steps: 51026 | steps_t: 45687 | t: 32583.315523 | r:  -209.000000 | e:   0.100000 | Q: 126.059479 | won: False 
#  374 | steps: 51110 | steps_t: 45770 | t: 32653.227620 | r:  -132.000000 | e:   0.100000 | Q: 128.534119 | won: False 
#  375 | steps: 51150 | steps_t: 45809 | t: 32685.648945 | r:  -220.000000 | e:   0.100000 | Q: 113.705719 | won: False 
#  376 | steps: 51607 | steps_t: 46265 | t: 33054.849921 | r:  -637.000000 | e:   0.100000 | Q: 138.268372 | won: False 
#  377 | steps: 51671 | steps_t: 46328 | t: 33109.387122 | r:  -244.000000 | e:   0.100000 | Q: 123.323196 | won: False 
#  378 | steps: 51865 | steps_t: 46521 | t: 33279.824018 | r:   -59.000000 | e:   0.100000 | Q: 175.982040 | won: False 
#  379 | steps: 52001 | steps_t: 46656 | t: 33398.704205 | r:  -228.000000 | e:   0.100000 | Q: 110.551781 | won: False 
#  380 | steps: 52073 | steps_t: 46727 | t: 33458.714777 | r:  -252.000000 | e:   0.100000 | Q: 145.849319 | won: False 
#  381 | steps: 52114 | steps_t: 46767 | t: 33490.982508 | r:  -210.000000 | e:   0.100000 | Q: 122.908615 | won: False 
#  382 | steps: 52359 | steps_t: 47011 | t: 33689.443940 | r:  -326.000000 | e:   0.100000 | Q: 155.679688 | won: False 
#  383 | steps: 52414 | steps_t: 47065 | t: 33733.124164 | r:  -389.000000 | e:   0.100000 | Q: 122.117569 | won: False 
#  384 | steps: 52591 | steps_t: 47241 | t: 33885.175642 | r:  -247.000000 | e:   0.100000 | Q: 127.206474 | won: False 
#  385 | steps: 52626 | steps_t: 47275 | t: 33913.877904 | r:  -369.000000 | e:   0.100000 | Q: 126.880211 | won: False 
#  386 | steps: 52680 | steps_t: 47328 | t: 33958.328074 | r:   -91.000000 | e:   0.100000 | Q: 130.872284 | won: False 
#  387 | steps: 52795 | steps_t: 47442 | t: 34053.513606 | r:  -284.000000 | e:   0.100000 | Q: 147.564865 | won: False 
#  388 | steps: 52874 | steps_t: 47520 | t: 34117.359918 | r:  -259.000000 | e:   0.100000 | Q: 105.733582 | won: False 
#  389 | steps: 52951 | steps_t: 47596 | t: 34181.755761 | r:  -191.000000 | e:   0.100000 | Q: 136.030334 | won: False 
#  390 | steps: 53162 | steps_t: 47806 | t: 34358.610032 | r:  -226.000000 | e:   0.100000 | Q: 131.149567 | won: False 
#  391 | steps: 53268 | steps_t: 47911 | t: 34445.350323 | r:  -286.000000 | e:   0.100000 | Q: 136.676178 | won: False 
#  392 | steps: 53331 | steps_t: 47973 | t: 34498.191059 | r:  -133.000000 | e:   0.100000 | Q: 141.067413 | won: False 
#  393 | steps: 53585 | steps_t: 48226 | t: 34706.800365 | r:  -269.000000 | e:   0.100000 | Q: 146.333511 | won: False 
#  394 | steps: 53646 | steps_t: 48286 | t: 34757.964583 | r:  -197.000000 | e:   0.100000 | Q: 139.186584 | won: False 
#  395 | steps: 53696 | steps_t: 48335 | t: 34799.562374 | r:  -230.000000 | e:   0.100000 | Q: 140.609268 | won: False 
#  396 | steps: 53758 | steps_t: 48396 | t: 34850.004520 | r:  -253.000000 | e:   0.100000 | Q: 130.916611 | won: False 
#  397 | steps: 53877 | steps_t: 48514 | t: 34949.093617 | r:  -310.000000 | e:   0.100000 | Q: 136.367767 | won: False 
#  398 | steps: 54063 | steps_t: 48699 | t: 35101.705622 | r:  -267.000000 | e:   0.100000 | Q: 115.281921 | won: False 
#  399 | steps: 54139 | steps_t: 48774 | t: 35165.287642 | r:  -245.000000 | e:   0.100000 | Q: 124.455444 | won: False 
#  400 | steps: 54168 | steps_t: 48802 | t: 35188.069736 | r:  -275.000000 | e:   0.100000 | Q: 102.142586 | won: False 
#  401 | steps: 54316 | steps_t: 48949 | t: 35312.078212 | r:  -328.000000 | e:   0.100000 | Q: 113.044540 | won: False 
#  402 | steps: 54414 | steps_t: 49046 | t: 35392.349615 | r:  -388.000000 | e:   0.100000 | Q: 113.941109 | won: False 
#  403 | steps: 54507 | steps_t: 49138 | t: 35469.202999 | r:  -262.000000 | e:   0.100000 | Q: 127.658157 | won: False 
#  404 | steps: 54594 | steps_t: 49224 | t: 35540.979112 | r:  -333.000000 | e:   0.100000 | Q: 122.596352 | won: False 
#  405 | steps: 54865 | steps_t: 49494 | t: 35771.868301 | r:  -363.000000 | e:   0.100000 | Q: 131.316666 | won: False 
#  406 | steps: 54905 | steps_t: 49533 | t: 35805.209694 | r:  -374.000000 | e:   0.100000 | Q: 119.087173 | won: False 
#  407 | steps: 55178 | steps_t: 49805 | t: 36037.735008 | r:  -178.000000 | e:   0.100000 | Q: 130.933517 | won: False 
#  408 | steps: 55219 | steps_t: 49845 | t: 36072.901684 | r:  -430.000000 | e:   0.100000 | Q: 126.846809 | won: False 
#  409 | steps: 55298 | steps_t: 49923 | t: 36138.608275 | r:  -457.000000 | e:   0.100000 | Q: 110.833626 | won: False 
#  410 | steps: 55486 | steps_t: 50110 | t: 36296.411922 | r:   -46.000000 | e:   0.100000 | Q: 136.328415 | won: False 
#  411 | steps: 55530 | steps_t: 50153 | t: 36334.724168 | r:  -312.000000 | e:   0.100000 | Q: 138.190002 | won: False 
#  412 | steps: 55598 | steps_t: 50220 | t: 36391.903639 | r:  -281.000000 | e:   0.100000 | Q: 126.759941 | won: False 
#  413 | steps: 55834 | steps_t: 50455 | t: 36595.408124 | r:  -592.000000 | e:   0.100000 | Q: 119.947899 | won: False 
#  414 | steps: 56032 | steps_t: 50652 | t: 36762.232769 | r:  -114.000000 | e:   0.100000 | Q: 145.379822 | won: False 
#  415 | steps: 56155 | steps_t: 50774 | t: 36865.237036 | r:  -270.000000 | e:   0.100000 | Q: 123.383263 | won: False 
#  416 | steps: 56200 | steps_t: 50818 | t: 36902.313107 | r:  -302.000000 | e:   0.100000 | Q: 118.042496 | won: False 
#  417 | steps: 56276 | steps_t: 50893 | t: 36966.536199 | r:  -223.000000 | e:   0.100000 | Q: 104.142273 | won: False 
#  418 | steps: 56483 | steps_t: 51099 | t: 37140.227864 | r:  -387.000000 | e:   0.100000 | Q: 133.691299 | won: False 
#  419 | steps: 56541 | steps_t: 51156 | t: 37189.192793 | r:  -304.000000 | e:   0.100000 | Q: 120.566620 | won: False 
#  420 | steps: 56633 | steps_t: 51247 | t: 37266.690566 | r:  -349.000000 | e:   0.100000 | Q: 117.747780 | won: False 
#  421 | steps: 56722 | steps_t: 51335 | t: 37340.929865 | r:  -236.000000 | e:   0.100000 | Q: 111.134720 | won: False 
#  422 | steps: 56847 | steps_t: 51459 | t: 37446.111689 | r:  -272.000000 | e:   0.100000 | Q: 109.465233 | won: False 
#  423 | steps: 57043 | steps_t: 51654 | t: 37612.197754 | r:  -299.000000 | e:   0.100000 | Q: 119.266182 | won: False 
#  424 | steps: 57310 | steps_t: 51920 | t: 37841.676377 | r:  -150.000000 | e:   0.100000 | Q: 145.819641 | won: False 
#  425 | steps: 57399 | steps_t: 52008 | t: 37916.065718 | r:  -401.000000 | e:   0.100000 | Q: 119.460876 | won: False 
#  426 | steps: 57551 | steps_t: 52159 | t: 38045.404738 | r:  -321.000000 | e:   0.100000 | Q: 112.048592 | won: False 
#  427 | steps: 57651 | steps_t: 52258 | t: 38130.551830 | r:  -159.000000 | e:   0.100000 | Q: 127.833946 | won: False 
#  428 | steps: 57833 | steps_t: 52439 | t: 38286.900276 | r:  -285.000000 | e:   0.100000 | Q: 103.765602 | won: False 
#  429 | steps: 57957 | steps_t: 52562 | t: 38395.200660 | r:  -403.000000 | e:   0.100000 | Q: 120.466576 | won: False 
#  430 | steps: 57993 | steps_t: 52597 | t: 38425.658927 | r:  -436.000000 | e:   0.100000 | Q: 108.034721 | won: False 
#  431 | steps: 58121 | steps_t: 52724 | t: 38534.849119 | r:   -88.000000 | e:   0.100000 | Q: 111.889450 | won: False 
#  432 | steps: 58210 | steps_t: 52812 | t: 38610.522041 | r:  -456.000000 | e:   0.100000 | Q: 115.752510 | won: False 
#  433 | steps: 58277 | steps_t: 52878 | t: 38668.234730 | r:  -313.000000 | e:   0.100000 | Q: 116.656479 | won: False 
#  434 | steps: 58330 | steps_t: 52930 | t: 38712.890587 | r:  -244.000000 | e:   0.100000 | Q: 123.771851 | won: False 
#  435 | steps: 58580 | steps_t: 53179 | t: 38935.695579 | r:  -419.000000 | e:   0.100000 | Q: 123.941399 | won: False 
#  436 | steps: 58617 | steps_t: 53215 | t: 38968.361501 | r:  -228.000000 | e:   0.100000 | Q: 130.029587 | won: False 
#  437 | steps: 58733 | steps_t: 53330 | t: 39082.475230 | r:  -120.000000 | e:   0.100000 | Q: 152.758133 | won: False 
#  438 | steps: 58851 | steps_t: 53447 | t: 39200.301795 | r:  -298.000000 | e:   0.100000 | Q: 126.813103 | won: False 
#  439 | steps: 59220 | steps_t: 53815 | t: 39545.311146 | r:  -516.000000 | e:   0.100000 | Q: 121.280861 | won: False 
#  440 | steps: 59255 | steps_t: 53849 | t: 39578.822432 | r:  -303.000000 | e:   0.100000 | Q: 120.441292 | won: False 
#  441 | steps: 59593 | steps_t: 54186 | t: 39878.820401 | r:  -496.000000 | e:   0.100000 | Q: 117.079460 | won: False 
#  442 | steps: 59650 | steps_t: 54242 | t: 39928.097823 | r:  -259.000000 | e:   0.100000 | Q: 123.554230 | won: False 
