#    1 | steps:   254 | steps_t:     0 | t: 12.678108 | r:  -522.000000 | e:   1.000000 | Q:        nan | won: False 
#    2 | steps:   485 | steps_t:     0 | t: 23.695653 | r:  -598.000000 | e:   1.000000 | Q:        nan | won: False 
#    3 | steps:   574 | steps_t:     0 | t: 27.939312 | r:  -423.000000 | e:   1.000000 | Q:        nan | won: False 
#    4 | steps:   638 | steps_t:     0 | t: 31.215549 | r:  -431.000000 | e:   1.000000 | Q:        nan | won: False 
#    5 | steps:   691 | steps_t:     0 | t: 33.773716 | r:  -475.000000 | e:   1.000000 | Q:        nan | won: False 
#    6 | steps:   740 | steps_t:     0 | t: 36.168308 | r:  -493.000000 | e:   1.000000 | Q:        nan | won: False 
#    7 | steps:   863 | steps_t:     0 | t: 42.157297 | r:  -490.000000 | e:   1.000000 | Q:        nan | won: False 
#    8 | steps:   921 | steps_t:     0 | t: 45.014611 | r:  -447.000000 | e:   1.000000 | Q:        nan | won: False 
#    9 | steps:  1063 | steps_t:     0 | t: 51.919152 | r:  -388.000000 | e:   1.000000 | Q:        nan | won: False 
#   10 | steps:  1130 | steps_t:     0 | t: 55.237282 | r:  -489.000000 | e:   1.000000 | Q:        nan | won: False 
#   11 | steps:  1670 | steps_t:     0 | t: 82.325872 | r:  -632.000000 | e:   1.000000 | Q:        nan | won: False 
#   12 | steps:  1713 | steps_t:     0 | t: 84.406301 | r:  -410.000000 | e:   1.000000 | Q:        nan | won: False 
#   13 | steps:  1825 | steps_t:     0 | t: 90.114044 | r:  -369.000000 | e:   1.000000 | Q:        nan | won: False 
#   14 | steps:  1914 | steps_t:     0 | t: 94.532232 | r:  -467.000000 | e:   1.000000 | Q:        nan | won: False 
#   15 | steps:  2033 | steps_t:     0 | t: 100.228008 | r:  -442.000000 | e:   1.000000 | Q:        nan | won: False 
#   16 | steps:  2127 | steps_t:     0 | t: 104.811750 | r:  -439.000000 | e:   1.000000 | Q:        nan | won: False 
#   17 | steps:  2164 | steps_t:     0 | t: 106.679753 | r:  -437.000000 | e:   1.000000 | Q:        nan | won: False 
#   18 | steps:  2203 | steps_t:     0 | t: 108.483797 | r:  -450.000000 | e:   1.000000 | Q:        nan | won: False 
#   19 | steps:  2248 | steps_t:     0 | t: 110.594152 | r:  -456.000000 | e:   1.000000 | Q:        nan | won: False 
#   20 | steps:  2362 | steps_t:     0 | t: 116.061535 | r:  -481.000000 | e:   1.000000 | Q:        nan | won: False 
#   21 | steps:  2572 | steps_t:     0 | t: 126.802817 | r:  -445.000000 | e:   1.000000 | Q:        nan | won: False 
#   22 | steps:  2731 | steps_t:     0 | t: 134.769521 | r:  -427.000000 | e:   1.000000 | Q:        nan | won: False 
#   23 | steps:  3056 | steps_t:     0 | t: 150.938299 | r:  -560.000000 | e:   1.000000 | Q:        nan | won: False 
#   24 | steps:  3140 | steps_t:     0 | t: 155.180957 | r:  -462.000000 | e:   1.000000 | Q:        nan | won: False 
#   25 | steps:  3326 | steps_t:     0 | t: 164.074225 | r:  -575.000000 | e:   1.000000 | Q:        nan | won: False 
#   26 | steps:  3539 | steps_t:     0 | t: 174.809478 | r:  -558.000000 | e:   1.000000 | Q:        nan | won: False 
#   27 | steps:  3592 | steps_t:     0 | t: 177.595034 | r:  -442.000000 | e:   1.000000 | Q:        nan | won: False 
#   28 | steps:  3651 | steps_t:     0 | t: 180.288831 | r:  -448.000000 | e:   1.000000 | Q:        nan | won: False 
#   29 | steps:  4010 | steps_t:     0 | t: 198.175013 | r:  -550.000000 | e:   1.000000 | Q:        nan | won: False 
#   30 | steps:  4167 | steps_t:     0 | t: 205.914323 | r:  -436.000000 | e:   1.000000 | Q:        nan | won: False 
#   31 | steps:  4355 | steps_t:     0 | t: 215.265326 | r:  -478.000000 | e:   1.000000 | Q:        nan | won: False 
#   32 | steps:  4573 | steps_t:     0 | t: 225.743310 | r:  -420.000000 | e:   1.000000 | Q:        nan | won: False 
#   33 | steps:  4857 | steps_t:     0 | t: 240.114890 | r:  -486.000000 | e:   1.000000 | Q:        nan | won: False 
#   34 | steps:  4962 | steps_t:     0 | t: 245.500492 | r:  -450.000000 | e:   1.000000 | Q:        nan | won: False 
#   35 | steps:  5058 | steps_t:    57 | t: 272.629862 | r:  -452.000000 | e:   0.994300 | Q:        nan | won: False 
#   36 | steps:  5114 | steps_t:   112 | t: 296.120067 | r:  -489.000000 | e:   0.988800 | Q:   0.566542 | won: False 
#   37 | steps:  5203 | steps_t:   200 | t: 334.161363 | r:  -500.000000 | e:   0.980000 | Q:  -0.776126 | won: False 
#   38 | steps:  5297 | steps_t:   293 | t: 374.484562 | r:  -483.000000 | e:   0.970700 | Q:  -3.360302 | won: False 
#   39 | steps:  5345 | steps_t:   340 | t: 394.658737 | r:  -470.000000 | e:   0.966000 | Q:  -7.211985 | won: False 
#   40 | steps:  5468 | steps_t:   462 | t: 447.592610 | r:  -490.000000 | e:   0.953800 | Q:  -7.621168 | won: False 
#   41 | steps:  5547 | steps_t:   540 | t: 481.229686 | r:  -402.000000 | e:   0.946000 | Q: -14.477705 | won: False 
#   42 | steps:  5592 | steps_t:   584 | t: 500.068323 | r:  -423.000000 | e:   0.941600 | Q: -12.995526 | won: False 
#   43 | steps:  5949 | steps_t:   940 | t: 628.319041 | r:  -592.000000 | e:   0.906000 | Q:  -8.329606 | won: False 
#   44 | steps:  6132 | steps_t:  1122 | t: 665.619826 | r:  -418.000000 | e:   0.887800 | Q: -13.565235 | won: False 
#   45 | steps:  6193 | steps_t:  1182 | t: 678.040620 | r:  -406.000000 | e:   0.881800 | Q: -12.761432 | won: False 
#   46 | steps:  6296 | steps_t:  1284 | t: 699.013550 | r:  -426.000000 | e:   0.871600 | Q: -11.666582 | won: False 
#   47 | steps:  6359 | steps_t:  1346 | t: 711.260808 | r:  -463.000000 | e:   0.865400 | Q: -14.411432 | won: False 
#   48 | steps:  6531 | steps_t:  1517 | t: 746.015895 | r:  -495.000000 | e:   0.848300 | Q: -11.771904 | won: False 
#   49 | steps:  6621 | steps_t:  1606 | t: 764.631702 | r:  -347.000000 | e:   0.839400 | Q: -15.315490 | won: False 
#   50 | steps:  6718 | steps_t:  1702 | t: 784.281172 | r:  -442.000000 | e:   0.829800 | Q: -26.307003 | won: False 
#   51 | steps:  6765 | steps_t:  1748 | t: 793.691013 | r:  -458.000000 | e:   0.825200 | Q: -22.667246 | won: False 
#   52 | steps:  6832 | steps_t:  1814 | t: 807.133075 | r:  -434.000000 | e:   0.818600 | Q: -15.449493 | won: False 
#   53 | steps:  6976 | steps_t:  1957 | t: 836.430269 | r:  -412.000000 | e:   0.804300 | Q: -15.002912 | won: False 
#   54 | steps:  7058 | steps_t:  2038 | t: 853.410255 | r:  -405.000000 | e:   0.796200 | Q: -21.362413 | won: False 
#   55 | steps:  7233 | steps_t:  2212 | t: 889.065932 | r:  -487.000000 | e:   0.778800 | Q: -18.971670 | won: False 
#   56 | steps:  7344 | steps_t:  2322 | t: 911.395238 | r:  -357.000000 | e:   0.767800 | Q: -23.548222 | won: False 
#   57 | steps:  7461 | steps_t:  2438 | t: 935.402059 | r:  -451.000000 | e:   0.756200 | Q: -17.818478 | won: False 
#   58 | steps:  7587 | steps_t:  2563 | t: 961.154213 | r:  -394.000000 | e:   0.743700 | Q: -16.366022 | won: False 
#   59 | steps:  7750 | steps_t:  2725 | t: 994.407313 | r:  -431.000000 | e:   0.727500 | Q: -25.123274 | won: False 
#   60 | steps:  7960 | steps_t:  2934 | t: 1037.353019 | r:  -533.000000 | e:   0.706600 | Q: -23.023678 | won: False 
#   61 | steps:  8016 | steps_t:  2989 | t: 1048.585989 | r:  -445.000000 | e:   0.701100 | Q: -22.909618 | won: False 
#   62 | steps:  8189 | steps_t:  3161 | t: 1084.455608 | r:  -507.000000 | e:   0.683900 | Q: -22.326260 | won: False 
#   63 | steps:  8284 | steps_t:  3255 | t: 1130.044454 | r:  -407.000000 | e:   0.674500 | Q: -17.409288 | won: False 
#   64 | steps:  8436 | steps_t:  3406 | t: 1198.412677 | r:  -365.000000 | e:   0.659400 | Q: -20.231871 | won: False 
#   65 | steps:  8702 | steps_t:  3671 | t: 1317.029566 | r:  -479.000000 | e:   0.632900 | Q: -14.285884 | won: False 
#   66 | steps:  8840 | steps_t:  3808 | t: 1378.308741 | r:  -428.000000 | e:   0.619200 | Q: -17.171028 | won: False 
#   67 | steps:  8948 | steps_t:  3915 | t: 1426.401176 | r:  -376.000000 | e:   0.608500 | Q: -21.343159 | won: False 
#   68 | steps:  9089 | steps_t:  4055 | t: 1489.146432 | r:  -354.000000 | e:   0.594500 | Q: -21.715086 | won: False 
#   69 | steps:  9554 | steps_t:  4519 | t: 1709.124339 | r:  -458.000000 | e:   0.548100 | Q: -23.053347 | won: False 
#   70 | steps:  9636 | steps_t:  4600 | t: 1759.862695 | r:  -383.000000 | e:   0.540000 | Q: -20.816950 | won: False 
#   71 | steps:  9758 | steps_t:  4721 | t: 1834.116186 | r:  -445.000000 | e:   0.527900 | Q: -16.667156 | won: False 
#   72 | steps: 10105 | steps_t:  5067 | t: 2047.910742 | r:  -450.000000 | e:   0.493300 | Q: -17.096081 | won: False 
#   73 | steps: 10143 | steps_t:  5104 | t: 2070.922222 | r:  -449.000000 | e:   0.489600 | Q: -31.584921 | won: False 
#   74 | steps: 10401 | steps_t:  5361 | t: 2227.342057 | r:  -295.000000 | e:   0.463900 | Q: -20.307652 | won: False 
#   75 | steps: 10434 | steps_t:  5393 | t: 2246.930682 | r:  -455.000000 | e:   0.460700 | Q: -30.453543 | won: False 
#   76 | steps: 10651 | steps_t:  5609 | t: 2379.632916 | r:  -320.000000 | e:   0.439100 | Q: -27.399042 | won: False 
#   77 | steps: 10775 | steps_t:  5732 | t: 2455.368444 | r:  -425.000000 | e:   0.426800 | Q: -19.363987 | won: False 
#   78 | steps: 10919 | steps_t:  5875 | t: 2542.805911 | r:  -302.000000 | e:   0.412500 | Q: -17.708942 | won: False 
#   79 | steps: 11047 | steps_t:  6002 | t: 2621.059708 | r:  -429.000000 | e:   0.399800 | Q: -21.078463 | won: False 
#   80 | steps: 11092 | steps_t:  6046 | t: 2648.151283 | r:  -390.000000 | e:   0.395400 | Q: -20.922632 | won: False 
#   81 | steps: 11128 | steps_t:  6081 | t: 2669.726601 | r:  -359.000000 | e:   0.391900 | Q: -20.267761 | won: False 
#   82 | steps: 11196 | steps_t:  6148 | t: 2710.390890 | r:  -402.000000 | e:   0.385200 | Q: -20.107321 | won: False 
#   83 | steps: 11351 | steps_t:  6302 | t: 2804.611850 | r:  -478.000000 | e:   0.369800 | Q: -21.477736 | won: False 
#   84 | steps: 11440 | steps_t:  6390 | t: 2858.487820 | r:  -478.000000 | e:   0.361000 | Q: -19.646194 | won: False 
#   85 | steps: 11522 | steps_t:  6471 | t: 2908.521058 | r:  -427.000000 | e:   0.352900 | Q: -19.547012 | won: False 
#   86 | steps: 11737 | steps_t:  6685 | t: 3040.502220 | r:  -384.000000 | e:   0.331500 | Q: -16.004278 | won: False 
#   87 | steps: 11918 | steps_t:  6865 | t: 3152.236514 | r:  -449.000000 | e:   0.313500 | Q: -14.769579 | won: False 
#   88 | steps: 12011 | steps_t:  6957 | t: 3209.515386 | r:  -427.000000 | e:   0.304300 | Q: -21.906378 | won: False 
#   89 | steps: 12402 | steps_t:  7347 | t: 3461.013872 | r:  -659.000000 | e:   0.265300 | Q: -18.768612 | won: False 
#   90 | steps: 12548 | steps_t:  7492 | t: 3555.678904 | r:  -491.000000 | e:   0.250800 | Q: -17.107590 | won: False 
#   91 | steps: 12659 | steps_t:  7602 | t: 3630.419093 | r:  -456.000000 | e:   0.239800 | Q: -18.900993 | won: False 
#   92 | steps: 12756 | steps_t:  7698 | t: 3694.118798 | r:  -288.000000 | e:   0.230200 | Q: -15.886266 | won: False 
#   93 | steps: 12923 | steps_t:  7864 | t: 3803.141338 | r:  -490.000000 | e:   0.213600 | Q: -14.072366 | won: False 
#   94 | steps: 12961 | steps_t:  7901 | t: 3827.484259 | r:  -361.000000 | e:   0.209900 | Q: -17.961313 | won: False 
#   95 | steps: 13161 | steps_t:  8100 | t: 3956.000123 | r:  -523.000000 | e:   0.190000 | Q: -15.342423 | won: False 
#   96 | steps: 13224 | steps_t:  8162 | t: 3997.442993 | r:  -397.000000 | e:   0.183800 | Q: -21.767296 | won: False 
#   97 | steps: 13431 | steps_t:  8368 | t: 4130.015574 | r:  -453.000000 | e:   0.163200 | Q: -23.816133 | won: False 
#   98 | steps: 13538 | steps_t:  8474 | t: 4198.725884 | r:  -430.000000 | e:   0.152600 | Q: -27.641485 | won: False 
#   99 | steps: 13671 | steps_t:  8606 | t: 4284.646189 | r:  -412.000000 | e:   0.139400 | Q: -18.395573 | won: False 
#  100 | steps: 13912 | steps_t:  8846 | t: 4439.093610 | r:  -564.000000 | e:   0.115400 | Q: -21.722675 | won: False 
#  101 | steps: 14032 | steps_t:  8965 | t: 4516.038355 | r:  -575.000000 | e:   0.103500 | Q: -22.969793 | won: False 
#  102 | steps: 14148 | steps_t:  9080 | t: 4590.102351 | r:  -450.000000 | e:   0.100000 | Q: -17.075750 | won: False 
#  103 | steps: 14209 | steps_t:  9140 | t: 4628.453820 | r:  -340.000000 | e:   0.100000 | Q: -16.669687 | won: False 
#  104 | steps: 14270 | steps_t:  9200 | t: 4666.934947 | r:  -428.000000 | e:   0.100000 | Q: -23.361763 | won: False 
#  105 | steps: 14374 | steps_t:  9303 | t: 4732.888632 | r:  -306.000000 | e:   0.100000 | Q: -22.151258 | won: False 
#  106 | steps: 14677 | steps_t:  9605 | t: 4922.581771 | r:  -439.000000 | e:   0.100000 | Q: -25.202791 | won: False 
#  107 | steps: 14791 | steps_t:  9718 | t: 4996.771365 | r:  -404.000000 | e:   0.100000 | Q: -26.029503 | won: False 
#  108 | steps: 15126 | steps_t: 10052 | t: 5254.463631 | r:  -449.000000 | e:   0.100000 | Q: -21.919022 | won: False 
#  109 | steps: 15273 | steps_t: 10198 | t: 5370.735791 | r:  -503.000000 | e:   0.100000 | Q: -16.571039 | won: False 
#  110 | steps: 15460 | steps_t: 10384 | t: 5519.407639 | r:  -378.000000 | e:   0.100000 | Q:  -6.821871 | won: False 
#  111 | steps: 15865 | steps_t: 10788 | t: 5836.414511 | r:  -453.000000 | e:   0.100000 | Q:  -0.969765 | won: False 
#  112 | steps: 16083 | steps_t: 11005 | t: 6006.815029 | r:  -365.000000 | e:   0.100000 | Q: -10.627294 | won: False 
#  113 | steps: 16428 | steps_t: 11349 | t: 6277.752704 | r:  -569.000000 | e:   0.100000 | Q:  32.740528 | won: False 
#  114 | steps: 16580 | steps_t: 11500 | t: 6394.680110 | r:  -343.000000 | e:   0.100000 | Q:  62.365013 | won: False 
#  115 | steps: 16631 | steps_t: 11550 | t: 6433.528771 | r:  -407.000000 | e:   0.100000 | Q:  89.368690 | won: False 
#  116 | steps: 16749 | steps_t: 11667 | t: 6525.423100 | r:  -298.000000 | e:   0.100000 | Q:  92.998711 | won: False 
#  117 | steps: 16815 | steps_t: 11732 | t: 6575.610929 | r:  -312.000000 | e:   0.100000 | Q:  89.157776 | won: False 
#  118 | steps: 16875 | steps_t: 11791 | t: 6621.103309 | r:  -383.000000 | e:   0.100000 | Q:  93.338837 | won: False 
#  119 | steps: 16944 | steps_t: 11859 | t: 6674.807737 | r:  -425.000000 | e:   0.100000 | Q:  94.938194 | won: False 
#  120 | steps: 16989 | steps_t: 11903 | t: 6708.719078 | r:  -368.000000 | e:   0.100000 | Q:  83.784615 | won: False 
#  121 | steps: 17313 | steps_t: 12226 | t: 6962.196547 | r:  -482.000000 | e:   0.100000 | Q:  83.922958 | won: False 
#  122 | steps: 17459 | steps_t: 12371 | t: 7075.107691 | r:  -447.000000 | e:   0.100000 | Q:  97.865471 | won: False 
#  123 | steps: 17541 | steps_t: 12452 | t: 7139.629222 | r:  -449.000000 | e:   0.100000 | Q:  98.600677 | won: False 
#  124 | steps: 17603 | steps_t: 12513 | t: 7187.804430 | r:  -297.000000 | e:   0.100000 | Q: 105.203064 | won: False 
#  125 | steps: 17814 | steps_t: 12723 | t: 7353.230834 | r:  -391.000000 | e:   0.100000 | Q: 112.554626 | won: False 
#  126 | steps: 17857 | steps_t: 12765 | t: 7385.760867 | r:  -410.000000 | e:   0.100000 | Q:  99.987770 | won: False 
#  127 | steps: 17922 | steps_t: 12829 | t: 7437.386852 | r:  -476.000000 | e:   0.100000 | Q:  90.795280 | won: False 
#  128 | steps: 18029 | steps_t: 12935 | t: 7519.500328 | r:  -331.000000 | e:   0.100000 | Q:  82.334595 | won: False 
#  129 | steps: 18284 | steps_t: 13189 | t: 7733.476285 | r:  -402.000000 | e:   0.100000 | Q:  86.967529 | won: False 
#  130 | steps: 18349 | steps_t: 13253 | t: 7786.885501 | r:  -399.000000 | e:   0.100000 | Q:  81.976898 | won: False 
#  131 | steps: 18441 | steps_t: 13344 | t: 7863.388977 | r:  -316.000000 | e:   0.100000 | Q:  81.876625 | won: False 
#  132 | steps: 18495 | steps_t: 13397 | t: 7908.467465 | r:  -366.000000 | e:   0.100000 | Q:  79.181259 | won: False 
#  133 | steps: 18575 | steps_t: 13476 | t: 7972.366637 | r:  -392.000000 | e:   0.100000 | Q:  81.317139 | won: False 
#  134 | steps: 18732 | steps_t: 13632 | t: 8094.439286 | r:  -337.000000 | e:   0.100000 | Q:  63.203327 | won: False 
#  135 | steps: 18819 | steps_t: 13718 | t: 8163.177521 | r:  -421.000000 | e:   0.100000 | Q:  72.480278 | won: False 
#  136 | steps: 18895 | steps_t: 13793 | t: 8221.382916 | r:  -355.000000 | e:   0.100000 | Q:  88.653412 | won: False 
#  137 | steps: 19003 | steps_t: 13900 | t: 8306.720772 | r:  -453.000000 | e:   0.100000 | Q: 115.227837 | won: False 
#  138 | steps: 19116 | steps_t: 14012 | t: 8398.048616 | r:  -403.000000 | e:   0.100000 | Q:  83.793198 | won: False 
#  139 | steps: 19153 | steps_t: 14048 | t: 8427.841966 | r:  -448.000000 | e:   0.100000 | Q:  89.742401 | won: False 
#  140 | steps: 19479 | steps_t: 14373 | t: 8684.649419 | r:  -121.000000 | e:   0.100000 | Q:  94.112709 | won: False 
#  141 | steps: 19610 | steps_t: 14503 | t: 8787.268079 | r:  -300.000000 | e:   0.100000 | Q:  97.933472 | won: False 
#  142 | steps: 19764 | steps_t: 14656 | t: 8905.878447 | r:   -81.000000 | e:   0.100000 | Q:  98.130112 | won: False 
#  143 | steps: 19823 | steps_t: 14714 | t: 8953.095779 | r:  -338.000000 | e:   0.100000 | Q:  85.781227 | won: False 
#  144 | steps: 19870 | steps_t: 14760 | t: 8989.456572 | r:  -381.000000 | e:   0.100000 | Q:  89.636932 | won: False 
#  145 | steps: 20215 | steps_t: 15104 | t: 9261.795503 | r:  -210.000000 | e:   0.100000 | Q:  89.809669 | won: False 
#  146 | steps: 20259 | steps_t: 15147 | t: 9296.617409 | r:  -323.000000 | e:   0.100000 | Q: 101.525963 | won: False 
#  147 | steps: 20358 | steps_t: 15245 | t: 9373.110912 | r:  -466.000000 | e:   0.100000 | Q:  76.130005 | won: False 
#  148 | steps: 20467 | steps_t: 15353 | t: 9458.545235 | r:  -388.000000 | e:   0.100000 | Q:  83.978149 | won: False 
#  149 | steps: 20608 | steps_t: 15493 | t: 9567.687454 | r:  -387.000000 | e:   0.100000 | Q:  85.298126 | won: False 
#  150 | steps: 20720 | steps_t: 15604 | t: 9653.099115 | r:  -391.000000 | e:   0.100000 | Q:  91.844185 | won: False 
#  151 | steps: 20852 | steps_t: 15735 | t: 9755.529277 | r:  -290.000000 | e:   0.100000 | Q:  90.378174 | won: False 
#  152 | steps: 20997 | steps_t: 15879 | t: 9867.316426 | r:  -226.000000 | e:   0.100000 | Q: 111.245201 | won: False 
#  153 | steps: 21069 | steps_t: 15950 | t: 9922.896837 | r:  -362.000000 | e:   0.100000 | Q:  93.659164 | won: False 
#  154 | steps: 21155 | steps_t: 16035 | t: 9989.546657 | r:  -266.000000 | e:   0.100000 | Q:  90.859474 | won: False 
#  155 | steps: 21271 | steps_t: 16150 | t: 10079.545056 | r:  -252.000000 | e:   0.100000 | Q:  88.328041 | won: False 
#  156 | steps: 21339 | steps_t: 16217 | t: 10132.238183 | r:  -391.000000 | e:   0.100000 | Q:  91.772079 | won: False 
#  157 | steps: 21386 | steps_t: 16263 | t: 10167.577706 | r:  -392.000000 | e:   0.100000 | Q:  96.209854 | won: False 
#  158 | steps: 21702 | steps_t: 16578 | t: 10417.512502 | r:  -529.000000 | e:   0.100000 | Q: 100.831917 | won: False 
#  159 | steps: 21836 | steps_t: 16711 | t: 10516.217626 | r:  -325.000000 | e:   0.100000 | Q: 127.554733 | won: False 
#  160 | steps: 22029 | steps_t: 16903 | t: 10661.547102 | r:  -439.000000 | e:   0.100000 | Q:  94.281525 | won: False 
#  161 | steps: 22177 | steps_t: 17050 | t: 10774.300176 | r:  -405.000000 | e:   0.100000 | Q:  97.324860 | won: False 
#  162 | steps: 22371 | steps_t: 17243 | t: 10925.665515 | r:  -110.000000 | e:   0.100000 | Q:  96.591660 | won: False 
#  163 | steps: 22559 | steps_t: 17430 | t: 11068.723066 | r:  -203.000000 | e:   0.100000 | Q: 106.707184 | won: False 
#  164 | steps: 22746 | steps_t: 17616 | t: 11212.919569 | r:  -191.000000 | e:   0.100000 | Q:  91.251015 | won: False 
#  165 | steps: 22808 | steps_t: 17677 | t: 11260.228095 | r:  -407.000000 | e:   0.100000 | Q:  89.286819 | won: False 
#  166 | steps: 22863 | steps_t: 17731 | t: 11303.777670 | r:  -400.000000 | e:   0.100000 | Q:  86.300423 | won: False 
#  167 | steps: 22976 | steps_t: 17843 | t: 11391.530071 | r:  -469.000000 | e:   0.100000 | Q:  83.318512 | won: False 
#  168 | steps: 23116 | steps_t: 17982 | t: 11497.834878 | r:  -298.000000 | e:   0.100000 | Q:  96.664955 | won: False 
#  169 | steps: 23167 | steps_t: 18032 | t: 11536.996184 | r:  -385.000000 | e:   0.100000 | Q:  90.107994 | won: False 
#  170 | steps: 23268 | steps_t: 18132 | t: 11615.770588 | r:  -380.000000 | e:   0.100000 | Q:  79.477768 | won: False 
#  171 | steps: 23392 | steps_t: 18255 | t: 11713.980916 | r:  -370.000000 | e:   0.100000 | Q:  93.380760 | won: False 
#  172 | steps: 23539 | steps_t: 18401 | t: 11829.722492 | r:  -338.000000 | e:   0.100000 | Q:  91.143005 | won: False 
#  173 | steps: 23814 | steps_t: 18675 | t: 12046.186799 | r:  -367.000000 | e:   0.100000 | Q:  85.629936 | won: False 
#  174 | steps: 23984 | steps_t: 18844 | t: 12179.902990 | r:  -427.000000 | e:   0.100000 | Q:  83.742714 | won: False 
#  175 | steps: 24291 | steps_t: 19150 | t: 12418.311152 | r:  -531.000000 | e:   0.100000 | Q:  84.202034 | won: False 
#  176 | steps: 24408 | steps_t: 19266 | t: 12509.125370 | r:  -374.000000 | e:   0.100000 | Q:  78.330406 | won: False 
#  177 | steps: 24542 | steps_t: 19399 | t: 12615.662551 | r:  -380.000000 | e:   0.100000 | Q:  84.181564 | won: False 
#  178 | steps: 24605 | steps_t: 19461 | t: 12665.712729 | r:  -419.000000 | e:   0.100000 | Q:  83.640411 | won: False 
#  179 | steps: 24697 | steps_t: 19552 | t: 12738.581921 | r:  -437.000000 | e:   0.100000 | Q:  83.646713 | won: False 
#  180 | steps: 24805 | steps_t: 19659 | t: 12822.907485 | r:  -398.000000 | e:   0.100000 | Q:  82.166847 | won: False 
#  181 | steps: 24912 | steps_t: 19765 | t: 12906.697481 | r:  -364.000000 | e:   0.100000 | Q:  81.838684 | won: False 
#  182 | steps: 25173 | steps_t: 20025 | t: 13108.068135 | r:  -408.000000 | e:   0.100000 | Q:  95.095329 | won: False 
#  183 | steps: 25217 | steps_t: 20068 | t: 13141.036996 | r:  -455.000000 | e:   0.100000 | Q: 102.548805 | won: False 
#  184 | steps: 25355 | steps_t: 20205 | t: 13248.375040 | r:  -351.000000 | e:   0.100000 | Q:  92.428360 | won: False 
#  185 | steps: 25422 | steps_t: 20271 | t: 13301.442168 | r:  -434.000000 | e:   0.100000 | Q:  83.505447 | won: False 
#  186 | steps: 25649 | steps_t: 20497 | t: 13477.738857 | r:   -99.000000 | e:   0.100000 | Q:  91.146088 | won: False 
#  187 | steps: 25807 | steps_t: 20654 | t: 13600.176533 | r:  -338.000000 | e:   0.100000 | Q:  82.429291 | won: False 
#  188 | steps: 25914 | steps_t: 20760 | t: 13683.254434 | r:  -331.000000 | e:   0.100000 | Q:  85.361229 | won: False 
#  189 | steps: 25977 | steps_t: 20822 | t: 13731.260095 | r:  -331.000000 | e:   0.100000 | Q:  81.414108 | won: False 
#  190 | steps: 26108 | steps_t: 20952 | t: 13832.608189 | r:  -388.000000 | e:   0.100000 | Q:  88.850876 | won: False 
#  191 | steps: 26146 | steps_t: 20989 | t: 13861.953254 | r:  -317.000000 | e:   0.100000 | Q:  85.188950 | won: False 
#  192 | steps: 26231 | steps_t: 21073 | t: 13927.394304 | r:  -408.000000 | e:   0.100000 | Q:  80.670074 | won: False 
#  193 | steps: 26388 | steps_t: 21229 | t: 14046.888846 | r:  -414.000000 | e:   0.100000 | Q:  76.783440 | won: False 
#  194 | steps: 26484 | steps_t: 21324 | t: 14120.842139 | r:  -375.000000 | e:   0.100000 | Q:  88.935112 | won: False 
#  195 | steps: 26720 | steps_t: 21559 | t: 14303.498825 | r:  -185.000000 | e:   0.100000 | Q:  71.722504 | won: False 
#  196 | steps: 26899 | steps_t: 21737 | t: 14445.998865 | r:  -458.000000 | e:   0.100000 | Q: 121.400208 | won: False 
#  197 | steps: 26983 | steps_t: 21820 | t: 14522.972421 | r:  -319.000000 | e:   0.100000 | Q:  81.262253 | won: False 
#  198 | steps: 27293 | steps_t: 22129 | t: 14638.501477 | r:  -446.000000 | e:   0.100000 | Q:  78.711693 | won: False 
#  199 | steps: 27467 | steps_t: 22302 | t: 14746.425308 | r:  -321.000000 | e:   0.100000 | Q:  84.864395 | won: False 
#  200 | steps: 27551 | steps_t: 22385 | t: 14808.718772 | r:  -407.000000 | e:   0.100000 | Q:  94.757820 | won: False 
#  201 | steps: 27613 | steps_t: 22446 | t: 14854.752706 | r:  -308.000000 | e:   0.100000 | Q:  81.319283 | won: False 
#  202 | steps: 27671 | steps_t: 22503 | t: 14902.592810 | r:  -436.000000 | e:   0.100000 | Q:  89.250618 | won: False 
#  203 | steps: 27905 | steps_t: 22736 | t: 15080.543077 | r:  -436.000000 | e:   0.100000 | Q: 111.564178 | won: False 
#  204 | steps: 27935 | steps_t: 22765 | t: 15103.690195 | r:  -452.000000 | e:   0.100000 | Q:  77.859421 | won: False 
#  205 | steps: 28003 | steps_t: 22832 | t: 15154.814519 | r:  -413.000000 | e:   0.100000 | Q:  77.934669 | won: False 
#  206 | steps: 28044 | steps_t: 22872 | t: 15185.664048 | r:  -408.000000 | e:   0.100000 | Q:  90.160210 | won: False 
#  207 | steps: 28112 | steps_t: 22939 | t: 15232.154865 | r:  -413.000000 | e:   0.100000 | Q:  77.777245 | won: False 
#  208 | steps: 28384 | steps_t: 23210 | t: 15413.619273 | r:  -529.000000 | e:   0.100000 | Q: 100.892380 | won: False 
#  209 | steps: 28484 | steps_t: 23309 | t: 15480.217835 | r:  -379.000000 | e:   0.100000 | Q:  90.479126 | won: False 
#  210 | steps: 28596 | steps_t: 23420 | t: 15556.371562 | r:  -369.000000 | e:   0.100000 | Q:  79.488480 | won: False 
#  211 | steps: 28782 | steps_t: 23605 | t: 15688.715300 | r:  -289.000000 | e:   0.100000 | Q:  97.197044 | won: False 
#  212 | steps: 28862 | steps_t: 23684 | t: 15744.199465 | r:  -359.000000 | e:   0.100000 | Q: 142.858475 | won: False 
#  213 | steps: 28935 | steps_t: 23756 | t: 15795.491913 | r:  -418.000000 | e:   0.100000 | Q:  73.624954 | won: False 
#  214 | steps: 29045 | steps_t: 23865 | t: 15872.587070 | r:  -422.000000 | e:   0.100000 | Q:  86.118881 | won: False 
#  215 | steps: 29126 | steps_t: 23945 | t: 15929.073465 | r:  -415.000000 | e:   0.100000 | Q:  98.051979 | won: False 
#  216 | steps: 29206 | steps_t: 24024 | t: 15984.537880 | r:  -436.000000 | e:   0.100000 | Q:  97.911865 | won: False 
#  217 | steps: 29296 | steps_t: 24113 | t: 16045.767009 | r:  -292.000000 | e:   0.100000 | Q: 102.813644 | won: False 
#  218 | steps: 29337 | steps_t: 24153 | t: 16073.393835 | r:  -441.000000 | e:   0.100000 | Q:  91.790024 | won: False 
#  219 | steps: 29433 | steps_t: 24248 | t: 16137.576967 | r:  -243.000000 | e:   0.100000 | Q: 107.011169 | won: False 
#  220 | steps: 29485 | steps_t: 24299 | t: 16172.563394 | r:  -419.000000 | e:   0.100000 | Q:  91.063026 | won: False 
#  221 | steps: 29727 | steps_t: 24540 | t: 16336.037252 | r:  -235.000000 | e:   0.100000 | Q: 105.293800 | won: False 
#  222 | steps: 29804 | steps_t: 24616 | t: 16388.023228 | r:  -411.000000 | e:   0.100000 | Q:  82.807709 | won: False 
#  223 | steps: 29912 | steps_t: 24723 | t: 16461.443058 | r:  -387.000000 | e:   0.100000 | Q:  98.606827 | won: False 
#  224 | steps: 29973 | steps_t: 24783 | t: 16502.052795 | r:  -439.000000 | e:   0.100000 | Q:  88.382553 | won: False 
#  225 | steps: 30148 | steps_t: 24957 | t: 16622.938626 | r:  -124.000000 | e:   0.100000 | Q: 136.201187 | won: False 
#  226 | steps: 30290 | steps_t: 25098 | t: 16720.140153 | r:  -388.000000 | e:   0.100000 | Q:  79.380180 | won: False 
#  227 | steps: 30377 | steps_t: 25184 | t: 16778.247302 | r:  -432.000000 | e:   0.100000 | Q:  87.059456 | won: False 
#  228 | steps: 30459 | steps_t: 25265 | t: 16835.190768 | r:  -350.000000 | e:   0.100000 | Q:  78.568993 | won: False 
#  229 | steps: 30566 | steps_t: 25371 | t: 16907.878716 | r:  -364.000000 | e:   0.100000 | Q:  98.711296 | won: False 
#  230 | steps: 30616 | steps_t: 25420 | t: 16941.734031 | r:  -384.000000 | e:   0.100000 | Q: 110.503746 | won: False 
#  231 | steps: 30674 | steps_t: 25477 | t: 16981.300487 | r:  -414.000000 | e:   0.100000 | Q: 102.906181 | won: False 
#  232 | steps: 30770 | steps_t: 25572 | t: 17046.814712 | r:  -441.000000 | e:   0.100000 | Q:  87.586006 | won: False 
#  233 | steps: 30825 | steps_t: 25626 | t: 17085.066473 | r:  -356.000000 | e:   0.100000 | Q:  95.124672 | won: False 
#  234 | steps: 30909 | steps_t: 25709 | t: 17142.433393 | r:  -385.000000 | e:   0.100000 | Q:  87.303497 | won: False 
#  235 | steps: 31078 | steps_t: 25877 | t: 17258.285063 | r:  -371.000000 | e:   0.100000 | Q: 128.717331 | won: False 
#  236 | steps: 31185 | steps_t: 25983 | t: 17335.618972 | r:  -441.000000 | e:   0.100000 | Q:  76.870094 | won: False 
#  237 | steps: 31352 | steps_t: 26149 | t: 17456.646724 | r:  -468.000000 | e:   0.100000 | Q: 111.556992 | won: False 
#  238 | steps: 31452 | steps_t: 26248 | t: 17527.669795 | r:  -467.000000 | e:   0.100000 | Q:  83.796074 | won: False 
#  239 | steps: 31597 | steps_t: 26392 | t: 17631.067375 | r:  -380.000000 | e:   0.100000 | Q:  78.576942 | won: False 
#  240 | steps: 31647 | steps_t: 26441 | t: 17665.358793 | r:  -395.000000 | e:   0.100000 | Q:  90.413750 | won: False 
#  241 | steps: 31806 | steps_t: 26599 | t: 17771.173373 | r:  -112.000000 | e:   0.100000 | Q:  87.381973 | won: False 
#  242 | steps: 32121 | steps_t: 26913 | t: 17984.422949 | r:  -429.000000 | e:   0.100000 | Q:  93.444252 | won: False 
#  243 | steps: 32237 | steps_t: 27028 | t: 18063.430728 | r:  -197.000000 | e:   0.100000 | Q:  90.421501 | won: False 
#  244 | steps: 32425 | steps_t: 27215 | t: 18194.252433 | r:  -335.000000 | e:   0.100000 | Q:  84.694923 | won: False 
#  245 | steps: 32584 | steps_t: 27373 | t: 18310.210082 | r:  -350.000000 | e:   0.100000 | Q:  85.255081 | won: False 
#  246 | steps: 32670 | steps_t: 27458 | t: 18371.535104 | r:  -431.000000 | e:   0.100000 | Q:  83.722473 | won: False 
#  247 | steps: 32767 | steps_t: 27554 | t: 18440.146540 | r:  -398.000000 | e:   0.100000 | Q:  92.453117 | won: False 
#  248 | steps: 32986 | steps_t: 27772 | t: 18591.453286 | r:  -201.000000 | e:   0.100000 | Q:  96.489586 | won: False 
#  249 | steps: 33028 | steps_t: 27813 | t: 18619.949984 | r:  -409.000000 | e:   0.100000 | Q:  79.304504 | won: False 
#  250 | steps: 33173 | steps_t: 27957 | t: 18717.116027 | r:  -325.000000 | e:   0.100000 | Q:  79.667130 | won: False 
#  251 | steps: 33226 | steps_t: 28009 | t: 18752.649668 | r:  -420.000000 | e:   0.100000 | Q:  72.592514 | won: False 
#  252 | steps: 33422 | steps_t: 28204 | t: 18885.649682 | r:  -332.000000 | e:   0.100000 | Q:  79.213478 | won: False 
#  253 | steps: 33499 | steps_t: 28280 | t: 18938.111857 | r:  -345.000000 | e:   0.100000 | Q:  81.325050 | won: False 
#  254 | steps: 33575 | steps_t: 28355 | t: 18989.427192 | r:  -399.000000 | e:   0.100000 | Q:  79.307518 | won: False 
#  255 | steps: 33676 | steps_t: 28455 | t: 19057.057039 | r:  -479.000000 | e:   0.100000 | Q:  73.863197 | won: False 
#  256 | steps: 33857 | steps_t: 28635 | t: 19179.840623 | r:  -262.000000 | e:   0.100000 | Q:  77.061264 | won: False 
#  257 | steps: 34190 | steps_t: 28967 | t: 19420.286302 | r:  -403.000000 | e:   0.100000 | Q:  90.796478 | won: False 
#  258 | steps: 34309 | steps_t: 29085 | t: 19503.515429 | r:  -464.000000 | e:   0.100000 | Q:  68.374741 | won: False 
#  259 | steps: 34375 | steps_t: 29150 | t: 19547.224053 | r:  -466.000000 | e:   0.100000 | Q:  82.644730 | won: False 
#  260 | steps: 34520 | steps_t: 29294 | t: 19646.929708 | r:  -380.000000 | e:   0.100000 | Q:  90.265587 | won: False 
#  261 | steps: 34552 | steps_t: 29325 | t: 19667.795896 | r:  -454.000000 | e:   0.100000 | Q: 120.140366 | won: False 
#  262 | steps: 34586 | steps_t: 29358 | t: 19689.648481 | r:  -412.000000 | e:   0.100000 | Q:  87.051918 | won: False 
#  263 | steps: 34661 | steps_t: 29432 | t: 19739.554872 | r:  -354.000000 | e:   0.100000 | Q:  98.215393 | won: False 
#  264 | steps: 34779 | steps_t: 29549 | t: 19818.269233 | r:  -375.000000 | e:   0.100000 | Q:  80.712158 | won: False 
#  265 | steps: 34830 | steps_t: 29599 | t: 19852.137359 | r:  -418.000000 | e:   0.100000 | Q:  71.889626 | won: False 
#  266 | steps: 34970 | steps_t: 29738 | t: 19945.914067 | r:  -485.000000 | e:   0.100000 | Q: 107.494781 | won: False 
#  267 | steps: 35192 | steps_t: 29959 | t: 20095.874378 | r:  -534.000000 | e:   0.100000 | Q:  83.609894 | won: False 
#  268 | steps: 35332 | steps_t: 30098 | t: 20190.784970 | r:  -309.000000 | e:   0.100000 | Q:  95.559448 | won: False 
#  269 | steps: 35408 | steps_t: 30173 | t: 20241.214996 | r:  -311.000000 | e:   0.100000 | Q:  84.376350 | won: False 
#  270 | steps: 35476 | steps_t: 30240 | t: 20285.972827 | r:  -391.000000 | e:   0.100000 | Q:  92.421112 | won: False 
#  271 | steps: 35630 | steps_t: 30393 | t: 20388.722219 | r:  -224.000000 | e:   0.100000 | Q: 100.281151 | won: False 
#  272 | steps: 35820 | steps_t: 30582 | t: 20515.088039 | r:  -271.000000 | e:   0.100000 | Q: 127.123619 | won: False 
#  273 | steps: 35916 | steps_t: 30677 | t: 20580.223715 | r:  -342.000000 | e:   0.100000 | Q:  90.070427 | won: False 
#  274 | steps: 36040 | steps_t: 30800 | t: 20664.006744 | r:  -337.000000 | e:   0.100000 | Q:  92.357178 | won: False 
#  275 | steps: 36097 | steps_t: 30856 | t: 20703.819779 | r:  -413.000000 | e:   0.100000 | Q: 142.213058 | won: False 
#  276 | steps: 36195 | steps_t: 30953 | t: 20771.461912 | r:  -267.000000 | e:   0.100000 | Q: 102.754982 | won: False 
#  277 | steps: 36479 | steps_t: 31236 | t: 20966.538888 | r:  -156.000000 | e:   0.100000 | Q:  82.202171 | won: False 
#  278 | steps: 36698 | steps_t: 31454 | t: 21117.515523 | r:  -223.000000 | e:   0.100000 | Q:  95.029930 | won: False 
#  279 | steps: 36885 | steps_t: 31640 | t: 21246.565555 | r:  -334.000000 | e:   0.100000 | Q:  95.361046 | won: False 
#  280 | steps: 37137 | steps_t: 31891 | t: 21420.605847 | r:  -619.000000 | e:   0.100000 | Q:  93.979843 | won: False 
#  281 | steps: 37217 | steps_t: 31970 | t: 21475.761007 | r:  -359.000000 | e:   0.100000 | Q:  83.786484 | won: False 
#  282 | steps: 37345 | steps_t: 32097 | t: 21564.000022 | r:  -374.000000 | e:   0.100000 | Q: 104.284378 | won: False 
#  283 | steps: 37403 | steps_t: 32154 | t: 21604.879202 | r:  -414.000000 | e:   0.100000 | Q:  89.769577 | won: False 
#  284 | steps: 37552 | steps_t: 32302 | t: 21707.994490 | r:  -142.000000 | e:   0.100000 | Q:  89.610779 | won: False 
#  285 | steps: 37620 | steps_t: 32369 | t: 21755.036615 | r:  -391.000000 | e:   0.100000 | Q:  97.882690 | won: False 
#  286 | steps: 37984 | steps_t: 32732 | t: 22001.184375 | r:  -280.000000 | e:   0.100000 | Q: 175.072067 | won: False 
#  287 | steps: 38307 | steps_t: 33054 | t: 22214.451384 | r:  -547.000000 | e:   0.100000 | Q:  82.422630 | won: False 
#  288 | steps: 38360 | steps_t: 33106 | t: 22249.275661 | r:  -332.000000 | e:   0.100000 | Q:  81.769508 | won: False 
#  289 | steps: 38486 | steps_t: 33231 | t: 22333.350925 | r:  -449.000000 | e:   0.100000 | Q: 104.650764 | won: False 
#  290 | steps: 38746 | steps_t: 33490 | t: 22508.713868 | r:  -330.000000 | e:   0.100000 | Q:  90.156998 | won: False 
#  291 | steps: 38854 | steps_t: 33597 | t: 22583.372563 | r:  -453.000000 | e:   0.100000 | Q:  67.695320 | won: False 
#  292 | steps: 38944 | steps_t: 33686 | t: 22645.391887 | r:  -369.000000 | e:   0.100000 | Q:  89.583878 | won: False 
#  293 | steps: 39215 | steps_t: 33956 | t: 22834.683352 | r:  -264.000000 | e:   0.100000 | Q:  86.110283 | won: False 
#  294 | steps: 39355 | steps_t: 34095 | t: 22930.117017 | r:  -375.000000 | e:   0.100000 | Q:  91.311256 | won: False 
#  295 | steps: 39401 | steps_t: 34140 | t: 22960.129773 | r:  -336.000000 | e:   0.100000 | Q:  97.081551 | won: False 
#  296 | steps: 39599 | steps_t: 34337 | t: 23092.534960 | r:  -301.000000 | e:   0.100000 | Q:  78.137215 | won: False 
#  297 | steps: 39688 | steps_t: 34425 | t: 23151.612124 | r:  -456.000000 | e:   0.100000 | Q:  92.527748 | won: False 
#  298 | steps: 39802 | steps_t: 34538 | t: 23227.880695 | r:  -448.000000 | e:   0.100000 | Q:  89.504753 | won: False 
#  299 | steps: 39953 | steps_t: 34688 | t: 23328.094926 | r:  -287.000000 | e:   0.100000 | Q:  95.512764 | won: False 
#  300 | steps: 40047 | steps_t: 34781 | t: 23390.295784 | r:  -428.000000 | e:   0.100000 | Q: 109.189186 | won: False 
#  301 | steps: 40130 | steps_t: 34863 | t: 23444.774954 | r:  -406.000000 | e:   0.100000 | Q:  89.951973 | won: False 
#  302 | steps: 40366 | steps_t: 35098 | t: 23601.271604 | r:  -328.000000 | e:   0.100000 | Q:  97.814217 | won: False 
#  303 | steps: 40463 | steps_t: 35194 | t: 23667.040061 | r:  -409.000000 | e:   0.100000 | Q:  82.325478 | won: False 
#  304 | steps: 40527 | steps_t: 35257 | t: 23712.048227 | r:  -464.000000 | e:   0.100000 | Q: 106.102859 | won: False 
#  305 | steps: 40765 | steps_t: 35494 | t: 23880.586580 | r:  -198.000000 | e:   0.100000 | Q:  80.431946 | won: False 
#  306 | steps: 40894 | steps_t: 35622 | t: 23970.363205 | r:  -342.000000 | e:   0.100000 | Q:  76.855507 | won: False 
#  307 | steps: 40945 | steps_t: 35672 | t: 24005.813972 | r:  -363.000000 | e:   0.100000 | Q:  94.684021 | won: False 
#  308 | steps: 41086 | steps_t: 35812 | t: 24101.631297 | r:  -409.000000 | e:   0.100000 | Q: 103.883514 | won: False 
#  309 | steps: 41360 | steps_t: 36085 | t: 24290.024412 | r:  -278.000000 | e:   0.100000 | Q:  97.136803 | won: False 
#  310 | steps: 41520 | steps_t: 36244 | t: 24400.521054 | r:  -417.000000 | e:   0.100000 | Q: 113.893860 | won: False 
#  311 | steps: 41726 | steps_t: 36449 | t: 24540.565065 | r:  -463.000000 | e:   0.100000 | Q:  90.317116 | won: False 
#  312 | steps: 41798 | steps_t: 36520 | t: 24589.599828 | r:  -329.000000 | e:   0.100000 | Q:  96.612579 | won: False 
#  313 | steps: 41915 | steps_t: 36636 | t: 24668.345450 | r:  -374.000000 | e:   0.100000 | Q:  90.402649 | won: False 
#  314 | steps: 42054 | steps_t: 36774 | t: 24764.399428 | r:  -352.000000 | e:   0.100000 | Q:  79.888771 | won: False 
#  315 | steps: 42187 | steps_t: 36906 | t: 24862.894412 | r:  -269.000000 | e:   0.100000 | Q:  77.698685 | won: False 
#  316 | steps: 42280 | steps_t: 36998 | t: 24926.914203 | r:  -438.000000 | e:   0.100000 | Q:  85.749161 | won: False 
#  317 | steps: 42420 | steps_t: 37137 | t: 25023.470848 | r:  -331.000000 | e:   0.100000 | Q: 102.218094 | won: False 
#  318 | steps: 42485 | steps_t: 37201 | t: 25068.687023 | r:  -399.000000 | e:   0.100000 | Q:  93.065605 | won: False 
#  319 | steps: 42525 | steps_t: 37240 | t: 25096.478909 | r:  -462.000000 | e:   0.100000 | Q:  97.498032 | won: False 
#  320 | steps: 42610 | steps_t: 37324 | t: 25155.891819 | r:  -320.000000 | e:   0.100000 | Q:  94.120613 | won: False 
#  321 | steps: 42687 | steps_t: 37400 | t: 25209.349966 | r:  -290.000000 | e:   0.100000 | Q:  82.713455 | won: False 
#  322 | steps: 42862 | steps_t: 37574 | t: 25330.723148 | r:  -410.000000 | e:   0.100000 | Q: 100.627815 | won: False 
#  323 | steps: 43014 | steps_t: 37725 | t: 25437.687682 | r:  -431.000000 | e:   0.100000 | Q:  90.110016 | won: False 
#  324 | steps: 43143 | steps_t: 37853 | t: 25528.434495 | r:  -148.000000 | e:   0.100000 | Q:  92.674225 | won: False 
#  325 | steps: 43361 | steps_t: 38070 | t: 25682.609680 | r:  -442.000000 | e:   0.100000 | Q:  89.720009 | won: False 
#  326 | steps: 43586 | steps_t: 38294 | t: 25839.542541 | r:  -515.000000 | e:   0.100000 | Q:  89.461525 | won: False 
#  327 | steps: 43663 | steps_t: 38370 | t: 25893.767378 | r:  -433.000000 | e:   0.100000 | Q:  90.210838 | won: False 
#  328 | steps: 43728 | steps_t: 38434 | t: 25941.074500 | r:  -300.000000 | e:   0.100000 | Q:  98.096733 | won: False 
#  329 | steps: 44227 | steps_t: 38932 | t: 26306.287887 | r:  -595.000000 | e:   0.100000 | Q:  95.665543 | won: False 
#  330 | steps: 44530 | steps_t: 39234 | t: 26519.374531 | r:  -483.000000 | e:   0.100000 | Q:  90.354904 | won: False 
#  331 | steps: 44674 | steps_t: 39377 | t: 26620.700478 | r:  -258.000000 | e:   0.100000 | Q: 109.968018 | won: False 
#  332 | steps: 44846 | steps_t: 39548 | t: 26741.791833 | r:  -330.000000 | e:   0.100000 | Q:  84.831360 | won: False 
#  333 | steps: 44946 | steps_t: 39647 | t: 26812.161734 | r:  -368.000000 | e:   0.100000 | Q:  76.303345 | won: False 
#  334 | steps: 44984 | steps_t: 39684 | t: 26839.036782 | r:  -416.000000 | e:   0.100000 | Q:  91.796638 | won: False 
#  335 | steps: 45049 | steps_t: 39748 | t: 26883.441961 | r:  -300.000000 | e:   0.100000 | Q: 108.050705 | won: False 
#  336 | steps: 45215 | steps_t: 39913 | t: 26998.989447 | r:  -445.000000 | e:   0.100000 | Q: 106.840187 | won: False 
#  337 | steps: 45388 | steps_t: 40085 | t: 27120.260888 | r:  -430.000000 | e:   0.100000 | Q:  84.055954 | won: False 
#  338 | steps: 45494 | steps_t: 40190 | t: 27194.363360 | r:  -286.000000 | e:   0.100000 | Q:  90.035202 | won: False 
#  339 | steps: 45741 | steps_t: 40436 | t: 27368.712141 | r:  -240.000000 | e:   0.100000 | Q:  93.415092 | won: False 
#  340 | steps: 45956 | steps_t: 40650 | t: 27519.480925 | r:  -483.000000 | e:   0.100000 | Q:  93.951576 | won: False 
#  341 | steps: 46094 | steps_t: 40787 | t: 27615.108268 | r:  -461.000000 | e:   0.100000 | Q:  93.354057 | won: False 
#  342 | steps: 46275 | steps_t: 40967 | t: 27740.729204 | r:  -262.000000 | e:   0.100000 | Q:  88.377876 | won: False 
#  343 | steps: 46344 | steps_t: 41035 | t: 27789.047246 | r:  -216.000000 | e:   0.100000 | Q:  96.190041 | won: False 
#  344 | steps: 46474 | steps_t: 41164 | t: 27880.229775 | r:  -321.000000 | e:   0.100000 | Q:  97.075676 | won: False 
#  345 | steps: 46521 | steps_t: 41210 | t: 27913.011731 | r:  -425.000000 | e:   0.100000 | Q:  77.776947 | won: False 
#  346 | steps: 46603 | steps_t: 41291 | t: 27969.140622 | r:  -317.000000 | e:   0.100000 | Q:  72.298470 | won: False 
#  347 | steps: 46692 | steps_t: 41379 | t: 28031.433054 | r:  -401.000000 | e:   0.100000 | Q:  81.480339 | won: False 
#  348 | steps: 46764 | steps_t: 41450 | t: 28082.327628 | r:  -384.000000 | e:   0.100000 | Q:  94.100128 | won: False 
#  349 | steps: 46982 | steps_t: 41667 | t: 28235.239432 | r:  -244.000000 | e:   0.100000 | Q:  95.613846 | won: False 
#  350 | steps: 47324 | steps_t: 42008 | t: 28474.000742 | r:  -346.000000 | e:   0.100000 | Q:  83.666130 | won: False 
#  351 | steps: 47393 | steps_t: 42076 | t: 28521.850725 | r:  -403.000000 | e:   0.100000 | Q: 100.154724 | won: False 
#  352 | steps: 47428 | steps_t: 42110 | t: 28545.686758 | r:  -391.000000 | e:   0.100000 | Q: 107.704170 | won: False 
#  353 | steps: 47540 | steps_t: 42221 | t: 28623.116635 | r:  -424.000000 | e:   0.100000 | Q: 100.275558 | won: False 
#  354 | steps: 47580 | steps_t: 42260 | t: 28650.542929 | r:  -418.000000 | e:   0.100000 | Q:  91.764015 | won: False 
#  355 | steps: 47732 | steps_t: 42411 | t: 28757.902591 | r:  -299.000000 | e:   0.100000 | Q:  76.945587 | won: False 
#  356 | steps: 47936 | steps_t: 42614 | t: 28901.719305 | r:  -307.000000 | e:   0.100000 | Q: 101.463867 | won: False 
#  357 | steps: 48120 | steps_t: 42797 | t: 29030.639602 | r:  -210.000000 | e:   0.100000 | Q:  93.175064 | won: False 
#  358 | steps: 48169 | steps_t: 42845 | t: 29065.248629 | r:  -372.000000 | e:   0.100000 | Q:  95.538086 | won: False 
#  359 | steps: 48248 | steps_t: 42923 | t: 29119.812173 | r:  -435.000000 | e:   0.100000 | Q: 101.222984 | won: False 
#  360 | steps: 48294 | steps_t: 42968 | t: 29150.303767 | r:  -325.000000 | e:   0.100000 | Q:  94.484100 | won: False 
#  361 | steps: 48339 | steps_t: 43012 | t: 29181.573892 | r:  -423.000000 | e:   0.100000 | Q:  96.083527 | won: False 
#  362 | steps: 48449 | steps_t: 43121 | t: 29254.163528 | r:  -466.000000 | e:   0.100000 | Q:  82.988472 | won: False 
#  363 | steps: 48485 | steps_t: 43156 | t: 29277.704404 | r:  -370.000000 | e:   0.100000 | Q:  84.455605 | won: False 
#  364 | steps: 48528 | steps_t: 43198 | t: 29305.726692 | r:  -388.000000 | e:   0.100000 | Q:  88.989571 | won: False 
#  365 | steps: 48958 | steps_t: 43627 | t: 29593.291502 | r:  -698.000000 | e:   0.100000 | Q:  99.322395 | won: False 
#  366 | steps: 49088 | steps_t: 43756 | t: 29681.177737 | r:  -398.000000 | e:   0.100000 | Q:  84.881073 | won: False 
#  367 | steps: 49119 | steps_t: 43786 | t: 29701.681889 | r:  -376.000000 | e:   0.100000 | Q:  78.357094 | won: False 
#  368 | steps: 49257 | steps_t: 43923 | t: 29795.091449 | r:  -395.000000 | e:   0.100000 | Q:  87.191055 | won: False 
#  369 | steps: 49479 | steps_t: 44144 | t: 29945.717304 | r:  -237.000000 | e:   0.100000 | Q:  86.109444 | won: False 
#  370 | steps: 49544 | steps_t: 44208 | t: 29989.767549 | r:  -333.000000 | e:   0.100000 | Q:  87.304199 | won: False 
#  371 | steps: 49636 | steps_t: 44299 | t: 30052.346561 | r:  -272.000000 | e:   0.100000 | Q:  87.443748 | won: False 
#  372 | steps: 49780 | steps_t: 44442 | t: 30148.012500 | r:  -302.000000 | e:   0.100000 | Q: 182.021240 | won: False 
#  373 | steps: 49923 | steps_t: 44584 | t: 30243.818441 | r:  -510.000000 | e:   0.100000 | Q:  93.609138 | won: False 
#  374 | steps: 50077 | steps_t: 44737 | t: 30346.926889 | r:  -444.000000 | e:   0.100000 | Q:  91.350090 | won: False 
#  375 | steps: 50236 | steps_t: 44895 | t: 30454.867372 | r:  -295.000000 | e:   0.100000 | Q:  90.423553 | won: False 
#  376 | steps: 50390 | steps_t: 45048 | t: 30557.559686 | r:  -499.000000 | e:   0.100000 | Q:  84.148537 | won: False 
#  377 | steps: 50517 | steps_t: 45174 | t: 30644.714565 | r:  -296.000000 | e:   0.100000 | Q: 104.538101 | won: False 
#  378 | steps: 50624 | steps_t: 45280 | t: 30720.438816 | r:  -397.000000 | e:   0.100000 | Q:  90.228729 | won: False 
#  379 | steps: 50675 | steps_t: 45330 | t: 30755.530807 | r:  -440.000000 | e:   0.100000 | Q: 100.728813 | won: False 
#  380 | steps: 50796 | steps_t: 45450 | t: 30841.069216 | r:  -389.000000 | e:   0.100000 | Q:  98.033669 | won: False 
#  381 | steps: 50994 | steps_t: 45647 | t: 30981.672912 | r:  -499.000000 | e:   0.100000 | Q:  93.243774 | won: False 
#  382 | steps: 51039 | steps_t: 45691 | t: 31011.988203 | r:  -401.000000 | e:   0.100000 | Q: 100.240997 | won: False 
#  383 | steps: 51179 | steps_t: 45830 | t: 31107.366220 | r:  -353.000000 | e:   0.100000 | Q: 103.254562 | won: False 
#  384 | steps: 51279 | steps_t: 45929 | t: 31173.648389 | r:  -192.000000 | e:   0.100000 | Q: 106.779533 | won: False 
#  385 | steps: 51982 | steps_t: 46631 | t: 31654.243642 | r:  -762.000000 | e:   0.100000 | Q: 111.788406 | won: False 
#  386 | steps: 52078 | steps_t: 46726 | t: 31724.178373 | r:  -419.000000 | e:   0.100000 | Q:  79.356850 | won: False 
#  387 | steps: 52226 | steps_t: 46873 | t: 31823.956492 | r:  -427.000000 | e:   0.100000 | Q:  83.552544 | won: False 
#  388 | steps: 52306 | steps_t: 46952 | t: 31877.296802 | r:  -370.000000 | e:   0.100000 | Q:  94.582260 | won: False 
#  389 | steps: 52802 | steps_t: 47447 | t: 32220.110797 | r:  -328.000000 | e:   0.100000 | Q:  99.236610 | won: False 
#  390 | steps: 53248 | steps_t: 47892 | t: 32515.368832 | r:  -205.000000 | e:   0.100000 | Q:  88.912224 | won: False 
#  391 | steps: 53296 | steps_t: 47939 | t: 32546.722176 | r:  -393.000000 | e:   0.100000 | Q:  90.842255 | won: False 
#  392 | steps: 53354 | steps_t: 47996 | t: 32587.269532 | r:  -370.000000 | e:   0.100000 | Q:  86.878151 | won: False 
#  393 | steps: 53494 | steps_t: 48135 | t: 32680.433088 | r:  -397.000000 | e:   0.100000 | Q:  89.421677 | won: False 
#  394 | steps: 53537 | steps_t: 48177 | t: 32707.783965 | r:  -366.000000 | e:   0.100000 | Q: 102.680008 | won: False 
#  395 | steps: 53666 | steps_t: 48305 | t: 32804.524340 | r:  -408.000000 | e:   0.100000 | Q:  94.985405 | won: False 
#  396 | steps: 53951 | steps_t: 48589 | t: 33036.258821 | r:  -465.000000 | e:   0.100000 | Q:  89.856178 | won: False 
#  397 | steps: 54057 | steps_t: 48694 | t: 33121.937766 | r:  -429.000000 | e:   0.100000 | Q:  95.934753 | won: False 
#  398 | steps: 54247 | steps_t: 48883 | t: 33278.169098 | r:  -491.000000 | e:   0.100000 | Q:  94.503113 | won: False 
#  399 | steps: 54335 | steps_t: 48970 | t: 33349.862558 | r:  -378.000000 | e:   0.100000 | Q:  89.077583 | won: False 
#  400 | steps: 54411 | steps_t: 49045 | t: 33412.099174 | r:  -278.000000 | e:   0.100000 | Q:  84.717102 | won: False 
#  401 | steps: 54437 | steps_t: 49070 | t: 33433.377608 | r:  -448.000000 | e:   0.100000 | Q:  85.596054 | won: False 
#  402 | steps: 54521 | steps_t: 49153 | t: 33502.037921 | r:  -352.000000 | e:   0.100000 | Q:  92.372688 | won: False 
#  403 | steps: 54846 | steps_t: 49477 | t: 33766.593658 | r:  -417.000000 | e:   0.100000 | Q:  74.015694 | won: False 
#  404 | steps: 54956 | steps_t: 49586 | t: 33855.320456 | r:  -400.000000 | e:   0.100000 | Q:  96.403679 | won: False 
#  405 | steps: 55247 | steps_t: 49876 | t: 34092.007697 | r:  -240.000000 | e:   0.100000 | Q:  90.320984 | won: False 
#  406 | steps: 55344 | steps_t: 49972 | t: 34170.939692 | r:  -398.000000 | e:   0.100000 | Q:  95.926056 | won: False 
#  407 | steps: 55559 | steps_t: 50186 | t: 34350.735013 | r:  -417.000000 | e:   0.100000 | Q:  83.998955 | won: False 
#  408 | steps: 55626 | steps_t: 50252 | t: 34409.254112 | r:  -445.000000 | e:   0.100000 | Q:  93.647003 | won: False 
#  409 | steps: 55722 | steps_t: 50347 | t: 34491.283815 | r:  -298.000000 | e:   0.100000 | Q:  94.537292 | won: False 
#  410 | steps: 55919 | steps_t: 50543 | t: 34658.054969 | r:  -355.000000 | e:   0.100000 | Q: 105.916359 | won: False 
#  411 | steps: 55959 | steps_t: 50582 | t: 34690.623898 | r:  -429.000000 | e:   0.100000 | Q: 106.860680 | won: False 
#  412 | steps: 56268 | steps_t: 50890 | t: 34938.116219 | r:  -456.000000 | e:   0.100000 | Q: 103.823616 | won: False 
#  413 | steps: 56380 | steps_t: 51001 | t: 35022.417848 | r:  -413.000000 | e:   0.100000 | Q:  79.344971 | won: False 
#  414 | steps: 56599 | steps_t: 51219 | t: 35203.165636 | r:  -410.000000 | e:   0.100000 | Q:  90.338310 | won: False 
#  415 | steps: 56659 | steps_t: 51278 | t: 35253.021351 | r:  -361.000000 | e:   0.100000 | Q:  95.858292 | won: False 
#  416 | steps: 56978 | steps_t: 51596 | t: 35516.483087 | r:  -334.000000 | e:   0.100000 | Q:  87.552643 | won: False 
#  417 | steps: 57030 | steps_t: 51647 | t: 35558.160667 | r:  -386.000000 | e:   0.100000 | Q: 101.544579 | won: False 
#  418 | steps: 57066 | steps_t: 51682 | t: 35588.044957 | r:  -370.000000 | e:   0.100000 | Q:  92.856461 | won: False 
#  419 | steps: 57193 | steps_t: 51808 | t: 35693.600764 | r:  -505.000000 | e:   0.100000 | Q:  73.826790 | won: False 
#  420 | steps: 57259 | steps_t: 51873 | t: 35747.716091 | r:  -444.000000 | e:   0.100000 | Q: 105.322830 | won: False 
#  421 | steps: 57327 | steps_t: 51940 | t: 35804.375617 | r:  -402.000000 | e:   0.100000 | Q:  96.283585 | won: False 
#  422 | steps: 57544 | steps_t: 52156 | t: 35986.941544 | r:  -507.000000 | e:   0.100000 | Q: 132.284866 | won: False 
#  423 | steps: 57611 | steps_t: 52222 | t: 36041.968436 | r:  -423.000000 | e:   0.100000 | Q:  86.666931 | won: False 
#  424 | steps: 57666 | steps_t: 52276 | t: 36086.884358 | r:  -411.000000 | e:   0.100000 | Q:  98.627319 | won: False 
#  425 | steps: 57863 | steps_t: 52472 | t: 36251.517229 | r:   -58.000000 | e:   0.100000 | Q:  91.328163 | won: False 
#  426 | steps: 57926 | steps_t: 52534 | t: 36306.242926 | r:  -342.000000 | e:   0.100000 | Q:  96.736610 | won: False 
#  427 | steps: 57980 | steps_t: 52587 | t: 36351.596677 | r:  -388.000000 | e:   0.100000 | Q:  99.774239 | won: False 
#  428 | steps: 58057 | steps_t: 52663 | t: 36416.825296 | r:  -356.000000 | e:   0.100000 | Q: 109.933769 | won: False 
#  429 | steps: 58175 | steps_t: 52780 | t: 36515.960268 | r:  -265.000000 | e:   0.100000 | Q: 106.529137 | won: False 
#  430 | steps: 58221 | steps_t: 52825 | t: 36555.270177 | r:  -413.000000 | e:   0.100000 | Q:  99.517326 | won: False 
#  431 | steps: 58404 | steps_t: 53007 | t: 36710.450161 | r:  -363.000000 | e:   0.100000 | Q: 107.415474 | won: False 
#  432 | steps: 58439 | steps_t: 53041 | t: 36739.812665 | r:  -314.000000 | e:   0.100000 | Q:  94.242783 | won: False 
#  433 | steps: 58579 | steps_t: 53180 | t: 36858.373269 | r:  -331.000000 | e:   0.100000 | Q: 102.799973 | won: False 
#  434 | steps: 58674 | steps_t: 53274 | t: 36940.154872 | r:  -286.000000 | e:   0.100000 | Q: 104.779564 | won: False 
#  435 | steps: 58729 | steps_t: 53328 | t: 36987.361290 | r:  -422.000000 | e:   0.100000 | Q: 106.411385 | won: False 
#  436 | steps: 58770 | steps_t: 53368 | t: 37021.951441 | r:  -353.000000 | e:   0.100000 | Q:  96.619225 | won: False 
#  437 | steps: 59019 | steps_t: 53616 | t: 37235.300949 | r:    40.000000 | e:   0.100000 | Q:  97.146065 | won: False 
#  438 | steps: 59338 | steps_t: 53934 | t: 37505.986593 | r:  -466.000000 | e:   0.100000 | Q: 109.403717 | won: False 
#  439 | steps: 59538 | steps_t: 54133 | t: 37678.404354 | r:  -314.000000 | e:   0.100000 | Q: 104.212723 | won: False 
#  440 | steps: 59753 | steps_t: 54347 | t: 37863.005646 | r:  -274.000000 | e:   0.100000 | Q:  92.328728 | won: False 
#  441 | steps: 59934 | steps_t: 54527 | t: 38016.019382 | r:  -383.000000 | e:   0.100000 | Q: 100.404121 | won: False 
#  442 | steps: 60210 | steps_t: 54802 | t: 38251.393808 | r:  -566.000000 | e:   0.100000 | Q:  96.366440 | won: False 
#  443 | steps: 60289 | steps_t: 54880 | t: 38318.352776 | r:  -380.000000 | e:   0.100000 | Q:  83.335754 | won: False 
#  444 | steps: 60336 | steps_t: 54926 | t: 38358.352913 | r:  -414.000000 | e:   0.100000 | Q: 100.155067 | won: False 
#  445 | steps: 60466 | steps_t: 55055 | t: 38467.223576 | r:  -486.000000 | e:   0.100000 | Q: 101.200134 | won: False 
#  446 | steps: 60565 | steps_t: 55153 | t: 38550.460094 | r:  -400.000000 | e:   0.100000 | Q:  90.520569 | won: False 
#  447 | steps: 60809 | steps_t: 55396 | t: 38758.324111 | r:  -303.000000 | e:   0.100000 | Q:  98.427704 | won: False 
#  448 | steps: 60949 | steps_t: 55535 | t: 38878.870071 | r:  -287.000000 | e:   0.100000 | Q:  85.749962 | won: False 
#  449 | steps: 61086 | steps_t: 55671 | t: 38994.990984 | r:  -306.000000 | e:   0.100000 | Q:  92.920135 | won: False 
#  450 | steps: 61161 | steps_t: 55745 | t: 39057.888146 | r:  -464.000000 | e:   0.100000 | Q: 104.099327 | won: False 
#  451 | steps: 61267 | steps_t: 55850 | t: 39147.493806 | r:  -451.000000 | e:   0.100000 | Q:  85.238586 | won: False 
#  452 | steps: 61488 | steps_t: 56070 | t: 39339.272468 | r:  -346.000000 | e:   0.100000 | Q: 103.803970 | won: False 
#  453 | steps: 61629 | steps_t: 56210 | t: 39460.105793 | r:  -398.000000 | e:   0.100000 | Q: 111.621330 | won: False 
#  454 | steps: 61755 | steps_t: 56335 | t: 39569.383113 | r:  -328.000000 | e:   0.100000 | Q:  90.259064 | won: False 
#  455 | steps: 61791 | steps_t: 56370 | t: 39599.715453 | r:  -425.000000 | e:   0.100000 | Q:  91.329887 | won: False 
#  456 | steps: 61903 | steps_t: 56481 | t: 39696.474305 | r:  -457.000000 | e:   0.100000 | Q:  93.186020 | won: False 
#  457 | steps: 61958 | steps_t: 56535 | t: 39743.224839 | r:  -433.000000 | e:   0.100000 | Q:  79.820007 | won: False 
#  458 | steps: 62073 | steps_t: 56649 | t: 39842.614637 | r:  -339.000000 | e:   0.100000 | Q:  84.441383 | won: False 
#  459 | steps: 62369 | steps_t: 56944 | t: 40108.548360 | r:  -256.000000 | e:   0.100000 | Q:  90.606102 | won: False 
#  460 | steps: 62475 | steps_t: 57049 | t: 40206.637491 | r:  -341.000000 | e:   0.100000 | Q:  93.371445 | won: False 
#  461 | steps: 62635 | steps_t: 57208 | t: 40357.588295 | r:  -318.000000 | e:   0.100000 | Q:  89.099358 | won: False 
#  462 | steps: 62672 | steps_t: 57244 | t: 40390.753750 | r:  -382.000000 | e:   0.100000 | Q:  88.842476 | won: False 
#  463 | steps: 62866 | steps_t: 57437 | t: 40574.585033 | r:  -473.000000 | e:   0.100000 | Q: 104.411400 | won: False 
#  464 | steps: 63139 | steps_t: 57709 | t: 40821.956978 | r:  -442.000000 | e:   0.100000 | Q: 108.958504 | won: False 
#  465 | steps: 63310 | steps_t: 57879 | t: 40973.475564 | r:  -175.000000 | e:   0.100000 | Q: 107.889412 | won: False 
#  466 | steps: 63388 | steps_t: 57956 | t: 41039.458063 | r:  -456.000000 | e:   0.100000 | Q: 103.845535 | won: False 
#  467 | steps: 63448 | steps_t: 58015 | t: 41090.620286 | r:  -405.000000 | e:   0.100000 | Q:  88.091446 | won: False 
