#    1 | steps:   118 | steps_t:     0 | t: 1.359368 | r:  -518.000000 | e:   1.000000 | Q:        nan | won: False 
#    2 | steps:   286 | steps_t:     0 | t: 3.027902 | r:  -447.000000 | e:   1.000000 | Q:        nan | won: False 
#    3 | steps:   360 | steps_t:     0 | t: 3.735015 | r:  -452.000000 | e:   1.000000 | Q:        nan | won: False 
#    4 | steps:   441 | steps_t:     0 | t: 4.469049 | r:  -492.000000 | e:   1.000000 | Q:        nan | won: False 
#    5 | steps:   641 | steps_t:     0 | t: 6.588382 | r:  -578.000000 | e:   1.000000 | Q:        nan | won: False 
#    6 | steps:   782 | steps_t:     0 | t: 8.010612 | r:  -387.000000 | e:   1.000000 | Q:        nan | won: False 
#    7 | steps:   850 | steps_t:     0 | t: 10.086031 | r:  -490.000000 | e:   1.000000 | Q:        nan | won: False 
#    8 | steps:   907 | steps_t:     0 | t: 13.241590 | r:  -446.000000 | e:   1.000000 | Q:        nan | won: False 
#    9 | steps:  1067 | steps_t:     0 | t: 21.821645 | r:  -461.000000 | e:   1.000000 | Q:        nan | won: False 
#   10 | steps:  1155 | steps_t:     0 | t: 25.744291 | r:  -477.000000 | e:   1.000000 | Q:        nan | won: False 
#   11 | steps:  1208 | steps_t:     0 | t: 27.935509 | r:  -497.000000 | e:   1.000000 | Q:        nan | won: False 
#   12 | steps:  1306 | steps_t:     0 | t: 31.183991 | r:  -421.000000 | e:   1.000000 | Q:        nan | won: False 
#   13 | steps:  1428 | steps_t:     0 | t: 34.884912 | r:  -434.000000 | e:   1.000000 | Q:        nan | won: False 
#   14 | steps:  1819 | steps_t:     0 | t: 44.148503 | r:  -604.000000 | e:   1.000000 | Q:        nan | won: False 
#   15 | steps:  1943 | steps_t:     0 | t: 47.165139 | r:  -425.000000 | e:   1.000000 | Q:        nan | won: False 
#   16 | steps:  2090 | steps_t:     0 | t: 50.193368 | r:  -382.000000 | e:   1.000000 | Q:        nan | won: False 
#   17 | steps:  2173 | steps_t:     0 | t: 51.186778 | r:  -494.000000 | e:   1.000000 | Q:        nan | won: False 
#   18 | steps:  2369 | steps_t:     0 | t: 53.175798 | r:  -497.000000 | e:   1.000000 | Q:        nan | won: False 
#   19 | steps:  2434 | steps_t:     0 | t: 53.766876 | r:  -421.000000 | e:   1.000000 | Q:        nan | won: False 
#   20 | steps:  2517 | steps_t:     0 | t: 54.554309 | r:  -461.000000 | e:   1.000000 | Q:        nan | won: False 
#   21 | steps:  2621 | steps_t:     0 | t: 55.628202 | r:  -471.000000 | e:   1.000000 | Q:        nan | won: False 
#   22 | steps:  2687 | steps_t:     0 | t: 56.207263 | r:  -499.000000 | e:   1.000000 | Q:        nan | won: False 
#   23 | steps:  2800 | steps_t:     0 | t: 57.038772 | r:  -513.000000 | e:   1.000000 | Q:        nan | won: False 
#   24 | steps:  2853 | steps_t:     0 | t: 57.427307 | r:  -453.000000 | e:   1.000000 | Q:        nan | won: False 
#   25 | steps:  2897 | steps_t:     0 | t: 57.801161 | r:  -510.000000 | e:   1.000000 | Q:        nan | won: False 
#   26 | steps:  3101 | steps_t:     0 | t: 59.191244 | r:  -450.000000 | e:   1.000000 | Q:        nan | won: False 
#   27 | steps:  3294 | steps_t:     0 | t: 60.375585 | r:  -483.000000 | e:   1.000000 | Q:        nan | won: False 
#   28 | steps:  3332 | steps_t:     0 | t: 60.598259 | r:  -460.000000 | e:   1.000000 | Q:        nan | won: False 
#   29 | steps:  3457 | steps_t:     0 | t: 61.319668 | r:  -459.000000 | e:   1.000000 | Q:        nan | won: False 
#   30 | steps:  3585 | steps_t:     0 | t: 62.091094 | r:  -462.000000 | e:   1.000000 | Q:        nan | won: False 
#   31 | steps:  3730 | steps_t:     0 | t: 62.894834 | r:  -479.000000 | e:   1.000000 | Q:        nan | won: False 
#   32 | steps:  3835 | steps_t:     0 | t: 63.492022 | r:  -516.000000 | e:   1.000000 | Q:        nan | won: False 
#   33 | steps:  3888 | steps_t:     0 | t: 63.799757 | r:  -475.000000 | e:   1.000000 | Q:        nan | won: False 
#   34 | steps:  3927 | steps_t:     0 | t: 64.020432 | r:  -406.000000 | e:   1.000000 | Q:        nan | won: False 
#   35 | steps:  4043 | steps_t:     0 | t: 64.685135 | r:  -439.000000 | e:   1.000000 | Q:        nan | won: False 
#   36 | steps:  4183 | steps_t:     0 | t: 65.459666 | r:  -452.000000 | e:   1.000000 | Q:        nan | won: False 
#   37 | steps:  4250 | steps_t:     0 | t: 65.842010 | r:  -434.000000 | e:   1.000000 | Q:        nan | won: False 
#   38 | steps:  4308 | steps_t:     0 | t: 66.170577 | r:  -436.000000 | e:   1.000000 | Q:        nan | won: False 
#   39 | steps:  4444 | steps_t:     0 | t: 66.941234 | r:  -525.000000 | e:   1.000000 | Q:        nan | won: False 
#   40 | steps:  4540 | steps_t:     0 | t: 67.487175 | r:  -474.000000 | e:   1.000000 | Q:        nan | won: False 
#   41 | steps:  4722 | steps_t:     0 | t: 68.608165 | r:  -461.000000 | e:   1.000000 | Q:        nan | won: False 
#   42 | steps:  4834 | steps_t:     0 | t: 69.225513 | r:  -501.000000 | e:   1.000000 | Q:        nan | won: False 
#   43 | steps:  4897 | steps_t:     0 | t: 69.602892 | r:  -408.000000 | e:   1.000000 | Q:        nan | won: False 
#   44 | steps:  5117 | steps_t:   116 | t: 83.692079 | r:  -455.000000 | e:   0.988400 | Q:  -0.123522 | won: False 
#   45 | steps:  5184 | steps_t:   182 | t: 91.490466 | r:  -423.000000 | e:   0.981800 | Q:  -0.650236 | won: False 
#   46 | steps:  5362 | steps_t:   359 | t: 112.218189 | r:  -457.000000 | e:   0.964100 | Q:  -3.254085 | won: False 
#   47 | steps:  5488 | steps_t:   484 | t: 127.063894 | r:  -493.000000 | e:   0.951600 | Q:  -8.535078 | won: False 
#   48 | steps:  5537 | steps_t:   532 | t: 132.876568 | r:  -427.000000 | e:   0.946800 | Q: -11.880934 | won: False 
#   49 | steps:  5631 | steps_t:   625 | t: 155.942033 | r:  -406.000000 | e:   0.937500 | Q: -10.473516 | won: False 
#   50 | steps:  5719 | steps_t:   712 | t: 166.112637 | r:  -378.000000 | e:   0.928800 | Q:  -7.817333 | won: False 
#   51 | steps:  5768 | steps_t:   760 | t: 171.665755 | r:  -482.000000 | e:   0.924000 | Q:  -8.663927 | won: False 
#   52 | steps:  5878 | steps_t:   869 | t: 184.803612 | r:  -510.000000 | e:   0.913100 | Q: -11.039643 | won: False 
#   53 | steps:  5944 | steps_t:   934 | t: 192.479068 | r:  -466.000000 | e:   0.906600 | Q: -10.084429 | won: False 
#   54 | steps:  6000 | steps_t:   989 | t: 198.953364 | r:  -456.000000 | e:   0.901100 | Q: -10.534488 | won: False 
#   55 | steps:  6053 | steps_t:  1041 | t: 205.121700 | r:  -486.000000 | e:   0.895900 | Q:  -7.648789 | won: False 
#   56 | steps:  6123 | steps_t:  1110 | t: 213.235784 | r:  -492.000000 | e:   0.889000 | Q:  -9.484419 | won: False 
#   57 | steps:  6214 | steps_t:  1200 | t: 223.862178 | r:  -425.000000 | e:   0.880000 | Q: -12.738716 | won: False 
#   58 | steps:  6321 | steps_t:  1306 | t: 236.315393 | r:  -474.000000 | e:   0.869400 | Q: -12.211273 | won: False 
#   59 | steps:  6494 | steps_t:  1478 | t: 256.870634 | r:  -441.000000 | e:   0.852200 | Q: -11.769196 | won: False 
#   60 | steps:  6570 | steps_t:  1553 | t: 265.735402 | r:  -399.000000 | e:   0.844700 | Q: -14.004756 | won: False 
#   61 | steps:  6833 | steps_t:  1815 | t: 296.711313 | r:  -410.000000 | e:   0.818500 | Q: -16.505327 | won: False 
#   62 | steps:  7094 | steps_t:  2075 | t: 327.735782 | r:  -419.000000 | e:   0.792500 | Q: -19.622204 | won: False 
#   63 | steps:  7239 | steps_t:  2219 | t: 344.924402 | r:  -226.000000 | e:   0.778100 | Q: -22.268234 | won: False 
#   64 | steps:  7473 | steps_t:  2452 | t: 372.705494 | r:  -348.000000 | e:   0.754800 | Q: -18.179029 | won: False 
#   65 | steps:  7660 | steps_t:  2638 | t: 395.846514 | r:  -444.000000 | e:   0.736200 | Q: -17.937048 | won: False 
#   66 | steps:  7804 | steps_t:  2781 | t: 412.766603 | r:  -401.000000 | e:   0.721900 | Q: -20.403458 | won: False 
#   67 | steps:  7839 | steps_t:  2815 | t: 416.781937 | r:  -402.000000 | e:   0.718500 | Q: -18.676188 | won: False 
#   68 | steps:  7890 | steps_t:  2865 | t: 422.659277 | r:  -407.000000 | e:   0.713500 | Q: -21.275034 | won: False 
#   69 | steps:  7948 | steps_t:  2922 | t: 429.533004 | r:  -425.000000 | e:   0.707800 | Q: -25.278589 | won: False 
#   70 | steps:  8035 | steps_t:  3008 | t: 439.565565 | r:  -432.000000 | e:   0.699200 | Q: -26.598581 | won: False 
#   71 | steps:  8167 | steps_t:  3139 | t: 455.244059 | r:  -444.000000 | e:   0.686100 | Q: -14.608535 | won: False 
#   72 | steps:  8223 | steps_t:  3194 | t: 461.739957 | r:  -467.000000 | e:   0.680600 | Q: -14.343330 | won: False 
#   73 | steps:  8343 | steps_t:  3313 | t: 475.839389 | r:  -531.000000 | e:   0.668700 | Q: -14.243956 | won: False 
#   74 | steps:  8459 | steps_t:  3428 | t: 489.542618 | r:  -289.000000 | e:   0.657200 | Q: -25.413153 | won: False 
#   75 | steps:  8594 | steps_t:  3562 | t: 505.408629 | r:  -403.000000 | e:   0.643800 | Q: -23.202179 | won: False 
#   76 | steps:  8792 | steps_t:  3759 | t: 528.820301 | r:  -521.000000 | e:   0.624100 | Q: -14.782179 | won: False 
#   77 | steps:  8937 | steps_t:  3903 | t: 545.911227 | r:  -369.000000 | e:   0.609700 | Q: -19.652832 | won: False 
#   78 | steps:  9063 | steps_t:  4028 | t: 560.842530 | r:  -416.000000 | e:   0.597200 | Q: -17.606735 | won: False 
#   79 | steps:  9232 | steps_t:  4196 | t: 581.820437 | r:  -294.000000 | e:   0.580400 | Q: -18.110750 | won: False 
#   80 | steps:  9436 | steps_t:  4399 | t: 606.557840 | r:  -351.000000 | e:   0.560100 | Q: -18.589931 | won: False 
#   81 | steps:  9485 | steps_t:  4447 | t: 612.456031 | r:  -460.000000 | e:   0.555300 | Q: -29.415276 | won: False 
#   82 | steps:  9571 | steps_t:  4532 | t: 622.677305 | r:  -398.000000 | e:   0.546800 | Q: -23.781054 | won: False 
#   83 | steps:  9696 | steps_t:  4656 | t: 637.667561 | r:  -360.000000 | e:   0.534400 | Q: -23.130228 | won: False 
#   84 | steps:  9742 | steps_t:  4701 | t: 643.059760 | r:  -369.000000 | e:   0.529900 | Q: -25.626343 | won: False 
#   85 | steps:  9855 | steps_t:  4813 | t: 656.448481 | r:  -359.000000 | e:   0.518700 | Q: -26.529915 | won: False 
#   86 | steps: 10053 | steps_t:  5010 | t: 680.351983 | r:  -345.000000 | e:   0.499000 | Q: -22.543945 | won: False 
#   87 | steps: 10257 | steps_t:  5213 | t: 704.618905 | r:  -439.000000 | e:   0.478700 | Q: -15.474071 | won: False 
#   88 | steps: 10349 | steps_t:  5304 | t: 715.569357 | r:  -426.000000 | e:   0.469600 | Q: -20.293652 | won: False 
#   89 | steps: 10469 | steps_t:  5423 | t: 729.745860 | r:  -157.000000 | e:   0.457700 | Q: -15.531995 | won: False 
#   90 | steps: 10583 | steps_t:  5536 | t: 743.345948 | r:  -199.000000 | e:   0.446400 | Q: -15.535029 | won: False 
#   91 | steps: 10706 | steps_t:  5658 | t: 757.888935 | r:  -435.000000 | e:   0.434200 | Q: -15.269649 | won: False 
#   92 | steps: 10802 | steps_t:  5753 | t: 769.866063 | r:  -408.000000 | e:   0.424700 | Q: -17.804586 | won: False 
#   93 | steps: 10909 | steps_t:  5859 | t: 782.641570 | r:  -287.000000 | e:   0.414100 | Q: -19.314634 | won: False 
#   94 | steps: 10968 | steps_t:  5917 | t: 789.547174 | r:  -404.000000 | e:   0.408300 | Q: -32.280960 | won: False 
#   95 | steps: 11096 | steps_t:  6044 | t: 804.831860 | r:  -462.000000 | e:   0.395600 | Q: -22.725632 | won: False 
#   96 | steps: 11173 | steps_t:  6120 | t: 813.913414 | r:  -422.000000 | e:   0.388000 | Q: -18.444422 | won: False 
#   97 | steps: 11232 | steps_t:  6178 | t: 820.879409 | r:  -393.000000 | e:   0.382200 | Q: -19.135012 | won: False 
#   98 | steps: 11439 | steps_t:  6384 | t: 845.603895 | r:  -178.000000 | e:   0.361600 | Q: -16.028849 | won: False 
#   99 | steps: 11587 | steps_t:  6531 | t: 863.321187 | r:  -284.000000 | e:   0.346900 | Q: -17.353682 | won: False 
#  100 | steps: 11677 | steps_t:  6620 | t: 874.021061 | r:  -435.000000 | e:   0.338000 | Q: -22.423330 | won: False 
#  101 | steps: 11882 | steps_t:  6824 | t: 898.622626 | r:  -506.000000 | e:   0.317600 | Q: -18.185577 | won: False 
#  102 | steps: 12083 | steps_t:  7024 | t: 941.840490 | r:  -392.000000 | e:   0.297600 | Q: -19.350573 | won: False 
#  103 | steps: 12188 | steps_t:  7128 | t: 4033.910455 | r:  -318.000000 | e:   0.287200 | Q: -21.080448 | won: False 
#  104 | steps: 12321 | steps_t:  7260 | t: 29973.923713 | r:   -82.000000 | e:   0.274000 | Q: -21.256927 | won: False 
#  105 | steps: 12544 | steps_t:  7482 | t: 30053.381134 | r:  -326.000000 | e:   0.251800 | Q: -17.653173 | won: False 
#  106 | steps: 12726 | steps_t:  7663 | t: 30106.858116 | r:  -439.000000 | e:   0.233700 | Q: -12.933342 | won: False 
#  107 | steps: 13049 | steps_t:  7985 | t: 30202.007607 | r:  -503.000000 | e:   0.201500 | Q: -22.453760 | won: False 
#  108 | steps: 13183 | steps_t:  8118 | t: 30241.320505 | r:  -347.000000 | e:   0.188200 | Q: -18.949608 | won: False 
#  109 | steps: 13421 | steps_t:  8355 | t: 30324.675566 | r:  -385.000000 | e:   0.164500 | Q: -14.676397 | won: False 
#  110 | steps: 13462 | steps_t:  8395 | t: 30342.915799 | r:  -353.000000 | e:   0.160500 | Q: -16.307598 | won: False 
#  111 | steps: 13505 | steps_t:  8437 | t: 30361.698591 | r:  -289.000000 | e:   0.156300 | Q: -18.463318 | won: False 
#  112 | steps: 13729 | steps_t:  8660 | t: 30460.430127 | r:  -261.000000 | e:   0.134000 | Q: -15.407328 | won: False 
#  113 | steps: 13926 | steps_t:  8856 | t: 30547.597095 | r:  -531.000000 | e:   0.114400 | Q: -16.181227 | won: False 
#  114 | steps: 14188 | steps_t:  9117 | t: 30652.082350 | r:  -365.000000 | e:   0.100000 | Q: -14.071800 | won: False 
#  115 | steps: 14220 | steps_t:  9148 | t: 30658.824329 | r:  -355.000000 | e:   0.100000 | Q: -26.876162 | won: False 
#  116 | steps: 14312 | steps_t:  9239 | t: 30678.672274 | r:  -426.000000 | e:   0.100000 | Q: -21.342506 | won: False 
#  117 | steps: 14346 | steps_t:  9272 | t: 30685.763318 | r:  -401.000000 | e:   0.100000 | Q: -22.402121 | won: False 
#  118 | steps: 14474 | steps_t:  9399 | t: 30712.944147 | r:  -451.000000 | e:   0.100000 | Q: -22.045979 | won: False 
#  119 | steps: 14714 | steps_t:  9638 | t: 30764.907230 | r:  -431.000000 | e:   0.100000 | Q: -16.728205 | won: False 
#  120 | steps: 14760 | steps_t:  9683 | t: 30774.423788 | r:  -391.000000 | e:   0.100000 | Q: -18.215717 | won: False 
#  121 | steps: 15135 | steps_t: 10057 | t: 30854.887764 | r:  -500.000000 | e:   0.100000 | Q: -18.823845 | won: False 
#  122 | steps: 15179 | steps_t: 10100 | t: 30864.221811 | r:  -389.000000 | e:   0.100000 | Q: -23.874184 | won: False 
#  123 | steps: 15310 | steps_t: 10230 | t: 30891.979981 | r:  -344.000000 | e:   0.100000 | Q: -26.614361 | won: False 
#  124 | steps: 15527 | steps_t: 10446 | t: 30938.464710 | r:  -199.000000 | e:   0.100000 | Q: -23.017572 | won: False 
#  125 | steps: 15650 | steps_t: 10568 | t: 30963.969524 | r:  -457.000000 | e:   0.100000 | Q: -14.681300 | won: False 
#  126 | steps: 15873 | steps_t: 10790 | t: 31011.381774 | r:  -513.000000 | e:   0.100000 | Q: -14.109174 | won: False 
#  127 | steps: 15951 | steps_t: 10867 | t: 31027.581463 | r:  -434.000000 | e:   0.100000 | Q: -16.168526 | won: False 
#  128 | steps: 16124 | steps_t: 11039 | t: 31064.126283 | r:  -452.000000 | e:   0.100000 | Q: -19.272745 | won: False 
#  129 | steps: 16217 | steps_t: 11131 | t: 31083.735859 | r:  -372.000000 | e:   0.100000 | Q: -25.821640 | won: False 
#  130 | steps: 16280 | steps_t: 11193 | t: 31096.912631 | r:  -408.000000 | e:   0.100000 | Q: -23.574463 | won: False 
#  131 | steps: 16347 | steps_t: 11259 | t: 31111.397906 | r:  -291.000000 | e:   0.100000 | Q: -27.220490 | won: False 
#  132 | steps: 16534 | steps_t: 11445 | t: 31187.647840 | r:  -521.000000 | e:   0.100000 | Q: -20.008352 | won: False 
#  133 | steps: 16654 | steps_t: 11564 | t: 31243.036217 | r:  -333.000000 | e:   0.100000 | Q: -22.448240 | won: False 
#  134 | steps: 16982 | steps_t: 11891 | t: 31391.156237 | r:  -563.000000 | e:   0.100000 | Q: -20.460842 | won: False 
#  135 | steps: 17133 | steps_t: 12041 | t: 31459.684031 | r:  -441.000000 | e:   0.100000 | Q: -20.930750 | won: False 
#  136 | steps: 17327 | steps_t: 12234 | t: 31546.529857 | r:  -462.000000 | e:   0.100000 | Q: -22.878317 | won: False 
#  137 | steps: 17384 | steps_t: 12290 | t: 31572.413659 | r:  -402.000000 | e:   0.100000 | Q: -21.612013 | won: False 
#  138 | steps: 17477 | steps_t: 12382 | t: 31613.530738 | r:  -427.000000 | e:   0.100000 | Q: -24.729958 | won: False 
#  139 | steps: 17554 | steps_t: 12458 | t: 31648.733625 | r:  -532.000000 | e:   0.100000 | Q: -26.814741 | won: False 
#  140 | steps: 17626 | steps_t: 12529 | t: 31680.676231 | r:  -428.000000 | e:   0.100000 | Q: -27.560663 | won: False 
#  141 | steps: 17704 | steps_t: 12606 | t: 31721.674627 | r:  -258.000000 | e:   0.100000 | Q: -29.942755 | won: False 
#  142 | steps: 17856 | steps_t: 12757 | t: 31816.658697 | r:  -442.000000 | e:   0.100000 | Q: -26.702126 | won: False 
#  143 | steps: 17930 | steps_t: 12830 | t: 31862.593890 | r:  -375.000000 | e:   0.100000 | Q: -29.931597 | won: False 
#  144 | steps: 18085 | steps_t: 12984 | t: 31959.577616 | r:  -456.000000 | e:   0.100000 | Q: -30.068211 | won: False 
#  145 | steps: 18293 | steps_t: 13191 | t: 32093.798908 | r:  -421.000000 | e:   0.100000 | Q: -22.464521 | won: False 
#  146 | steps: 18376 | steps_t: 13273 | t: 32145.412919 | r:  -516.000000 | e:   0.100000 | Q: -20.344162 | won: False 
#  147 | steps: 18552 | steps_t: 13448 | t: 32255.879597 | r:  -378.000000 | e:   0.100000 | Q: -22.279243 | won: False 
#  148 | steps: 18599 | steps_t: 13494 | t: 32284.608793 | r:  -326.000000 | e:   0.100000 | Q: -18.725721 | won: False 
#  149 | steps: 18709 | steps_t: 13603 | t: 32353.713050 | r:  -389.000000 | e:   0.100000 | Q: -26.996918 | won: False 
#  150 | steps: 19213 | steps_t: 14106 | t: 32668.980436 | r:  -255.000000 | e:   0.100000 | Q: -29.393564 | won: False 
#  151 | steps: 19308 | steps_t: 14200 | t: 32727.987684 | r:  -462.000000 | e:   0.100000 | Q: -33.249165 | won: False 
#  152 | steps: 19452 | steps_t: 14343 | t: 32817.202031 | r:  -500.000000 | e:   0.100000 | Q: -27.298775 | won: False 
#  153 | steps: 19519 | steps_t: 14409 | t: 32858.294175 | r:  -324.000000 | e:   0.100000 | Q: -23.569197 | won: False 
#  154 | steps: 19582 | steps_t: 14471 | t: 32896.473108 | r:  -331.000000 | e:   0.100000 | Q: -20.795786 | won: False 
#  155 | steps: 19669 | steps_t: 14557 | t: 32949.030601 | r:  -443.000000 | e:   0.100000 | Q: -22.533802 | won: False 
#  156 | steps: 19728 | steps_t: 14615 | t: 32985.796310 | r:  -448.000000 | e:   0.100000 | Q: -19.751085 | won: False 
#  157 | steps: 19883 | steps_t: 14769 | t: 33082.304305 | r:  -577.000000 | e:   0.100000 | Q: -20.116791 | won: False 
#  158 | steps: 20074 | steps_t: 14959 | t: 33200.944134 | r:  -481.000000 | e:   0.100000 | Q: -31.147034 | won: False 
#  159 | steps: 20282 | steps_t: 15166 | t: 33333.810928 | r:  -542.000000 | e:   0.100000 | Q: -27.892702 | won: False 
#  160 | steps: 20397 | steps_t: 15280 | t: 33407.079051 | r:  -559.000000 | e:   0.100000 | Q: -22.908684 | won: False 
#  161 | steps: 20466 | steps_t: 15348 | t: 33451.912045 | r:  -414.000000 | e:   0.100000 | Q: -26.364742 | won: False 
#  162 | steps: 20748 | steps_t: 15629 | t: 33639.045872 | r:  -330.000000 | e:   0.100000 | Q:  18.295866 | won: False 
#  163 | steps: 20808 | steps_t: 15688 | t: 33677.558911 | r:  -504.000000 | e:   0.100000 | Q:   6.885314 | won: False 
#  164 | steps: 21009 | steps_t: 15888 | t: 33810.769783 | r:   -18.000000 | e:   0.100000 | Q:  -0.767088 | won: False 
#  165 | steps: 21269 | steps_t: 16147 | t: 33978.185214 | r:  -385.000000 | e:   0.100000 | Q:  15.084007 | won: False 
#  166 | steps: 21698 | steps_t: 16575 | t: 34256.034513 | r:  -554.000000 | e:   0.100000 | Q:  36.941628 | won: False 
#  167 | steps: 21735 | steps_t: 16611 | t: 34279.287349 | r:  -404.000000 | e:   0.100000 | Q:  52.737564 | won: False 
#  168 | steps: 21782 | steps_t: 16657 | t: 34309.607291 | r:  -392.000000 | e:   0.100000 | Q:  49.252464 | won: False 
#  169 | steps: 21950 | steps_t: 16824 | t: 34417.969157 | r:  -502.000000 | e:   0.100000 | Q:  52.739429 | won: False 
#  170 | steps: 22276 | steps_t: 17149 | t: 34628.613235 | r:  -517.000000 | e:   0.100000 | Q:  59.668541 | won: False 
#  171 | steps: 22370 | steps_t: 17242 | t: 34688.835236 | r:  -417.000000 | e:   0.100000 | Q:  78.629990 | won: False 
#  172 | steps: 22555 | steps_t: 17426 | t: 34807.088099 | r:  -189.000000 | e:   0.100000 | Q:  70.319725 | won: False 
#  173 | steps: 22637 | steps_t: 17507 | t: 34857.159239 | r:  -306.000000 | e:   0.100000 | Q:  82.832108 | won: False 
#  174 | steps: 22914 | steps_t: 17783 | t: 35036.757758 | r:   -94.000000 | e:   0.100000 | Q:  84.320259 | won: False 
#  175 | steps: 23000 | steps_t: 17868 | t: 35102.774325 | r:  -442.000000 | e:   0.100000 | Q:  94.622284 | won: False 
#  176 | steps: 23128 | steps_t: 17995 | t: 35200.442119 | r:  -462.000000 | e:   0.100000 | Q:  91.872131 | won: False 
#  177 | steps: 23239 | steps_t: 18105 | t: 35288.438836 | r:  -240.000000 | e:   0.100000 | Q: 112.270142 | won: False 
#  178 | steps: 23301 | steps_t: 18166 | t: 35336.152837 | r:  -275.000000 | e:   0.100000 | Q:  99.053886 | won: False 
#  179 | steps: 23444 | steps_t: 18308 | t: 35449.007306 | r:  -279.000000 | e:   0.100000 | Q:  92.364502 | won: False 
#  180 | steps: 23494 | steps_t: 18357 | t: 35487.857324 | r:  -285.000000 | e:   0.100000 | Q:  95.330254 | won: False 
#  181 | steps: 23695 | steps_t: 18557 | t: 35646.054263 | r:  -491.000000 | e:   0.100000 | Q:  88.438469 | won: False 
#  182 | steps: 23974 | steps_t: 18835 | t: 35865.596332 | r:    47.000000 | e:   0.100000 | Q:  94.215179 | won: False 
#  183 | steps: 24084 | steps_t: 18944 | t: 35951.634930 | r:  -411.000000 | e:   0.100000 | Q:  94.934357 | won: False 
#  184 | steps: 24177 | steps_t: 19036 | t: 36024.493608 | r:  -295.000000 | e:   0.100000 | Q:  73.230736 | won: False 
#  185 | steps: 24559 | steps_t: 19417 | t: 36322.925776 | r:  -474.000000 | e:   0.100000 | Q:  93.008904 | won: False 
#  186 | steps: 24595 | steps_t: 19452 | t: 36350.615751 | r:  -436.000000 | e:   0.100000 | Q:  92.802071 | won: False 
#  187 | steps: 24717 | steps_t: 19573 | t: 36444.501757 | r:  -251.000000 | e:   0.100000 | Q:  84.451164 | won: False 
#  188 | steps: 24753 | steps_t: 19608 | t: 36471.453224 | r:  -403.000000 | e:   0.100000 | Q:  86.894211 | won: False 
#  189 | steps: 24894 | steps_t: 19748 | t: 36581.592775 | r:  -332.000000 | e:   0.100000 | Q:  86.500511 | won: False 
#  190 | steps: 25141 | steps_t: 19994 | t: 36773.030986 | r:  -189.000000 | e:   0.100000 | Q:  75.199776 | won: False 
#  191 | steps: 25239 | steps_t: 20091 | t: 36849.014849 | r:  -366.000000 | e:   0.100000 | Q:  90.009705 | won: False 
#  192 | steps: 25345 | steps_t: 20196 | t: 36931.389745 | r:  -253.000000 | e:   0.100000 | Q:  88.371155 | won: False 
#  193 | steps: 25437 | steps_t: 20287 | t: 37001.421522 | r:  -459.000000 | e:   0.100000 | Q: 100.422531 | won: False 
#  194 | steps: 25589 | steps_t: 20438 | t: 37119.266473 | r:  -508.000000 | e:   0.100000 | Q:  98.813705 | won: False 
#  195 | steps: 25641 | steps_t: 20489 | t: 37158.761910 | r:  -430.000000 | e:   0.100000 | Q:  98.148659 | won: False 
#  196 | steps: 25727 | steps_t: 20574 | t: 37226.298357 | r:  -431.000000 | e:   0.100000 | Q:  95.032936 | won: False 
#  197 | steps: 25823 | steps_t: 20669 | t: 37302.595043 | r:  -397.000000 | e:   0.100000 | Q:  86.704857 | won: False 
#  198 | steps: 25903 | steps_t: 20748 | t: 37363.922090 | r:  -436.000000 | e:   0.100000 | Q:  81.212982 | won: False 
#  199 | steps: 25973 | steps_t: 20817 | t: 37417.894801 | r:  -338.000000 | e:   0.100000 | Q:  88.180420 | won: False 
#  200 | steps: 26033 | steps_t: 20876 | t: 37464.584977 | r:  -405.000000 | e:   0.100000 | Q:  90.840561 | won: False 
#  201 | steps: 26183 | steps_t: 21025 | t: 37582.817895 | r:  -275.000000 | e:   0.100000 | Q:  94.051201 | won: False 
#  202 | steps: 26240 | steps_t: 21081 | t: 37628.853822 | r:  -336.000000 | e:   0.100000 | Q:  90.008606 | won: False 
#  203 | steps: 26317 | steps_t: 21157 | t: 37691.424544 | r:  -444.000000 | e:   0.100000 | Q:  97.678482 | won: False 
#  204 | steps: 26471 | steps_t: 21310 | t: 37820.343891 | r:  -422.000000 | e:   0.100000 | Q:  97.954483 | won: False 
#  205 | steps: 26611 | steps_t: 21449 | t: 37937.145633 | r:  -342.000000 | e:   0.100000 | Q: 102.760559 | won: False 
#  206 | steps: 26742 | steps_t: 21579 | t: 38039.113035 | r:  -421.000000 | e:   0.100000 | Q:  90.550690 | won: False 
#  207 | steps: 26900 | steps_t: 21736 | t: 38161.531760 | r:  -195.000000 | e:   0.100000 | Q:  85.968910 | won: False 
#  208 | steps: 27113 | steps_t: 21948 | t: 38328.698855 | r:  -162.000000 | e:   0.100000 | Q:  87.724113 | won: False 
#  209 | steps: 27217 | steps_t: 22051 | t: 38412.173694 | r:  -482.000000 | e:   0.100000 | Q:  88.614197 | won: False 
#  210 | steps: 27361 | steps_t: 22194 | t: 38524.062571 | r:  -434.000000 | e:   0.100000 | Q:  82.519714 | won: False 
#  211 | steps: 27518 | steps_t: 22350 | t: 38648.611598 | r:  -315.000000 | e:   0.100000 | Q:  96.670929 | won: False 
#  212 | steps: 27565 | steps_t: 22396 | t: 38684.809829 | r:  -447.000000 | e:   0.100000 | Q:  93.368217 | won: False 
#  213 | steps: 27669 | steps_t: 22499 | t: 38768.058274 | r:  -196.000000 | e:   0.100000 | Q: 100.590607 | won: False 
#  214 | steps: 27725 | steps_t: 22554 | t: 38812.261099 | r:  -324.000000 | e:   0.100000 | Q:  98.635574 | won: False 
#  215 | steps: 27855 | steps_t: 22683 | t: 38918.481592 | r:  -299.000000 | e:   0.100000 | Q:  97.887024 | won: False 
#  216 | steps: 27944 | steps_t: 22771 | t: 38989.613989 | r:  -456.000000 | e:   0.100000 | Q:  84.998459 | won: False 
#  217 | steps: 27986 | steps_t: 22812 | t: 39022.291629 | r:  -409.000000 | e:   0.100000 | Q:  97.463326 | won: False 
#  218 | steps: 28091 | steps_t: 22916 | t: 39105.925043 | r:  -450.000000 | e:   0.100000 | Q:  96.555420 | won: False 
#  219 | steps: 28192 | steps_t: 23016 | t: 39185.772579 | r:  -435.000000 | e:   0.100000 | Q:  87.714851 | won: False 
#  220 | steps: 28362 | steps_t: 23185 | t: 39318.509720 | r:  -273.000000 | e:   0.100000 | Q:  86.723289 | won: False 
#  221 | steps: 28491 | steps_t: 23313 | t: 39419.772007 | r:  -408.000000 | e:   0.100000 | Q:  91.171150 | won: False 
#  222 | steps: 28594 | steps_t: 23415 | t: 39497.902855 | r:  -393.000000 | e:   0.100000 | Q: 101.563995 | won: False 
#  223 | steps: 28956 | steps_t: 23776 | t: 39779.154955 | r:  -410.000000 | e:   0.100000 | Q:  88.261055 | won: False 
#  224 | steps: 29063 | steps_t: 23882 | t: 39862.356523 | r:  -188.000000 | e:   0.100000 | Q: 108.635880 | won: False 
#  225 | steps: 29166 | steps_t: 23984 | t: 39942.469350 | r:  -437.000000 | e:   0.100000 | Q:  93.752808 | won: False 
#  226 | steps: 29240 | steps_t: 24057 | t: 39999.030141 | r:  -430.000000 | e:   0.100000 | Q:  87.270294 | won: False 
#  227 | steps: 29528 | steps_t: 24344 | t: 40223.652635 | r:  -127.000000 | e:   0.100000 | Q:  95.882851 | won: False 
#  228 | steps: 29633 | steps_t: 24448 | t: 40305.904742 | r:  -329.000000 | e:   0.100000 | Q: 117.608887 | won: False 
#  229 | steps: 29668 | steps_t: 24482 | t: 40333.195042 | r:  -402.000000 | e:   0.100000 | Q:  97.168999 | won: False 
#  230 | steps: 29794 | steps_t: 24607 | t: 40433.773868 | r:  -262.000000 | e:   0.100000 | Q: 112.130081 | won: False 
#  231 | steps: 30307 | steps_t: 25119 | t: 40821.705281 | r:  -429.000000 | e:   0.100000 | Q: 103.354996 | won: False 
#  232 | steps: 30356 | steps_t: 25167 | t: 40859.096319 | r:  -372.000000 | e:   0.100000 | Q: 107.517975 | won: False 
#  233 | steps: 30751 | steps_t: 25561 | t: 41158.297435 | r:  -102.000000 | e:   0.100000 | Q: 116.004295 | won: False 
#  234 | steps: 30835 | steps_t: 25644 | t: 41222.507778 | r:  -440.000000 | e:   0.100000 | Q: 115.393196 | won: False 
#  235 | steps: 30930 | steps_t: 25738 | t: 41296.473036 | r:  -297.000000 | e:   0.100000 | Q:  90.269150 | won: False 
#  236 | steps: 31014 | steps_t: 25821 | t: 41361.889155 | r:  -517.000000 | e:   0.100000 | Q:  89.462624 | won: False 
#  237 | steps: 31202 | steps_t: 26008 | t: 41506.444697 | r:  -148.000000 | e:   0.100000 | Q:  79.507332 | won: False 
#  238 | steps: 31576 | steps_t: 26381 | t: 41802.233824 | r:   -92.000000 | e:   0.100000 | Q: 115.924980 | won: False 
#  239 | steps: 31695 | steps_t: 26499 | t: 41897.703591 | r:  -420.000000 | e:   0.100000 | Q:  84.940117 | won: False 
#  240 | steps: 32158 | steps_t: 26961 | t: 42264.856713 | r:  -192.000000 | e:   0.100000 | Q:  87.041328 | won: False 
#  241 | steps: 32265 | steps_t: 27067 | t: 42347.414524 | r:  -474.000000 | e:   0.100000 | Q:  99.258087 | won: False 
#  242 | steps: 32374 | steps_t: 27175 | t: 42431.480782 | r:  -311.000000 | e:   0.100000 | Q:  86.185104 | won: False 
#  243 | steps: 32557 | steps_t: 27357 | t: 42574.278027 | r:  -330.000000 | e:   0.100000 | Q:  81.370163 | won: False 
#  244 | steps: 32630 | steps_t: 27429 | t: 42631.810220 | r:  -286.000000 | e:   0.100000 | Q:  96.084099 | won: False 
#  245 | steps: 32753 | steps_t: 27551 | t: 42729.612738 | r:  -380.000000 | e:   0.100000 | Q: 109.773323 | won: False 
#  246 | steps: 32781 | steps_t: 27578 | t: 42750.214659 | r:  -461.000000 | e:   0.100000 | Q:  86.666557 | won: False 
#  247 | steps: 32824 | steps_t: 27620 | t: 42783.493694 | r:  -399.000000 | e:   0.100000 | Q:  95.505676 | won: False 
#  248 | steps: 32913 | steps_t: 27708 | t: 42853.202332 | r:  -412.000000 | e:   0.100000 | Q:  90.830521 | won: False 
#  249 | steps: 32954 | steps_t: 27748 | t: 42885.748324 | r:  -342.000000 | e:   0.100000 | Q:  92.498436 | won: False 
#  250 | steps: 33062 | steps_t: 27855 | t: 42969.055609 | r:  -310.000000 | e:   0.100000 | Q: 100.253036 | won: False 
#  251 | steps: 33141 | steps_t: 27933 | t: 43030.777604 | r:  -391.000000 | e:   0.100000 | Q:  94.019691 | won: False 
#  252 | steps: 33292 | steps_t: 28083 | t: 43147.263191 | r:  -364.000000 | e:   0.100000 | Q:  97.661476 | won: False 
#  253 | steps: 33461 | steps_t: 28251 | t: 43279.415896 | r:  -404.000000 | e:   0.100000 | Q: 100.589195 | won: False 
#  254 | steps: 33579 | steps_t: 28368 | t: 43370.692874 | r:  -353.000000 | e:   0.100000 | Q: 111.238205 | won: False 
#  255 | steps: 33755 | steps_t: 28543 | t: 43506.879792 | r:  -301.000000 | e:   0.100000 | Q: 111.017685 | won: False 
#  256 | steps: 33814 | steps_t: 28601 | t: 43551.894450 | r:  -448.000000 | e:   0.100000 | Q:  99.764351 | won: False 
#  257 | steps: 33878 | steps_t: 28664 | t: 43600.244190 | r:  -431.000000 | e:   0.100000 | Q: 120.181412 | won: False 
#  258 | steps: 34027 | steps_t: 28812 | t: 43716.133374 | r:  -461.000000 | e:   0.100000 | Q:  90.166260 | won: False 
#  259 | steps: 34185 | steps_t: 28969 | t: 43839.249274 | r:  -360.000000 | e:   0.100000 | Q:  98.437141 | won: False 
#  260 | steps: 34336 | steps_t: 29119 | t: 43957.736026 | r:  -199.000000 | e:   0.100000 | Q: 128.619675 | won: False 
#  261 | steps: 34378 | steps_t: 29160 | t: 43989.450241 | r:  -431.000000 | e:   0.100000 | Q: 106.709396 | won: False 
#  262 | steps: 34603 | steps_t: 29384 | t: 44169.576694 | r:  -416.000000 | e:   0.100000 | Q: 106.590691 | won: False 
#  263 | steps: 34656 | steps_t: 29436 | t: 44210.124291 | r:  -453.000000 | e:   0.100000 | Q: 113.784538 | won: False 
#  264 | steps: 34727 | steps_t: 29506 | t: 44265.087353 | r:  -427.000000 | e:   0.100000 | Q:  96.685356 | won: False 
#  265 | steps: 34781 | steps_t: 29559 | t: 44305.851373 | r:  -443.000000 | e:   0.100000 | Q:  99.153862 | won: False 
#  266 | steps: 35132 | steps_t: 29909 | t: 44576.501136 | r:  -201.000000 | e:   0.100000 | Q: 102.956841 | won: False 
#  267 | steps: 35288 | steps_t: 30064 | t: 44634.297045 | r:  -248.000000 | e:   0.100000 | Q: 121.001884 | won: False 
#  268 | steps: 35393 | steps_t: 30168 | t: 44672.873425 | r:  -307.000000 | e:   0.100000 | Q: 106.267876 | won: False 
#  269 | steps: 35582 | steps_t: 30356 | t: 44790.418534 | r:    71.000000 | e:   0.100000 | Q: 108.742302 | won: False 
#  270 | steps: 35652 | steps_t: 30425 | t: 44841.964740 | r:  -305.000000 | e:   0.100000 | Q: 122.179604 | won: False 
#  271 | steps: 35758 | steps_t: 30530 | t: 44920.517728 | r:  -418.000000 | e:   0.100000 | Q: 116.295937 | won: False 
#  272 | steps: 36005 | steps_t: 30776 | t: 45109.475569 | r:  -339.000000 | e:   0.100000 | Q: 107.134277 | won: False 
#  273 | steps: 36058 | steps_t: 30828 | t: 45150.550757 | r:  -343.000000 | e:   0.100000 | Q: 111.103554 | won: False 
#  274 | steps: 36123 | steps_t: 30892 | t: 45200.815380 | r:  -355.000000 | e:   0.100000 | Q: 115.234093 | won: False 
#  275 | steps: 36327 | steps_t: 31095 | t: 45341.634299 | r:  -197.000000 | e:   0.100000 | Q: 122.351418 | won: False 
#  276 | steps: 36617 | steps_t: 31384 | t: 45536.986411 | r:   -63.000000 | e:   0.100000 | Q: 162.166138 | won: False 
#  277 | steps: 36952 | steps_t: 31718 | t: 45775.556473 | r:  -493.000000 | e:   0.100000 | Q: 109.863533 | won: False 
#  278 | steps: 37042 | steps_t: 31807 | t: 45839.373611 | r:  -413.000000 | e:   0.100000 | Q: 113.768700 | won: False 
#  279 | steps: 37143 | steps_t: 31907 | t: 45910.247227 | r:  -435.000000 | e:   0.100000 | Q: 103.968445 | won: False 
#  280 | steps: 37258 | steps_t: 32021 | t: 45992.274561 | r:  -240.000000 | e:   0.100000 | Q:  94.463837 | won: False 
#  281 | steps: 37466 | steps_t: 32228 | t: 46132.460996 | r:    30.000000 | e:   0.100000 | Q: 111.067200 | won: False 
#  282 | steps: 37593 | steps_t: 32354 | t: 46218.319906 | r:  -131.000000 | e:   0.100000 | Q: 104.195007 | won: False 
#  283 | steps: 37670 | steps_t: 32430 | t: 46269.381315 | r:  -312.000000 | e:   0.100000 | Q: 105.135506 | won: False 
#  284 | steps: 37743 | steps_t: 32502 | t: 46318.834230 | r:  -242.000000 | e:   0.100000 | Q:  99.357994 | won: False 
#  285 | steps: 37801 | steps_t: 32559 | t: 46358.303198 | r:  -447.000000 | e:   0.100000 | Q: 101.663818 | won: False 
#  286 | steps: 37877 | steps_t: 32634 | t: 46409.725560 | r:  -410.000000 | e:   0.100000 | Q: 104.967361 | won: False 
#  287 | steps: 37982 | steps_t: 32738 | t: 46482.520886 | r:  -406.000000 | e:   0.100000 | Q:  96.517792 | won: False 
#  288 | steps: 38095 | steps_t: 32850 | t: 46560.267725 | r:  -348.000000 | e:   0.100000 | Q: 104.512352 | won: False 
#  289 | steps: 38249 | steps_t: 33003 | t: 46666.155518 | r:  -455.000000 | e:   0.100000 | Q: 104.205627 | won: False 
#  290 | steps: 38423 | steps_t: 33176 | t: 46787.330213 | r:   -90.000000 | e:   0.100000 | Q: 102.299408 | won: False 
#  291 | steps: 38639 | steps_t: 33391 | t: 46936.499990 | r:  -319.000000 | e:   0.100000 | Q: 100.464729 | won: False 
#  292 | steps: 39078 | steps_t: 33829 | t: 47241.234946 | r:  -256.000000 | e:   0.100000 | Q:  97.543167 | won: False 
#  293 | steps: 39477 | steps_t: 34227 | t: 47526.490901 | r:  -535.000000 | e:   0.100000 | Q: 111.761795 | won: False 
#  294 | steps: 39523 | steps_t: 34272 | t: 47558.898293 | r:  -424.000000 | e:   0.100000 | Q: 115.771858 | won: False 
#  295 | steps: 39620 | steps_t: 34368 | t: 47628.045444 | r:  -310.000000 | e:   0.100000 | Q: 113.648201 | won: False 
#  296 | steps: 39891 | steps_t: 34638 | t: 47813.637837 | r:  -396.000000 | e:   0.100000 | Q: 112.078674 | won: False 
#  297 | steps: 39978 | steps_t: 34724 | t: 47871.931417 | r:  -333.000000 | e:   0.100000 | Q: 114.442947 | won: False 
#  298 | steps: 40101 | steps_t: 34846 | t: 47953.067964 | r:  -391.000000 | e:   0.100000 | Q: 107.268929 | won: False 
#  299 | steps: 40153 | steps_t: 34897 | t: 47987.760220 | r:  -408.000000 | e:   0.100000 | Q: 107.631447 | won: False 
#  300 | steps: 40306 | steps_t: 35049 | t: 48090.491709 | r:  -377.000000 | e:   0.100000 | Q: 108.786751 | won: False 
#  301 | steps: 40459 | steps_t: 35201 | t: 48197.021695 | r:  -421.000000 | e:   0.100000 | Q: 117.121208 | won: False 
#  302 | steps: 40515 | steps_t: 35256 | t: 48235.927166 | r:  -423.000000 | e:   0.100000 | Q: 100.398224 | won: False 
#  303 | steps: 40694 | steps_t: 35434 | t: 48364.777970 | r:  -414.000000 | e:   0.100000 | Q: 104.181778 | won: False 
#  304 | steps: 40968 | steps_t: 35707 | t: 48560.422461 | r:  -135.000000 | e:   0.100000 | Q: 189.296112 | won: False 
#  305 | steps: 41013 | steps_t: 35751 | t: 48590.754445 | r:  -423.000000 | e:   0.100000 | Q: 119.206345 | won: False 
#  306 | steps: 41132 | steps_t: 35869 | t: 48670.582085 | r:  -431.000000 | e:   0.100000 | Q: 104.822922 | won: False 
#  307 | steps: 41228 | steps_t: 35964 | t: 48735.237636 | r:  -331.000000 | e:   0.100000 | Q: 112.260674 | won: False 
#  308 | steps: 41367 | steps_t: 36102 | t: 48829.409356 | r:  -440.000000 | e:   0.100000 | Q: 144.653488 | won: False 
#  309 | steps: 41762 | steps_t: 36496 | t: 49098.703279 | r:  -278.000000 | e:   0.100000 | Q: 118.915977 | won: False 
#  310 | steps: 41878 | steps_t: 36611 | t: 49176.709716 | r:  -483.000000 | e:   0.100000 | Q: 102.835007 | won: False 
#  311 | steps: 41923 | steps_t: 36655 | t: 49207.147792 | r:  -423.000000 | e:   0.100000 | Q: 108.156578 | won: False 
#  312 | steps: 41994 | steps_t: 36725 | t: 49255.281413 | r:  -427.000000 | e:   0.100000 | Q: 109.775604 | won: False 
#  313 | steps: 42041 | steps_t: 36771 | t: 49288.307337 | r:  -425.000000 | e:   0.100000 | Q: 106.240616 | won: False 
#  314 | steps: 42121 | steps_t: 36850 | t: 49344.656490 | r:  -271.000000 | e:   0.100000 | Q: 105.488945 | won: False 
#  315 | steps: 42191 | steps_t: 36919 | t: 49393.331994 | r:  -437.000000 | e:   0.100000 | Q: 107.595551 | won: False 
#  316 | steps: 42248 | steps_t: 36975 | t: 49432.681977 | r:  -424.000000 | e:   0.100000 | Q: 109.162308 | won: False 
#  317 | steps: 42506 | steps_t: 37232 | t: 49619.962296 | r:  -130.000000 | e:   0.100000 | Q: 131.453049 | won: False 
#  318 | steps: 42744 | steps_t: 37469 | t: 49781.259262 | r:  -154.000000 | e:   0.100000 | Q: 103.749687 | won: False 
#  319 | steps: 43065 | steps_t: 37789 | t: 49997.687613 | r:  -490.000000 | e:   0.100000 | Q: 101.353439 | won: False 
#  320 | steps: 43437 | steps_t: 38160 | t: 50249.319548 | r:  -167.000000 | e:   0.100000 | Q: 168.221802 | won: False 
#  321 | steps: 43725 | steps_t: 38447 | t: 50443.178016 | r:  -446.000000 | e:   0.100000 | Q: 110.166321 | won: False 
#  322 | steps: 43841 | steps_t: 38562 | t: 50520.907491 | r:  -483.000000 | e:   0.100000 | Q: 113.871086 | won: False 
#  323 | steps: 43916 | steps_t: 38636 | t: 50572.150501 | r:  -354.000000 | e:   0.100000 | Q: 101.413910 | won: False 
#  324 | steps: 44070 | steps_t: 38789 | t: 50676.274118 | r:  -543.000000 | e:   0.100000 | Q: 110.004738 | won: False 
#  325 | steps: 44204 | steps_t: 38922 | t: 50768.938916 | r:  -501.000000 | e:   0.100000 | Q: 105.121742 | won: False 
#  326 | steps: 44365 | steps_t: 39082 | t: 50880.891928 | r:  -319.000000 | e:   0.100000 | Q:  98.535988 | won: False 
#  327 | steps: 44461 | steps_t: 39177 | t: 50946.466092 | r:  -452.000000 | e:   0.100000 | Q: 109.496346 | won: False 
#  328 | steps: 44752 | steps_t: 39467 | t: 51148.928612 | r:  -321.000000 | e:   0.100000 | Q: 112.530724 | won: False 
#  329 | steps: 45034 | steps_t: 39748 | t: 51342.768371 | r:   -55.000000 | e:   0.100000 | Q: 112.731697 | won: False 
#  330 | steps: 45162 | steps_t: 39875 | t: 51432.262811 | r:  -154.000000 | e:   0.100000 | Q:  99.801498 | won: False 
#  331 | steps: 45322 | steps_t: 40034 | t: 51544.205127 | r:  -274.000000 | e:   0.100000 | Q: 124.131935 | won: False 
#  332 | steps: 45371 | steps_t: 40082 | t: 51577.781720 | r:  -361.000000 | e:   0.100000 | Q: 106.847778 | won: False 
#  333 | steps: 45489 | steps_t: 40199 | t: 51660.156853 | r:  -408.000000 | e:   0.100000 | Q: 105.800468 | won: False 
#  334 | steps: 45555 | steps_t: 40264 | t: 51705.770959 | r:  -455.000000 | e:   0.100000 | Q: 120.031487 | won: False 
#  335 | steps: 45825 | steps_t: 40533 | t: 51894.562123 | r:  -483.000000 | e:   0.100000 | Q: 110.013306 | won: False 
#  336 | steps: 46129 | steps_t: 40836 | t: 52098.906567 | r:  -231.000000 | e:   0.100000 | Q: 179.462326 | won: False 
#  337 | steps: 46413 | steps_t: 41119 | t: 52290.821333 | r:  -200.000000 | e:   0.100000 | Q: 115.725204 | won: False 
#  338 | steps: 46499 | steps_t: 41204 | t: 52347.924491 | r:  -442.000000 | e:   0.100000 | Q: 135.972656 | won: False 
#  339 | steps: 46592 | steps_t: 41296 | t: 52408.691069 | r:  -504.000000 | e:   0.100000 | Q: 119.273026 | won: False 
#  340 | steps: 46635 | steps_t: 41338 | t: 52437.294445 | r:  -388.000000 | e:   0.100000 | Q: 113.210930 | won: False 
#  341 | steps: 46790 | steps_t: 41492 | t: 52542.757956 | r:  -258.000000 | e:   0.100000 | Q: 124.343208 | won: False 
#  342 | steps: 46871 | steps_t: 41572 | t: 52598.428872 | r:  -437.000000 | e:   0.100000 | Q: 128.974731 | won: False 
#  343 | steps: 46956 | steps_t: 41656 | t: 52658.402961 | r:  -397.000000 | e:   0.100000 | Q: 128.365982 | won: False 
#  344 | steps: 47191 | steps_t: 41890 | t: 52823.308085 | r:    14.000000 | e:   0.100000 | Q: 128.249954 | won: False 
#  345 | steps: 47281 | steps_t: 41979 | t: 52884.898477 | r:  -424.000000 | e:   0.100000 | Q: 116.191971 | won: False 
#  346 | steps: 47460 | steps_t: 42157 | t: 53005.858261 | r:  -227.000000 | e:   0.100000 | Q: 125.334496 | won: False 
#  347 | steps: 47521 | steps_t: 42217 | t: 53047.110034 | r:  -307.000000 | e:   0.100000 | Q:  98.149132 | won: False 
#  348 | steps: 47600 | steps_t: 42295 | t: 53100.149779 | r:  -424.000000 | e:   0.100000 | Q: 103.256195 | won: False 
#  349 | steps: 47849 | steps_t: 42543 | t: 53267.392853 | r:  -132.000000 | e:   0.100000 | Q: 120.881706 | won: False 
#  350 | steps: 47923 | steps_t: 42616 | t: 53317.024832 | r:  -375.000000 | e:   0.100000 | Q: 112.329308 | won: False 
#  351 | steps: 47980 | steps_t: 42672 | t: 53354.577955 | r:  -336.000000 | e:   0.100000 | Q: 120.251762 | won: False 
#  352 | steps: 48282 | steps_t: 42973 | t: 53557.678313 | r:  -284.000000 | e:   0.100000 | Q: 139.476227 | won: False 
#  353 | steps: 48382 | steps_t: 43072 | t: 53624.609546 | r:  -368.000000 | e:   0.100000 | Q: 107.987762 | won: False 
#  354 | steps: 48492 | steps_t: 43181 | t: 53699.787856 | r:  -389.000000 | e:   0.100000 | Q: 108.880836 | won: False 
#  355 | steps: 48526 | steps_t: 43214 | t: 53723.237197 | r:  -412.000000 | e:   0.100000 | Q: 110.497871 | won: False 
#  356 | steps: 48688 | steps_t: 43375 | t: 53837.239833 | r:  -287.000000 | e:   0.100000 | Q: 108.651489 | won: False 
#  357 | steps: 48740 | steps_t: 43426 | t: 53873.317440 | r:  -408.000000 | e:   0.100000 | Q: 118.455261 | won: False 
#  358 | steps: 48943 | steps_t: 43628 | t: 54016.398649 | r:  -211.000000 | e:   0.100000 | Q:  99.540459 | won: False 
#  359 | steps: 49090 | steps_t: 43774 | t: 54117.350049 | r:  -283.000000 | e:   0.100000 | Q: 132.375610 | won: False 
#  360 | steps: 49251 | steps_t: 43934 | t: 54225.679874 | r:  -297.000000 | e:   0.100000 | Q: 111.323311 | won: False 
#  361 | steps: 49295 | steps_t: 43977 | t: 54255.422630 | r:  -378.000000 | e:   0.100000 | Q: 109.451233 | won: False 
#  362 | steps: 49386 | steps_t: 44067 | t: 54317.132211 | r:  -359.000000 | e:   0.100000 | Q: 109.368439 | won: False 
#  363 | steps: 49522 | steps_t: 44202 | t: 54411.263520 | r:  -316.000000 | e:   0.100000 | Q: 111.174370 | won: False 
#  364 | steps: 49597 | steps_t: 44276 | t: 54463.049609 | r:  -266.000000 | e:   0.100000 | Q: 127.523445 | won: False 
#  365 | steps: 49644 | steps_t: 44322 | t: 54494.611850 | r:  -315.000000 | e:   0.100000 | Q: 103.142540 | won: False 
#  366 | steps: 49723 | steps_t: 44400 | t: 54548.369730 | r:  -237.000000 | e:   0.100000 | Q: 108.149445 | won: False 
#  367 | steps: 49842 | steps_t: 44518 | t: 54630.760136 | r:  -123.000000 | e:   0.100000 | Q: 117.342964 | won: False 
#  368 | steps: 49876 | steps_t: 44551 | t: 54654.121430 | r:  -346.000000 | e:   0.100000 | Q: 108.142349 | won: False 
#  369 | steps: 50106 | steps_t: 44780 | t: 54813.200491 | r:   -66.000000 | e:   0.100000 | Q: 114.251389 | won: False 
#  370 | steps: 50234 | steps_t: 44907 | t: 54901.013951 | r:  -154.000000 | e:   0.100000 | Q: 103.389397 | won: False 
#  371 | steps: 50335 | steps_t: 45007 | t: 54972.093431 | r:  -160.000000 | e:   0.100000 | Q: 109.891220 | won: False 
#  372 | steps: 50393 | steps_t: 45064 | t: 55012.132262 | r:  -392.000000 | e:   0.100000 | Q: 115.735832 | won: False 
#  373 | steps: 50515 | steps_t: 45185 | t: 55096.442648 | r:  -390.000000 | e:   0.100000 | Q: 112.127327 | won: False 
#  374 | steps: 50663 | steps_t: 45332 | t: 55200.867934 | r:   -53.000000 | e:   0.100000 | Q: 121.095306 | won: False 
#  375 | steps: 50764 | steps_t: 45432 | t: 55272.033666 | r:  -446.000000 | e:   0.100000 | Q: 119.053223 | won: False 
#  376 | steps: 50938 | steps_t: 45605 | t: 55395.687991 | r:  -299.000000 | e:   0.100000 | Q: 127.480186 | won: False 
#  377 | steps: 51070 | steps_t: 45736 | t: 55488.623749 | r:  -268.000000 | e:   0.100000 | Q: 113.136047 | won: False 
#  378 | steps: 51130 | steps_t: 45795 | t: 55531.670889 | r:  -372.000000 | e:   0.100000 | Q: 102.206131 | won: False 
#  379 | steps: 51182 | steps_t: 45846 | t: 55567.541503 | r:  -474.000000 | e:   0.100000 | Q: 115.356850 | won: False 
#  380 | steps: 51435 | steps_t: 46098 | t: 55746.264989 | r:  -213.000000 | e:   0.100000 | Q: 130.246979 | won: False 
#  381 | steps: 51545 | steps_t: 46207 | t: 55822.271218 | r:  -312.000000 | e:   0.100000 | Q: 121.806305 | won: False 
#  382 | steps: 51771 | steps_t: 46432 | t: 55987.069328 | r:   -21.000000 | e:   0.100000 | Q: 122.743591 | won: False 
#  383 | steps: 51910 | steps_t: 46570 | t: 56088.883079 | r:   -88.000000 | e:   0.100000 | Q: 138.430908 | won: False 
#  384 | steps: 52009 | steps_t: 46668 | t: 56162.539023 | r:  -345.000000 | e:   0.100000 | Q: 115.813385 | won: False 
#  385 | steps: 52292 | steps_t: 46950 | t: 56373.755972 | r:   -71.000000 | e:   0.100000 | Q: 113.664360 | won: False 
#  386 | steps: 52422 | steps_t: 47079 | t: 56466.505861 | r:  -204.000000 | e:   0.100000 | Q: 114.032784 | won: False 
#  387 | steps: 52494 | steps_t: 47150 | t: 56516.161597 | r:  -483.000000 | e:   0.100000 | Q: 112.838585 | won: False 
#  388 | steps: 52537 | steps_t: 47192 | t: 56546.384742 | r:  -278.000000 | e:   0.100000 | Q: 114.361816 | won: False 
#  389 | steps: 52662 | steps_t: 47316 | t: 56634.868084 | r:  -239.000000 | e:   0.100000 | Q: 119.632172 | won: False 
#  390 | steps: 52765 | steps_t: 47418 | t: 56706.015828 | r:  -415.000000 | e:   0.100000 | Q: 122.127449 | won: False 
#  391 | steps: 52819 | steps_t: 47471 | t: 56743.412551 | r:  -432.000000 | e:   0.100000 | Q: 118.389656 | won: False 
#  392 | steps: 52909 | steps_t: 47560 | t: 56806.425118 | r:  -259.000000 | e:   0.100000 | Q: 140.206131 | won: False 
#  393 | steps: 52959 | steps_t: 47609 | t: 56840.711997 | r:  -351.000000 | e:   0.100000 | Q: 119.410347 | won: False 
#  394 | steps: 53096 | steps_t: 47745 | t: 56936.497136 | r:  -394.000000 | e:   0.100000 | Q: 132.179779 | won: False 
#  395 | steps: 53247 | steps_t: 47895 | t: 57042.677082 | r:  -474.000000 | e:   0.100000 | Q: 142.226013 | won: False 
#  396 | steps: 53306 | steps_t: 47953 | t: 57084.244899 | r:  -393.000000 | e:   0.100000 | Q: 130.428070 | won: False 
#  397 | steps: 53612 | steps_t: 48258 | t: 57300.475947 | r:  -420.000000 | e:   0.100000 | Q: 126.600952 | won: False 
#  398 | steps: 53724 | steps_t: 48369 | t: 57378.843936 | r:  -248.000000 | e:   0.100000 | Q: 120.133568 | won: False 
#  399 | steps: 53803 | steps_t: 48447 | t: 57433.638399 | r:  -292.000000 | e:   0.100000 | Q: 146.151733 | won: False 
#  400 | steps: 53945 | steps_t: 48588 | t: 57534.302613 | r:  -256.000000 | e:   0.100000 | Q: 148.729141 | won: False 
#  401 | steps: 54049 | steps_t: 48691 | t: 57607.905473 | r:  -383.000000 | e:   0.100000 | Q: 128.378540 | won: False 
#  402 | steps: 54089 | steps_t: 48730 | t: 57635.743936 | r:  -385.000000 | e:   0.100000 | Q: 125.697159 | won: False 
#  403 | steps: 54140 | steps_t: 48780 | t: 57671.349269 | r:  -330.000000 | e:   0.100000 | Q: 116.558815 | won: False 
#  404 | steps: 54272 | steps_t: 48911 | t: 57763.319343 | r:  -455.000000 | e:   0.100000 | Q: 124.376144 | won: False 
#  405 | steps: 54362 | steps_t: 49000 | t: 57826.262592 | r:  -292.000000 | e:   0.100000 | Q: 120.105446 | won: False 
#  406 | steps: 54420 | steps_t: 49057 | t: 57867.649321 | r:  -205.000000 | e:   0.100000 | Q: 121.758057 | won: False 
#  407 | steps: 54593 | steps_t: 49229 | t: 57987.901696 | r:  -265.000000 | e:   0.100000 | Q: 113.494804 | won: False 
#  408 | steps: 54791 | steps_t: 49426 | t: 58126.321762 | r:  -521.000000 | e:   0.100000 | Q: 108.498497 | won: False 
#  409 | steps: 54908 | steps_t: 49542 | t: 58208.335929 | r:  -330.000000 | e:   0.100000 | Q: 121.177322 | won: False 
#  410 | steps: 55055 | steps_t: 49688 | t: 58311.046584 | r:  -349.000000 | e:   0.100000 | Q: 125.198128 | won: False 
#  411 | steps: 55164 | steps_t: 49796 | t: 58387.077565 | r:  -278.000000 | e:   0.100000 | Q: 127.046463 | won: False 
#  412 | steps: 55370 | steps_t: 50001 | t: 58534.041411 | r:  -258.000000 | e:   0.100000 | Q: 118.477592 | won: False 
#  413 | steps: 55495 | steps_t: 50125 | t: 58622.187156 | r:  -239.000000 | e:   0.100000 | Q: 124.034637 | won: False 
#  414 | steps: 55547 | steps_t: 50176 | t: 58659.431381 | r:  -397.000000 | e:   0.100000 | Q: 117.897720 | won: False 
#  415 | steps: 55798 | steps_t: 50426 | t: 58836.495870 | r:  -398.000000 | e:   0.100000 | Q: 117.721031 | won: False 
#  416 | steps: 55902 | steps_t: 50529 | t: 58909.384232 | r:  -317.000000 | e:   0.100000 | Q: 129.504349 | won: False 
#  417 | steps: 56000 | steps_t: 50626 | t: 58977.506258 | r:  -278.000000 | e:   0.100000 | Q: 135.930130 | won: False 
#  418 | steps: 56037 | steps_t: 50662 | t: 59002.765631 | r:  -349.000000 | e:   0.100000 | Q: 127.345787 | won: False 
#  419 | steps: 56097 | steps_t: 50721 | t: 59044.924028 | r:  -218.000000 | e:   0.100000 | Q: 129.025208 | won: False 
#  420 | steps: 56200 | steps_t: 50823 | t: 59117.810567 | r:  -272.000000 | e:   0.100000 | Q: 151.160080 | won: False 
#  421 | steps: 56359 | steps_t: 50981 | t: 59228.380026 | r:  -493.000000 | e:   0.100000 | Q: 116.962830 | won: False 
#  422 | steps: 56424 | steps_t: 51045 | t: 59270.920326 | r:  -245.000000 | e:   0.100000 | Q: 118.326202 | won: False 
#  423 | steps: 56700 | steps_t: 51320 | t: 59456.308667 | r:  -302.000000 | e:   0.100000 | Q: 123.795204 | won: False 
#  424 | steps: 56748 | steps_t: 51367 | t: 59488.342286 | r:  -261.000000 | e:   0.100000 | Q: 111.878227 | won: False 
#  425 | steps: 56900 | steps_t: 51518 | t: 59589.520805 | r:  -259.000000 | e:   0.100000 | Q: 103.483452 | won: False 
#  426 | steps: 56975 | steps_t: 51592 | t: 59640.072623 | r:  -475.000000 | e:   0.100000 | Q: 128.445679 | won: False 
#  427 | steps: 57050 | steps_t: 51666 | t: 59690.374664 | r:  -409.000000 | e:   0.100000 | Q: 131.093567 | won: False 
#  428 | steps: 57116 | steps_t: 51731 | t: 59734.892129 | r:  -246.000000 | e:   0.100000 | Q: 117.049644 | won: False 
#  429 | steps: 57205 | steps_t: 51819 | t: 59795.201737 | r:  -445.000000 | e:   0.100000 | Q: 152.543900 | won: False 
#  430 | steps: 57298 | steps_t: 51911 | t: 59857.837426 | r:  -339.000000 | e:   0.100000 | Q: 140.415741 | won: False 
#  431 | steps: 57434 | steps_t: 52046 | t: 59949.149515 | r:  -184.000000 | e:   0.100000 | Q: 130.636292 | won: False 
#  432 | steps: 57526 | steps_t: 52137 | t: 60010.828766 | r:  -360.000000 | e:   0.100000 | Q: 144.238052 | won: False 
#  433 | steps: 57652 | steps_t: 52262 | t: 60095.685063 | r:  -251.000000 | e:   0.100000 | Q: 136.633484 | won: False 
#  434 | steps: 57701 | steps_t: 52310 | t: 60127.960181 | r:  -394.000000 | e:   0.100000 | Q: 133.515717 | won: False 
#  435 | steps: 57774 | steps_t: 52382 | t: 60177.272429 | r:  -341.000000 | e:   0.100000 | Q: 123.076126 | won: False 
#  436 | steps: 57915 | steps_t: 52522 | t: 60272.204596 | r:  -277.000000 | e:   0.100000 | Q: 130.011917 | won: False 
#  437 | steps: 57980 | steps_t: 52586 | t: 60316.478064 | r:  -399.000000 | e:   0.100000 | Q: 132.588409 | won: False 
#  438 | steps: 58269 | steps_t: 52874 | t: 60511.494847 | r:  -469.000000 | e:   0.100000 | Q: 127.675636 | won: False 
#  439 | steps: 58314 | steps_t: 52918 | t: 60541.454457 | r:  -390.000000 | e:   0.100000 | Q: 144.950638 | won: False 
#  440 | steps: 58432 | steps_t: 53035 | t: 60621.223906 | r:  -232.000000 | e:   0.100000 | Q: 141.135452 | won: False 
#  441 | steps: 58499 | steps_t: 53101 | t: 60667.113974 | r:  -280.000000 | e:   0.100000 | Q: 131.226395 | won: False 
#  442 | steps: 58701 | steps_t: 53302 | t: 60809.747730 | r:  -316.000000 | e:   0.100000 | Q: 140.049393 | won: False 
#  443 | steps: 58733 | steps_t: 53333 | t: 60832.546240 | r:  -344.000000 | e:   0.100000 | Q: 119.063225 | won: False 
#  444 | steps: 58854 | steps_t: 53453 | t: 60918.068438 | r:  -301.000000 | e:   0.100000 | Q: 130.254013 | won: False 
#  445 | steps: 58908 | steps_t: 53506 | t: 60956.385938 | r:  -377.000000 | e:   0.100000 | Q: 122.235252 | won: False 
#  446 | steps: 59051 | steps_t: 53648 | t: 61056.998806 | r:  -235.000000 | e:   0.100000 | Q: 128.020142 | won: False 
#  447 | steps: 59211 | steps_t: 53807 | t: 61164.823037 | r:  -285.000000 | e:   0.100000 | Q: 124.613838 | won: False 
#  448 | steps: 59391 | steps_t: 53986 | t: 61285.517192 | r:  -151.000000 | e:   0.100000 | Q: 122.810577 | won: False 
#  449 | steps: 59671 | steps_t: 54265 | t: 61476.860239 | r:  -361.000000 | e:   0.100000 | Q: 136.478363 | won: False 
#  450 | steps: 59787 | steps_t: 54380 | t: 61556.489039 | r:  -285.000000 | e:   0.100000 | Q: 138.593918 | won: False 
#  451 | steps: 59826 | steps_t: 54418 | t: 61582.660293 | r:  -384.000000 | e:   0.100000 | Q: 125.676300 | won: False 
#  452 | steps: 59917 | steps_t: 54508 | t: 61645.962601 | r:  -205.000000 | e:   0.100000 | Q: 113.135445 | won: False 
#  453 | steps: 60063 | steps_t: 54653 | t: 61742.536790 | r:  -216.000000 | e:   0.100000 | Q: 117.565453 | won: False 
#  454 | steps: 60146 | steps_t: 54735 | t: 61798.043177 | r:  -362.000000 | e:   0.100000 | Q: 122.181519 | won: False 
#  455 | steps: 60305 | steps_t: 54893 | t: 61904.915233 | r:  -350.000000 | e:   0.100000 | Q: 120.476143 | won: False 
#  456 | steps: 60476 | steps_t: 55063 | t: 62020.811449 | r:  -373.000000 | e:   0.100000 | Q: 112.890976 | won: False 
#  457 | steps: 60539 | steps_t: 55125 | t: 62063.577354 | r:  -386.000000 | e:   0.100000 | Q: 123.866081 | won: False 
#  458 | steps: 60583 | steps_t: 55168 | t: 62093.534259 | r:  -378.000000 | e:   0.100000 | Q: 128.414658 | won: False 
#  459 | steps: 60648 | steps_t: 55232 | t: 62136.498653 | r:  -245.000000 | e:   0.100000 | Q: 130.106125 | won: False 
#  460 | steps: 60877 | steps_t: 55460 | t: 62298.068848 | r:  -277.000000 | e:   0.100000 | Q: 147.106491 | won: False 
#  461 | steps: 61079 | steps_t: 55661 | t: 62430.219473 | r:  -371.000000 | e:   0.100000 | Q: 144.094009 | won: False 
#  462 | steps: 61292 | steps_t: 55873 | t: 62572.706598 | r:   124.000000 | e:   0.100000 | Q: 146.569565 | won: False 
#  463 | steps: 61507 | steps_t: 56087 | t: 62718.184998 | r:  -428.000000 | e:   0.100000 | Q: 131.291748 | won: False 
#  464 | steps: 61557 | steps_t: 56136 | t: 62751.510904 | r:  -329.000000 | e:   0.100000 | Q: 114.827301 | won: False 
#  465 | steps: 61745 | steps_t: 56323 | t: 62898.816099 | r:  -148.000000 | e:   0.100000 | Q: 145.311325 | won: False 
#  466 | steps: 61845 | steps_t: 56422 | t: 62980.461830 | r:  -126.000000 | e:   0.100000 | Q: 151.974243 | won: False 
#  467 | steps: 61991 | steps_t: 56567 | t: 63099.739948 | r:  -260.000000 | e:   0.100000 | Q: 170.982208 | won: False 
#  468 | steps: 62022 | steps_t: 56597 | t: 63124.427948 | r:  -343.000000 | e:   0.100000 | Q: 154.146255 | won: False 
#  469 | steps: 62133 | steps_t: 56707 | t: 63214.659723 | r:  -181.000000 | e:   0.100000 | Q: 153.742416 | won: False 
#  470 | steps: 62285 | steps_t: 56858 | t: 63340.688796 | r:  -244.000000 | e:   0.100000 | Q: 156.112640 | won: False 
#  471 | steps: 62412 | steps_t: 56984 | t: 63445.432896 | r:  -175.000000 | e:   0.100000 | Q: 140.494705 | won: False 
#  472 | steps: 62445 | steps_t: 57016 | t: 63472.862925 | r:  -345.000000 | e:   0.100000 | Q: 141.681000 | won: False 
#  473 | steps: 62583 | steps_t: 57153 | t: 63585.590391 | r:  -318.000000 | e:   0.100000 | Q: 132.341034 | won: False 
#  474 | steps: 62633 | steps_t: 57202 | t: 63625.384006 | r:  -186.000000 | e:   0.100000 | Q: 126.720276 | won: False 
#  475 | steps: 62687 | steps_t: 57255 | t: 63669.259709 | r:  -322.000000 | e:   0.100000 | Q: 118.958366 | won: False 
#  476 | steps: 62850 | steps_t: 57417 | t: 63801.919058 | r:  -255.000000 | e:   0.100000 | Q: 117.570290 | won: False 
#  477 | steps: 63014 | steps_t: 57580 | t: 63935.987639 | r:  -256.000000 | e:   0.100000 | Q: 122.231644 | won: False 
#  478 | steps: 63252 | steps_t: 57817 | t: 64131.044181 | r:  -396.000000 | e:   0.100000 | Q: 142.674683 | won: False 
#  479 | steps: 63311 | steps_t: 57875 | t: 64179.357014 | r:  -239.000000 | e:   0.100000 | Q: 152.279007 | won: False 
#  480 | steps: 63436 | steps_t: 57999 | t: 64282.230992 | r:  -151.000000 | e:   0.100000 | Q: 132.309799 | won: False 
#  481 | steps: 63652 | steps_t: 58214 | t: 64469.350291 | r:   143.000000 | e:   0.100000 | Q: 144.118774 | won: False 
#  482 | steps: 63706 | steps_t: 58267 | t: 64515.515871 | r:  -256.000000 | e:   0.100000 | Q: 111.551300 | won: False 
#  483 | steps: 63817 | steps_t: 58377 | t: 64608.060462 | r:  -280.000000 | e:   0.100000 | Q: 117.135651 | won: False 
#  484 | steps: 63924 | steps_t: 58483 | t: 64697.752679 | r:  -287.000000 | e:   0.100000 | Q: 124.162376 | won: False 
#  485 | steps: 64249 | steps_t: 58807 | t: 64965.024155 | r:   -21.000000 | e:   0.100000 | Q: 143.259567 | won: False 
#  486 | steps: 64306 | steps_t: 58863 | t: 65025.793661 | r:  -336.000000 | e:   0.100000 | Q: 145.091125 | won: False 
#  487 | steps: 64448 | steps_t: 59004 | t: 65140.904922 | r:  -344.000000 | e:   0.100000 | Q: 130.885040 | won: False 
#  488 | steps: 64499 | steps_t: 59054 | t: 65181.424599 | r:  -308.000000 | e:   0.100000 | Q: 163.404800 | won: False 
#  489 | steps: 64582 | steps_t: 59136 | t: 65251.009568 | r:  -263.000000 | e:   0.100000 | Q: 124.355118 | won: False 
#  490 | steps: 64670 | steps_t: 59223 | t: 65324.491124 | r:  -301.000000 | e:   0.100000 | Q: 144.705170 | won: False 
#  491 | steps: 64755 | steps_t: 59307 | t: 65394.309473 | r:  -430.000000 | e:   0.100000 | Q: 147.527161 | won: False 
#  492 | steps: 64956 | steps_t: 59507 | t: 65562.779160 | r:  -117.000000 | e:   0.100000 | Q: 144.189148 | won: False 
#  493 | steps: 65010 | steps_t: 59560 | t: 65607.151715 | r:  -322.000000 | e:   0.100000 | Q: 136.174179 | won: False 
#  494 | steps: 65143 | steps_t: 59692 | t: 65718.151966 | r:  -280.000000 | e:   0.100000 | Q: 139.684174 | won: False 
#  495 | steps: 65251 | steps_t: 59799 | t: 65807.690594 | r:  -200.000000 | e:   0.100000 | Q: 126.827377 | won: False 
#  496 | steps: 65405 | steps_t: 59952 | t: 65937.590321 | r:  -217.000000 | e:   0.100000 | Q: 113.377365 | won: False 
#  497 | steps: 65484 | steps_t: 60030 | t: 66004.672980 | r:  -248.000000 | e:   0.100000 | Q: 134.970917 | won: False 
#  498 | steps: 65586 | steps_t: 60131 | t: 66091.131842 | r:  -227.000000 | e:   0.100000 | Q: 114.902946 | won: False 
#  499 | steps: 65628 | steps_t: 60172 | t: 66125.691450 | r:  -365.000000 | e:   0.100000 | Q: 120.293266 | won: False 
#  500 | steps: 65730 | steps_t: 60273 | t: 66212.304898 | r:  -249.000000 | e:   0.100000 | Q: 118.621559 | won: False 
#  501 | steps: 65820 | steps_t: 60362 | t: 66286.849610 | r:  -237.000000 | e:   0.100000 | Q: 140.276367 | won: False 
#  502 | steps: 66088 | steps_t: 60629 | t: 66512.346765 | r:  -283.000000 | e:   0.100000 | Q: 141.236755 | won: False 
#  503 | steps: 66191 | steps_t: 60731 | t: 66600.715520 | r:  -217.000000 | e:   0.100000 | Q: 137.019135 | won: False 
#  504 | steps: 66343 | steps_t: 60882 | t: 66729.134049 | r:  -255.000000 | e:   0.100000 | Q: 131.879227 | won: False 
#  505 | steps: 66400 | steps_t: 60938 | t: 66776.318911 | r:  -446.000000 | e:   0.100000 | Q: 124.638176 | won: False 
#  506 | steps: 66460 | steps_t: 60997 | t: 66828.324529 | r:  -251.000000 | e:   0.100000 | Q: 155.811462 | won: False 
#  507 | steps: 66637 | steps_t: 61173 | t: 66979.724927 | r:  -368.000000 | e:   0.100000 | Q: 146.127060 | won: False 
#  508 | steps: 66893 | steps_t: 61428 | t: 67198.686834 | r:  -183.000000 | e:   0.100000 | Q: 129.907547 | won: False 
#  509 | steps: 66940 | steps_t: 61474 | t: 67238.914098 | r:  -348.000000 | e:   0.100000 | Q: 130.306824 | won: False 
#  510 | steps: 67459 | steps_t: 61992 | t: 67680.938386 | r:  -490.000000 | e:   0.100000 | Q: 134.459641 | won: False 
#  511 | steps: 67657 | steps_t: 62189 | t: 67852.233273 | r:  -301.000000 | e:   0.100000 | Q: 130.328293 | won: False 
#  512 | steps: 67811 | steps_t: 62342 | t: 67982.685802 | r:  -312.000000 | e:   0.100000 | Q: 126.719917 | won: False 
#  513 | steps: 67994 | steps_t: 62524 | t: 68137.929414 | r:  -253.000000 | e:   0.100000 | Q: 136.703278 | won: False 
#  514 | steps: 68208 | steps_t: 62737 | t: 68319.594075 | r:  -339.000000 | e:   0.100000 | Q: 157.551865 | won: False 
#  515 | steps: 68333 | steps_t: 62861 | t: 68426.078802 | r:  -272.000000 | e:   0.100000 | Q: 168.881729 | won: False 
#  516 | steps: 68365 | steps_t: 62892 | t: 68452.432784 | r:  -289.000000 | e:   0.100000 | Q: 132.455856 | won: False 
#  517 | steps: 68539 | steps_t: 63065 | t: 68599.601599 | r:  -255.000000 | e:   0.100000 | Q: 147.859161 | won: False 
#  518 | steps: 68578 | steps_t: 63103 | t: 68631.696124 | r:  -241.000000 | e:   0.100000 | Q: 141.843643 | won: False 
#  519 | steps: 68709 | steps_t: 63233 | t: 68744.315272 | r:  -300.000000 | e:   0.100000 | Q: 142.322159 | won: False 
#  520 | steps: 68881 | steps_t: 63404 | t: 68892.441626 | r:  -154.000000 | e:   0.100000 | Q: 144.591187 | won: False 
#  521 | steps: 69101 | steps_t: 63623 | t: 69080.326046 | r:  -103.000000 | e:   0.100000 | Q: 143.593185 | won: False 
#  522 | steps: 69249 | steps_t: 63770 | t: 69206.775393 | r:  -196.000000 | e:   0.100000 | Q: 150.033463 | won: False 
#  523 | steps: 69346 | steps_t: 63866 | t: 69291.575778 | r:  -101.000000 | e:   0.100000 | Q: 120.954369 | won: False 
#  524 | steps: 69592 | steps_t: 64111 | t: 69507.219225 | r:   -30.000000 | e:   0.100000 | Q: 115.069626 | won: False 
#  525 | steps: 69679 | steps_t: 64197 | t: 69583.859846 | r:  -212.000000 | e:   0.100000 | Q: 141.972488 | won: False 
#  526 | steps: 69722 | steps_t: 64239 | t: 69621.543505 | r:  -333.000000 | e:   0.100000 | Q: 124.996040 | won: False 
#  527 | steps: 69810 | steps_t: 64326 | t: 69697.009309 | r:  -279.000000 | e:   0.100000 | Q: 131.916504 | won: False 
#  528 | steps: 69872 | steps_t: 64387 | t: 69749.826908 | r:  -286.000000 | e:   0.100000 | Q: 134.925232 | won: False 
#  529 | steps: 69923 | steps_t: 64437 | t: 69794.259085 | r:  -253.000000 | e:   0.100000 | Q: 129.341156 | won: False 
#  530 | steps: 69965 | steps_t: 64478 | t: 69829.406578 | r:  -376.000000 | e:   0.100000 | Q: 136.514145 | won: False 
#  531 | steps: 70027 | steps_t: 64539 | t: 69883.620848 | r:  -451.000000 | e:   0.100000 | Q: 128.314301 | won: False 
#  532 | steps: 70193 | steps_t: 64704 | t: 70029.076864 | r:  -302.000000 | e:   0.100000 | Q: 121.832649 | won: False 
#  533 | steps: 70352 | steps_t: 64862 | t: 70175.425103 | r:  -207.000000 | e:   0.100000 | Q: 123.758240 | won: False 
#  534 | steps: 70597 | steps_t: 65106 | t: 70409.880909 | r:  -359.000000 | e:   0.100000 | Q: 128.005096 | won: False 
#  535 | steps: 70639 | steps_t: 65147 | t: 70449.396704 | r:  -376.000000 | e:   0.100000 | Q: 147.359451 | won: False 
#  536 | steps: 71022 | steps_t: 65529 | t: 70804.168923 | r:  -343.000000 | e:   0.100000 | Q: 140.881531 | won: False 
#  537 | steps: 71232 | steps_t: 65738 | t: 70997.709614 | r:  -324.000000 | e:   0.100000 | Q: 137.266891 | won: False 
