#    1 | steps:    14 | steps_t:     0 | t: 0.027871 | r:  -513.000000 | e:   1.000000 | Q:        nan | won: False 
#    2 | steps:    24 | steps_t:     0 | t: 0.032859 | r:  -509.000000 | e:   1.000000 | Q:        nan | won: False 
#    3 | steps:    42 | steps_t:     0 | t: 0.042135 | r:  -517.000000 | e:   1.000000 | Q:        nan | won: False 
#    4 | steps:    49 | steps_t:     0 | t: 0.045856 | r:  -506.000000 | e:   1.000000 | Q:        nan | won: False 
#    5 | steps:    57 | steps_t:     0 | t: 0.049932 | r:  -507.000000 | e:   1.000000 | Q:        nan | won: False 
#    6 | steps:    69 | steps_t:     0 | t: 0.055798 | r:  -511.000000 | e:   1.000000 | Q:        nan | won: False 
#    7 | steps:    78 | steps_t:     0 | t: 0.061781 | r:  -508.000000 | e:   1.000000 | Q:        nan | won: False 
#    8 | steps:    89 | steps_t:     0 | t: 0.067797 | r:  -510.000000 | e:   1.000000 | Q:        nan | won: False 
#    9 | steps:    96 | steps_t:     0 | t: 0.071788 | r:  -506.000000 | e:   1.000000 | Q:        nan | won: False 
#   10 | steps:   105 | steps_t:     0 | t: 0.076742 | r:  -508.000000 | e:   1.000000 | Q:        nan | won: False 
#   11 | steps:   114 | steps_t:     0 | t: 0.081729 | r:  -508.000000 | e:   1.000000 | Q:        nan | won: False 
#   12 | steps:   121 | steps_t:     0 | t: 0.085748 | r:  -506.000000 | e:   1.000000 | Q:        nan | won: False 
#   13 | steps:   131 | steps_t:     0 | t: 0.090705 | r:  -509.000000 | e:   1.000000 | Q:        nan | won: False 
#   14 | steps:   144 | steps_t:     0 | t: 0.099021 | r:  -512.000000 | e:   1.000000 | Q:        nan | won: False 
#   15 | steps:   157 | steps_t:     0 | t: 0.105005 | r:  -512.000000 | e:   1.000000 | Q:        nan | won: False 
#   16 | steps:   167 | steps_t:     0 | t: 0.109991 | r:  -509.000000 | e:   1.000000 | Q:        nan | won: False 
#   17 | steps:   175 | steps_t:     0 | t: 0.113982 | r:  -507.000000 | e:   1.000000 | Q:        nan | won: False 
#   18 | steps:   186 | steps_t:     0 | t: 0.119934 | r:  -510.000000 | e:   1.000000 | Q:        nan | won: False 
#   19 | steps:   193 | steps_t:     0 | t: 0.123961 | r:  -506.000000 | e:   1.000000 | Q:        nan | won: False 
#   20 | steps:   201 | steps_t:     0 | t: 0.128217 | r:  -507.000000 | e:   1.000000 | Q:        nan | won: False 
#   21 | steps:   208 | steps_t:     0 | t: 0.131901 | r:  -506.000000 | e:   1.000000 | Q:        nan | won: False 
#   22 | steps:   216 | steps_t:     0 | t: 0.136894 | r:  -507.000000 | e:   1.000000 | Q:        nan | won: False 
#   23 | steps:   231 | steps_t:     0 | t: 0.144895 | r:  -514.000000 | e:   1.000000 | Q:        nan | won: False 
#   24 | steps:   240 | steps_t:     0 | t: 0.149942 | r:  -508.000000 | e:   1.000000 | Q:        nan | won: False 
#   25 | steps:   249 | steps_t:     0 | t: 0.154838 | r:  -508.000000 | e:   1.000000 | Q:        nan | won: False 
#   26 | steps:   270 | steps_t:     0 | t: 0.164860 | r:  -520.000000 | e:   1.000000 | Q:        nan | won: False 
#   27 | steps:   276 | steps_t:     0 | t: 0.167847 | r:  -505.000000 | e:   1.000000 | Q:        nan | won: False 
#   28 | steps:   284 | steps_t:     0 | t: 0.172843 | r:  -507.000000 | e:   1.000000 | Q:        nan | won: False 
#   29 | steps:   290 | steps_t:     0 | t: 0.175831 | r:  -505.000000 | e:   1.000000 | Q:        nan | won: False 
#   30 | steps:   297 | steps_t:     0 | t: 0.179772 | r:  -506.000000 | e:   1.000000 | Q:        nan | won: False 
#   31 | steps:   309 | steps_t:     0 | t: 0.187799 | r:  -511.000000 | e:   1.000000 | Q:        nan | won: False 
#   32 | steps:   316 | steps_t:     0 | t: 0.190794 | r:  -506.000000 | e:   1.000000 | Q:        nan | won: False 
#   33 | steps:   322 | steps_t:     0 | t: 0.193891 | r:  -505.000000 | e:   1.000000 | Q:        nan | won: False 
#   34 | steps:   329 | steps_t:     0 | t: 0.199912 | r:  -506.000000 | e:   1.000000 | Q:        nan | won: False 
#   35 | steps:   336 | steps_t:     0 | t: 0.203890 | r:  -506.000000 | e:   1.000000 | Q:        nan | won: False 
#   36 | steps:   343 | steps_t:     0 | t: 0.207902 | r:  -506.000000 | e:   1.000000 | Q:        nan | won: False 
#   37 | steps:   348 | steps_t:     0 | t: 0.210894 | r:  -504.000000 | e:   1.000000 | Q:        nan | won: False 
#   38 | steps:   361 | steps_t:     0 | t: 0.218828 | r:  -512.000000 | e:   1.000000 | Q:        nan | won: False 
#   39 | steps:   370 | steps_t:     0 | t: 0.223856 | r:  -508.000000 | e:   1.000000 | Q:        nan | won: False 
#   40 | steps:   386 | steps_t:     0 | t: 0.232835 | r:  -515.000000 | e:   1.000000 | Q:        nan | won: False 
#   41 | steps:   394 | steps_t:     0 | t: 0.237822 | r:  -507.000000 | e:   1.000000 | Q:        nan | won: False 
#   42 | steps:   403 | steps_t:     0 | t: 0.242812 | r:  -508.000000 | e:   1.000000 | Q:        nan | won: False 
#   43 | steps:   411 | steps_t:     0 | t: 0.247768 | r:  -507.000000 | e:   1.000000 | Q:        nan | won: False 
#   44 | steps:   420 | steps_t:     0 | t: 0.252800 | r:  -508.000000 | e:   1.000000 | Q:        nan | won: False 
#   45 | steps:   431 | steps_t:     0 | t: 0.258769 | r:  -510.000000 | e:   1.000000 | Q:        nan | won: False 
#   46 | steps:   438 | steps_t:     0 | t: 0.262711 | r:  -506.000000 | e:   1.000000 | Q:        nan | won: False 
#   47 | steps:   446 | steps_t:     0 | t: 0.266907 | r:  -507.000000 | e:   1.000000 | Q:        nan | won: False 
#   48 | steps:   468 | steps_t:     0 | t: 0.278713 | r:  -521.000000 | e:   1.000000 | Q:        nan | won: False 
#   49 | steps:   480 | steps_t:     0 | t: 0.284651 | r:  -511.000000 | e:   1.000000 | Q:        nan | won: False 
#   50 | steps:   486 | steps_t:     0 | t: 0.288692 | r:  -505.000000 | e:   1.000000 | Q:        nan | won: False 
#   51 | steps:   494 | steps_t:     0 | t: 0.292677 | r:  -507.000000 | e:   1.000000 | Q:        nan | won: False 
#   52 | steps:   502 | steps_t:     0 | t: 0.296619 | r:  -507.000000 | e:   1.000000 | Q:        nan | won: False 
#   53 | steps:   513 | steps_t:     0 | t: 0.302635 | r:  -510.000000 | e:   1.000000 | Q:        nan | won: False 
#   54 | steps:   524 | steps_t:     0 | t: 0.308635 | r:  -510.000000 | e:   1.000000 | Q:        nan | won: False 
#   55 | steps:   531 | steps_t:     0 | t: 0.313007 | r:  -506.000000 | e:   1.000000 | Q:        nan | won: False 
#   56 | steps:   540 | steps_t:     0 | t: 0.317736 | r:  -508.000000 | e:   1.000000 | Q:        nan | won: False 
#   57 | steps:   556 | steps_t:     0 | t: 0.325542 | r:  -504.000000 | e:   1.000000 | Q:        nan | won: False 
#   58 | steps:   565 | steps_t:     0 | t: 0.330615 | r:  -508.000000 | e:   1.000000 | Q:        nan | won: False 
#   59 | steps:   574 | steps_t:     0 | t: 0.335554 | r:  -508.000000 | e:   1.000000 | Q:        nan | won: False 
#   60 | steps:   582 | steps_t:     0 | t: 0.340585 | r:  -507.000000 | e:   1.000000 | Q:        nan | won: False 
#   61 | steps:   589 | steps_t:     0 | t: 0.345573 | r:  -506.000000 | e:   1.000000 | Q:        nan | won: False 
#   62 | steps:   610 | steps_t:     0 | t: 0.359582 | r:  -520.000000 | e:   1.000000 | Q:        nan | won: False 
#   63 | steps:   622 | steps_t:     0 | t: 0.368506 | r:  -511.000000 | e:   1.000000 | Q:        nan | won: False 
#   64 | steps:   642 | steps_t:     0 | t: 0.383425 | r:  -508.000000 | e:   1.000000 | Q:        nan | won: False 
#   65 | steps:   663 | steps_t:     0 | t: 0.399583 | r:  -520.000000 | e:   1.000000 | Q:        nan | won: False 
#   66 | steps:   672 | steps_t:     0 | t: 0.407557 | r:  -508.000000 | e:   1.000000 | Q:        nan | won: False 
#   67 | steps:   678 | steps_t:     0 | t: 0.412544 | r:  -505.000000 | e:   1.000000 | Q:        nan | won: False 
#   68 | steps:   694 | steps_t:     0 | t: 0.426507 | r:  -515.000000 | e:   1.000000 | Q:        nan | won: False 
#   69 | steps:   716 | steps_t:     0 | t: 0.443459 | r:  -521.000000 | e:   1.000000 | Q:        nan | won: False 
#   70 | steps:   724 | steps_t:     0 | t: 0.448677 | r:  -507.000000 | e:   1.000000 | Q:        nan | won: False 
#   71 | steps:   731 | steps_t:     0 | t: 0.452438 | r:  -506.000000 | e:   1.000000 | Q:        nan | won: False 
#   72 | steps:   742 | steps_t:     0 | t: 0.459414 | r:  -510.000000 | e:   1.000000 | Q:        nan | won: False 
#   73 | steps:   751 | steps_t:     0 | t: 0.465398 | r:  -508.000000 | e:   1.000000 | Q:        nan | won: False 
#   74 | steps:   765 | steps_t:     0 | t: 0.473008 | r:  -513.000000 | e:   1.000000 | Q:        nan | won: False 
#   75 | steps:   775 | steps_t:     0 | t: 0.477368 | r:  -509.000000 | e:   1.000000 | Q:        nan | won: False 
#   76 | steps:   790 | steps_t:     0 | t: 0.485313 | r:  -514.000000 | e:   1.000000 | Q:        nan | won: False 
#   77 | steps:   802 | steps_t:     0 | t: 0.492325 | r:  -511.000000 | e:   1.000000 | Q:        nan | won: False 
#   78 | steps:   810 | steps_t:     0 | t: 0.498864 | r:  -507.000000 | e:   1.000000 | Q:        nan | won: False 
#   79 | steps:   818 | steps_t:     0 | t: 0.503882 | r:  -507.000000 | e:   1.000000 | Q:        nan | won: False 
#   80 | steps:   832 | steps_t:     0 | t: 0.510864 | r:  -513.000000 | e:   1.000000 | Q:        nan | won: False 
#   81 | steps:   838 | steps_t:     0 | t: 0.514853 | r:  -505.000000 | e:   1.000000 | Q:        nan | won: False 
#   82 | steps:   846 | steps_t:     0 | t: 0.519806 | r:  -507.000000 | e:   1.000000 | Q:        nan | won: False 
#   83 | steps:   857 | steps_t:     0 | t: 0.525905 | r:  -510.000000 | e:   1.000000 | Q:        nan | won: False 
#   84 | steps:   866 | steps_t:     0 | t: 0.531807 | r:  -508.000000 | e:   1.000000 | Q:        nan | won: False 
#   85 | steps:   875 | steps_t:     0 | t: 0.536793 | r:  -508.000000 | e:   1.000000 | Q:        nan | won: False 
#   86 | steps:   905 | steps_t:     0 | t: 0.551753 | r:  -529.000000 | e:   1.000000 | Q:        nan | won: False 
#   87 | steps:   916 | steps_t:     0 | t: 0.558705 | r:  -510.000000 | e:   1.000000 | Q:        nan | won: False 
#   88 | steps:   926 | steps_t:     0 | t: 0.564720 | r:  -509.000000 | e:   1.000000 | Q:        nan | won: False 
#   89 | steps:   940 | steps_t:     0 | t: 0.573695 | r:  -513.000000 | e:   1.000000 | Q:        nan | won: False 
#   90 | steps:   950 | steps_t:     0 | t: 0.578894 | r:  -509.000000 | e:   1.000000 | Q:        nan | won: False 
#   91 | steps:   959 | steps_t:     0 | t: 0.584666 | r:  -508.000000 | e:   1.000000 | Q:        nan | won: False 
#   92 | steps:   969 | steps_t:     0 | t: 0.589621 | r:  -509.000000 | e:   1.000000 | Q:        nan | won: False 
#   93 | steps:   983 | steps_t:     0 | t: 0.599018 | r:  -513.000000 | e:   1.000000 | Q:        nan | won: False 
#   94 | steps:  1004 | steps_t:     0 | t: 0.608600 | r:  -520.000000 | e:   1.000000 | Q:        nan | won: False 
#   95 | steps:  1018 | steps_t:     0 | t: 0.617577 | r:  -513.000000 | e:   1.000000 | Q:        nan | won: False 
#   96 | steps:  1025 | steps_t:     0 | t: 0.622532 | r:  -506.000000 | e:   1.000000 | Q:        nan | won: False 
#   97 | steps:  1045 | steps_t:     0 | t: 0.634499 | r:  -519.000000 | e:   1.000000 | Q:        nan | won: False 
#   98 | steps:  1067 | steps_t:     0 | t: 0.647466 | r:  -521.000000 | e:   1.000000 | Q:        nan | won: False 
#   99 | steps:  1078 | steps_t:     0 | t: 0.653481 | r:  -510.000000 | e:   1.000000 | Q:        nan | won: False 
#  100 | steps:  1089 | steps_t:     0 | t: 0.659571 | r:  -510.000000 | e:   1.000000 | Q:        nan | won: False 
#  101 | steps:  1096 | steps_t:     0 | t: 0.663455 | r:  -506.000000 | e:   1.000000 | Q:        nan | won: False 
#  102 | steps:  1104 | steps_t:     0 | t: 0.668412 | r:  -507.000000 | e:   1.000000 | Q:        nan | won: False 
#  103 | steps:  1112 | steps_t:     0 | t: 0.673428 | r:  -507.000000 | e:   1.000000 | Q:        nan | won: False 
#  104 | steps:  1126 | steps_t:     0 | t: 0.681375 | r:  -513.000000 | e:   1.000000 | Q:        nan | won: False 
#  105 | steps:  1137 | steps_t:     0 | t: 0.687485 | r:  -510.000000 | e:   1.000000 | Q:        nan | won: False 
#  106 | steps:  1144 | steps_t:     0 | t: 0.691389 | r:  -506.000000 | e:   1.000000 | Q:        nan | won: False 
#  107 | steps:  1151 | steps_t:     0 | t: 0.696336 | r:  -506.000000 | e:   1.000000 | Q:        nan | won: False 
#  108 | steps:  1161 | steps_t:     0 | t: 0.701322 | r:  -509.000000 | e:   1.000000 | Q:        nan | won: False 
#  109 | steps:  1168 | steps_t:     0 | t: 0.706309 | r:  -506.000000 | e:   1.000000 | Q:        nan | won: False 
#  110 | steps:  1179 | steps_t:     0 | t: 0.712293 | r:  -510.000000 | e:   1.000000 | Q:        nan | won: False 
#  111 | steps:  1188 | steps_t:     0 | t: 0.718276 | r:  -508.000000 | e:   1.000000 | Q:        nan | won: False 
#  112 | steps:  1198 | steps_t:     0 | t: 0.724292 | r:  -509.000000 | e:   1.000000 | Q:        nan | won: False 
#  113 | steps:  1204 | steps_t:     0 | t: 0.727381 | r:  -505.000000 | e:   1.000000 | Q:        nan | won: False 
#  114 | steps:  1212 | steps_t:     0 | t: 0.731374 | r:  -507.000000 | e:   1.000000 | Q:        nan | won: False 
#  115 | steps:  1222 | steps_t:     0 | t: 0.736773 | r:  -509.000000 | e:   1.000000 | Q:        nan | won: False 
#  116 | steps:  1231 | steps_t:     0 | t: 0.742260 | r:  -508.000000 | e:   1.000000 | Q:        nan | won: False 
#  117 | steps:  1240 | steps_t:     0 | t: 0.746446 | r:  -508.000000 | e:   1.000000 | Q:        nan | won: False 
#  118 | steps:  1253 | steps_t:     0 | t: 0.754227 | r:  -512.000000 | e:   1.000000 | Q:        nan | won: False 
#  119 | steps:  1279 | steps_t:     0 | t: 0.766196 | r:  -514.000000 | e:   1.000000 | Q:        nan | won: False 
#  120 | steps:  1293 | steps_t:     0 | t: 0.773180 | r:  -513.000000 | e:   1.000000 | Q:        nan | won: False 
#  121 | steps:  1299 | steps_t:     0 | t: 0.777167 | r:  -505.000000 | e:   1.000000 | Q:        nan | won: False 
#  122 | steps:  1317 | steps_t:     0 | t: 0.787140 | r:  -506.000000 | e:   1.000000 | Q:        nan | won: False 
#  123 | steps:  1328 | steps_t:     0 | t: 0.792127 | r:  -510.000000 | e:   1.000000 | Q:        nan | won: False 
#  124 | steps:  1348 | steps_t:     0 | t: 0.801116 | r:  -519.000000 | e:   1.000000 | Q:        nan | won: False 
#  125 | steps:  1353 | steps_t:     0 | t: 0.805191 | r:  -504.000000 | e:   1.000000 | Q:        nan | won: False 
#  126 | steps:  1365 | steps_t:     0 | t: 0.812068 | r:  -511.000000 | e:   1.000000 | Q:        nan | won: False 
#  127 | steps:  1374 | steps_t:     0 | t: 0.818057 | r:  -508.000000 | e:   1.000000 | Q:        nan | won: False 
#  128 | steps:  1387 | steps_t:     0 | t: 0.824042 | r:  -512.000000 | e:   1.000000 | Q:        nan | won: False 
#  129 | steps:  1397 | steps_t:     0 | t: 0.829132 | r:  -509.000000 | e:   1.000000 | Q:        nan | won: False 
#  130 | steps:  1403 | steps_t:     0 | t: 0.832019 | r:  -505.000000 | e:   1.000000 | Q:        nan | won: False 
#  131 | steps:  1411 | steps_t:     0 | t: 0.837010 | r:  -507.000000 | e:   1.000000 | Q:        nan | won: False 
#  132 | steps:  1418 | steps_t:     0 | t: 0.841001 | r:  -506.000000 | e:   1.000000 | Q:        nan | won: False 
#  133 | steps:  1431 | steps_t:     0 | t: 0.846995 | r:  -512.000000 | e:   1.000000 | Q:        nan | won: False 
#  134 | steps:  1437 | steps_t:     0 | t: 0.850969 | r:  -505.000000 | e:   1.000000 | Q:        nan | won: False 
#  135 | steps:  1444 | steps_t:     0 | t: 0.854966 | r:  -506.000000 | e:   1.000000 | Q:        nan | won: False 
#  136 | steps:  1456 | steps_t:     0 | t: 0.861897 | r:  -511.000000 | e:   1.000000 | Q:        nan | won: False 
#  137 | steps:  1475 | steps_t:     0 | t: 0.872911 | r:  -518.000000 | e:   1.000000 | Q:        nan | won: False 
#  138 | steps:  1485 | steps_t:     0 | t: 0.877882 | r:  -509.000000 | e:   1.000000 | Q:        nan | won: False 
#  139 | steps:  1493 | steps_t:     0 | t: 0.882902 | r:  -507.000000 | e:   1.000000 | Q:        nan | won: False 
#  140 | steps:  1502 | steps_t:     0 | t: 0.886872 | r:  -508.000000 | e:   1.000000 | Q:        nan | won: False 
#  141 | steps:  1512 | steps_t:     0 | t: 0.891860 | r:  -509.000000 | e:   1.000000 | Q:        nan | won: False 
#  142 | steps:  1524 | steps_t:     0 | t: 0.897470 | r:  -511.000000 | e:   1.000000 | Q:        nan | won: False 
#  143 | steps:  1533 | steps_t:     0 | t: 0.903457 | r:  -508.000000 | e:   1.000000 | Q:        nan | won: False 
#  144 | steps:  1557 | steps_t:     0 | t: 0.915493 | r:  -523.000000 | e:   1.000000 | Q:        nan | won: False 
#  145 | steps:  1569 | steps_t:     0 | t: 0.921462 | r:  -511.000000 | e:   1.000000 | Q:        nan | won: False 
#  146 | steps:  1579 | steps_t:     0 | t: 0.926443 | r:  -509.000000 | e:   1.000000 | Q:        nan | won: False 
#  147 | steps:  1586 | steps_t:     0 | t: 0.929649 | r:  -506.000000 | e:   1.000000 | Q:        nan | won: False 
#  148 | steps:  1596 | steps_t:     0 | t: 0.935425 | r:  -509.000000 | e:   1.000000 | Q:        nan | won: False 
#  149 | steps:  1602 | steps_t:     0 | t: 0.938411 | r:  -505.000000 | e:   1.000000 | Q:        nan | won: False 
#  150 | steps:  1611 | steps_t:     0 | t: 0.943401 | r:  -508.000000 | e:   1.000000 | Q:        nan | won: False 
#  151 | steps:  1618 | steps_t:     0 | t: 0.947388 | r:  -506.000000 | e:   1.000000 | Q:        nan | won: False 
#  152 | steps:  1635 | steps_t:     0 | t: 0.956349 | r:  -516.000000 | e:   1.000000 | Q:        nan | won: False 
#  153 | steps:  1643 | steps_t:     0 | t: 0.960342 | r:  -507.000000 | e:   1.000000 | Q:        nan | won: False 
#  154 | steps:  1651 | steps_t:     0 | t: 0.965323 | r:  -507.000000 | e:   1.000000 | Q:        nan | won: False 
#  155 | steps:  1677 | steps_t:     0 | t: 0.977293 | r:  -514.000000 | e:   1.000000 | Q:        nan | won: False 
#  156 | steps:  1686 | steps_t:     0 | t: 0.982278 | r:  -508.000000 | e:   1.000000 | Q:        nan | won: False 
#  157 | steps:  1697 | steps_t:     0 | t: 0.989260 | r:  -510.000000 | e:   1.000000 | Q:        nan | won: False 
#  158 | steps:  1706 | steps_t:     0 | t: 0.994242 | r:  -508.000000 | e:   1.000000 | Q:        nan | won: False 
#  159 | steps:  1712 | steps_t:     0 | t: 0.998246 | r:  -505.000000 | e:   1.000000 | Q:        nan | won: False 
#  160 | steps:  1721 | steps_t:     0 | t: 1.003190 | r:  -508.000000 | e:   1.000000 | Q:        nan | won: False 
#  161 | steps:  1727 | steps_t:     0 | t: 1.007181 | r:  -505.000000 | e:   1.000000 | Q:        nan | won: False 
#  162 | steps:  1736 | steps_t:     0 | t: 1.011186 | r:  -508.000000 | e:   1.000000 | Q:        nan | won: False 
#  163 | steps:  1744 | steps_t:     0 | t: 1.016155 | r:  -507.000000 | e:   1.000000 | Q:        nan | won: False 
#  164 | steps:  1756 | steps_t:     0 | t: 1.022170 | r:  -511.000000 | e:   1.000000 | Q:        nan | won: False 
#  165 | steps:  1764 | steps_t:     0 | t: 1.027125 | r:  -507.000000 | e:   1.000000 | Q:        nan | won: False 
#  166 | steps:  1770 | steps_t:     0 | t: 1.032145 | r:  -505.000000 | e:   1.000000 | Q:        nan | won: False 
#  167 | steps:  1776 | steps_t:     0 | t: 1.036102 | r:  -505.000000 | e:   1.000000 | Q:        nan | won: False 
#  168 | steps:  1785 | steps_t:     0 | t: 1.041151 | r:  -508.000000 | e:   1.000000 | Q:        nan | won: False 
#  169 | steps:  1806 | steps_t:     0 | t: 1.052192 | r:  -520.000000 | e:   1.000000 | Q:        nan | won: False 
#  170 | steps:  1817 | steps_t:     0 | t: 1.059138 | r:  -510.000000 | e:   1.000000 | Q:        nan | won: False 
#  171 | steps:  1826 | steps_t:     0 | t: 1.064062 | r:  -508.000000 | e:   1.000000 | Q:        nan | won: False 
#  172 | steps:  1831 | steps_t:     0 | t: 1.067051 | r:  -504.000000 | e:   1.000000 | Q:        nan | won: False 
#  173 | steps:  1841 | steps_t:     0 | t: 1.072040 | r:  -509.000000 | e:   1.000000 | Q:        nan | won: False 
#  174 | steps:  1855 | steps_t:     0 | t: 1.080005 | r:  -513.000000 | e:   1.000000 | Q:        nan | won: False 
#  175 | steps:  1874 | steps_t:     0 | t: 1.089008 | r:  -518.000000 | e:   1.000000 | Q:        nan | won: False 
#  176 | steps:  1892 | steps_t:     0 | t: 1.098981 | r:  -517.000000 | e:   1.000000 | Q:        nan | won: False 
#  177 | steps:  1901 | steps_t:     0 | t: 1.102972 | r:  -508.000000 | e:   1.000000 | Q:        nan | won: False 
#  178 | steps:  1911 | steps_t:     0 | t: 1.108906 | r:  -509.000000 | e:   1.000000 | Q:        nan | won: False 
#  179 | steps:  1917 | steps_t:     0 | t: 1.111944 | r:  -505.000000 | e:   1.000000 | Q:        nan | won: False 
#  180 | steps:  1924 | steps_t:     0 | t: 1.115933 | r:  -506.000000 | e:   1.000000 | Q:        nan | won: False 
#  181 | steps:  1933 | steps_t:     0 | t: 1.120876 | r:  -508.000000 | e:   1.000000 | Q:        nan | won: False 
#  182 | steps:  1946 | steps_t:     0 | t: 1.130859 | r:  -512.000000 | e:   1.000000 | Q:        nan | won: False 
#  183 | steps:  1958 | steps_t:     0 | t: 1.137875 | r:  -511.000000 | e:   1.000000 | Q:        nan | won: False 
#  184 | steps:  1967 | steps_t:     0 | t: 1.141866 | r:  -508.000000 | e:   1.000000 | Q:        nan | won: False 
#  185 | steps:  1981 | steps_t:     0 | t: 1.149841 | r:  -513.000000 | e:   1.000000 | Q:        nan | won: False 
#  186 | steps:  1993 | steps_t:     0 | t: 1.158035 | r:  -511.000000 | e:   1.000000 | Q:        nan | won: False 
#  187 | steps:  2008 | steps_t:     0 | t: 1.167792 | r:  -514.000000 | e:   1.000000 | Q:        nan | won: False 
#  188 | steps:  2025 | steps_t:     0 | t: 1.176771 | r:  -516.000000 | e:   1.000000 | Q:        nan | won: False 
#  189 | steps:  2033 | steps_t:     0 | t: 1.182760 | r:  -507.000000 | e:   1.000000 | Q:        nan | won: False 
#  190 | steps:  2052 | steps_t:     0 | t: 1.191734 | r:  -518.000000 | e:   1.000000 | Q:        nan | won: False 
#  191 | steps:  2075 | steps_t:     0 | t: 1.202669 | r:  -522.000000 | e:   1.000000 | Q:        nan | won: False 
#  192 | steps:  2086 | steps_t:     0 | t: 1.207690 | r:  -510.000000 | e:   1.000000 | Q:        nan | won: False 
#  193 | steps:  2103 | steps_t:     0 | t: 1.217664 | r:  -516.000000 | e:   1.000000 | Q:        nan | won: False 
#  194 | steps:  2112 | steps_t:     0 | t: 1.221654 | r:  -508.000000 | e:   1.000000 | Q:        nan | won: False 
#  195 | steps:  2122 | steps_t:     0 | t: 1.226640 | r:  -509.000000 | e:   1.000000 | Q:        nan | won: False 
#  196 | steps:  2132 | steps_t:     0 | t: 1.231708 | r:  -509.000000 | e:   1.000000 | Q:        nan | won: False 
#  197 | steps:  2141 | steps_t:     0 | t: 1.237563 | r:  -508.000000 | e:   1.000000 | Q:        nan | won: False 
#  198 | steps:  2153 | steps_t:     0 | t: 1.243595 | r:  -511.000000 | e:   1.000000 | Q:        nan | won: False 
#  199 | steps:  2165 | steps_t:     0 | t: 1.250579 | r:  -511.000000 | e:   1.000000 | Q:        nan | won: False 
#  200 | steps:  2174 | steps_t:     0 | t: 1.255563 | r:  -508.000000 | e:   1.000000 | Q:        nan | won: False 
#  201 | steps:  2182 | steps_t:     0 | t: 1.259554 | r:  -507.000000 | e:   1.000000 | Q:        nan | won: False 
#  202 | steps:  2188 | steps_t:     0 | t: 1.262527 | r:  -505.000000 | e:   1.000000 | Q:        nan | won: False 
#  203 | steps:  2195 | steps_t:     0 | t: 1.266534 | r:  -506.000000 | e:   1.000000 | Q:        nan | won: False 
#  204 | steps:  2216 | steps_t:     0 | t: 1.277505 | r:  -520.000000 | e:   1.000000 | Q:        nan | won: False 
#  205 | steps:  2224 | steps_t:     0 | t: 1.282485 | r:  -507.000000 | e:   1.000000 | Q:        nan | won: False 
#  206 | steps:  2232 | steps_t:     0 | t: 1.286482 | r:  -507.000000 | e:   1.000000 | Q:        nan | won: False 
#  207 | steps:  2245 | steps_t:     0 | t: 1.292464 | r:  -512.000000 | e:   1.000000 | Q:        nan | won: False 
#  208 | steps:  2253 | steps_t:     0 | t: 1.297401 | r:  -507.000000 | e:   1.000000 | Q:        nan | won: False 
#  209 | steps:  2261 | steps_t:     0 | t: 1.301545 | r:  -507.000000 | e:   1.000000 | Q:        nan | won: False 
#  210 | steps:  2268 | steps_t:     0 | t: 1.306557 | r:  -506.000000 | e:   1.000000 | Q:        nan | won: False 
#  211 | steps:  2274 | steps_t:     0 | t: 1.309670 | r:  -505.000000 | e:   1.000000 | Q:        nan | won: False 
#  212 | steps:  2282 | steps_t:     0 | t: 1.315518 | r:  -507.000000 | e:   1.000000 | Q:        nan | won: False 
#  213 | steps:  2292 | steps_t:     0 | t: 1.323517 | r:  -509.000000 | e:   1.000000 | Q:        nan | won: False 
#  214 | steps:  2309 | steps_t:     0 | t: 1.331494 | r:  -516.000000 | e:   1.000000 | Q:        nan | won: False 
#  215 | steps:  2315 | steps_t:     0 | t: 1.333487 | r:  -505.000000 | e:   1.000000 | Q:        nan | won: False 
#  216 | steps:  2322 | steps_t:     0 | t: 1.338446 | r:  -506.000000 | e:   1.000000 | Q:        nan | won: False 
#  217 | steps:  2330 | steps_t:     0 | t: 1.343414 | r:  -507.000000 | e:   1.000000 | Q:        nan | won: False 
#  218 | steps:  2337 | steps_t:     0 | t: 1.348452 | r:  -506.000000 | e:   1.000000 | Q:        nan | won: False 
#  219 | steps:  2343 | steps_t:     0 | t: 1.351440 | r:  -505.000000 | e:   1.000000 | Q:        nan | won: False 
#  220 | steps:  2354 | steps_t:     0 | t: 1.356426 | r:  -510.000000 | e:   1.000000 | Q:        nan | won: False 
#  221 | steps:  2365 | steps_t:     0 | t: 1.362395 | r:  -510.000000 | e:   1.000000 | Q:        nan | won: False 
#  222 | steps:  2378 | steps_t:     0 | t: 1.369368 | r:  -512.000000 | e:   1.000000 | Q:        nan | won: False 
#  223 | steps:  2388 | steps_t:     0 | t: 1.375375 | r:  -509.000000 | e:   1.000000 | Q:        nan | won: False 
#  224 | steps:  2407 | steps_t:     0 | t: 1.384371 | r:  -518.000000 | e:   1.000000 | Q:        nan | won: False 
#  225 | steps:  2430 | steps_t:     0 | t: 1.396698 | r:  -522.000000 | e:   1.000000 | Q:        nan | won: False 
#  226 | steps:  2438 | steps_t:     0 | t: 1.401258 | r:  -507.000000 | e:   1.000000 | Q:        nan | won: False 
#  227 | steps:  2447 | steps_t:     0 | t: 1.405296 | r:  -508.000000 | e:   1.000000 | Q:        nan | won: False 
#  228 | steps:  2471 | steps_t:     0 | t: 1.417264 | r:  -523.000000 | e:   1.000000 | Q:        nan | won: False 
#  229 | steps:  2481 | steps_t:     0 | t: 1.422251 | r:  -509.000000 | e:   1.000000 | Q:        nan | won: False 
#  230 | steps:  2492 | steps_t:     0 | t: 1.427239 | r:  -510.000000 | e:   1.000000 | Q:        nan | won: False 
#  231 | steps:  2500 | steps_t:     0 | t: 1.432175 | r:  -507.000000 | e:   1.000000 | Q:        nan | won: False 
#  232 | steps:  2510 | steps_t:     0 | t: 1.439205 | r:  -509.000000 | e:   1.000000 | Q:        nan | won: False 
#  233 | steps:  2516 | steps_t:     0 | t: 1.442196 | r:  -505.000000 | e:   1.000000 | Q:        nan | won: False 
#  234 | steps:  2534 | steps_t:     0 | t: 1.451124 | r:  -506.000000 | e:   1.000000 | Q:        nan | won: False 
#  235 | steps:  2542 | steps_t:     0 | t: 1.456566 | r:  -507.000000 | e:   1.000000 | Q:        nan | won: False 
#  236 | steps:  2552 | steps_t:     0 | t: 1.462132 | r:  -509.000000 | e:   1.000000 | Q:        nan | won: False 
#  237 | steps:  2559 | steps_t:     0 | t: 1.467188 | r:  -506.000000 | e:   1.000000 | Q:        nan | won: False 
#  238 | steps:  2568 | steps_t:     0 | t: 1.472068 | r:  -508.000000 | e:   1.000000 | Q:        nan | won: False 
#  239 | steps:  2576 | steps_t:     0 | t: 1.476089 | r:  -507.000000 | e:   1.000000 | Q:        nan | won: False 
#  240 | steps:  2586 | steps_t:     0 | t: 1.481076 | r:  -509.000000 | e:   1.000000 | Q:        nan | won: False 
#  241 | steps:  2592 | steps_t:     0 | t: 1.485034 | r:  -505.000000 | e:   1.000000 | Q:        nan | won: False 
#  242 | steps:  2603 | steps_t:     0 | t: 1.491055 | r:  -510.000000 | e:   1.000000 | Q:        nan | won: False 
#  243 | steps:  2610 | steps_t:     0 | t: 1.495039 | r:  -506.000000 | e:   1.000000 | Q:        nan | won: False 
#  244 | steps:  2622 | steps_t:     0 | t: 1.503024 | r:  -511.000000 | e:   1.000000 | Q:        nan | won: False 
#  245 | steps:  2631 | steps_t:     0 | t: 1.508005 | r:  -508.000000 | e:   1.000000 | Q:        nan | won: False 
#  246 | steps:  2643 | steps_t:     0 | t: 1.512992 | r:  -511.000000 | e:   1.000000 | Q:        nan | won: False 
#  247 | steps:  2654 | steps_t:     0 | t: 1.518956 | r:  -510.000000 | e:   1.000000 | Q:        nan | won: False 
#  248 | steps:  2664 | steps_t:     0 | t: 1.523962 | r:  -509.000000 | e:   1.000000 | Q:        nan | won: False 
#  249 | steps:  2673 | steps_t:     0 | t: 1.527953 | r:  -508.000000 | e:   1.000000 | Q:        nan | won: False 
#  250 | steps:  2691 | steps_t:     0 | t: 1.537893 | r:  -506.000000 | e:   1.000000 | Q:        nan | won: False 
#  251 | steps:  2735 | steps_t:     0 | t: 1.557839 | r:  -543.000000 | e:   1.000000 | Q:        nan | won: False 
#  252 | steps:  2743 | steps_t:     0 | t: 1.563034 | r:  -507.000000 | e:   1.000000 | Q:        nan | won: False 
#  253 | steps:  2749 | steps_t:     0 | t: 1.566818 | r:  -505.000000 | e:   1.000000 | Q:        nan | won: False 
#  254 | steps:  2756 | steps_t:     0 | t: 1.571826 | r:  -506.000000 | e:   1.000000 | Q:        nan | won: False 
#  255 | steps:  2763 | steps_t:     0 | t: 1.575825 | r:  -506.000000 | e:   1.000000 | Q:        nan | won: False 
#  256 | steps:  2772 | steps_t:     0 | t: 1.579815 | r:  -508.000000 | e:   1.000000 | Q:        nan | won: False 
#  257 | steps:  2788 | steps_t:     0 | t: 1.588756 | r:  -515.000000 | e:   1.000000 | Q:        nan | won: False 
#  258 | steps:  2802 | steps_t:     0 | t: 1.595738 | r:  -513.000000 | e:   1.000000 | Q:        nan | won: False 
#  259 | steps:  2811 | steps_t:     0 | t: 1.600760 | r:  -508.000000 | e:   1.000000 | Q:        nan | won: False 
#  260 | steps:  2822 | steps_t:     0 | t: 1.609317 | r:  -510.000000 | e:   1.000000 | Q:        nan | won: False 
#  261 | steps:  2830 | steps_t:     0 | t: 1.615261 | r:  -507.000000 | e:   1.000000 | Q:        nan | won: False 
#  262 | steps:  2837 | steps_t:     0 | t: 1.619250 | r:  -506.000000 | e:   1.000000 | Q:        nan | won: False 
#  263 | steps:  2847 | steps_t:     0 | t: 1.625278 | r:  -509.000000 | e:   1.000000 | Q:        nan | won: False 
#  264 | steps:  2856 | steps_t:     0 | t: 1.635239 | r:  -508.000000 | e:   1.000000 | Q:        nan | won: False 
#  265 | steps:  2875 | steps_t:     0 | t: 1.649171 | r:  -518.000000 | e:   1.000000 | Q:        nan | won: False 
#  266 | steps:  2884 | steps_t:     0 | t: 1.654204 | r:  -508.000000 | e:   1.000000 | Q:        nan | won: False 
#  267 | steps:  2890 | steps_t:     0 | t: 1.658146 | r:  -505.000000 | e:   1.000000 | Q:        nan | won: False 
#  268 | steps:  2909 | steps_t:     0 | t: 1.668200 | r:  -518.000000 | e:   1.000000 | Q:        nan | won: False 
#  269 | steps:  2929 | steps_t:     0 | t: 1.679241 | r:  -519.000000 | e:   1.000000 | Q:        nan | won: False 
#  270 | steps:  2936 | steps_t:     0 | t: 1.687069 | r:  -506.000000 | e:   1.000000 | Q:        nan | won: False 
#  271 | steps:  2945 | steps_t:     0 | t: 1.691679 | r:  -508.000000 | e:   1.000000 | Q:        nan | won: False 
#  272 | steps:  2952 | steps_t:     0 | t: 1.696044 | r:  -506.000000 | e:   1.000000 | Q:        nan | won: False 
#  273 | steps:  2976 | steps_t:     0 | t: 1.709224 | r:  -523.000000 | e:   1.000000 | Q:        nan | won: False 
#  274 | steps:  2992 | steps_t:     0 | t: 1.719980 | r:  -515.000000 | e:   1.000000 | Q:        nan | won: False 
#  275 | steps:  3016 | steps_t:     0 | t: 1.732106 | r:  -523.000000 | e:   1.000000 | Q:        nan | won: False 
#  276 | steps:  3026 | steps_t:     0 | t: 1.737935 | r:  -509.000000 | e:   1.000000 | Q:        nan | won: False 
#  277 | steps:  3035 | steps_t:     0 | t: 1.742955 | r:  -508.000000 | e:   1.000000 | Q:        nan | won: False 
#  278 | steps:  3043 | steps_t:     0 | t: 1.746908 | r:  -507.000000 | e:   1.000000 | Q:        nan | won: False 
#  279 | steps:  3050 | steps_t:     0 | t: 1.751940 | r:  -506.000000 | e:   1.000000 | Q:        nan | won: False 
#  280 | steps:  3059 | steps_t:     0 | t: 1.757046 | r:  -508.000000 | e:   1.000000 | Q:        nan | won: False 
#  281 | steps:  3067 | steps_t:     0 | t: 1.760921 | r:  -507.000000 | e:   1.000000 | Q:        nan | won: False 
#  282 | steps:  3074 | steps_t:     0 | t: 1.765007 | r:  -506.000000 | e:   1.000000 | Q:        nan | won: False 
#  283 | steps:  3085 | steps_t:     0 | t: 1.771841 | r:  -510.000000 | e:   1.000000 | Q:        nan | won: False 
#  284 | steps:  3095 | steps_t:     0 | t: 1.776827 | r:  -509.000000 | e:   1.000000 | Q:        nan | won: False 
#  285 | steps:  3116 | steps_t:     0 | t: 1.788122 | r:  -520.000000 | e:   1.000000 | Q:        nan | won: False 
#  286 | steps:  3128 | steps_t:     0 | t: 1.794779 | r:  -511.000000 | e:   1.000000 | Q:        nan | won: False 
#  287 | steps:  3140 | steps_t:     0 | t: 1.801760 | r:  -511.000000 | e:   1.000000 | Q:        nan | won: False 
#  288 | steps:  3147 | steps_t:     0 | t: 1.804785 | r:  -506.000000 | e:   1.000000 | Q:        nan | won: False 
#  289 | steps:  3158 | steps_t:     0 | t: 1.809766 | r:  -510.000000 | e:   1.000000 | Q:        nan | won: False 
#  290 | steps:  3176 | steps_t:     0 | t: 1.819747 | r:  -517.000000 | e:   1.000000 | Q:        nan | won: False 
#  291 | steps:  3186 | steps_t:     0 | t: 1.823734 | r:  -509.000000 | e:   1.000000 | Q:        nan | won: False 
#  292 | steps:  3199 | steps_t:     0 | t: 1.829686 | r:  -512.000000 | e:   1.000000 | Q:        nan | won: False 
#  293 | steps:  3207 | steps_t:     0 | t: 1.833707 | r:  -507.000000 | e:   1.000000 | Q:        nan | won: False 
#  294 | steps:  3214 | steps_t:     0 | t: 1.838662 | r:  -506.000000 | e:   1.000000 | Q:        nan | won: False 
#  295 | steps:  3226 | steps_t:     0 | t: 1.843682 | r:  -511.000000 | e:   1.000000 | Q:        nan | won: False 
#  296 | steps:  3234 | steps_t:     0 | t: 1.847791 | r:  -507.000000 | e:   1.000000 | Q:        nan | won: False 
#  297 | steps:  3239 | steps_t:     0 | t: 1.851009 | r:  -504.000000 | e:   1.000000 | Q:        nan | won: False 
#  298 | steps:  3246 | steps_t:     0 | t: 1.854655 | r:  -506.000000 | e:   1.000000 | Q:        nan | won: False 
#  299 | steps:  3252 | steps_t:     0 | t: 1.858640 | r:  -505.000000 | e:   1.000000 | Q:        nan | won: False 
#  300 | steps:  3265 | steps_t:     0 | t: 1.864654 | r:  -512.000000 | e:   1.000000 | Q:        nan | won: False 
#  301 | steps:  3272 | steps_t:     0 | t: 1.868630 | r:  -506.000000 | e:   1.000000 | Q:        nan | won: False 
#  302 | steps:  3278 | steps_t:     0 | t: 1.871624 | r:  -505.000000 | e:   1.000000 | Q:        nan | won: False 
#  303 | steps:  3286 | steps_t:     0 | t: 1.875563 | r:  -507.000000 | e:   1.000000 | Q:        nan | won: False 
#  304 | steps:  3302 | steps_t:     0 | t: 1.883542 | r:  -515.000000 | e:   1.000000 | Q:        nan | won: False 
#  305 | steps:  3308 | steps_t:     0 | t: 1.888575 | r:  -505.000000 | e:   1.000000 | Q:        nan | won: False 
#  306 | steps:  3318 | steps_t:     0 | t: 1.893565 | r:  -509.000000 | e:   1.000000 | Q:        nan | won: False 
#  307 | steps:  3328 | steps_t:     0 | t: 1.899549 | r:  -509.000000 | e:   1.000000 | Q:        nan | won: False 
#  308 | steps:  3348 | steps_t:     0 | t: 1.908524 | r:  -519.000000 | e:   1.000000 | Q:        nan | won: False 
#  309 | steps:  3354 | steps_t:     0 | t: 1.912514 | r:  -505.000000 | e:   1.000000 | Q:        nan | won: False 
#  310 | steps:  3361 | steps_t:     0 | t: 1.915456 | r:  -506.000000 | e:   1.000000 | Q:        nan | won: False 
#  311 | steps:  3369 | steps_t:     0 | t: 1.920444 | r:  -507.000000 | e:   1.000000 | Q:        nan | won: False 
#  312 | steps:  3383 | steps_t:     0 | t: 1.927478 | r:  -513.000000 | e:   1.000000 | Q:        nan | won: False 
#  313 | steps:  3394 | steps_t:     0 | t: 1.934442 | r:  -510.000000 | e:   1.000000 | Q:        nan | won: False 
#  314 | steps:  3402 | steps_t:     0 | t: 1.938427 | r:  -507.000000 | e:   1.000000 | Q:        nan | won: False 
#  315 | steps:  3422 | steps_t:     0 | t: 1.948400 | r:  -519.000000 | e:   1.000000 | Q:        nan | won: False 
#  316 | steps:  3429 | steps_t:     0 | t: 1.952358 | r:  -506.000000 | e:   1.000000 | Q:        nan | won: False 
#  317 | steps:  3454 | steps_t:     0 | t: 1.967351 | r:  -524.000000 | e:   1.000000 | Q:        nan | won: False 
#  318 | steps:  3463 | steps_t:     0 | t: 1.973342 | r:  -508.000000 | e:   1.000000 | Q:        nan | won: False 
#  319 | steps:  3470 | steps_t:     0 | t: 1.976328 | r:  -506.000000 | e:   1.000000 | Q:        nan | won: False 
#  320 | steps:  3491 | steps_t:     0 | t: 1.988294 | r:  -520.000000 | e:   1.000000 | Q:        nan | won: False 
#  321 | steps:  3502 | steps_t:     0 | t: 1.994298 | r:  -510.000000 | e:   1.000000 | Q:        nan | won: False 
#  322 | steps:  3512 | steps_t:     0 | t: 2.000274 | r:  -509.000000 | e:   1.000000 | Q:        nan | won: False 
#  323 | steps:  3518 | steps_t:     0 | t: 2.004267 | r:  -505.000000 | e:   1.000000 | Q:        nan | won: False 
#  324 | steps:  3528 | steps_t:     0 | t: 2.008912 | r:  -509.000000 | e:   1.000000 | Q:        nan | won: False 
#  325 | steps:  3549 | steps_t:     0 | t: 2.018834 | r:  -520.000000 | e:   1.000000 | Q:        nan | won: False 
#  326 | steps:  3565 | steps_t:     0 | t: 2.028807 | r:  -504.000000 | e:   1.000000 | Q:        nan | won: False 
#  327 | steps:  3578 | steps_t:     0 | t: 2.037299 | r:  -512.000000 | e:   1.000000 | Q:        nan | won: False 
#  328 | steps:  3583 | steps_t:     0 | t: 2.039896 | r:  -504.000000 | e:   1.000000 | Q:        nan | won: False 
#  329 | steps:  3591 | steps_t:     0 | t: 2.043809 | r:  -507.000000 | e:   1.000000 | Q:        nan | won: False 
#  330 | steps:  3600 | steps_t:     0 | t: 2.048754 | r:  -508.000000 | e:   1.000000 | Q:        nan | won: False 
#  331 | steps:  3608 | steps_t:     0 | t: 2.053776 | r:  -507.000000 | e:   1.000000 | Q:        nan | won: False 
#  332 | steps:  3634 | steps_t:     0 | t: 2.070059 | r:  -525.000000 | e:   1.000000 | Q:        nan | won: False 
#  333 | steps:  3644 | steps_t:     0 | t: 2.076679 | r:  -509.000000 | e:   1.000000 | Q:        nan | won: False 
#  334 | steps:  3657 | steps_t:     0 | t: 2.083660 | r:  -512.000000 | e:   1.000000 | Q:        nan | won: False 
#  335 | steps:  3677 | steps_t:     0 | t: 2.098180 | r:  -519.000000 | e:   1.000000 | Q:        nan | won: False 
#  336 | steps:  3695 | steps_t:     0 | t: 2.106645 | r:  -517.000000 | e:   1.000000 | Q:        nan | won: False 
#  337 | steps:  3717 | steps_t:     0 | t: 2.116573 | r:  -521.000000 | e:   1.000000 | Q:        nan | won: False 
#  338 | steps:  3725 | steps_t:     0 | t: 2.121597 | r:  -507.000000 | e:   1.000000 | Q:        nan | won: False 
#  339 | steps:  3736 | steps_t:     0 | t: 2.127568 | r:  -510.000000 | e:   1.000000 | Q:        nan | won: False 
#  340 | steps:  3762 | steps_t:     0 | t: 2.141539 | r:  -525.000000 | e:   1.000000 | Q:        nan | won: False 
#  341 | steps:  3772 | steps_t:     0 | t: 2.146508 | r:  -509.000000 | e:   1.000000 | Q:        nan | won: False 
#  342 | steps:  3779 | steps_t:     0 | t: 2.151510 | r:  -506.000000 | e:   1.000000 | Q:        nan | won: False 
#  343 | steps:  3795 | steps_t:     0 | t: 2.160640 | r:  -504.000000 | e:   1.000000 | Q:        nan | won: False 
#  344 | steps:  3802 | steps_t:     0 | t: 2.165471 | r:  -506.000000 | e:   1.000000 | Q:        nan | won: False 
#  345 | steps:  3808 | steps_t:     0 | t: 2.169430 | r:  -505.000000 | e:   1.000000 | Q:        nan | won: False 
#  346 | steps:  3814 | steps_t:     0 | t: 2.173906 | r:  -505.000000 | e:   1.000000 | Q:        nan | won: False 
#  347 | steps:  3826 | steps_t:     0 | t: 2.182396 | r:  -511.000000 | e:   1.000000 | Q:        nan | won: False 
#  348 | steps:  3833 | steps_t:     0 | t: 2.187557 | r:  -506.000000 | e:   1.000000 | Q:        nan | won: False 
#  349 | steps:  3839 | steps_t:     0 | t: 2.191371 | r:  -505.000000 | e:   1.000000 | Q:        nan | won: False 
#  350 | steps:  3857 | steps_t:     0 | t: 2.207331 | r:  -517.000000 | e:   1.000000 | Q:        nan | won: False 
#  351 | steps:  3869 | steps_t:     0 | t: 2.214348 | r:  -511.000000 | e:   1.000000 | Q:        nan | won: False 
#  352 | steps:  3876 | steps_t:     0 | t: 2.218299 | r:  -506.000000 | e:   1.000000 | Q:        nan | won: False 
#  353 | steps:  3884 | steps_t:     0 | t: 2.222321 | r:  -507.000000 | e:   1.000000 | Q:        nan | won: False 
#  354 | steps:  3891 | steps_t:     0 | t: 2.227422 | r:  -506.000000 | e:   1.000000 | Q:        nan | won: False 
#  355 | steps:  3902 | steps_t:     0 | t: 2.232296 | r:  -510.000000 | e:   1.000000 | Q:        nan | won: False 
#  356 | steps:  3911 | steps_t:     0 | t: 2.238246 | r:  -508.000000 | e:   1.000000 | Q:        nan | won: False 
#  357 | steps:  3922 | steps_t:     0 | t: 2.244230 | r:  -510.000000 | e:   1.000000 | Q:        nan | won: False 
#  358 | steps:  3929 | steps_t:     0 | t: 2.248271 | r:  -506.000000 | e:   1.000000 | Q:        nan | won: False 
#  359 | steps:  3936 | steps_t:     0 | t: 2.253236 | r:  -506.000000 | e:   1.000000 | Q:        nan | won: False 
#  360 | steps:  3949 | steps_t:     0 | t: 2.260220 | r:  -512.000000 | e:   1.000000 | Q:        nan | won: False 
#  361 | steps:  3958 | steps_t:     0 | t: 2.265173 | r:  -508.000000 | e:   1.000000 | Q:        nan | won: False 
#  362 | steps:  3971 | steps_t:     0 | t: 2.273186 | r:  -512.000000 | e:   1.000000 | Q:        nan | won: False 
#  363 | steps:  3980 | steps_t:     0 | t: 2.280134 | r:  -508.000000 | e:   1.000000 | Q:        nan | won: False 
#  364 | steps:  3997 | steps_t:     0 | t: 2.291147 | r:  -516.000000 | e:   1.000000 | Q:        nan | won: False 
#  365 | steps:  4003 | steps_t:     0 | t: 2.295128 | r:  -505.000000 | e:   1.000000 | Q:        nan | won: False 
#  366 | steps:  4011 | steps_t:     0 | t: 2.300164 | r:  -507.000000 | e:   1.000000 | Q:        nan | won: False 
#  367 | steps:  4020 | steps_t:     0 | t: 2.306695 | r:  -508.000000 | e:   1.000000 | Q:        nan | won: False 
#  368 | steps:  4028 | steps_t:     0 | t: 2.311685 | r:  -507.000000 | e:   1.000000 | Q:        nan | won: False 
#  369 | steps:  4035 | steps_t:     0 | t: 2.316673 | r:  -506.000000 | e:   1.000000 | Q:        nan | won: False 
#  370 | steps:  4045 | steps_t:     0 | t: 2.322701 | r:  -509.000000 | e:   1.000000 | Q:        nan | won: False 
#  371 | steps:  4055 | steps_t:     0 | t: 2.329670 | r:  -509.000000 | e:   1.000000 | Q:        nan | won: False 
#  372 | steps:  4061 | steps_t:     0 | t: 2.333627 | r:  -505.000000 | e:   1.000000 | Q:        nan | won: False 
#  373 | steps:  4073 | steps_t:     0 | t: 2.341646 | r:  -511.000000 | e:   1.000000 | Q:        nan | won: False 
#  374 | steps:  4080 | steps_t:     0 | t: 2.346592 | r:  -506.000000 | e:   1.000000 | Q:        nan | won: False 
#  375 | steps:  4087 | steps_t:     0 | t: 2.351612 | r:  -506.000000 | e:   1.000000 | Q:        nan | won: False 
#  376 | steps:  4096 | steps_t:     0 | t: 2.357606 | r:  -508.000000 | e:   1.000000 | Q:        nan | won: False 
#  377 | steps:  4105 | steps_t:     0 | t: 2.362549 | r:  -508.000000 | e:   1.000000 | Q:        nan | won: False 
#  378 | steps:  4117 | steps_t:     0 | t: 2.370528 | r:  -511.000000 | e:   1.000000 | Q:        nan | won: False 
#  379 | steps:  4125 | steps_t:     0 | t: 2.375542 | r:  -507.000000 | e:   1.000000 | Q:        nan | won: False 
#  380 | steps:  4132 | steps_t:     0 | t: 2.380500 | r:  -506.000000 | e:   1.000000 | Q:        nan | won: False 
#  381 | steps:  4141 | steps_t:     0 | t: 2.385520 | r:  -508.000000 | e:   1.000000 | Q:        nan | won: False 
#  382 | steps:  4152 | steps_t:     0 | t: 2.392469 | r:  -510.000000 | e:   1.000000 | Q:        nan | won: False 
#  383 | steps:  4170 | steps_t:     0 | t: 2.402490 | r:  -517.000000 | e:   1.000000 | Q:        nan | won: False 
#  384 | steps:  4178 | steps_t:     0 | t: 2.407428 | r:  -507.000000 | e:   1.000000 | Q:        nan | won: False 
#  385 | steps:  4187 | steps_t:     0 | t: 2.412537 | r:  -508.000000 | e:   1.000000 | Q:        nan | won: False 
#  386 | steps:  4194 | steps_t:     0 | t: 2.416785 | r:  -506.000000 | e:   1.000000 | Q:        nan | won: False 
#  387 | steps:  4201 | steps_t:     0 | t: 2.420563 | r:  -506.000000 | e:   1.000000 | Q:        nan | won: False 
#  388 | steps:  4210 | steps_t:     0 | t: 2.425548 | r:  -508.000000 | e:   1.000000 | Q:        nan | won: False 
#  389 | steps:  4233 | steps_t:     0 | t: 2.437519 | r:  -522.000000 | e:   1.000000 | Q:        nan | won: False 
#  390 | steps:  4241 | steps_t:     0 | t: 2.441509 | r:  -507.000000 | e:   1.000000 | Q:        nan | won: False 
#  391 | steps:  4252 | steps_t:     0 | t: 2.447478 | r:  -510.000000 | e:   1.000000 | Q:        nan | won: False 
#  392 | steps:  4261 | steps_t:     0 | t: 2.453454 | r:  -508.000000 | e:   1.000000 | Q:        nan | won: False 
#  393 | steps:  4269 | steps_t:     0 | t: 2.457466 | r:  -507.000000 | e:   1.000000 | Q:        nan | won: False 
#  394 | steps:  4291 | steps_t:     0 | t: 2.469434 | r:  -521.000000 | e:   1.000000 | Q:        nan | won: False 
#  395 | steps:  4300 | steps_t:     0 | t: 2.474421 | r:  -508.000000 | e:   1.000000 | Q:        nan | won: False 
#  396 | steps:  4309 | steps_t:     0 | t: 2.479408 | r:  -508.000000 | e:   1.000000 | Q:        nan | won: False 
#  397 | steps:  4366 | steps_t:     0 | t: 2.509658 | r:  -556.000000 | e:   1.000000 | Q:        nan | won: False 
#  398 | steps:  4388 | steps_t:     0 | t: 2.521662 | r:  -521.000000 | e:   1.000000 | Q:        nan | won: False 
#  399 | steps:  4399 | steps_t:     0 | t: 2.526613 | r:  -510.000000 | e:   1.000000 | Q:        nan | won: False 
#  400 | steps:  4413 | steps_t:     0 | t: 2.536585 | r:  -513.000000 | e:   1.000000 | Q:        nan | won: False 
#  401 | steps:  4423 | steps_t:     0 | t: 2.542603 | r:  -509.000000 | e:   1.000000 | Q:        nan | won: False 
#  402 | steps:  4431 | steps_t:     0 | t: 2.546558 | r:  -507.000000 | e:   1.000000 | Q:        nan | won: False 
#  403 | steps:  4438 | steps_t:     0 | t: 2.551596 | r:  -506.000000 | e:   1.000000 | Q:        nan | won: False 
#  404 | steps:  4443 | steps_t:     0 | t: 2.555569 | r:  -504.000000 | e:   1.000000 | Q:        nan | won: False 
#  405 | steps:  4451 | steps_t:     0 | t: 2.559684 | r:  -507.000000 | e:   1.000000 | Q:        nan | won: False 
#  406 | steps:  4458 | steps_t:     0 | t: 2.564736 | r:  -506.000000 | e:   1.000000 | Q:        nan | won: False 
#  407 | steps:  4469 | steps_t:     0 | t: 2.571526 | r:  -510.000000 | e:   1.000000 | Q:        nan | won: False 
#  408 | steps:  4476 | steps_t:     0 | t: 2.575517 | r:  -506.000000 | e:   1.000000 | Q:        nan | won: False 
#  409 | steps:  4486 | steps_t:     0 | t: 2.580500 | r:  -509.000000 | e:   1.000000 | Q:        nan | won: False 
#  410 | steps:  4491 | steps_t:     0 | t: 2.583769 | r:  -504.000000 | e:   1.000000 | Q:        nan | won: False 
#  411 | steps:  4502 | steps_t:     0 | t: 2.589445 | r:  -510.000000 | e:   1.000000 | Q:        nan | won: False 
#  412 | steps:  4515 | steps_t:     0 | t: 2.596456 | r:  -512.000000 | e:   1.000000 | Q:        nan | won: False 
#  413 | steps:  4526 | steps_t:     0 | t: 2.602441 | r:  -510.000000 | e:   1.000000 | Q:        nan | won: False 
#  414 | steps:  4536 | steps_t:     0 | t: 2.607427 | r:  -509.000000 | e:   1.000000 | Q:        nan | won: False 
#  415 | steps:  4543 | steps_t:     0 | t: 2.610538 | r:  -506.000000 | e:   1.000000 | Q:        nan | won: False 
#  416 | steps:  4551 | steps_t:     0 | t: 2.615406 | r:  -507.000000 | e:   1.000000 | Q:        nan | won: False 
#  417 | steps:  4563 | steps_t:     0 | t: 2.621389 | r:  -511.000000 | e:   1.000000 | Q:        nan | won: False 
#  418 | steps:  4570 | steps_t:     0 | t: 2.624465 | r:  -506.000000 | e:   1.000000 | Q:        nan | won: False 
#  419 | steps:  4577 | steps_t:     0 | t: 2.628527 | r:  -506.000000 | e:   1.000000 | Q:        nan | won: False 
#  420 | steps:  4589 | steps_t:     0 | t: 2.634356 | r:  -511.000000 | e:   1.000000 | Q:        nan | won: False 
#  421 | steps:  4599 | steps_t:     0 | t: 2.639583 | r:  -509.000000 | e:   1.000000 | Q:        nan | won: False 
#  422 | steps:  4605 | steps_t:     0 | t: 2.642324 | r:  -505.000000 | e:   1.000000 | Q:        nan | won: False 
#  423 | steps:  4614 | steps_t:     0 | t: 2.647289 | r:  -508.000000 | e:   1.000000 | Q:        nan | won: False 
#  424 | steps:  4622 | steps_t:     0 | t: 2.651311 | r:  -507.000000 | e:   1.000000 | Q:        nan | won: False 
#  425 | steps:  4641 | steps_t:     0 | t: 2.664357 | r:  -518.000000 | e:   1.000000 | Q:        nan | won: False 
#  426 | steps:  4652 | steps_t:     0 | t: 2.670228 | r:  -510.000000 | e:   1.000000 | Q:        nan | won: False 
#  427 | steps:  4661 | steps_t:     0 | t: 2.675262 | r:  -508.000000 | e:   1.000000 | Q:        nan | won: False 
#  428 | steps:  4668 | steps_t:     0 | t: 2.679235 | r:  -506.000000 | e:   1.000000 | Q:        nan | won: False 
#  429 | steps:  4678 | steps_t:     0 | t: 2.684189 | r:  -509.000000 | e:   1.000000 | Q:        nan | won: False 
#  430 | steps:  4703 | steps_t:     0 | t: 2.702065 | r:  -524.000000 | e:   1.000000 | Q:        nan | won: False 
#  431 | steps:  4709 | steps_t:     0 | t: 2.706037 | r:  -505.000000 | e:   1.000000 | Q:        nan | won: False 
#  432 | steps:  4722 | steps_t:     0 | t: 2.716010 | r:  -512.000000 | e:   1.000000 | Q:        nan | won: False 
#  433 | steps:  4728 | steps_t:     0 | t: 2.719002 | r:  -505.000000 | e:   1.000000 | Q:        nan | won: False 
#  434 | steps:  4737 | steps_t:     0 | t: 2.724399 | r:  -508.000000 | e:   1.000000 | Q:        nan | won: False 
#  435 | steps:  4757 | steps_t:     0 | t: 2.736956 | r:  -519.000000 | e:   1.000000 | Q:        nan | won: False 
#  436 | steps:  4765 | steps_t:     0 | t: 2.741973 | r:  -507.000000 | e:   1.000000 | Q:        nan | won: False 
#  437 | steps:  4771 | steps_t:     0 | t: 2.745929 | r:  -505.000000 | e:   1.000000 | Q:        nan | won: False 
#  438 | steps:  4777 | steps_t:     0 | t: 2.750129 | r:  -505.000000 | e:   1.000000 | Q:        nan | won: False 
#  439 | steps:  4786 | steps_t:     0 | t: 2.754936 | r:  -508.000000 | e:   1.000000 | Q:        nan | won: False 
#  440 | steps:  4791 | steps_t:     0 | t: 2.758012 | r:  -504.000000 | e:   1.000000 | Q:        nan | won: False 
#  441 | steps:  4802 | steps_t:     0 | t: 2.763920 | r:  -510.000000 | e:   1.000000 | Q:        nan | won: False 
#  442 | steps:  4815 | steps_t:     0 | t: 2.770972 | r:  -512.000000 | e:   1.000000 | Q:        nan | won: False 
#  443 | steps:  4825 | steps_t:     0 | t: 2.775850 | r:  -509.000000 | e:   1.000000 | Q:        nan | won: False 
#  444 | steps:  4833 | steps_t:     0 | t: 2.780869 | r:  -507.000000 | e:   1.000000 | Q:        nan | won: False 
#  445 | steps:  4843 | steps_t:     0 | t: 2.785964 | r:  -509.000000 | e:   1.000000 | Q:        nan | won: False 
#  446 | steps:  4851 | steps_t:     0 | t: 2.789812 | r:  -507.000000 | e:   1.000000 | Q:        nan | won: False 
#  447 | steps:  4861 | steps_t:     0 | t: 2.795796 | r:  -509.000000 | e:   1.000000 | Q:        nan | won: False 
#  448 | steps:  4868 | steps_t:     0 | t: 2.799816 | r:  -506.000000 | e:   1.000000 | Q:        nan | won: False 
#  449 | steps:  4881 | steps_t:     0 | t: 2.806766 | r:  -512.000000 | e:   1.000000 | Q:        nan | won: False 
#  450 | steps:  4890 | steps_t:     0 | t: 2.812851 | r:  -508.000000 | e:   1.000000 | Q:        nan | won: False 
#  451 | steps:  4903 | steps_t:     0 | t: 2.820730 | r:  -512.000000 | e:   1.000000 | Q:        nan | won: False 
#  452 | steps:  4920 | steps_t:     0 | t: 2.829707 | r:  -516.000000 | e:   1.000000 | Q:        nan | won: False 
#  453 | steps:  4927 | steps_t:     0 | t: 2.834692 | r:  -506.000000 | e:   1.000000 | Q:        nan | won: False 
#  454 | steps:  4935 | steps_t:     0 | t: 2.839710 | r:  -507.000000 | e:   1.000000 | Q:        nan | won: False 
#  455 | steps:  4947 | steps_t:     0 | t: 2.846660 | r:  -511.000000 | e:   1.000000 | Q:        nan | won: False 
#  456 | steps:  4954 | steps_t:     0 | t: 2.850649 | r:  -506.000000 | e:   1.000000 | Q:        nan | won: False 
#  457 | steps:  4961 | steps_t:     0 | t: 2.855635 | r:  -506.000000 | e:   1.000000 | Q:        nan | won: False 
#  458 | steps:  4967 | steps_t:     0 | t: 2.858660 | r:  -505.000000 | e:   1.000000 | Q:        nan | won: False 
#  459 | steps:  4974 | steps_t:     0 | t: 2.862617 | r:  -506.000000 | e:   1.000000 | Q:        nan | won: False 
#  460 | steps:  4992 | steps_t:     0 | t: 2.872624 | r:  -517.000000 | e:   1.000000 | Q:        nan | won: False 
#  461 | steps:  5009 | steps_t:     8 | t: 2.983295 | r:  -516.000000 | e:   0.999200 | Q:        nan | won: False 
#  462 | steps:  5015 | steps_t:    13 | t: 3.029316 | r:  -505.000000 | e:   0.998700 | Q:        nan | won: False 
#  463 | steps:  5022 | steps_t:    19 | t: 3.083205 | r:  -506.000000 | e:   0.998100 | Q:        nan | won: False 
#  464 | steps:  5030 | steps_t:    26 | t: 3.143056 | r:  -507.000000 | e:   0.997400 | Q:        nan | won: False 
#  465 | steps:  5040 | steps_t:    35 | t: 3.225132 | r:  -509.000000 | e:   0.996500 | Q:        nan | won: False 
#  466 | steps:  5054 | steps_t:    48 | t: 3.351833 | r:  -513.000000 | e:   0.995200 | Q:        nan | won: False 
#  467 | steps:  5064 | steps_t:    57 | t: 3.435755 | r:  -509.000000 | e:   0.994300 | Q:        nan | won: False 
#  468 | steps:  5073 | steps_t:    65 | t: 3.511553 | r:  -508.000000 | e:   0.993500 | Q:        nan | won: False 
#  469 | steps:  5079 | steps_t:    70 | t: 3.560450 | r:  -505.000000 | e:   0.993000 | Q:        nan | won: False 
#  470 | steps:  5092 | steps_t:    82 | t: 3.672393 | r:  -512.000000 | e:   0.991800 | Q:        nan | won: False 
#  471 | steps:  5098 | steps_t:    87 | t: 3.719853 | r:  -505.000000 | e:   0.991300 | Q:        nan | won: False 
#  472 | steps:  5108 | steps_t:    96 | t: 3.803626 | r:  -509.000000 | e:   0.990400 | Q:        nan | won: False 
#  473 | steps:  5116 | steps_t:   103 | t: 3.870862 | r:  -507.000000 | e:   0.989700 | Q:        nan | won: False 
#  474 | steps:  5123 | steps_t:   109 | t: 3.926730 | r:  -506.000000 | e:   0.989100 | Q:        nan | won: False 
#  475 | steps:  5133 | steps_t:   118 | t: 4.009509 | r:  -509.000000 | e:   0.988200 | Q: -144.954742 | won: False 
#  476 | steps:  5148 | steps_t:   132 | t: 4.135476 | r:  -514.000000 | e:   0.986800 | Q:        nan | won: False 
#  477 | steps:  5175 | steps_t:   158 | t: 4.373162 | r:  -526.000000 | e:   0.984200 | Q: -278.833160 | won: False 
#  478 | steps:  5182 | steps_t:   164 | t: 4.426195 | r:  -506.000000 | e:   0.983600 | Q:        nan | won: False 
#  479 | steps:  5195 | steps_t:   176 | t: 4.535095 | r:  -512.000000 | e:   0.982400 | Q:        nan | won: False 
#  480 | steps:  5202 | steps_t:   182 | t: 4.590944 | r:  -506.000000 | e:   0.981800 | Q: -295.444000 | won: False 
#  481 | steps:  5214 | steps_t:   193 | t: 4.690952 | r:  -511.000000 | e:   0.980700 | Q: -244.003677 | won: False 
#  482 | steps:  5221 | steps_t:   199 | t: 4.747968 | r:  -506.000000 | e:   0.980100 | Q:        nan | won: False 
#  483 | steps:  5229 | steps_t:   206 | t: 4.812827 | r:  -507.000000 | e:   0.979400 | Q:        nan | won: False 
#  484 | steps:  5238 | steps_t:   214 | t: 4.886597 | r:  -508.000000 | e:   0.978600 | Q:        nan | won: False 
#  485 | steps:  5248 | steps_t:   223 | t: 4.968953 | r:  -509.000000 | e:   0.977700 | Q:        nan | won: False 
#  486 | steps:  5259 | steps_t:   233 | t: 5.066830 | r:  -510.000000 | e:   0.976700 | Q:        nan | won: False 
#  487 | steps:  5266 | steps_t:   239 | t: 5.121904 | r:  -506.000000 | e:   0.976100 | Q:        nan | won: False 
#  488 | steps:  5280 | steps_t:   252 | t: 5.238896 | r:  -513.000000 | e:   0.974800 | Q:        nan | won: False 
#  489 | steps:  5290 | steps_t:   261 | t: 5.320530 | r:  -509.000000 | e:   0.973900 | Q: -305.606140 | won: False 
#  490 | steps:  5298 | steps_t:   268 | t: 5.384324 | r:  -507.000000 | e:   0.973200 | Q:        nan | won: False 
#  491 | steps:  5306 | steps_t:   275 | t: 5.450149 | r:  -507.000000 | e:   0.972500 | Q:        nan | won: False 
#  492 | steps:  5313 | steps_t:   281 | t: 5.511981 | r:  -506.000000 | e:   0.971900 | Q:        nan | won: False 
#  493 | steps:  5325 | steps_t:   292 | t: 5.645081 | r:  -511.000000 | e:   0.970800 | Q: -294.405823 | won: False 
#  494 | steps:  5336 | steps_t:   302 | t: 5.749618 | r:  -510.000000 | e:   0.969800 | Q:        nan | won: False 
#  495 | steps:  5360 | steps_t:   325 | t: 6.000603 | r:  -523.000000 | e:   0.967500 | Q: -282.031647 | won: False 
#  496 | steps:  5366 | steps_t:   330 | t: 6.059448 | r:  -505.000000 | e:   0.967000 | Q:        nan | won: False 
#  497 | steps:  5377 | steps_t:   340 | t: 6.183593 | r:  -510.000000 | e:   0.966000 | Q:        nan | won: False 
#  498 | steps:  5397 | steps_t:   359 | t: 6.424052 | r:  -508.000000 | e:   0.964100 | Q: -275.635498 | won: False 
#  499 | steps:  5405 | steps_t:   366 | t: 6.514942 | r:  -507.000000 | e:   0.963400 | Q:        nan | won: False 
#  500 | steps:  5414 | steps_t:   374 | t: 6.620948 | r:  -508.000000 | e:   0.962600 | Q:        nan | won: False 
#  501 | steps:  5426 | steps_t:   385 | t: 6.763296 | r:  -511.000000 | e:   0.961500 | Q:        nan | won: False 
#  502 | steps:  5433 | steps_t:   391 | t: 6.842431 | r:  -506.000000 | e:   0.960900 | Q:        nan | won: False 
#  503 | steps:  5443 | steps_t:   400 | t: 6.962701 | r:  -509.000000 | e:   0.960000 | Q: -313.274139 | won: False 
#  504 | steps:  5451 | steps_t:   407 | t: 7.059407 | r:  -507.000000 | e:   0.959300 | Q:        nan | won: False 
#  505 | steps:  5459 | steps_t:   414 | t: 7.155691 | r:  -507.000000 | e:   0.958600 | Q:        nan | won: False 
#  506 | steps:  5466 | steps_t:   420 | t: 7.240001 | r:  -506.000000 | e:   0.958000 | Q:        nan | won: False 
#  507 | steps:  5473 | steps_t:   426 | t: 7.324110 | r:  -506.000000 | e:   0.957400 | Q:        nan | won: False 
#  508 | steps:  5530 | steps_t:   482 | t: 8.074962 | r:  -545.000000 | e:   0.951800 | Q: -326.800903 | won: False 
#  509 | steps:  5544 | steps_t:   495 | t: 8.251858 | r:  -513.000000 | e:   0.950500 | Q:        nan | won: False 
#  510 | steps:  5551 | steps_t:   501 | t: 8.333600 | r:  -506.000000 | e:   0.949900 | Q:        nan | won: False 
#  511 | steps:  5562 | steps_t:   511 | t: 8.473384 | r:  -510.000000 | e:   0.948900 | Q:        nan | won: False 
#  512 | steps:  5573 | steps_t:   521 | t: 8.614996 | r:  -510.000000 | e:   0.947900 | Q: -275.100739 | won: False 
#  513 | steps:  5579 | steps_t:   526 | t: 8.684850 | r:  -505.000000 | e:   0.947400 | Q:        nan | won: False 
#  514 | steps:  5587 | steps_t:   533 | t: 8.780382 | r:  -507.000000 | e:   0.946700 | Q:        nan | won: False 
#  515 | steps:  5597 | steps_t:   542 | t: 8.905373 | r:  -509.000000 | e:   0.945800 | Q: -295.935242 | won: False 
#  516 | steps:  5610 | steps_t:   554 | t: 9.077440 | r:  -512.000000 | e:   0.944600 | Q: -307.586670 | won: False 
#  517 | steps:  5619 | steps_t:   562 | t: 9.164339 | r:  -508.000000 | e:   0.943800 | Q:        nan | won: False 
#  518 | steps:  5632 | steps_t:   574 | t: 9.289199 | r:  -512.000000 | e:   0.942600 | Q:        nan | won: False 
#  519 | steps:  5656 | steps_t:   597 | t: 9.521171 | r:  -523.000000 | e:   0.940300 | Q: -320.904724 | won: False 
