#    1 | steps:     7 | steps_t:     0 | t: 0.021399 | r:  -506.000000 | e:   1.000000 | Q:        nan | won: False 
#    2 | steps:    12 | steps_t:     0 | t: 0.024021 | r:  -504.000000 | e:   1.000000 | Q:        nan | won: False 
#    3 | steps:    19 | steps_t:     0 | t: 0.026928 | r:  -506.000000 | e:   1.000000 | Q:        nan | won: False 
#    4 | steps:    26 | steps_t:     0 | t: 0.031033 | r:  -506.000000 | e:   1.000000 | Q:        nan | won: False 
#    5 | steps:    39 | steps_t:     0 | t: 0.035906 | r:  -512.000000 | e:   1.000000 | Q:        nan | won: False 
#    6 | steps:    51 | steps_t:     0 | t: 0.040858 | r:  -511.000000 | e:   1.000000 | Q:        nan | won: False 
#    7 | steps:    59 | steps_t:     0 | t: 0.045845 | r:  -507.000000 | e:   1.000000 | Q:        nan | won: False 
#    8 | steps:    66 | steps_t:     0 | t: 0.048945 | r:  -506.000000 | e:   1.000000 | Q:        nan | won: False 
#    9 | steps:    76 | steps_t:     0 | t: 0.054193 | r:  -509.000000 | e:   1.000000 | Q:        nan | won: False 
#   10 | steps:    87 | steps_t:     0 | t: 0.060806 | r:  -510.000000 | e:   1.000000 | Q:        nan | won: False 
#   11 | steps:    99 | steps_t:     0 | t: 0.068000 | r:  -511.000000 | e:   1.000000 | Q:        nan | won: False 
#   12 | steps:   108 | steps_t:     0 | t: 0.073770 | r:  -508.000000 | e:   1.000000 | Q:        nan | won: False 
#   13 | steps:   114 | steps_t:     0 | t: 0.077802 | r:  -505.000000 | e:   1.000000 | Q:        nan | won: False 
#   14 | steps:   122 | steps_t:     0 | t: 0.081780 | r:  -507.000000 | e:   1.000000 | Q:        nan | won: False 
#   15 | steps:   131 | steps_t:     0 | t: 0.086735 | r:  -508.000000 | e:   1.000000 | Q:        nan | won: False 
#   16 | steps:   140 | steps_t:     0 | t: 0.091939 | r:  -508.000000 | e:   1.000000 | Q:        nan | won: False 
#   17 | steps:   154 | steps_t:     0 | t: 0.098883 | r:  -513.000000 | e:   1.000000 | Q:        nan | won: False 
#   18 | steps:   162 | steps_t:     0 | t: 0.103690 | r:  -507.000000 | e:   1.000000 | Q:        nan | won: False 
#   19 | steps:   168 | steps_t:     0 | t: 0.106723 | r:  -505.000000 | e:   1.000000 | Q:        nan | won: False 
#   20 | steps:   180 | steps_t:     0 | t: 0.112666 | r:  -511.000000 | e:   1.000000 | Q:        nan | won: False 
#   21 | steps:   195 | steps_t:     0 | t: 0.119647 | r:  -514.000000 | e:   1.000000 | Q:        nan | won: False 
#   22 | steps:   204 | steps_t:     0 | t: 0.124636 | r:  -508.000000 | e:   1.000000 | Q:        nan | won: False 
#   23 | steps:   224 | steps_t:     0 | t: 0.134660 | r:  -519.000000 | e:   1.000000 | Q:        nan | won: False 
#   24 | steps:   230 | steps_t:     0 | t: 0.138597 | r:  -505.000000 | e:   1.000000 | Q:        nan | won: False 
#   25 | steps:   237 | steps_t:     0 | t: 0.142586 | r:  -506.000000 | e:   1.000000 | Q:        nan | won: False 
#   26 | steps:   245 | steps_t:     0 | t: 0.146606 | r:  -507.000000 | e:   1.000000 | Q:        nan | won: False 
#   27 | steps:   253 | steps_t:     0 | t: 0.151955 | r:  -507.000000 | e:   1.000000 | Q:        nan | won: False 
#   28 | steps:   271 | steps_t:     0 | t: 0.161770 | r:  -506.000000 | e:   1.000000 | Q:        nan | won: False 
#   29 | steps:   281 | steps_t:     0 | t: 0.166521 | r:  -509.000000 | e:   1.000000 | Q:        nan | won: False 
#   30 | steps:   292 | steps_t:     0 | t: 0.171509 | r:  -510.000000 | e:   1.000000 | Q:        nan | won: False 
#   31 | steps:   298 | steps_t:     0 | t: 0.175498 | r:  -505.000000 | e:   1.000000 | Q:        nan | won: False 
#   32 | steps:   308 | steps_t:     0 | t: 0.180484 | r:  -509.000000 | e:   1.000000 | Q:        nan | won: False 
#   33 | steps:   320 | steps_t:     0 | t: 0.186468 | r:  -511.000000 | e:   1.000000 | Q:        nan | won: False 
#   34 | steps:   338 | steps_t:     0 | t: 0.194978 | r:  -517.000000 | e:   1.000000 | Q:        nan | won: False 
#   35 | steps:   345 | steps_t:     0 | t: 0.199545 | r:  -506.000000 | e:   1.000000 | Q:        nan | won: False 
#   36 | steps:   359 | steps_t:     0 | t: 0.207487 | r:  -513.000000 | e:   1.000000 | Q:        nan | won: False 
#   37 | steps:   366 | steps_t:     0 | t: 0.211442 | r:  -506.000000 | e:   1.000000 | Q:        nan | won: False 
#   38 | steps:   382 | steps_t:     0 | t: 0.220419 | r:  -515.000000 | e:   1.000000 | Q:        nan | won: False 
#   39 | steps:   391 | steps_t:     0 | t: 0.225420 | r:  -508.000000 | e:   1.000000 | Q:        nan | won: False 
#   40 | steps:   399 | steps_t:     0 | t: 0.231391 | r:  -507.000000 | e:   1.000000 | Q:        nan | won: False 
#   41 | steps:   405 | steps_t:     0 | t: 0.234414 | r:  -505.000000 | e:   1.000000 | Q:        nan | won: False 
#   42 | steps:   416 | steps_t:     0 | t: 0.239399 | r:  -510.000000 | e:   1.000000 | Q:        nan | won: False 
#   43 | steps:   426 | steps_t:     0 | t: 0.245384 | r:  -509.000000 | e:   1.000000 | Q:        nan | won: False 
#   44 | steps:   436 | steps_t:     0 | t: 0.252333 | r:  -509.000000 | e:   1.000000 | Q:        nan | won: False 
#   45 | steps:   442 | steps_t:     0 | t: 0.255356 | r:  -505.000000 | e:   1.000000 | Q:        nan | won: False 
#   46 | steps:   451 | steps_t:     0 | t: 0.261406 | r:  -508.000000 | e:   1.000000 | Q:        nan | won: False 
#   47 | steps:   458 | steps_t:     0 | t: 0.265333 | r:  -506.000000 | e:   1.000000 | Q:        nan | won: False 
#   48 | steps:   466 | steps_t:     0 | t: 0.269448 | r:  -507.000000 | e:   1.000000 | Q:        nan | won: False 
#   49 | steps:   481 | steps_t:     0 | t: 0.277553 | r:  -514.000000 | e:   1.000000 | Q:        nan | won: False 
#   50 | steps:   493 | steps_t:     0 | t: 0.291478 | r:  -511.000000 | e:   1.000000 | Q:        nan | won: False 
#   51 | steps:   503 | steps_t:     0 | t: 0.302248 | r:  -509.000000 | e:   1.000000 | Q:        nan | won: False 
#   52 | steps:   510 | steps_t:     0 | t: 0.306221 | r:  -506.000000 | e:   1.000000 | Q:        nan | won: False 
#   53 | steps:   524 | steps_t:     0 | t: 0.314220 | r:  -502.000000 | e:   1.000000 | Q:        nan | won: False 
#   54 | steps:   533 | steps_t:     0 | t: 0.320197 | r:  -508.000000 | e:   1.000000 | Q:        nan | won: False 
#   55 | steps:   541 | steps_t:     0 | t: 0.330175 | r:  -507.000000 | e:   1.000000 | Q:        nan | won: False 
#   56 | steps:   554 | steps_t:     0 | t: 0.337105 | r:  -512.000000 | e:   1.000000 | Q:        nan | won: False 
#   57 | steps:   561 | steps_t:     0 | t: 0.342111 | r:  -506.000000 | e:   1.000000 | Q:        nan | won: False 
#   58 | steps:   574 | steps_t:     0 | t: 0.351069 | r:  -512.000000 | e:   1.000000 | Q:        nan | won: False 
#   59 | steps:   581 | steps_t:     0 | t: 0.355058 | r:  -506.000000 | e:   1.000000 | Q:        nan | won: False 
#   60 | steps:   593 | steps_t:     0 | t: 0.365031 | r:  -511.000000 | e:   1.000000 | Q:        nan | won: False 
#   61 | steps:   601 | steps_t:     0 | t: 0.371015 | r:  -507.000000 | e:   1.000000 | Q:        nan | won: False 
#   62 | steps:   612 | steps_t:     0 | t: 0.376290 | r:  -510.000000 | e:   1.000000 | Q:        nan | won: False 
#   63 | steps:   623 | steps_t:     0 | t: 0.383980 | r:  -510.000000 | e:   1.000000 | Q:        nan | won: False 
#   64 | steps:   633 | steps_t:     0 | t: 0.389964 | r:  -509.000000 | e:   1.000000 | Q:        nan | won: False 
#   65 | steps:   639 | steps_t:     0 | t: 0.393953 | r:  -505.000000 | e:   1.000000 | Q:        nan | won: False 
#   66 | steps:   648 | steps_t:     0 | t: 0.399281 | r:  -508.000000 | e:   1.000000 | Q:        nan | won: False 
#   67 | steps:   674 | steps_t:     0 | t: 0.416219 | r:  -514.000000 | e:   1.000000 | Q:        nan | won: False 
#   68 | steps:   682 | steps_t:     0 | t: 0.420454 | r:  -507.000000 | e:   1.000000 | Q:        nan | won: False 
#   69 | steps:   728 | steps_t:     0 | t: 0.441152 | r:  -534.000000 | e:   1.000000 | Q:        nan | won: False 
#   70 | steps:   734 | steps_t:     0 | t: 0.445142 | r:  -505.000000 | e:   1.000000 | Q:        nan | won: False 
#   71 | steps:   746 | steps_t:     0 | t: 0.453152 | r:  -511.000000 | e:   1.000000 | Q:        nan | won: False 
#   72 | steps:   754 | steps_t:     0 | t: 0.457120 | r:  -507.000000 | e:   1.000000 | Q:        nan | won: False 
#   73 | steps:   765 | steps_t:     0 | t: 0.463128 | r:  -510.000000 | e:   1.000000 | Q:        nan | won: False 
#   74 | steps:   774 | steps_t:     0 | t: 0.467084 | r:  -508.000000 | e:   1.000000 | Q:        nan | won: False 
#   75 | steps:   782 | steps_t:     0 | t: 0.471592 | r:  -507.000000 | e:   1.000000 | Q:        nan | won: False 
#   76 | steps:   795 | steps_t:     0 | t: 0.478053 | r:  -512.000000 | e:   1.000000 | Q:        nan | won: False 
#   77 | steps:   819 | steps_t:     0 | t: 0.490063 | r:  -523.000000 | e:   1.000000 | Q:        nan | won: False 
#   78 | steps:   832 | steps_t:     0 | t: 0.497586 | r:  -512.000000 | e:   1.000000 | Q:        nan | won: False 
#   79 | steps:   838 | steps_t:     0 | t: 0.501567 | r:  -505.000000 | e:   1.000000 | Q:        nan | won: False 
#   80 | steps:   849 | steps_t:     0 | t: 0.506908 | r:  -510.000000 | e:   1.000000 | Q:        nan | won: False 
#   81 | steps:   857 | steps_t:     0 | t: 0.515546 | r:  -507.000000 | e:   1.000000 | Q:        nan | won: False 
#   82 | steps:   871 | steps_t:     0 | t: 0.523174 | r:  -513.000000 | e:   1.000000 | Q:        nan | won: False 
#   83 | steps:   885 | steps_t:     0 | t: 0.530547 | r:  -513.000000 | e:   1.000000 | Q:        nan | won: False 
#   84 | steps:   893 | steps_t:     0 | t: 0.535648 | r:  -507.000000 | e:   1.000000 | Q:        nan | won: False 
#   85 | steps:   907 | steps_t:     0 | t: 0.542423 | r:  -513.000000 | e:   1.000000 | Q:        nan | won: False 
#   86 | steps:   931 | steps_t:     0 | t: 0.554390 | r:  -523.000000 | e:   1.000000 | Q:        nan | won: False 
#   87 | steps:   939 | steps_t:     0 | t: 0.559376 | r:  -507.000000 | e:   1.000000 | Q:        nan | won: False 
#   88 | steps:   952 | steps_t:     0 | t: 0.568354 | r:  -512.000000 | e:   1.000000 | Q:        nan | won: False 
#   89 | steps:   961 | steps_t:     0 | t: 0.575335 | r:  -508.000000 | e:   1.000000 | Q:        nan | won: False 
#   90 | steps:   984 | steps_t:     0 | t: 0.586858 | r:  -522.000000 | e:   1.000000 | Q:        nan | won: False 
#   91 | steps:   990 | steps_t:     0 | t: 0.592288 | r:  -505.000000 | e:   1.000000 | Q:        nan | won: False 
#   92 | steps:  1010 | steps_t:     0 | t: 0.603772 | r:  -519.000000 | e:   1.000000 | Q:        nan | won: False 
#   93 | steps:  1020 | steps_t:     0 | t: 0.610520 | r:  -509.000000 | e:   1.000000 | Q:        nan | won: False 
#   94 | steps:  1028 | steps_t:     0 | t: 0.614557 | r:  -507.000000 | e:   1.000000 | Q:        nan | won: False 
#   95 | steps:  1035 | steps_t:     0 | t: 0.618570 | r:  -506.000000 | e:   1.000000 | Q:        nan | won: False 
#   96 | steps:  1044 | steps_t:     0 | t: 0.623609 | r:  -508.000000 | e:   1.000000 | Q:        nan | won: False 
#   97 | steps:  1055 | steps_t:     0 | t: 0.630468 | r:  -510.000000 | e:   1.000000 | Q:        nan | won: False 
#   98 | steps:  1069 | steps_t:     0 | t: 0.639476 | r:  -513.000000 | e:   1.000000 | Q:        nan | won: False 
#   99 | steps:  1080 | steps_t:     0 | t: 0.646423 | r:  -510.000000 | e:   1.000000 | Q:        nan | won: False 
#  100 | steps:  1089 | steps_t:     0 | t: 0.651410 | r:  -508.000000 | e:   1.000000 | Q:        nan | won: False 
#  101 | steps:  1102 | steps_t:     0 | t: 0.657429 | r:  -512.000000 | e:   1.000000 | Q:        nan | won: False 
#  102 | steps:  1113 | steps_t:     0 | t: 0.663498 | r:  -510.000000 | e:   1.000000 | Q:        nan | won: False 
#  103 | steps:  1125 | steps_t:     0 | t: 0.670419 | r:  -511.000000 | e:   1.000000 | Q:        nan | won: False 
#  104 | steps:  1135 | steps_t:     0 | t: 0.677342 | r:  -509.000000 | e:   1.000000 | Q:        nan | won: False 
#  105 | steps:  1146 | steps_t:     0 | t: 0.683323 | r:  -510.000000 | e:   1.000000 | Q:        nan | won: False 
#  106 | steps:  1159 | steps_t:     0 | t: 0.689449 | r:  -512.000000 | e:   1.000000 | Q:        nan | won: False 
#  107 | steps:  1167 | steps_t:     0 | t: 0.694371 | r:  -507.000000 | e:   1.000000 | Q:        nan | won: False 
#  108 | steps:  1176 | steps_t:     0 | t: 0.702402 | r:  -508.000000 | e:   1.000000 | Q:        nan | won: False 
#  109 | steps:  1183 | steps_t:     0 | t: 0.705463 | r:  -506.000000 | e:   1.000000 | Q:        nan | won: False 
#  110 | steps:  1189 | steps_t:     0 | t: 0.711371 | r:  -505.000000 | e:   1.000000 | Q:        nan | won: False 
#  111 | steps:  1197 | steps_t:     0 | t: 0.717035 | r:  -507.000000 | e:   1.000000 | Q:        nan | won: False 
#  112 | steps:  1204 | steps_t:     0 | t: 0.720375 | r:  -506.000000 | e:   1.000000 | Q:        nan | won: False 
#  113 | steps:  1215 | steps_t:     0 | t: 0.727453 | r:  -510.000000 | e:   1.000000 | Q:        nan | won: False 
#  114 | steps:  1224 | steps_t:     0 | t: 0.733310 | r:  -508.000000 | e:   1.000000 | Q:        nan | won: False 
#  115 | steps:  1232 | steps_t:     0 | t: 0.740292 | r:  -507.000000 | e:   1.000000 | Q:        nan | won: False 
#  116 | steps:  1242 | steps_t:     0 | t: 0.746350 | r:  -509.000000 | e:   1.000000 | Q:        nan | won: False 
#  117 | steps:  1250 | steps_t:     0 | t: 0.753310 | r:  -507.000000 | e:   1.000000 | Q:        nan | won: False 
#  118 | steps:  1261 | steps_t:     0 | t: 0.760270 | r:  -510.000000 | e:   1.000000 | Q:        nan | won: False 
#  119 | steps:  1274 | steps_t:     0 | t: 0.768500 | r:  -512.000000 | e:   1.000000 | Q:        nan | won: False 
#  120 | steps:  1306 | steps_t:     0 | t: 0.784242 | r:  -520.000000 | e:   1.000000 | Q:        nan | won: False 
#  121 | steps:  1316 | steps_t:     0 | t: 0.789228 | r:  -509.000000 | e:   1.000000 | Q:        nan | won: False 
#  122 | steps:  1324 | steps_t:     0 | t: 0.795145 | r:  -507.000000 | e:   1.000000 | Q:        nan | won: False 
#  123 | steps:  1334 | steps_t:     0 | t: 0.801312 | r:  -509.000000 | e:   1.000000 | Q:        nan | won: False 
#  124 | steps:  1354 | steps_t:     0 | t: 0.812192 | r:  -519.000000 | e:   1.000000 | Q:        nan | won: False 
#  125 | steps:  1362 | steps_t:     0 | t: 0.818176 | r:  -507.000000 | e:   1.000000 | Q:        nan | won: False 
#  126 | steps:  1373 | steps_t:     0 | t: 0.827153 | r:  -510.000000 | e:   1.000000 | Q:        nan | won: False 
#  127 | steps:  1380 | steps_t:     0 | t: 0.831229 | r:  -506.000000 | e:   1.000000 | Q:        nan | won: False 
#  128 | steps:  1388 | steps_t:     0 | t: 0.836383 | r:  -507.000000 | e:   1.000000 | Q:        nan | won: False 
#  129 | steps:  1413 | steps_t:     0 | t: 0.850091 | r:  -513.000000 | e:   1.000000 | Q:        nan | won: False 
#  130 | steps:  1419 | steps_t:     0 | t: 0.855077 | r:  -505.000000 | e:   1.000000 | Q:        nan | won: False 
#  131 | steps:  1434 | steps_t:     0 | t: 0.866047 | r:  -514.000000 | e:   1.000000 | Q:        nan | won: False 
#  132 | steps:  1445 | steps_t:     0 | t: 0.872063 | r:  -510.000000 | e:   1.000000 | Q:        nan | won: False 
#  133 | steps:  1451 | steps_t:     0 | t: 0.876185 | r:  -505.000000 | e:   1.000000 | Q:        nan | won: False 
#  134 | steps:  1462 | steps_t:     0 | t: 0.883002 | r:  -510.000000 | e:   1.000000 | Q:        nan | won: False 
#  135 | steps:  1473 | steps_t:     0 | t: 0.889035 | r:  -510.000000 | e:   1.000000 | Q:        nan | won: False 
#  136 | steps:  1489 | steps_t:     0 | t: 0.897733 | r:  -515.000000 | e:   1.000000 | Q:        nan | won: False 
#  137 | steps:  1504 | steps_t:     0 | t: 0.906746 | r:  -514.000000 | e:   1.000000 | Q:        nan | won: False 
#  138 | steps:  1509 | steps_t:     0 | t: 0.910747 | r:  -504.000000 | e:   1.000000 | Q:        nan | won: False 
#  139 | steps:  1519 | steps_t:     0 | t: 0.915687 | r:  -509.000000 | e:   1.000000 | Q:        nan | won: False 
#  140 | steps:  1530 | steps_t:     0 | t: 0.921672 | r:  -510.000000 | e:   1.000000 | Q:        nan | won: False 
#  141 | steps:  1547 | steps_t:     0 | t: 0.931646 | r:  -505.000000 | e:   1.000000 | Q:        nan | won: False 
#  142 | steps:  1556 | steps_t:     0 | t: 0.937665 | r:  -508.000000 | e:   1.000000 | Q:        nan | won: False 
#  143 | steps:  1564 | steps_t:     0 | t: 0.943648 | r:  -507.000000 | e:   1.000000 | Q:        nan | won: False 
#  144 | steps:  1583 | steps_t:     0 | t: 0.956593 | r:  -518.000000 | e:   1.000000 | Q:        nan | won: False 
#  145 | steps:  1590 | steps_t:     0 | t: 0.961565 | r:  -506.000000 | e:   1.000000 | Q:        nan | won: False 
#  146 | steps:  1597 | steps_t:     0 | t: 0.964556 | r:  -506.000000 | e:   1.000000 | Q:        nan | won: False 
#  147 | steps:  1608 | steps_t:     0 | t: 0.970544 | r:  -510.000000 | e:   1.000000 | Q:        nan | won: False 
#  148 | steps:  1623 | steps_t:     0 | t: 0.977522 | r:  -514.000000 | e:   1.000000 | Q:        nan | won: False 
#  149 | steps:  1631 | steps_t:     0 | t: 0.981544 | r:  -507.000000 | e:   1.000000 | Q:        nan | won: False 
#  150 | steps:  1637 | steps_t:     0 | t: 0.984503 | r:  -505.000000 | e:   1.000000 | Q:        nan | won: False 
#  151 | steps:  1645 | steps_t:     0 | t: 0.989490 | r:  -507.000000 | e:   1.000000 | Q:        nan | won: False 
#  152 | steps:  1667 | steps_t:     0 | t: 1.000503 | r:  -521.000000 | e:   1.000000 | Q:        nan | won: False 
#  153 | steps:  1676 | steps_t:     0 | t: 1.004525 | r:  -508.000000 | e:   1.000000 | Q:        nan | won: False 
#  154 | steps:  1687 | steps_t:     0 | t: 1.010877 | r:  -510.000000 | e:   1.000000 | Q:        nan | won: False 
#  155 | steps:  1695 | steps_t:     0 | t: 1.014567 | r:  -507.000000 | e:   1.000000 | Q:        nan | won: False 
#  156 | steps:  1703 | steps_t:     0 | t: 1.018412 | r:  -507.000000 | e:   1.000000 | Q:        nan | won: False 
#  157 | steps:  1709 | steps_t:     0 | t: 1.021436 | r:  -505.000000 | e:   1.000000 | Q:        nan | won: False 
#  158 | steps:  1722 | steps_t:     0 | t: 1.027406 | r:  -512.000000 | e:   1.000000 | Q:        nan | won: False 
#  159 | steps:  1734 | steps_t:     0 | t: 1.034382 | r:  -511.000000 | e:   1.000000 | Q:        nan | won: False 
#  160 | steps:  1743 | steps_t:     0 | t: 1.038452 | r:  -508.000000 | e:   1.000000 | Q:        nan | won: False 
#  161 | steps:  1751 | steps_t:     0 | t: 1.043378 | r:  -507.000000 | e:   1.000000 | Q:        nan | won: False 
#  162 | steps:  1765 | steps_t:     0 | t: 1.050328 | r:  -502.000000 | e:   1.000000 | Q:        nan | won: False 
#  163 | steps:  1773 | steps_t:     0 | t: 1.054317 | r:  -507.000000 | e:   1.000000 | Q:        nan | won: False 
#  164 | steps:  1779 | steps_t:     0 | t: 1.057381 | r:  -505.000000 | e:   1.000000 | Q:        nan | won: False 
#  165 | steps:  1799 | steps_t:     0 | t: 1.068312 | r:  -519.000000 | e:   1.000000 | Q:        nan | won: False 
#  166 | steps:  1808 | steps_t:     0 | t: 1.073265 | r:  -508.000000 | e:   1.000000 | Q:        nan | won: False 
#  167 | steps:  1816 | steps_t:     0 | t: 1.078252 | r:  -507.000000 | e:   1.000000 | Q:        nan | won: False 
#  168 | steps:  1828 | steps_t:     0 | t: 1.084268 | r:  -511.000000 | e:   1.000000 | Q:        nan | won: False 
#  169 | steps:  1837 | steps_t:     0 | t: 1.088224 | r:  -508.000000 | e:   1.000000 | Q:        nan | won: False 
#  170 | steps:  1845 | steps_t:     0 | t: 1.094209 | r:  -507.000000 | e:   1.000000 | Q:        nan | won: False 
#  171 | steps:  1852 | steps_t:     0 | t: 1.098199 | r:  -506.000000 | e:   1.000000 | Q:        nan | won: False 
#  172 | steps:  1859 | steps_t:     0 | t: 1.102189 | r:  -506.000000 | e:   1.000000 | Q:        nan | won: False 
#  173 | steps:  1870 | steps_t:     0 | t: 1.107174 | r:  -510.000000 | e:   1.000000 | Q:        nan | won: False 
#  174 | steps:  1878 | steps_t:     0 | t: 1.112160 | r:  -507.000000 | e:   1.000000 | Q:        nan | won: False 
#  175 | steps:  1885 | steps_t:     0 | t: 1.115153 | r:  -506.000000 | e:   1.000000 | Q:        nan | won: False 
#  176 | steps:  1893 | steps_t:     0 | t: 1.119142 | r:  -507.000000 | e:   1.000000 | Q:        nan | won: False 
#  177 | steps:  1910 | steps_t:     0 | t: 1.127121 | r:  -516.000000 | e:   1.000000 | Q:        nan | won: False 
#  178 | steps:  1926 | steps_t:     0 | t: 1.136186 | r:  -515.000000 | e:   1.000000 | Q:        nan | won: False 
#  179 | steps:  1934 | steps_t:     0 | t: 1.142080 | r:  -507.000000 | e:   1.000000 | Q:        nan | won: False 
#  180 | steps:  1948 | steps_t:     0 | t: 1.150093 | r:  -513.000000 | e:   1.000000 | Q:        nan | won: False 
#  181 | steps:  1954 | steps_t:     0 | t: 1.154136 | r:  -505.000000 | e:   1.000000 | Q:        nan | won: False 
#  182 | steps:  1963 | steps_t:     0 | t: 1.160033 | r:  -508.000000 | e:   1.000000 | Q:        nan | won: False 
#  183 | steps:  1972 | steps_t:     0 | t: 1.164076 | r:  -508.000000 | e:   1.000000 | Q:        nan | won: False 
#  184 | steps:  1987 | steps_t:     0 | t: 1.171069 | r:  -514.000000 | e:   1.000000 | Q:        nan | won: False 
#  185 | steps:  1995 | steps_t:     0 | t: 1.175989 | r:  -507.000000 | e:   1.000000 | Q:        nan | won: False 
#  186 | steps:  2002 | steps_t:     0 | t: 1.179978 | r:  -506.000000 | e:   1.000000 | Q:        nan | won: False 
#  187 | steps:  2010 | steps_t:     0 | t: 1.183968 | r:  -507.000000 | e:   1.000000 | Q:        nan | won: False 
#  188 | steps:  2023 | steps_t:     0 | t: 1.190207 | r:  -512.000000 | e:   1.000000 | Q:        nan | won: False 
#  189 | steps:  2030 | steps_t:     0 | t: 1.194384 | r:  -506.000000 | e:   1.000000 | Q:        nan | won: False 
#  190 | steps:  2051 | steps_t:     0 | t: 1.205910 | r:  -509.000000 | e:   1.000000 | Q:        nan | won: False 
#  191 | steps:  2059 | steps_t:     0 | t: 1.209900 | r:  -507.000000 | e:   1.000000 | Q:        nan | won: False 
#  192 | steps:  2067 | steps_t:     0 | t: 1.214885 | r:  -507.000000 | e:   1.000000 | Q:        nan | won: False 
#  193 | steps:  2076 | steps_t:     0 | t: 1.224859 | r:  -508.000000 | e:   1.000000 | Q:        nan | won: False 
#  194 | steps:  2090 | steps_t:     0 | t: 1.231839 | r:  -513.000000 | e:   1.000000 | Q:        nan | won: False 
#  195 | steps:  2096 | steps_t:     0 | t: 1.235110 | r:  -505.000000 | e:   1.000000 | Q:        nan | won: False 
#  196 | steps:  2107 | steps_t:     0 | t: 1.240990 | r:  -510.000000 | e:   1.000000 | Q:        nan | won: False 
#  197 | steps:  2122 | steps_t:     0 | t: 1.249796 | r:  -514.000000 | e:   1.000000 | Q:        nan | won: False 
#  198 | steps:  2138 | steps_t:     0 | t: 1.257904 | r:  -515.000000 | e:   1.000000 | Q:        nan | won: False 
#  199 | steps:  2146 | steps_t:     0 | t: 1.264786 | r:  -507.000000 | e:   1.000000 | Q:        nan | won: False 
#  200 | steps:  2164 | steps_t:     0 | t: 1.274726 | r:  -517.000000 | e:   1.000000 | Q:        nan | won: False 
#  201 | steps:  2178 | steps_t:     0 | t: 1.282705 | r:  -513.000000 | e:   1.000000 | Q:        nan | won: False 
#  202 | steps:  2185 | steps_t:     0 | t: 1.286725 | r:  -506.000000 | e:   1.000000 | Q:        nan | won: False 
#  203 | steps:  2196 | steps_t:     0 | t: 1.292679 | r:  -510.000000 | e:   1.000000 | Q:        nan | won: False 
#  204 | steps:  2206 | steps_t:     0 | t: 1.302315 | r:  -509.000000 | e:   1.000000 | Q:        nan | won: False 
#  205 | steps:  2211 | steps_t:     0 | t: 1.306392 | r:  -504.000000 | e:   1.000000 | Q:        nan | won: False 
#  206 | steps:  2219 | steps_t:     0 | t: 1.310292 | r:  -507.000000 | e:   1.000000 | Q:        nan | won: False 
#  207 | steps:  2227 | steps_t:     0 | t: 1.315279 | r:  -507.000000 | e:   1.000000 | Q:        nan | won: False 
#  208 | steps:  2248 | steps_t:     0 | t: 1.327247 | r:  -520.000000 | e:   1.000000 | Q:        nan | won: False 
#  209 | steps:  2254 | steps_t:     0 | t: 1.331237 | r:  -505.000000 | e:   1.000000 | Q:        nan | won: False 
#  210 | steps:  2264 | steps_t:     0 | t: 1.337220 | r:  -509.000000 | e:   1.000000 | Q:        nan | won: False 
#  211 | steps:  2282 | steps_t:     0 | t: 1.347506 | r:  -517.000000 | e:   1.000000 | Q:        nan | won: False 
#  212 | steps:  2290 | steps_t:     0 | t: 1.352204 | r:  -507.000000 | e:   1.000000 | Q:        nan | won: False 
#  213 | steps:  2311 | steps_t:     0 | t: 1.364148 | r:  -520.000000 | e:   1.000000 | Q:        nan | won: False 
#  214 | steps:  2319 | steps_t:     0 | t: 1.371231 | r:  -507.000000 | e:   1.000000 | Q:        nan | won: False 
#  215 | steps:  2330 | steps_t:     0 | t: 1.378112 | r:  -510.000000 | e:   1.000000 | Q:        nan | won: False 
#  216 | steps:  2348 | steps_t:     0 | t: 1.388086 | r:  -517.000000 | e:   1.000000 | Q:        nan | won: False 
#  217 | steps:  2358 | steps_t:     0 | t: 1.395139 | r:  -509.000000 | e:   1.000000 | Q:        nan | won: False 
#  218 | steps:  2375 | steps_t:     0 | t: 1.408030 | r:  -516.000000 | e:   1.000000 | Q:        nan | won: False 
#  219 | steps:  2390 | steps_t:     0 | t: 1.417233 | r:  -514.000000 | e:   1.000000 | Q:        nan | won: False 
#  220 | steps:  2401 | steps_t:     0 | t: 1.423990 | r:  -510.000000 | e:   1.000000 | Q:        nan | won: False 
#  221 | steps:  2409 | steps_t:     0 | t: 1.430970 | r:  -507.000000 | e:   1.000000 | Q:        nan | won: False 
#  222 | steps:  2417 | steps_t:     0 | t: 1.435988 | r:  -507.000000 | e:   1.000000 | Q:        nan | won: False 
#  223 | steps:  2436 | steps_t:     0 | t: 1.445962 | r:  -518.000000 | e:   1.000000 | Q:        nan | won: False 
#  224 | steps:  2450 | steps_t:     0 | t: 1.454939 | r:  -513.000000 | e:   1.000000 | Q:        nan | won: False 
#  225 | steps:  2463 | steps_t:     0 | t: 1.461931 | r:  -501.000000 | e:   1.000000 | Q:        nan | won: False 
#  226 | steps:  2469 | steps_t:     0 | t: 1.466913 | r:  -505.000000 | e:   1.000000 | Q:        nan | won: False 
#  227 | steps:  2477 | steps_t:     0 | t: 1.471859 | r:  -507.000000 | e:   1.000000 | Q:        nan | won: False 
#  228 | steps:  2491 | steps_t:     0 | t: 1.478841 | r:  -513.000000 | e:   1.000000 | Q:        nan | won: False 
#  229 | steps:  2500 | steps_t:     0 | t: 1.485006 | r:  -508.000000 | e:   1.000000 | Q:        nan | won: False 
#  230 | steps:  2524 | steps_t:     0 | t: 1.497790 | r:  -523.000000 | e:   1.000000 | Q:        nan | won: False 
#  231 | steps:  2531 | steps_t:     0 | t: 1.504135 | r:  -506.000000 | e:   1.000000 | Q:        nan | won: False 
#  232 | steps:  2539 | steps_t:     0 | t: 1.511162 | r:  -507.000000 | e:   1.000000 | Q:        nan | won: False 
#  233 | steps:  2562 | steps_t:     0 | t: 1.523117 | r:  -522.000000 | e:   1.000000 | Q:        nan | won: False 
#  234 | steps:  2570 | steps_t:     0 | t: 1.527074 | r:  -507.000000 | e:   1.000000 | Q:        nan | won: False 
#  235 | steps:  2577 | steps_t:     0 | t: 1.533094 | r:  -506.000000 | e:   1.000000 | Q:        nan | won: False 
#  236 | steps:  2584 | steps_t:     0 | t: 1.537081 | r:  -506.000000 | e:   1.000000 | Q:        nan | won: False 
#  237 | steps:  2594 | steps_t:     0 | t: 1.543031 | r:  -509.000000 | e:   1.000000 | Q:        nan | won: False 
#  238 | steps:  2604 | steps_t:     0 | t: 1.549047 | r:  -509.000000 | e:   1.000000 | Q:        nan | won: False 
#  239 | steps:  2614 | steps_t:     0 | t: 1.554001 | r:  -509.000000 | e:   1.000000 | Q:        nan | won: False 
#  240 | steps:  2635 | steps_t:     0 | t: 1.568961 | r:  -520.000000 | e:   1.000000 | Q:        nan | won: False 
#  241 | steps:  2647 | steps_t:     0 | t: 1.577937 | r:  -511.000000 | e:   1.000000 | Q:        nan | won: False 
#  242 | steps:  2656 | steps_t:     0 | t: 1.582957 | r:  -508.000000 | e:   1.000000 | Q:        nan | won: False 
#  243 | steps:  2663 | steps_t:     0 | t: 1.586950 | r:  -506.000000 | e:   1.000000 | Q:        nan | won: False 
#  244 | steps:  2672 | steps_t:     0 | t: 1.592897 | r:  -508.000000 | e:   1.000000 | Q:        nan | won: False 
#  245 | steps:  2681 | steps_t:     0 | t: 1.597884 | r:  -508.000000 | e:   1.000000 | Q:        nan | won: False 
#  246 | steps:  2700 | steps_t:     0 | t: 1.609102 | r:  -518.000000 | e:   1.000000 | Q:        nan | won: False 
#  247 | steps:  2716 | steps_t:     0 | t: 1.618064 | r:  -504.000000 | e:   1.000000 | Q:        nan | won: False 
#  248 | steps:  2738 | steps_t:     0 | t: 1.631063 | r:  -521.000000 | e:   1.000000 | Q:        nan | won: False 
#  249 | steps:  2748 | steps_t:     0 | t: 1.637014 | r:  -509.000000 | e:   1.000000 | Q:        nan | won: False 
#  250 | steps:  2754 | steps_t:     0 | t: 1.641999 | r:  -505.000000 | e:   1.000000 | Q:        nan | won: False 
#  251 | steps:  2760 | steps_t:     0 | t: 1.645989 | r:  -505.000000 | e:   1.000000 | Q:        nan | won: False 
#  252 | steps:  2771 | steps_t:     0 | t: 1.656010 | r:  -510.000000 | e:   1.000000 | Q:        nan | won: False 
#  253 | steps:  2779 | steps_t:     0 | t: 1.660950 | r:  -507.000000 | e:   1.000000 | Q:        nan | won: False 
#  254 | steps:  2786 | steps_t:     0 | t: 1.664972 | r:  -506.000000 | e:   1.000000 | Q:        nan | won: False 
#  255 | steps:  2792 | steps_t:     0 | t: 1.668963 | r:  -505.000000 | e:   1.000000 | Q:        nan | won: False 
#  256 | steps:  2799 | steps_t:     0 | t: 1.672975 | r:  -506.000000 | e:   1.000000 | Q:        nan | won: False 
#  257 | steps:  2807 | steps_t:     0 | t: 1.679899 | r:  -507.000000 | e:   1.000000 | Q:        nan | won: False 
#  258 | steps:  2816 | steps_t:     0 | t: 1.688949 | r:  -508.000000 | e:   1.000000 | Q:        nan | won: False 
#  259 | steps:  2823 | steps_t:     0 | t: 1.693861 | r:  -506.000000 | e:   1.000000 | Q:        nan | won: False 
#  260 | steps:  2845 | steps_t:     0 | t: 1.705413 | r:  -521.000000 | e:   1.000000 | Q:        nan | won: False 
#  261 | steps:  2859 | steps_t:     0 | t: 1.714390 | r:  -513.000000 | e:   1.000000 | Q:        nan | won: False 
#  262 | steps:  2868 | steps_t:     0 | t: 1.720406 | r:  -508.000000 | e:   1.000000 | Q:        nan | won: False 
#  263 | steps:  2878 | steps_t:     0 | t: 1.725394 | r:  -509.000000 | e:   1.000000 | Q:        nan | won: False 
#  264 | steps:  2889 | steps_t:     0 | t: 1.733371 | r:  -510.000000 | e:   1.000000 | Q:        nan | won: False 
#  265 | steps:  2907 | steps_t:     0 | t: 1.743340 | r:  -517.000000 | e:   1.000000 | Q:        nan | won: False 
#  266 | steps:  2932 | steps_t:     0 | t: 1.763259 | r:  -524.000000 | e:   1.000000 | Q:        nan | won: False 
#  267 | steps:  2948 | steps_t:     0 | t: 1.772268 | r:  -515.000000 | e:   1.000000 | Q:        nan | won: False 
#  268 | steps:  2960 | steps_t:     0 | t: 1.779369 | r:  -511.000000 | e:   1.000000 | Q:        nan | won: False 
#  269 | steps:  2968 | steps_t:     0 | t: 1.786197 | r:  -507.000000 | e:   1.000000 | Q:        nan | won: False 
#  270 | steps:  2978 | steps_t:     0 | t: 1.791183 | r:  -509.000000 | e:   1.000000 | Q:        nan | won: False 
#  271 | steps:  2988 | steps_t:     0 | t: 1.797169 | r:  -509.000000 | e:   1.000000 | Q:        nan | won: False 
#  272 | steps:  2997 | steps_t:     0 | t: 1.803711 | r:  -508.000000 | e:   1.000000 | Q:        nan | won: False 
#  273 | steps:  3014 | steps_t:     0 | t: 1.813010 | r:  -516.000000 | e:   1.000000 | Q:        nan | won: False 
#  274 | steps:  3022 | steps_t:     0 | t: 1.817684 | r:  -507.000000 | e:   1.000000 | Q:        nan | won: False 
#  275 | steps:  3030 | steps_t:     0 | t: 1.822660 | r:  -507.000000 | e:   1.000000 | Q:        nan | won: False 
#  276 | steps:  3037 | steps_t:     0 | t: 1.827651 | r:  -506.000000 | e:   1.000000 | Q:        nan | won: False 
#  277 | steps:  3046 | steps_t:     0 | t: 1.834630 | r:  -508.000000 | e:   1.000000 | Q:        nan | won: False 
#  278 | steps:  3054 | steps_t:     0 | t: 1.838748 | r:  -507.000000 | e:   1.000000 | Q:        nan | won: False 
#  279 | steps:  3067 | steps_t:     0 | t: 1.846467 | r:  -512.000000 | e:   1.000000 | Q:        nan | won: False 
#  280 | steps:  3079 | steps_t:     0 | t: 1.853610 | r:  -511.000000 | e:   1.000000 | Q:        nan | won: False 
#  281 | steps:  3097 | steps_t:     0 | t: 1.862798 | r:  -506.000000 | e:   1.000000 | Q:        nan | won: False 
#  282 | steps:  3105 | steps_t:     0 | t: 1.866666 | r:  -507.000000 | e:   1.000000 | Q:        nan | won: False 
#  283 | steps:  3114 | steps_t:     0 | t: 1.871562 | r:  -508.000000 | e:   1.000000 | Q:        nan | won: False 
#  284 | steps:  3128 | steps_t:     0 | t: 1.878512 | r:  -513.000000 | e:   1.000000 | Q:        nan | won: False 
#  285 | steps:  3139 | steps_t:     0 | t: 1.886490 | r:  -510.000000 | e:   1.000000 | Q:        nan | won: False 
#  286 | steps:  3150 | steps_t:     0 | t: 1.897460 | r:  -510.000000 | e:   1.000000 | Q:        nan | won: False 
#  287 | steps:  3156 | steps_t:     0 | t: 1.900452 | r:  -505.000000 | e:   1.000000 | Q:        nan | won: False 
#  288 | steps:  3167 | steps_t:     0 | t: 1.907031 | r:  -510.000000 | e:   1.000000 | Q:        nan | won: False 
#  289 | steps:  3173 | steps_t:     0 | t: 1.910055 | r:  -505.000000 | e:   1.000000 | Q:        nan | won: False 
#  290 | steps:  3181 | steps_t:     0 | t: 1.915047 | r:  -507.000000 | e:   1.000000 | Q:        nan | won: False 
#  291 | steps:  3203 | steps_t:     0 | t: 1.927056 | r:  -521.000000 | e:   1.000000 | Q:        nan | won: False 
#  292 | steps:  3209 | steps_t:     0 | t: 1.931011 | r:  -505.000000 | e:   1.000000 | Q:        nan | won: False 
#  293 | steps:  3221 | steps_t:     0 | t: 1.936999 | r:  -511.000000 | e:   1.000000 | Q:        nan | won: False 
#  294 | steps:  3231 | steps_t:     0 | t: 1.941937 | r:  -509.000000 | e:   1.000000 | Q:        nan | won: False 
#  295 | steps:  3247 | steps_t:     0 | t: 1.950914 | r:  -515.000000 | e:   1.000000 | Q:        nan | won: False 
#  296 | steps:  3257 | steps_t:     0 | t: 1.956946 | r:  -509.000000 | e:   1.000000 | Q:        nan | won: False 
#  297 | steps:  3264 | steps_t:     0 | t: 1.960935 | r:  -506.000000 | e:   1.000000 | Q:        nan | won: False 
#  298 | steps:  3271 | steps_t:     0 | t: 1.967001 | r:  -506.000000 | e:   1.000000 | Q:        nan | won: False 
#  299 | steps:  3279 | steps_t:     0 | t: 1.971857 | r:  -507.000000 | e:   1.000000 | Q:        nan | won: False 
#  300 | steps:  3291 | steps_t:     0 | t: 1.978905 | r:  -511.000000 | e:   1.000000 | Q:        nan | won: False 
#  301 | steps:  3303 | steps_t:     0 | t: 1.985820 | r:  -511.000000 | e:   1.000000 | Q:        nan | won: False 
#  302 | steps:  3312 | steps_t:     0 | t: 1.990807 | r:  -508.000000 | e:   1.000000 | Q:        nan | won: False 
#  303 | steps:  3322 | steps_t:     0 | t: 1.996004 | r:  -509.000000 | e:   1.000000 | Q:        nan | won: False 
#  304 | steps:  3330 | steps_t:     0 | t: 2.002123 | r:  -507.000000 | e:   1.000000 | Q:        nan | won: False 
#  305 | steps:  3343 | steps_t:     0 | t: 2.009092 | r:  -512.000000 | e:   1.000000 | Q:        nan | won: False 
#  306 | steps:  3366 | steps_t:     0 | t: 2.020963 | r:  -522.000000 | e:   1.000000 | Q:        nan | won: False 
#  307 | steps:  3374 | steps_t:     0 | t: 2.025949 | r:  -507.000000 | e:   1.000000 | Q:        nan | won: False 
#  308 | steps:  3385 | steps_t:     0 | t: 2.035923 | r:  -510.000000 | e:   1.000000 | Q:        nan | won: False 
#  309 | steps:  3393 | steps_t:     0 | t: 2.041906 | r:  -507.000000 | e:   1.000000 | Q:        nan | won: False 
#  310 | steps:  3415 | steps_t:     0 | t: 2.054903 | r:  -521.000000 | e:   1.000000 | Q:        nan | won: False 
#  311 | steps:  3432 | steps_t:     0 | t: 2.064847 | r:  -516.000000 | e:   1.000000 | Q:        nan | won: False 
#  312 | steps:  3454 | steps_t:     0 | t: 2.075815 | r:  -510.000000 | e:   1.000000 | Q:        nan | won: False 
#  313 | steps:  3460 | steps_t:     0 | t: 2.080034 | r:  -505.000000 | e:   1.000000 | Q:        nan | won: False 
#  314 | steps:  3471 | steps_t:     0 | t: 2.085789 | r:  -510.000000 | e:   1.000000 | Q:        nan | won: False 
#  315 | steps:  3482 | steps_t:     0 | t: 2.091819 | r:  -510.000000 | e:   1.000000 | Q:        nan | won: False 
#  316 | steps:  3492 | steps_t:     0 | t: 2.096792 | r:  -509.000000 | e:   1.000000 | Q:        nan | won: False 
#  317 | steps:  3502 | steps_t:     0 | t: 2.102742 | r:  -509.000000 | e:   1.000000 | Q:        nan | won: False 
#  318 | steps:  3528 | steps_t:     0 | t: 2.115886 | r:  -514.000000 | e:   1.000000 | Q:        nan | won: False 
#  319 | steps:  3538 | steps_t:     0 | t: 2.121755 | r:  -509.000000 | e:   1.000000 | Q:        nan | won: False 
#  320 | steps:  3560 | steps_t:     0 | t: 2.133783 | r:  -521.000000 | e:   1.000000 | Q:        nan | won: False 
#  321 | steps:  3572 | steps_t:     0 | t: 2.141700 | r:  -511.000000 | e:   1.000000 | Q:        nan | won: False 
#  322 | steps:  3583 | steps_t:     0 | t: 2.151675 | r:  -510.000000 | e:   1.000000 | Q:        nan | won: False 
#  323 | steps:  3590 | steps_t:     0 | t: 2.156722 | r:  -506.000000 | e:   1.000000 | Q:        nan | won: False 
#  324 | steps:  3598 | steps_t:     0 | t: 2.161646 | r:  -507.000000 | e:   1.000000 | Q:        nan | won: False 
#  325 | steps:  3608 | steps_t:     0 | t: 2.167971 | r:  -509.000000 | e:   1.000000 | Q:        nan | won: False 
#  326 | steps:  3616 | steps_t:     0 | t: 2.171666 | r:  -507.000000 | e:   1.000000 | Q:        nan | won: False 
#  327 | steps:  3622 | steps_t:     0 | t: 2.175642 | r:  -505.000000 | e:   1.000000 | Q:        nan | won: False 
#  328 | steps:  3628 | steps_t:     0 | t: 2.179600 | r:  -505.000000 | e:   1.000000 | Q:        nan | won: False 
#  329 | steps:  3642 | steps_t:     0 | t: 2.186626 | r:  -513.000000 | e:   1.000000 | Q:        nan | won: False 
#  330 | steps:  3652 | steps_t:     0 | t: 2.191568 | r:  -509.000000 | e:   1.000000 | Q:        nan | won: False 
#  331 | steps:  3662 | steps_t:     0 | t: 2.198592 | r:  -509.000000 | e:   1.000000 | Q:        nan | won: False 
#  332 | steps:  3668 | steps_t:     0 | t: 2.201578 | r:  -505.000000 | e:   1.000000 | Q:        nan | won: False 
#  333 | steps:  3676 | steps_t:     0 | t: 2.205529 | r:  -507.000000 | e:   1.000000 | Q:        nan | won: False 
#  334 | steps:  3683 | steps_t:     0 | t: 2.210640 | r:  -506.000000 | e:   1.000000 | Q:        nan | won: False 
#  335 | steps:  3694 | steps_t:     0 | t: 2.217545 | r:  -510.000000 | e:   1.000000 | Q:        nan | won: False 
#  336 | steps:  3704 | steps_t:     0 | t: 2.222483 | r:  -509.000000 | e:   1.000000 | Q:        nan | won: False 
#  337 | steps:  3713 | steps_t:     0 | t: 2.228516 | r:  -508.000000 | e:   1.000000 | Q:        nan | won: False 
#  338 | steps:  3719 | steps_t:     0 | t: 2.231459 | r:  -505.000000 | e:   1.000000 | Q:        nan | won: False 
#  339 | steps:  3728 | steps_t:     0 | t: 2.235498 | r:  -508.000000 | e:   1.000000 | Q:        nan | won: False 
#  340 | steps:  3738 | steps_t:     0 | t: 2.240485 | r:  -509.000000 | e:   1.000000 | Q:        nan | won: False 
#  341 | steps:  3745 | steps_t:     0 | t: 2.244424 | r:  -506.000000 | e:   1.000000 | Q:        nan | won: False 
#  342 | steps:  3752 | steps_t:     0 | t: 2.249412 | r:  -506.000000 | e:   1.000000 | Q:        nan | won: False 
#  343 | steps:  3764 | steps_t:     0 | t: 2.255428 | r:  -511.000000 | e:   1.000000 | Q:        nan | won: False 
#  344 | steps:  3775 | steps_t:     0 | t: 2.261453 | r:  -510.000000 | e:   1.000000 | Q:        nan | won: False 
#  345 | steps:  3788 | steps_t:     0 | t: 2.268475 | r:  -512.000000 | e:   1.000000 | Q:        nan | won: False 
#  346 | steps:  3798 | steps_t:     0 | t: 2.275378 | r:  -509.000000 | e:   1.000000 | Q:        nan | won: False 
#  347 | steps:  3808 | steps_t:     0 | t: 2.281325 | r:  -509.000000 | e:   1.000000 | Q:        nan | won: False 
#  348 | steps:  3816 | steps_t:     0 | t: 2.285346 | r:  -507.000000 | e:   1.000000 | Q:        nan | won: False 
#  349 | steps:  3836 | steps_t:     0 | t: 2.297316 | r:  -519.000000 | e:   1.000000 | Q:        nan | won: False 
#  350 | steps:  3842 | steps_t:     0 | t: 2.300768 | r:  -505.000000 | e:   1.000000 | Q:        nan | won: False 
#  351 | steps:  3851 | steps_t:     0 | t: 2.305363 | r:  -508.000000 | e:   1.000000 | Q:        nan | won: False 
#  352 | steps:  3864 | steps_t:     0 | t: 2.316355 | r:  -512.000000 | e:   1.000000 | Q:        nan | won: False 
#  353 | steps:  3872 | steps_t:     0 | t: 2.321357 | r:  -507.000000 | e:   1.000000 | Q:        nan | won: False 
#  354 | steps:  3878 | steps_t:     0 | t: 2.324685 | r:  -505.000000 | e:   1.000000 | Q:        nan | won: False 
#  355 | steps:  3901 | steps_t:     0 | t: 2.337314 | r:  -522.000000 | e:   1.000000 | Q:        nan | won: False 
#  356 | steps:  3909 | steps_t:     0 | t: 2.343298 | r:  -507.000000 | e:   1.000000 | Q:        nan | won: False 
#  357 | steps:  3918 | steps_t:     0 | t: 2.349250 | r:  -508.000000 | e:   1.000000 | Q:        nan | won: False 
#  358 | steps:  3928 | steps_t:     0 | t: 2.355266 | r:  -509.000000 | e:   1.000000 | Q:        nan | won: False 
#  359 | steps:  3946 | steps_t:     0 | t: 2.366244 | r:  -517.000000 | e:   1.000000 | Q:        nan | won: False 
#  360 | steps:  3956 | steps_t:     0 | t: 2.371223 | r:  -509.000000 | e:   1.000000 | Q:        nan | won: False 
#  361 | steps:  3963 | steps_t:     0 | t: 2.377174 | r:  -506.000000 | e:   1.000000 | Q:        nan | won: False 
#  362 | steps:  3972 | steps_t:     0 | t: 2.383162 | r:  -508.000000 | e:   1.000000 | Q:        nan | won: False 
#  363 | steps:  3981 | steps_t:     0 | t: 2.391177 | r:  -508.000000 | e:   1.000000 | Q:        nan | won: False 
#  364 | steps:  3996 | steps_t:     0 | t: 2.401110 | r:  -514.000000 | e:   1.000000 | Q:        nan | won: False 
#  365 | steps:  4005 | steps_t:     0 | t: 2.407699 | r:  -508.000000 | e:   1.000000 | Q:        nan | won: False 
#  366 | steps:  4026 | steps_t:     0 | t: 2.420696 | r:  -509.000000 | e:   1.000000 | Q:        nan | won: False 
#  367 | steps:  4039 | steps_t:     0 | t: 2.429639 | r:  -512.000000 | e:   1.000000 | Q:        nan | won: False 
#  368 | steps:  4051 | steps_t:     0 | t: 2.435623 | r:  -511.000000 | e:   1.000000 | Q:        nan | won: False 
#  369 | steps:  4061 | steps_t:     0 | t: 2.441635 | r:  -509.000000 | e:   1.000000 | Q:        nan | won: False 
#  370 | steps:  4069 | steps_t:     0 | t: 2.445850 | r:  -507.000000 | e:   1.000000 | Q:        nan | won: False 
#  371 | steps:  4076 | steps_t:     0 | t: 2.451581 | r:  -506.000000 | e:   1.000000 | Q:        nan | won: False 
#  372 | steps:  4090 | steps_t:     0 | t: 2.458677 | r:  -513.000000 | e:   1.000000 | Q:        nan | won: False 
#  373 | steps:  4106 | steps_t:     0 | t: 2.470532 | r:  -515.000000 | e:   1.000000 | Q:        nan | won: False 
#  374 | steps:  4113 | steps_t:     0 | t: 2.474858 | r:  -506.000000 | e:   1.000000 | Q:        nan | won: False 
#  375 | steps:  4121 | steps_t:     0 | t: 2.479651 | r:  -507.000000 | e:   1.000000 | Q:        nan | won: False 
#  376 | steps:  4129 | steps_t:     0 | t: 2.484557 | r:  -507.000000 | e:   1.000000 | Q:        nan | won: False 
#  377 | steps:  4140 | steps_t:     0 | t: 2.490477 | r:  -510.000000 | e:   1.000000 | Q:        nan | won: False 
#  378 | steps:  4149 | steps_t:     0 | t: 2.496501 | r:  -508.000000 | e:   1.000000 | Q:        nan | won: False 
#  379 | steps:  4154 | steps_t:     0 | t: 2.500494 | r:  -504.000000 | e:   1.000000 | Q:        nan | won: False 
#  380 | steps:  4165 | steps_t:     0 | t: 2.507521 | r:  -510.000000 | e:   1.000000 | Q:        nan | won: False 
#  381 | steps:  4177 | steps_t:     0 | t: 2.515409 | r:  -511.000000 | e:   1.000000 | Q:        nan | won: False 
#  382 | steps:  4185 | steps_t:     0 | t: 2.520430 | r:  -507.000000 | e:   1.000000 | Q:        nan | won: False 
#  383 | steps:  4195 | steps_t:     0 | t: 2.527380 | r:  -509.000000 | e:   1.000000 | Q:        nan | won: False 
#  384 | steps:  4204 | steps_t:     0 | t: 2.533364 | r:  -508.000000 | e:   1.000000 | Q:        nan | won: False 
#  385 | steps:  4212 | steps_t:     0 | t: 2.539381 | r:  -507.000000 | e:   1.000000 | Q:        nan | won: False 
#  386 | steps:  4232 | steps_t:     0 | t: 2.551356 | r:  -519.000000 | e:   1.000000 | Q:        nan | won: False 
#  387 | steps:  4241 | steps_t:     0 | t: 2.557332 | r:  -508.000000 | e:   1.000000 | Q:        nan | won: False 
#  388 | steps:  4249 | steps_t:     0 | t: 2.564313 | r:  -507.000000 | e:   1.000000 | Q:        nan | won: False 
#  389 | steps:  4260 | steps_t:     0 | t: 2.573382 | r:  -510.000000 | e:   1.000000 | Q:        nan | won: False 
#  390 | steps:  4285 | steps_t:     0 | t: 2.593237 | r:  -524.000000 | e:   1.000000 | Q:        nan | won: False 
#  391 | steps:  4295 | steps_t:     0 | t: 2.601180 | r:  -509.000000 | e:   1.000000 | Q:        nan | won: False 
#  392 | steps:  4303 | steps_t:     0 | t: 2.608719 | r:  -507.000000 | e:   1.000000 | Q:        nan | won: False 
#  393 | steps:  4312 | steps_t:     0 | t: 2.614706 | r:  -508.000000 | e:   1.000000 | Q:        nan | won: False 
#  394 | steps:  4319 | steps_t:     0 | t: 2.620727 | r:  -506.000000 | e:   1.000000 | Q:        nan | won: False 
#  395 | steps:  4331 | steps_t:     0 | t: 2.629704 | r:  -511.000000 | e:   1.000000 | Q:        nan | won: False 
#  396 | steps:  4340 | steps_t:     0 | t: 2.637753 | r:  -508.000000 | e:   1.000000 | Q:        nan | won: False 
#  397 | steps:  4355 | steps_t:     0 | t: 2.648647 | r:  -514.000000 | e:   1.000000 | Q:        nan | won: False 
#  398 | steps:  4365 | steps_t:     0 | t: 2.654629 | r:  -509.000000 | e:   1.000000 | Q:        nan | won: False 
#  399 | steps:  4372 | steps_t:     0 | t: 2.658717 | r:  -506.000000 | e:   1.000000 | Q:        nan | won: False 
#  400 | steps:  4379 | steps_t:     0 | t: 2.662575 | r:  -506.000000 | e:   1.000000 | Q:        nan | won: False 
#  401 | steps:  4388 | steps_t:     0 | t: 2.668592 | r:  -508.000000 | e:   1.000000 | Q:        nan | won: False 
#  402 | steps:  4396 | steps_t:     0 | t: 2.673545 | r:  -507.000000 | e:   1.000000 | Q:        nan | won: False 
#  403 | steps:  4408 | steps_t:     0 | t: 2.679563 | r:  -511.000000 | e:   1.000000 | Q:        nan | won: False 
#  404 | steps:  4427 | steps_t:     0 | t: 2.690534 | r:  -518.000000 | e:   1.000000 | Q:        nan | won: False 
#  405 | steps:  4434 | steps_t:     0 | t: 2.694524 | r:  -506.000000 | e:   1.000000 | Q:        nan | won: False 
#  406 | steps:  4447 | steps_t:     0 | t: 2.704067 | r:  -512.000000 | e:   1.000000 | Q:        nan | won: False 
#  407 | steps:  4458 | steps_t:     0 | t: 2.710449 | r:  -510.000000 | e:   1.000000 | Q:        nan | won: False 
#  408 | steps:  4465 | steps_t:     0 | t: 2.714437 | r:  -506.000000 | e:   1.000000 | Q:        nan | won: False 
#  409 | steps:  4471 | steps_t:     0 | t: 2.719456 | r:  -505.000000 | e:   1.000000 | Q:        nan | won: False 
#  410 | steps:  4479 | steps_t:     0 | t: 2.723411 | r:  -507.000000 | e:   1.000000 | Q:        nan | won: False 
#  411 | steps:  4491 | steps_t:     0 | t: 2.730395 | r:  -511.000000 | e:   1.000000 | Q:        nan | won: False 
#  412 | steps:  4504 | steps_t:     0 | t: 2.737407 | r:  -512.000000 | e:   1.000000 | Q:        nan | won: False 
#  413 | steps:  4521 | steps_t:     0 | t: 2.746660 | r:  -516.000000 | e:   1.000000 | Q:        nan | won: False 
#  414 | steps:  4530 | steps_t:     0 | t: 2.752334 | r:  -508.000000 | e:   1.000000 | Q:        nan | won: False 
#  415 | steps:  4535 | steps_t:     0 | t: 2.755359 | r:  -504.000000 | e:   1.000000 | Q:        nan | won: False 
#  416 | steps:  4541 | steps_t:     0 | t: 2.759316 | r:  -505.000000 | e:   1.000000 | Q:        nan | won: False 
#  417 | steps:  4547 | steps_t:     0 | t: 2.763331 | r:  -505.000000 | e:   1.000000 | Q:        nan | won: False 
#  418 | steps:  4560 | steps_t:     0 | t: 2.770320 | r:  -512.000000 | e:   1.000000 | Q:        nan | won: False 
#  419 | steps:  4568 | steps_t:     0 | t: 2.775324 | r:  -507.000000 | e:   1.000000 | Q:        nan | won: False 
#  420 | steps:  4576 | steps_t:     0 | t: 2.780260 | r:  -507.000000 | e:   1.000000 | Q:        nan | won: False 
#  421 | steps:  4585 | steps_t:     0 | t: 2.785248 | r:  -508.000000 | e:   1.000000 | Q:        nan | won: False 
#  422 | steps:  4591 | steps_t:     0 | t: 2.789297 | r:  -505.000000 | e:   1.000000 | Q:        nan | won: False 
#  423 | steps:  4611 | steps_t:     0 | t: 2.800205 | r:  -519.000000 | e:   1.000000 | Q:        nan | won: False 
#  424 | steps:  4617 | steps_t:     0 | t: 2.804542 | r:  -505.000000 | e:   1.000000 | Q:        nan | won: False 
#  425 | steps:  4624 | steps_t:     0 | t: 2.808819 | r:  -506.000000 | e:   1.000000 | Q:        nan | won: False 
#  426 | steps:  4642 | steps_t:     0 | t: 2.819746 | r:  -517.000000 | e:   1.000000 | Q:        nan | won: False 
#  427 | steps:  4649 | steps_t:     0 | t: 2.823418 | r:  -506.000000 | e:   1.000000 | Q:        nan | won: False 
#  428 | steps:  4655 | steps_t:     0 | t: 2.827725 | r:  -505.000000 | e:   1.000000 | Q:        nan | won: False 
#  429 | steps:  4672 | steps_t:     0 | t: 2.836672 | r:  -516.000000 | e:   1.000000 | Q:        nan | won: False 
#  430 | steps:  4681 | steps_t:     0 | t: 2.842681 | r:  -508.000000 | e:   1.000000 | Q:        nan | won: False 
#  431 | steps:  4690 | steps_t:     0 | t: 2.847638 | r:  -508.000000 | e:   1.000000 | Q:        nan | won: False 
#  432 | steps:  4699 | steps_t:     0 | t: 2.852659 | r:  -508.000000 | e:   1.000000 | Q:        nan | won: False 
#  433 | steps:  4708 | steps_t:     0 | t: 2.857762 | r:  -508.000000 | e:   1.000000 | Q:        nan | won: False 
#  434 | steps:  4716 | steps_t:     0 | t: 2.862970 | r:  -507.000000 | e:   1.000000 | Q:        nan | won: False 
#  435 | steps:  4723 | steps_t:     0 | t: 2.866620 | r:  -506.000000 | e:   1.000000 | Q:        nan | won: False 
#  436 | steps:  4732 | steps_t:     0 | t: 2.871610 | r:  -508.000000 | e:   1.000000 | Q:        nan | won: False 
#  437 | steps:  4754 | steps_t:     0 | t: 2.883542 | r:  -521.000000 | e:   1.000000 | Q:        nan | won: False 
#  438 | steps:  4771 | steps_t:     0 | t: 2.892524 | r:  -516.000000 | e:   1.000000 | Q:        nan | won: False 
#  439 | steps:  4783 | steps_t:     0 | t: 2.899531 | r:  -511.000000 | e:   1.000000 | Q:        nan | won: False 
#  440 | steps:  4805 | steps_t:     0 | t: 2.909621 | r:  -521.000000 | e:   1.000000 | Q:        nan | won: False 
#  441 | steps:  4814 | steps_t:     0 | t: 2.913684 | r:  -508.000000 | e:   1.000000 | Q:        nan | won: False 
#  442 | steps:  4828 | steps_t:     0 | t: 2.921591 | r:  -513.000000 | e:   1.000000 | Q:        nan | won: False 
#  443 | steps:  4834 | steps_t:     0 | t: 2.924836 | r:  -505.000000 | e:   1.000000 | Q:        nan | won: False 
#  444 | steps:  4846 | steps_t:     0 | t: 2.932560 | r:  -511.000000 | e:   1.000000 | Q:        nan | won: False 
#  445 | steps:  4853 | steps_t:     0 | t: 2.938581 | r:  -506.000000 | e:   1.000000 | Q:        nan | won: False 
#  446 | steps:  4863 | steps_t:     0 | t: 2.944571 | r:  -509.000000 | e:   1.000000 | Q:        nan | won: False 
#  447 | steps:  4874 | steps_t:     0 | t: 2.950559 | r:  -510.000000 | e:   1.000000 | Q:        nan | won: False 
#  448 | steps:  4880 | steps_t:     0 | t: 2.953551 | r:  -505.000000 | e:   1.000000 | Q:        nan | won: False 
#  449 | steps:  4889 | steps_t:     0 | t: 2.958537 | r:  -508.000000 | e:   1.000000 | Q:        nan | won: False 
#  450 | steps:  4898 | steps_t:     0 | t: 2.963528 | r:  -508.000000 | e:   1.000000 | Q:        nan | won: False 
#  451 | steps:  4904 | steps_t:     0 | t: 2.966469 | r:  -505.000000 | e:   1.000000 | Q:        nan | won: False 
#  452 | steps:  4912 | steps_t:     0 | t: 2.970512 | r:  -507.000000 | e:   1.000000 | Q:        nan | won: False 
#  453 | steps:  4919 | steps_t:     0 | t: 2.974488 | r:  -506.000000 | e:   1.000000 | Q:        nan | won: False 
#  454 | steps:  4933 | steps_t:     0 | t: 2.982426 | r:  -502.000000 | e:   1.000000 | Q:        nan | won: False 
#  455 | steps:  4940 | steps_t:     0 | t: 2.986462 | r:  -506.000000 | e:   1.000000 | Q:        nan | won: False 
#  456 | steps:  4950 | steps_t:     0 | t: 2.992399 | r:  -509.000000 | e:   1.000000 | Q:        nan | won: False 
#  457 | steps:  4960 | steps_t:     0 | t: 2.998383 | r:  -509.000000 | e:   1.000000 | Q:        nan | won: False 
#  458 | steps:  4968 | steps_t:     0 | t: 3.002420 | r:  -507.000000 | e:   1.000000 | Q:        nan | won: False 
#  459 | steps:  4975 | steps_t:     0 | t: 3.006362 | r:  -506.000000 | e:   1.000000 | Q:        nan | won: False 
#  460 | steps:  4987 | steps_t:     0 | t: 3.012907 | r:  -511.000000 | e:   1.000000 | Q:        nan | won: False 
#  461 | steps:  4996 | steps_t:     0 | t: 3.017891 | r:  -508.000000 | e:   1.000000 | Q:        nan | won: False 
#  462 | steps:  5005 | steps_t:     4 | t: 3.091679 | r:  -508.000000 | e:   0.999600 | Q:        nan | won: False 
#  463 | steps:  5017 | steps_t:    15 | t: 3.195231 | r:  -511.000000 | e:   0.998500 | Q:        nan | won: False 
#  464 | steps:  5025 | steps_t:    22 | t: 3.262614 | r:  -507.000000 | e:   0.997800 | Q:        nan | won: False 
#  465 | steps:  5040 | steps_t:    36 | t: 3.393297 | r:  -514.000000 | e:   0.996400 | Q:        nan | won: False 
#  466 | steps:  5046 | steps_t:    41 | t: 3.443404 | r:  -505.000000 | e:   0.995900 | Q:        nan | won: False 
#  467 | steps:  5055 | steps_t:    49 | t: 3.520506 | r:  -508.000000 | e:   0.995100 | Q:        nan | won: False 
#  468 | steps:  5065 | steps_t:    58 | t: 3.607431 | r:  -509.000000 | e:   0.994200 | Q:        nan | won: False 
#  469 | steps:  5072 | steps_t:    64 | t: 3.665390 | r:  -506.000000 | e:   0.993600 | Q:        nan | won: False 
#  470 | steps:  5082 | steps_t:    73 | t: 3.754119 | r:  -509.000000 | e:   0.992700 | Q:        nan | won: False 
#  471 | steps:  5100 | steps_t:    90 | t: 3.920900 | r:  -517.000000 | e:   0.991000 | Q:        nan | won: False 
#  472 | steps:  5107 | steps_t:    96 | t: 3.980778 | r:  -506.000000 | e:   0.990400 | Q:        nan | won: False 
#  473 | steps:  5114 | steps_t:   102 | t: 4.051113 | r:  -506.000000 | e:   0.989800 | Q:        nan | won: False 
#  474 | steps:  5135 | steps_t:   122 | t: 4.246784 | r:  -520.000000 | e:   0.987800 | Q:        nan | won: False 
#  475 | steps:  5160 | steps_t:   146 | t: 4.476539 | r:  -524.000000 | e:   0.985400 | Q:        nan | won: False 
#  476 | steps:  5172 | steps_t:   157 | t: 4.584377 | r:  -511.000000 | e:   0.984300 | Q:        nan | won: False 
#  477 | steps:  5180 | steps_t:   164 | t: 4.655056 | r:  -507.000000 | e:   0.983600 | Q:        nan | won: False 
#  478 | steps:  5188 | steps_t:   171 | t: 4.727558 | r:  -507.000000 | e:   0.982900 | Q:        nan | won: False 
#  479 | steps:  5196 | steps_t:   178 | t: 4.800363 | r:  -507.000000 | e:   0.982200 | Q:        nan | won: False 
#  480 | steps:  5205 | steps_t:   186 | t: 4.882535 | r:  -508.000000 | e:   0.981400 | Q:        nan | won: False 
#  481 | steps:  5212 | steps_t:   192 | t: 4.941733 | r:  -506.000000 | e:   0.980800 | Q:        nan | won: False 
#  482 | steps:  5222 | steps_t:   201 | t: 5.033307 | r:  -509.000000 | e:   0.979900 | Q:        nan | won: False 
#  483 | steps:  5234 | steps_t:   212 | t: 5.139465 | r:  -511.000000 | e:   0.978800 | Q: -298.222839 | won: False 
#  484 | steps:  5241 | steps_t:   218 | t: 5.201297 | r:  -506.000000 | e:   0.978200 | Q:        nan | won: False 
#  485 | steps:  5250 | steps_t:   226 | t: 5.280297 | r:  -508.000000 | e:   0.977400 | Q:        nan | won: False 
